[2024-11-01T02:04:31.153+0000] {processor.py:186} INFO - Started process (PID=80) to work on /home/airflow/.local/lib/python3.12/site-packages/airflow/example_dags/example_dataset_alias.py
[2024-11-01T02:04:31.154+0000] {processor.py:914} INFO - Processing file /home/airflow/.local/lib/python3.12/site-packages/airflow/example_dags/example_dataset_alias.py for tasks to queue
[2024-11-01T02:04:31.156+0000] {logging_mixin.py:190} INFO - [2024-11-01T02:04:31.156+0000] {dagbag.py:588} INFO - Filling up the DagBag from /home/airflow/.local/lib/python3.12/site-packages/airflow/example_dags/example_dataset_alias.py
[2024-11-01T02:04:31.292+0000] {processor.py:925} INFO - DAG(s) 'dataset_alias_example_alias_producer', 'dataset_s3_bucket_consumer', 'dataset_alias_example_alias_consumer', 'dataset_s3_bucket_producer' retrieved from /home/airflow/.local/lib/python3.12/site-packages/airflow/example_dags/example_dataset_alias.py
[2024-11-01T02:04:31.380+0000] {logging_mixin.py:190} INFO - [2024-11-01T02:04:31.379+0000] {override.py:1900} INFO - Created Permission View: can edit on DAG:dataset_alias_example_alias_producer
[2024-11-01T02:04:31.389+0000] {logging_mixin.py:190} INFO - [2024-11-01T02:04:31.389+0000] {override.py:1900} INFO - Created Permission View: can read on DAG:dataset_alias_example_alias_producer
[2024-11-01T02:04:31.396+0000] {logging_mixin.py:190} INFO - [2024-11-01T02:04:31.396+0000] {override.py:1900} INFO - Created Permission View: can delete on DAG:dataset_alias_example_alias_producer
[2024-11-01T02:04:31.403+0000] {logging_mixin.py:190} INFO - [2024-11-01T02:04:31.403+0000] {override.py:1900} INFO - Created Permission View: can delete on DAG Run:dataset_alias_example_alias_producer
[2024-11-01T02:04:31.410+0000] {logging_mixin.py:190} INFO - [2024-11-01T02:04:31.409+0000] {override.py:1900} INFO - Created Permission View: can read on DAG Run:dataset_alias_example_alias_producer
[2024-11-01T02:04:31.416+0000] {logging_mixin.py:190} INFO - [2024-11-01T02:04:31.416+0000] {override.py:1900} INFO - Created Permission View: can create on DAG Run:dataset_alias_example_alias_producer
[2024-11-01T02:04:31.422+0000] {logging_mixin.py:190} INFO - [2024-11-01T02:04:31.422+0000] {override.py:1900} INFO - Created Permission View: menu access on DAG Run:dataset_alias_example_alias_producer
[2024-11-01T02:04:31.434+0000] {logging_mixin.py:190} INFO - [2024-11-01T02:04:31.434+0000] {override.py:1900} INFO - Created Permission View: can edit on DAG:dataset_s3_bucket_consumer
[2024-11-01T02:04:31.441+0000] {logging_mixin.py:190} INFO - [2024-11-01T02:04:31.441+0000] {override.py:1900} INFO - Created Permission View: can read on DAG:dataset_s3_bucket_consumer
[2024-11-01T02:04:31.447+0000] {logging_mixin.py:190} INFO - [2024-11-01T02:04:31.447+0000] {override.py:1900} INFO - Created Permission View: can delete on DAG:dataset_s3_bucket_consumer
[2024-11-01T02:04:31.455+0000] {logging_mixin.py:190} INFO - [2024-11-01T02:04:31.454+0000] {override.py:1900} INFO - Created Permission View: can delete on DAG Run:dataset_s3_bucket_consumer
[2024-11-01T02:04:31.461+0000] {logging_mixin.py:190} INFO - [2024-11-01T02:04:31.460+0000] {override.py:1900} INFO - Created Permission View: can read on DAG Run:dataset_s3_bucket_consumer
[2024-11-01T02:04:31.467+0000] {logging_mixin.py:190} INFO - [2024-11-01T02:04:31.466+0000] {override.py:1900} INFO - Created Permission View: can create on DAG Run:dataset_s3_bucket_consumer
[2024-11-01T02:04:31.473+0000] {logging_mixin.py:190} INFO - [2024-11-01T02:04:31.473+0000] {override.py:1900} INFO - Created Permission View: menu access on DAG Run:dataset_s3_bucket_consumer
[2024-11-01T02:04:31.484+0000] {logging_mixin.py:190} INFO - [2024-11-01T02:04:31.484+0000] {override.py:1900} INFO - Created Permission View: can edit on DAG:dataset_alias_example_alias_consumer
[2024-11-01T02:04:31.490+0000] {logging_mixin.py:190} INFO - [2024-11-01T02:04:31.490+0000] {override.py:1900} INFO - Created Permission View: can read on DAG:dataset_alias_example_alias_consumer
[2024-11-01T02:04:31.495+0000] {logging_mixin.py:190} INFO - [2024-11-01T02:04:31.495+0000] {override.py:1900} INFO - Created Permission View: can delete on DAG:dataset_alias_example_alias_consumer
[2024-11-01T02:04:31.502+0000] {logging_mixin.py:190} INFO - [2024-11-01T02:04:31.502+0000] {override.py:1900} INFO - Created Permission View: can delete on DAG Run:dataset_alias_example_alias_consumer
[2024-11-01T02:04:31.508+0000] {logging_mixin.py:190} INFO - [2024-11-01T02:04:31.508+0000] {override.py:1900} INFO - Created Permission View: can read on DAG Run:dataset_alias_example_alias_consumer
[2024-11-01T02:04:31.514+0000] {logging_mixin.py:190} INFO - [2024-11-01T02:04:31.514+0000] {override.py:1900} INFO - Created Permission View: can create on DAG Run:dataset_alias_example_alias_consumer
[2024-11-01T02:04:31.520+0000] {logging_mixin.py:190} INFO - [2024-11-01T02:04:31.520+0000] {override.py:1900} INFO - Created Permission View: menu access on DAG Run:dataset_alias_example_alias_consumer
[2024-11-01T02:04:31.533+0000] {logging_mixin.py:190} INFO - [2024-11-01T02:04:31.532+0000] {override.py:1900} INFO - Created Permission View: can edit on DAG:dataset_s3_bucket_producer
[2024-11-01T02:04:31.539+0000] {logging_mixin.py:190} INFO - [2024-11-01T02:04:31.539+0000] {override.py:1900} INFO - Created Permission View: can read on DAG:dataset_s3_bucket_producer
[2024-11-01T02:04:31.545+0000] {logging_mixin.py:190} INFO - [2024-11-01T02:04:31.545+0000] {override.py:1900} INFO - Created Permission View: can delete on DAG:dataset_s3_bucket_producer
[2024-11-01T02:04:31.554+0000] {logging_mixin.py:190} INFO - [2024-11-01T02:04:31.554+0000] {override.py:1900} INFO - Created Permission View: can delete on DAG Run:dataset_s3_bucket_producer
[2024-11-01T02:04:31.560+0000] {logging_mixin.py:190} INFO - [2024-11-01T02:04:31.560+0000] {override.py:1900} INFO - Created Permission View: can read on DAG Run:dataset_s3_bucket_producer
[2024-11-01T02:04:31.566+0000] {logging_mixin.py:190} INFO - [2024-11-01T02:04:31.566+0000] {override.py:1900} INFO - Created Permission View: can create on DAG Run:dataset_s3_bucket_producer
[2024-11-01T02:04:31.572+0000] {logging_mixin.py:190} INFO - [2024-11-01T02:04:31.572+0000] {override.py:1900} INFO - Created Permission View: menu access on DAG Run:dataset_s3_bucket_producer
[2024-11-01T02:04:31.573+0000] {logging_mixin.py:190} INFO - [2024-11-01T02:04:31.573+0000] {dag.py:3239} INFO - Sync 4 DAGs
[2024-11-01T02:04:31.585+0000] {logging_mixin.py:190} INFO - [2024-11-01T02:04:31.585+0000] {dag.py:3262} INFO - Creating ORM DAG for dataset_s3_bucket_producer
[2024-11-01T02:04:31.586+0000] {logging_mixin.py:190} INFO - [2024-11-01T02:04:31.586+0000] {dag.py:3262} INFO - Creating ORM DAG for dataset_alias_example_alias_producer
[2024-11-01T02:04:31.586+0000] {logging_mixin.py:190} INFO - [2024-11-01T02:04:31.586+0000] {dag.py:3262} INFO - Creating ORM DAG for dataset_alias_example_alias_consumer
[2024-11-01T02:04:31.587+0000] {logging_mixin.py:190} INFO - [2024-11-01T02:04:31.587+0000] {dag.py:3262} INFO - Creating ORM DAG for dataset_s3_bucket_consumer
[2024-11-01T02:04:31.595+0000] {logging_mixin.py:190} INFO - [2024-11-01T02:04:31.595+0000] {dag.py:4180} INFO - Setting next_dagrun for dataset_alias_example_alias_consumer to None, run_after=None
[2024-11-01T02:04:31.597+0000] {logging_mixin.py:190} INFO - [2024-11-01T02:04:31.597+0000] {dag.py:4180} INFO - Setting next_dagrun for dataset_alias_example_alias_producer to None, run_after=None
[2024-11-01T02:04:31.597+0000] {logging_mixin.py:190} INFO - [2024-11-01T02:04:31.597+0000] {dag.py:4180} INFO - Setting next_dagrun for dataset_s3_bucket_consumer to None, run_after=None
[2024-11-01T02:04:31.598+0000] {logging_mixin.py:190} INFO - [2024-11-01T02:04:31.598+0000] {dag.py:4180} INFO - Setting next_dagrun for dataset_s3_bucket_producer to None, run_after=None
[2024-11-01T02:04:31.628+0000] {processor.py:208} INFO - Processing /home/airflow/.local/lib/python3.12/site-packages/airflow/example_dags/example_dataset_alias.py took 0.479 seconds
[2024-11-01T02:05:01.750+0000] {processor.py:186} INFO - Started process (PID=143) to work on /home/airflow/.local/lib/python3.12/site-packages/airflow/example_dags/example_dataset_alias.py
[2024-11-01T02:05:01.751+0000] {processor.py:914} INFO - Processing file /home/airflow/.local/lib/python3.12/site-packages/airflow/example_dags/example_dataset_alias.py for tasks to queue
[2024-11-01T02:05:01.753+0000] {logging_mixin.py:190} INFO - [2024-11-01T02:05:01.753+0000] {dagbag.py:588} INFO - Filling up the DagBag from /home/airflow/.local/lib/python3.12/site-packages/airflow/example_dags/example_dataset_alias.py
[2024-11-01T02:05:01.897+0000] {processor.py:925} INFO - DAG(s) 'dataset_alias_example_alias_consumer', 'dataset_s3_bucket_consumer', 'dataset_alias_example_alias_producer', 'dataset_s3_bucket_producer' retrieved from /home/airflow/.local/lib/python3.12/site-packages/airflow/example_dags/example_dataset_alias.py
[2024-11-01T02:05:01.920+0000] {logging_mixin.py:190} INFO - [2024-11-01T02:05:01.920+0000] {dag.py:3239} INFO - Sync 4 DAGs
[2024-11-01T02:05:01.940+0000] {logging_mixin.py:190} INFO - [2024-11-01T02:05:01.940+0000] {dag.py:4180} INFO - Setting next_dagrun for dataset_alias_example_alias_consumer to None, run_after=None
[2024-11-01T02:05:01.943+0000] {logging_mixin.py:190} INFO - [2024-11-01T02:05:01.943+0000] {dag.py:4180} INFO - Setting next_dagrun for dataset_alias_example_alias_producer to None, run_after=None
[2024-11-01T02:05:01.944+0000] {logging_mixin.py:190} INFO - [2024-11-01T02:05:01.944+0000] {dag.py:4180} INFO - Setting next_dagrun for dataset_s3_bucket_consumer to None, run_after=None
[2024-11-01T02:05:01.945+0000] {logging_mixin.py:190} INFO - [2024-11-01T02:05:01.945+0000] {dag.py:4180} INFO - Setting next_dagrun for dataset_s3_bucket_producer to None, run_after=None
[2024-11-01T02:05:01.963+0000] {processor.py:208} INFO - Processing /home/airflow/.local/lib/python3.12/site-packages/airflow/example_dags/example_dataset_alias.py took 0.218 seconds
[2024-11-01T02:05:32.143+0000] {processor.py:186} INFO - Started process (PID=206) to work on /home/airflow/.local/lib/python3.12/site-packages/airflow/example_dags/example_dataset_alias.py
[2024-11-01T02:05:32.143+0000] {processor.py:914} INFO - Processing file /home/airflow/.local/lib/python3.12/site-packages/airflow/example_dags/example_dataset_alias.py for tasks to queue
[2024-11-01T02:05:32.145+0000] {logging_mixin.py:190} INFO - [2024-11-01T02:05:32.145+0000] {dagbag.py:588} INFO - Filling up the DagBag from /home/airflow/.local/lib/python3.12/site-packages/airflow/example_dags/example_dataset_alias.py
[2024-11-01T02:05:32.277+0000] {processor.py:925} INFO - DAG(s) 'dataset_alias_example_alias_consumer', 'dataset_alias_example_alias_producer', 'dataset_s3_bucket_producer', 'dataset_s3_bucket_consumer' retrieved from /home/airflow/.local/lib/python3.12/site-packages/airflow/example_dags/example_dataset_alias.py
[2024-11-01T02:05:32.296+0000] {logging_mixin.py:190} INFO - [2024-11-01T02:05:32.296+0000] {dag.py:3239} INFO - Sync 4 DAGs
[2024-11-01T02:05:32.315+0000] {logging_mixin.py:190} INFO - [2024-11-01T02:05:32.315+0000] {dag.py:4180} INFO - Setting next_dagrun for dataset_alias_example_alias_consumer to None, run_after=None
[2024-11-01T02:05:32.317+0000] {logging_mixin.py:190} INFO - [2024-11-01T02:05:32.317+0000] {dag.py:4180} INFO - Setting next_dagrun for dataset_alias_example_alias_producer to None, run_after=None
[2024-11-01T02:05:32.318+0000] {logging_mixin.py:190} INFO - [2024-11-01T02:05:32.318+0000] {dag.py:4180} INFO - Setting next_dagrun for dataset_s3_bucket_consumer to None, run_after=None
[2024-11-01T02:05:32.319+0000] {logging_mixin.py:190} INFO - [2024-11-01T02:05:32.319+0000] {dag.py:4180} INFO - Setting next_dagrun for dataset_s3_bucket_producer to None, run_after=None
[2024-11-01T02:05:32.337+0000] {processor.py:208} INFO - Processing /home/airflow/.local/lib/python3.12/site-packages/airflow/example_dags/example_dataset_alias.py took 0.200 seconds
[2024-11-01T02:06:02.496+0000] {processor.py:186} INFO - Started process (PID=269) to work on /home/airflow/.local/lib/python3.12/site-packages/airflow/example_dags/example_dataset_alias.py
[2024-11-01T02:06:02.497+0000] {processor.py:914} INFO - Processing file /home/airflow/.local/lib/python3.12/site-packages/airflow/example_dags/example_dataset_alias.py for tasks to queue
[2024-11-01T02:06:02.499+0000] {logging_mixin.py:190} INFO - [2024-11-01T02:06:02.498+0000] {dagbag.py:588} INFO - Filling up the DagBag from /home/airflow/.local/lib/python3.12/site-packages/airflow/example_dags/example_dataset_alias.py
[2024-11-01T02:06:02.634+0000] {processor.py:925} INFO - DAG(s) 'dataset_s3_bucket_producer', 'dataset_alias_example_alias_producer', 'dataset_s3_bucket_consumer', 'dataset_alias_example_alias_consumer' retrieved from /home/airflow/.local/lib/python3.12/site-packages/airflow/example_dags/example_dataset_alias.py
[2024-11-01T02:06:02.653+0000] {logging_mixin.py:190} INFO - [2024-11-01T02:06:02.653+0000] {dag.py:3239} INFO - Sync 4 DAGs
[2024-11-01T02:06:02.672+0000] {logging_mixin.py:190} INFO - [2024-11-01T02:06:02.672+0000] {dag.py:4180} INFO - Setting next_dagrun for dataset_alias_example_alias_consumer to None, run_after=None
[2024-11-01T02:06:02.675+0000] {logging_mixin.py:190} INFO - [2024-11-01T02:06:02.674+0000] {dag.py:4180} INFO - Setting next_dagrun for dataset_alias_example_alias_producer to None, run_after=None
[2024-11-01T02:06:02.676+0000] {logging_mixin.py:190} INFO - [2024-11-01T02:06:02.676+0000] {dag.py:4180} INFO - Setting next_dagrun for dataset_s3_bucket_consumer to None, run_after=None
[2024-11-01T02:06:02.677+0000] {logging_mixin.py:190} INFO - [2024-11-01T02:06:02.677+0000] {dag.py:4180} INFO - Setting next_dagrun for dataset_s3_bucket_producer to None, run_after=None
[2024-11-01T02:06:02.695+0000] {processor.py:208} INFO - Processing /home/airflow/.local/lib/python3.12/site-packages/airflow/example_dags/example_dataset_alias.py took 0.204 seconds
[2024-11-01T02:14:51.173+0000] {processor.py:186} INFO - Started process (PID=76) to work on /home/airflow/.local/lib/python3.12/site-packages/airflow/example_dags/example_dataset_alias.py
[2024-11-01T02:14:51.174+0000] {processor.py:914} INFO - Processing file /home/airflow/.local/lib/python3.12/site-packages/airflow/example_dags/example_dataset_alias.py for tasks to queue
[2024-11-01T02:14:51.177+0000] {logging_mixin.py:190} INFO - [2024-11-01T02:14:51.177+0000] {dagbag.py:588} INFO - Filling up the DagBag from /home/airflow/.local/lib/python3.12/site-packages/airflow/example_dags/example_dataset_alias.py
[2024-11-01T02:14:51.328+0000] {processor.py:925} INFO - DAG(s) 'dataset_alias_example_alias_consumer', 'dataset_s3_bucket_consumer', 'dataset_s3_bucket_producer', 'dataset_alias_example_alias_producer' retrieved from /home/airflow/.local/lib/python3.12/site-packages/airflow/example_dags/example_dataset_alias.py
[2024-11-01T02:14:51.349+0000] {logging_mixin.py:190} INFO - [2024-11-01T02:14:51.349+0000] {dag.py:3239} INFO - Sync 4 DAGs
[2024-11-01T02:14:51.370+0000] {logging_mixin.py:190} INFO - [2024-11-01T02:14:51.369+0000] {dag.py:4180} INFO - Setting next_dagrun for dataset_alias_example_alias_consumer to None, run_after=None
[2024-11-01T02:14:51.372+0000] {logging_mixin.py:190} INFO - [2024-11-01T02:14:51.372+0000] {dag.py:4180} INFO - Setting next_dagrun for dataset_alias_example_alias_producer to None, run_after=None
[2024-11-01T02:14:51.373+0000] {logging_mixin.py:190} INFO - [2024-11-01T02:14:51.373+0000] {dag.py:4180} INFO - Setting next_dagrun for dataset_s3_bucket_consumer to None, run_after=None
[2024-11-01T02:14:51.374+0000] {logging_mixin.py:190} INFO - [2024-11-01T02:14:51.374+0000] {dag.py:4180} INFO - Setting next_dagrun for dataset_s3_bucket_producer to None, run_after=None
[2024-11-01T02:14:51.394+0000] {processor.py:208} INFO - Processing /home/airflow/.local/lib/python3.12/site-packages/airflow/example_dags/example_dataset_alias.py took 0.226 seconds
[2024-11-01T02:15:21.937+0000] {processor.py:186} INFO - Started process (PID=140) to work on /home/airflow/.local/lib/python3.12/site-packages/airflow/example_dags/example_dataset_alias.py
[2024-11-01T02:15:21.938+0000] {processor.py:914} INFO - Processing file /home/airflow/.local/lib/python3.12/site-packages/airflow/example_dags/example_dataset_alias.py for tasks to queue
[2024-11-01T02:15:21.940+0000] {logging_mixin.py:190} INFO - [2024-11-01T02:15:21.940+0000] {dagbag.py:588} INFO - Filling up the DagBag from /home/airflow/.local/lib/python3.12/site-packages/airflow/example_dags/example_dataset_alias.py
[2024-11-01T02:15:22.076+0000] {processor.py:925} INFO - DAG(s) 'dataset_alias_example_alias_producer', 'dataset_s3_bucket_consumer', 'dataset_s3_bucket_producer', 'dataset_alias_example_alias_consumer' retrieved from /home/airflow/.local/lib/python3.12/site-packages/airflow/example_dags/example_dataset_alias.py
[2024-11-01T02:15:22.095+0000] {logging_mixin.py:190} INFO - [2024-11-01T02:15:22.095+0000] {dag.py:3239} INFO - Sync 4 DAGs
[2024-11-01T02:15:22.116+0000] {logging_mixin.py:190} INFO - [2024-11-01T02:15:22.116+0000] {dag.py:4180} INFO - Setting next_dagrun for dataset_alias_example_alias_consumer to None, run_after=None
[2024-11-01T02:15:22.119+0000] {logging_mixin.py:190} INFO - [2024-11-01T02:15:22.118+0000] {dag.py:4180} INFO - Setting next_dagrun for dataset_alias_example_alias_producer to None, run_after=None
[2024-11-01T02:15:22.120+0000] {logging_mixin.py:190} INFO - [2024-11-01T02:15:22.120+0000] {dag.py:4180} INFO - Setting next_dagrun for dataset_s3_bucket_consumer to None, run_after=None
[2024-11-01T02:15:22.121+0000] {logging_mixin.py:190} INFO - [2024-11-01T02:15:22.121+0000] {dag.py:4180} INFO - Setting next_dagrun for dataset_s3_bucket_producer to None, run_after=None
[2024-11-01T02:15:22.144+0000] {processor.py:208} INFO - Processing /home/airflow/.local/lib/python3.12/site-packages/airflow/example_dags/example_dataset_alias.py took 0.211 seconds
[2024-11-01T02:15:52.420+0000] {processor.py:186} INFO - Started process (PID=202) to work on /home/airflow/.local/lib/python3.12/site-packages/airflow/example_dags/example_dataset_alias.py
[2024-11-01T02:15:52.421+0000] {processor.py:914} INFO - Processing file /home/airflow/.local/lib/python3.12/site-packages/airflow/example_dags/example_dataset_alias.py for tasks to queue
[2024-11-01T02:15:52.423+0000] {logging_mixin.py:190} INFO - [2024-11-01T02:15:52.422+0000] {dagbag.py:588} INFO - Filling up the DagBag from /home/airflow/.local/lib/python3.12/site-packages/airflow/example_dags/example_dataset_alias.py
[2024-11-01T02:15:52.570+0000] {processor.py:925} INFO - DAG(s) 'dataset_alias_example_alias_producer', 'dataset_s3_bucket_consumer', 'dataset_alias_example_alias_consumer', 'dataset_s3_bucket_producer' retrieved from /home/airflow/.local/lib/python3.12/site-packages/airflow/example_dags/example_dataset_alias.py
[2024-11-01T02:15:52.592+0000] {logging_mixin.py:190} INFO - [2024-11-01T02:15:52.592+0000] {dag.py:3239} INFO - Sync 4 DAGs
[2024-11-01T02:15:52.618+0000] {logging_mixin.py:190} INFO - [2024-11-01T02:15:52.618+0000] {dag.py:4180} INFO - Setting next_dagrun for dataset_alias_example_alias_consumer to None, run_after=None
[2024-11-01T02:15:52.621+0000] {logging_mixin.py:190} INFO - [2024-11-01T02:15:52.621+0000] {dag.py:4180} INFO - Setting next_dagrun for dataset_alias_example_alias_producer to None, run_after=None
[2024-11-01T02:15:52.622+0000] {logging_mixin.py:190} INFO - [2024-11-01T02:15:52.622+0000] {dag.py:4180} INFO - Setting next_dagrun for dataset_s3_bucket_consumer to None, run_after=None
[2024-11-01T02:15:52.624+0000] {logging_mixin.py:190} INFO - [2024-11-01T02:15:52.623+0000] {dag.py:4180} INFO - Setting next_dagrun for dataset_s3_bucket_producer to None, run_after=None
[2024-11-01T02:15:52.645+0000] {processor.py:208} INFO - Processing /home/airflow/.local/lib/python3.12/site-packages/airflow/example_dags/example_dataset_alias.py took 0.230 seconds
[2024-11-01T02:16:23.008+0000] {processor.py:186} INFO - Started process (PID=265) to work on /home/airflow/.local/lib/python3.12/site-packages/airflow/example_dags/example_dataset_alias.py
[2024-11-01T02:16:23.009+0000] {processor.py:914} INFO - Processing file /home/airflow/.local/lib/python3.12/site-packages/airflow/example_dags/example_dataset_alias.py for tasks to queue
[2024-11-01T02:16:23.011+0000] {logging_mixin.py:190} INFO - [2024-11-01T02:16:23.010+0000] {dagbag.py:588} INFO - Filling up the DagBag from /home/airflow/.local/lib/python3.12/site-packages/airflow/example_dags/example_dataset_alias.py
[2024-11-01T02:16:23.164+0000] {processor.py:925} INFO - DAG(s) 'dataset_alias_example_alias_consumer', 'dataset_alias_example_alias_producer', 'dataset_s3_bucket_producer', 'dataset_s3_bucket_consumer' retrieved from /home/airflow/.local/lib/python3.12/site-packages/airflow/example_dags/example_dataset_alias.py
[2024-11-01T02:16:23.191+0000] {logging_mixin.py:190} INFO - [2024-11-01T02:16:23.190+0000] {dag.py:3239} INFO - Sync 4 DAGs
[2024-11-01T02:16:23.220+0000] {logging_mixin.py:190} INFO - [2024-11-01T02:16:23.220+0000] {dag.py:4180} INFO - Setting next_dagrun for dataset_alias_example_alias_consumer to None, run_after=None
[2024-11-01T02:16:23.223+0000] {logging_mixin.py:190} INFO - [2024-11-01T02:16:23.222+0000] {dag.py:4180} INFO - Setting next_dagrun for dataset_alias_example_alias_producer to None, run_after=None
[2024-11-01T02:16:23.224+0000] {logging_mixin.py:190} INFO - [2024-11-01T02:16:23.224+0000] {dag.py:4180} INFO - Setting next_dagrun for dataset_s3_bucket_consumer to None, run_after=None
[2024-11-01T02:16:23.225+0000] {logging_mixin.py:190} INFO - [2024-11-01T02:16:23.225+0000] {dag.py:4180} INFO - Setting next_dagrun for dataset_s3_bucket_producer to None, run_after=None
[2024-11-01T02:16:23.247+0000] {processor.py:208} INFO - Processing /home/airflow/.local/lib/python3.12/site-packages/airflow/example_dags/example_dataset_alias.py took 0.244 seconds
[2024-11-01T02:16:53.561+0000] {processor.py:186} INFO - Started process (PID=334) to work on /home/airflow/.local/lib/python3.12/site-packages/airflow/example_dags/example_dataset_alias.py
[2024-11-01T02:16:53.562+0000] {processor.py:914} INFO - Processing file /home/airflow/.local/lib/python3.12/site-packages/airflow/example_dags/example_dataset_alias.py for tasks to queue
[2024-11-01T02:16:53.564+0000] {logging_mixin.py:190} INFO - [2024-11-01T02:16:53.563+0000] {dagbag.py:588} INFO - Filling up the DagBag from /home/airflow/.local/lib/python3.12/site-packages/airflow/example_dags/example_dataset_alias.py
[2024-11-01T02:16:53.708+0000] {processor.py:925} INFO - DAG(s) 'dataset_alias_example_alias_consumer', 'dataset_s3_bucket_consumer', 'dataset_alias_example_alias_producer', 'dataset_s3_bucket_producer' retrieved from /home/airflow/.local/lib/python3.12/site-packages/airflow/example_dags/example_dataset_alias.py
[2024-11-01T02:16:53.731+0000] {logging_mixin.py:190} INFO - [2024-11-01T02:16:53.730+0000] {dag.py:3239} INFO - Sync 4 DAGs
[2024-11-01T02:16:53.752+0000] {logging_mixin.py:190} INFO - [2024-11-01T02:16:53.751+0000] {dag.py:4180} INFO - Setting next_dagrun for dataset_alias_example_alias_consumer to None, run_after=None
[2024-11-01T02:16:53.754+0000] {logging_mixin.py:190} INFO - [2024-11-01T02:16:53.754+0000] {dag.py:4180} INFO - Setting next_dagrun for dataset_alias_example_alias_producer to None, run_after=None
[2024-11-01T02:16:53.755+0000] {logging_mixin.py:190} INFO - [2024-11-01T02:16:53.755+0000] {dag.py:4180} INFO - Setting next_dagrun for dataset_s3_bucket_consumer to None, run_after=None
[2024-11-01T02:16:53.756+0000] {logging_mixin.py:190} INFO - [2024-11-01T02:16:53.756+0000] {dag.py:4180} INFO - Setting next_dagrun for dataset_s3_bucket_producer to None, run_after=None
[2024-11-01T02:16:53.775+0000] {processor.py:208} INFO - Processing /home/airflow/.local/lib/python3.12/site-packages/airflow/example_dags/example_dataset_alias.py took 0.219 seconds
[2024-11-01T02:17:24.365+0000] {processor.py:186} INFO - Started process (PID=398) to work on /home/airflow/.local/lib/python3.12/site-packages/airflow/example_dags/example_dataset_alias.py
[2024-11-01T02:17:24.366+0000] {processor.py:914} INFO - Processing file /home/airflow/.local/lib/python3.12/site-packages/airflow/example_dags/example_dataset_alias.py for tasks to queue
[2024-11-01T02:17:24.368+0000] {logging_mixin.py:190} INFO - [2024-11-01T02:17:24.367+0000] {dagbag.py:588} INFO - Filling up the DagBag from /home/airflow/.local/lib/python3.12/site-packages/airflow/example_dags/example_dataset_alias.py
[2024-11-01T02:17:24.499+0000] {processor.py:925} INFO - DAG(s) 'dataset_s3_bucket_producer', 'dataset_alias_example_alias_producer', 'dataset_alias_example_alias_consumer', 'dataset_s3_bucket_consumer' retrieved from /home/airflow/.local/lib/python3.12/site-packages/airflow/example_dags/example_dataset_alias.py
[2024-11-01T02:17:24.517+0000] {logging_mixin.py:190} INFO - [2024-11-01T02:17:24.517+0000] {dag.py:3239} INFO - Sync 4 DAGs
[2024-11-01T02:17:24.539+0000] {logging_mixin.py:190} INFO - [2024-11-01T02:17:24.538+0000] {dag.py:4180} INFO - Setting next_dagrun for dataset_alias_example_alias_consumer to None, run_after=None
[2024-11-01T02:17:24.541+0000] {logging_mixin.py:190} INFO - [2024-11-01T02:17:24.541+0000] {dag.py:4180} INFO - Setting next_dagrun for dataset_alias_example_alias_producer to None, run_after=None
[2024-11-01T02:17:24.542+0000] {logging_mixin.py:190} INFO - [2024-11-01T02:17:24.542+0000] {dag.py:4180} INFO - Setting next_dagrun for dataset_s3_bucket_consumer to None, run_after=None
[2024-11-01T02:17:24.543+0000] {logging_mixin.py:190} INFO - [2024-11-01T02:17:24.543+0000] {dag.py:4180} INFO - Setting next_dagrun for dataset_s3_bucket_producer to None, run_after=None
[2024-11-01T02:17:24.562+0000] {processor.py:208} INFO - Processing /home/airflow/.local/lib/python3.12/site-packages/airflow/example_dags/example_dataset_alias.py took 0.202 seconds
[2024-11-01T02:17:54.781+0000] {processor.py:186} INFO - Started process (PID=460) to work on /home/airflow/.local/lib/python3.12/site-packages/airflow/example_dags/example_dataset_alias.py
[2024-11-01T02:17:54.782+0000] {processor.py:914} INFO - Processing file /home/airflow/.local/lib/python3.12/site-packages/airflow/example_dags/example_dataset_alias.py for tasks to queue
[2024-11-01T02:17:54.784+0000] {logging_mixin.py:190} INFO - [2024-11-01T02:17:54.784+0000] {dagbag.py:588} INFO - Filling up the DagBag from /home/airflow/.local/lib/python3.12/site-packages/airflow/example_dags/example_dataset_alias.py
[2024-11-01T02:17:54.921+0000] {processor.py:925} INFO - DAG(s) 'dataset_alias_example_alias_producer', 'dataset_alias_example_alias_consumer', 'dataset_s3_bucket_producer', 'dataset_s3_bucket_consumer' retrieved from /home/airflow/.local/lib/python3.12/site-packages/airflow/example_dags/example_dataset_alias.py
[2024-11-01T02:17:54.940+0000] {logging_mixin.py:190} INFO - [2024-11-01T02:17:54.940+0000] {dag.py:3239} INFO - Sync 4 DAGs
[2024-11-01T02:17:54.960+0000] {logging_mixin.py:190} INFO - [2024-11-01T02:17:54.960+0000] {dag.py:4180} INFO - Setting next_dagrun for dataset_alias_example_alias_consumer to None, run_after=None
[2024-11-01T02:17:54.963+0000] {logging_mixin.py:190} INFO - [2024-11-01T02:17:54.963+0000] {dag.py:4180} INFO - Setting next_dagrun for dataset_alias_example_alias_producer to None, run_after=None
[2024-11-01T02:17:54.964+0000] {logging_mixin.py:190} INFO - [2024-11-01T02:17:54.964+0000] {dag.py:4180} INFO - Setting next_dagrun for dataset_s3_bucket_consumer to None, run_after=None
[2024-11-01T02:17:54.965+0000] {logging_mixin.py:190} INFO - [2024-11-01T02:17:54.965+0000] {dag.py:4180} INFO - Setting next_dagrun for dataset_s3_bucket_producer to None, run_after=None
[2024-11-01T02:17:54.984+0000] {processor.py:208} INFO - Processing /home/airflow/.local/lib/python3.12/site-packages/airflow/example_dags/example_dataset_alias.py took 0.209 seconds
[2024-11-01T02:18:25.235+0000] {processor.py:186} INFO - Started process (PID=523) to work on /home/airflow/.local/lib/python3.12/site-packages/airflow/example_dags/example_dataset_alias.py
[2024-11-01T02:18:25.236+0000] {processor.py:914} INFO - Processing file /home/airflow/.local/lib/python3.12/site-packages/airflow/example_dags/example_dataset_alias.py for tasks to queue
[2024-11-01T02:18:25.238+0000] {logging_mixin.py:190} INFO - [2024-11-01T02:18:25.237+0000] {dagbag.py:588} INFO - Filling up the DagBag from /home/airflow/.local/lib/python3.12/site-packages/airflow/example_dags/example_dataset_alias.py
[2024-11-01T02:18:25.376+0000] {processor.py:925} INFO - DAG(s) 'dataset_alias_example_alias_consumer', 'dataset_s3_bucket_producer', 'dataset_s3_bucket_consumer', 'dataset_alias_example_alias_producer' retrieved from /home/airflow/.local/lib/python3.12/site-packages/airflow/example_dags/example_dataset_alias.py
[2024-11-01T02:18:25.394+0000] {logging_mixin.py:190} INFO - [2024-11-01T02:18:25.393+0000] {dag.py:3239} INFO - Sync 4 DAGs
[2024-11-01T02:18:25.413+0000] {logging_mixin.py:190} INFO - [2024-11-01T02:18:25.413+0000] {dag.py:4180} INFO - Setting next_dagrun for dataset_alias_example_alias_consumer to None, run_after=None
[2024-11-01T02:18:25.417+0000] {logging_mixin.py:190} INFO - [2024-11-01T02:18:25.417+0000] {dag.py:4180} INFO - Setting next_dagrun for dataset_alias_example_alias_producer to None, run_after=None
[2024-11-01T02:18:25.419+0000] {logging_mixin.py:190} INFO - [2024-11-01T02:18:25.418+0000] {dag.py:4180} INFO - Setting next_dagrun for dataset_s3_bucket_consumer to None, run_after=None
[2024-11-01T02:18:25.420+0000] {logging_mixin.py:190} INFO - [2024-11-01T02:18:25.420+0000] {dag.py:4180} INFO - Setting next_dagrun for dataset_s3_bucket_producer to None, run_after=None
[2024-11-01T02:18:25.437+0000] {processor.py:208} INFO - Processing /home/airflow/.local/lib/python3.12/site-packages/airflow/example_dags/example_dataset_alias.py took 0.207 seconds
[2024-11-01T02:18:55.807+0000] {processor.py:186} INFO - Started process (PID=586) to work on /home/airflow/.local/lib/python3.12/site-packages/airflow/example_dags/example_dataset_alias.py
[2024-11-01T02:18:55.808+0000] {processor.py:914} INFO - Processing file /home/airflow/.local/lib/python3.12/site-packages/airflow/example_dags/example_dataset_alias.py for tasks to queue
[2024-11-01T02:18:55.810+0000] {logging_mixin.py:190} INFO - [2024-11-01T02:18:55.810+0000] {dagbag.py:588} INFO - Filling up the DagBag from /home/airflow/.local/lib/python3.12/site-packages/airflow/example_dags/example_dataset_alias.py
[2024-11-01T02:18:55.950+0000] {processor.py:925} INFO - DAG(s) 'dataset_alias_example_alias_producer', 'dataset_s3_bucket_producer', 'dataset_alias_example_alias_consumer', 'dataset_s3_bucket_consumer' retrieved from /home/airflow/.local/lib/python3.12/site-packages/airflow/example_dags/example_dataset_alias.py
[2024-11-01T02:18:55.967+0000] {logging_mixin.py:190} INFO - [2024-11-01T02:18:55.967+0000] {dag.py:3239} INFO - Sync 4 DAGs
[2024-11-01T02:18:55.987+0000] {logging_mixin.py:190} INFO - [2024-11-01T02:18:55.987+0000] {dag.py:4180} INFO - Setting next_dagrun for dataset_alias_example_alias_consumer to None, run_after=None
[2024-11-01T02:18:55.992+0000] {logging_mixin.py:190} INFO - [2024-11-01T02:18:55.991+0000] {dag.py:4180} INFO - Setting next_dagrun for dataset_alias_example_alias_producer to None, run_after=None
[2024-11-01T02:18:55.993+0000] {logging_mixin.py:190} INFO - [2024-11-01T02:18:55.993+0000] {dag.py:4180} INFO - Setting next_dagrun for dataset_s3_bucket_consumer to None, run_after=None
[2024-11-01T02:18:55.994+0000] {logging_mixin.py:190} INFO - [2024-11-01T02:18:55.994+0000] {dag.py:4180} INFO - Setting next_dagrun for dataset_s3_bucket_producer to None, run_after=None
[2024-11-01T02:18:56.013+0000] {processor.py:208} INFO - Processing /home/airflow/.local/lib/python3.12/site-packages/airflow/example_dags/example_dataset_alias.py took 0.210 seconds
[2024-11-01T02:19:26.421+0000] {processor.py:186} INFO - Started process (PID=649) to work on /home/airflow/.local/lib/python3.12/site-packages/airflow/example_dags/example_dataset_alias.py
[2024-11-01T02:19:26.422+0000] {processor.py:914} INFO - Processing file /home/airflow/.local/lib/python3.12/site-packages/airflow/example_dags/example_dataset_alias.py for tasks to queue
[2024-11-01T02:19:26.424+0000] {logging_mixin.py:190} INFO - [2024-11-01T02:19:26.424+0000] {dagbag.py:588} INFO - Filling up the DagBag from /home/airflow/.local/lib/python3.12/site-packages/airflow/example_dags/example_dataset_alias.py
[2024-11-01T02:19:26.554+0000] {processor.py:925} INFO - DAG(s) 'dataset_s3_bucket_consumer', 'dataset_s3_bucket_producer', 'dataset_alias_example_alias_consumer', 'dataset_alias_example_alias_producer' retrieved from /home/airflow/.local/lib/python3.12/site-packages/airflow/example_dags/example_dataset_alias.py
[2024-11-01T02:19:26.571+0000] {logging_mixin.py:190} INFO - [2024-11-01T02:19:26.571+0000] {dag.py:3239} INFO - Sync 4 DAGs
[2024-11-01T02:19:26.589+0000] {logging_mixin.py:190} INFO - [2024-11-01T02:19:26.589+0000] {dag.py:4180} INFO - Setting next_dagrun for dataset_alias_example_alias_consumer to None, run_after=None
[2024-11-01T02:19:26.591+0000] {logging_mixin.py:190} INFO - [2024-11-01T02:19:26.591+0000] {dag.py:4180} INFO - Setting next_dagrun for dataset_alias_example_alias_producer to None, run_after=None
[2024-11-01T02:19:26.592+0000] {logging_mixin.py:190} INFO - [2024-11-01T02:19:26.592+0000] {dag.py:4180} INFO - Setting next_dagrun for dataset_s3_bucket_consumer to None, run_after=None
[2024-11-01T02:19:26.593+0000] {logging_mixin.py:190} INFO - [2024-11-01T02:19:26.593+0000] {dag.py:4180} INFO - Setting next_dagrun for dataset_s3_bucket_producer to None, run_after=None
[2024-11-01T02:19:26.614+0000] {processor.py:208} INFO - Processing /home/airflow/.local/lib/python3.12/site-packages/airflow/example_dags/example_dataset_alias.py took 0.197 seconds
[2024-11-01T02:19:57.080+0000] {processor.py:186} INFO - Started process (PID=712) to work on /home/airflow/.local/lib/python3.12/site-packages/airflow/example_dags/example_dataset_alias.py
[2024-11-01T02:19:57.081+0000] {processor.py:914} INFO - Processing file /home/airflow/.local/lib/python3.12/site-packages/airflow/example_dags/example_dataset_alias.py for tasks to queue
[2024-11-01T02:19:57.083+0000] {logging_mixin.py:190} INFO - [2024-11-01T02:19:57.082+0000] {dagbag.py:588} INFO - Filling up the DagBag from /home/airflow/.local/lib/python3.12/site-packages/airflow/example_dags/example_dataset_alias.py
[2024-11-01T02:19:57.217+0000] {processor.py:925} INFO - DAG(s) 'dataset_s3_bucket_producer', 'dataset_s3_bucket_consumer', 'dataset_alias_example_alias_consumer', 'dataset_alias_example_alias_producer' retrieved from /home/airflow/.local/lib/python3.12/site-packages/airflow/example_dags/example_dataset_alias.py
[2024-11-01T02:19:57.234+0000] {logging_mixin.py:190} INFO - [2024-11-01T02:19:57.234+0000] {dag.py:3239} INFO - Sync 4 DAGs
[2024-11-01T02:19:57.256+0000] {logging_mixin.py:190} INFO - [2024-11-01T02:19:57.256+0000] {dag.py:4180} INFO - Setting next_dagrun for dataset_alias_example_alias_consumer to None, run_after=None
[2024-11-01T02:19:57.259+0000] {logging_mixin.py:190} INFO - [2024-11-01T02:19:57.259+0000] {dag.py:4180} INFO - Setting next_dagrun for dataset_alias_example_alias_producer to None, run_after=None
[2024-11-01T02:19:57.260+0000] {logging_mixin.py:190} INFO - [2024-11-01T02:19:57.260+0000] {dag.py:4180} INFO - Setting next_dagrun for dataset_s3_bucket_consumer to None, run_after=None
[2024-11-01T02:19:57.261+0000] {logging_mixin.py:190} INFO - [2024-11-01T02:19:57.261+0000] {dag.py:4180} INFO - Setting next_dagrun for dataset_s3_bucket_producer to None, run_after=None
[2024-11-01T02:19:57.281+0000] {processor.py:208} INFO - Processing /home/airflow/.local/lib/python3.12/site-packages/airflow/example_dags/example_dataset_alias.py took 0.205 seconds
[2024-11-01T02:20:27.740+0000] {processor.py:186} INFO - Started process (PID=775) to work on /home/airflow/.local/lib/python3.12/site-packages/airflow/example_dags/example_dataset_alias.py
[2024-11-01T02:20:27.741+0000] {processor.py:914} INFO - Processing file /home/airflow/.local/lib/python3.12/site-packages/airflow/example_dags/example_dataset_alias.py for tasks to queue
[2024-11-01T02:20:27.744+0000] {logging_mixin.py:190} INFO - [2024-11-01T02:20:27.743+0000] {dagbag.py:588} INFO - Filling up the DagBag from /home/airflow/.local/lib/python3.12/site-packages/airflow/example_dags/example_dataset_alias.py
[2024-11-01T02:20:27.905+0000] {processor.py:925} INFO - DAG(s) 'dataset_s3_bucket_producer', 'dataset_alias_example_alias_consumer', 'dataset_alias_example_alias_producer', 'dataset_s3_bucket_consumer' retrieved from /home/airflow/.local/lib/python3.12/site-packages/airflow/example_dags/example_dataset_alias.py
[2024-11-01T02:20:27.927+0000] {logging_mixin.py:190} INFO - [2024-11-01T02:20:27.927+0000] {dag.py:3239} INFO - Sync 4 DAGs
[2024-11-01T02:20:27.949+0000] {logging_mixin.py:190} INFO - [2024-11-01T02:20:27.949+0000] {dag.py:4180} INFO - Setting next_dagrun for dataset_alias_example_alias_consumer to None, run_after=None
[2024-11-01T02:20:27.952+0000] {logging_mixin.py:190} INFO - [2024-11-01T02:20:27.952+0000] {dag.py:4180} INFO - Setting next_dagrun for dataset_alias_example_alias_producer to None, run_after=None
[2024-11-01T02:20:27.953+0000] {logging_mixin.py:190} INFO - [2024-11-01T02:20:27.953+0000] {dag.py:4180} INFO - Setting next_dagrun for dataset_s3_bucket_consumer to None, run_after=None
[2024-11-01T02:20:27.955+0000] {logging_mixin.py:190} INFO - [2024-11-01T02:20:27.955+0000] {dag.py:4180} INFO - Setting next_dagrun for dataset_s3_bucket_producer to None, run_after=None
[2024-11-01T02:20:27.977+0000] {processor.py:208} INFO - Processing /home/airflow/.local/lib/python3.12/site-packages/airflow/example_dags/example_dataset_alias.py took 0.244 seconds
[2024-11-01T02:20:58.737+0000] {processor.py:186} INFO - Started process (PID=838) to work on /home/airflow/.local/lib/python3.12/site-packages/airflow/example_dags/example_dataset_alias.py
[2024-11-01T02:20:58.738+0000] {processor.py:914} INFO - Processing file /home/airflow/.local/lib/python3.12/site-packages/airflow/example_dags/example_dataset_alias.py for tasks to queue
[2024-11-01T02:20:58.740+0000] {logging_mixin.py:190} INFO - [2024-11-01T02:20:58.739+0000] {dagbag.py:588} INFO - Filling up the DagBag from /home/airflow/.local/lib/python3.12/site-packages/airflow/example_dags/example_dataset_alias.py
[2024-11-01T02:20:58.884+0000] {processor.py:925} INFO - DAG(s) 'dataset_s3_bucket_producer', 'dataset_s3_bucket_consumer', 'dataset_alias_example_alias_consumer', 'dataset_alias_example_alias_producer' retrieved from /home/airflow/.local/lib/python3.12/site-packages/airflow/example_dags/example_dataset_alias.py
[2024-11-01T02:20:58.903+0000] {logging_mixin.py:190} INFO - [2024-11-01T02:20:58.903+0000] {dag.py:3239} INFO - Sync 4 DAGs
[2024-11-01T02:20:58.926+0000] {logging_mixin.py:190} INFO - [2024-11-01T02:20:58.925+0000] {dag.py:4180} INFO - Setting next_dagrun for dataset_alias_example_alias_consumer to None, run_after=None
[2024-11-01T02:20:58.928+0000] {logging_mixin.py:190} INFO - [2024-11-01T02:20:58.928+0000] {dag.py:4180} INFO - Setting next_dagrun for dataset_alias_example_alias_producer to None, run_after=None
[2024-11-01T02:20:58.929+0000] {logging_mixin.py:190} INFO - [2024-11-01T02:20:58.929+0000] {dag.py:4180} INFO - Setting next_dagrun for dataset_s3_bucket_consumer to None, run_after=None
[2024-11-01T02:20:58.931+0000] {logging_mixin.py:190} INFO - [2024-11-01T02:20:58.930+0000] {dag.py:4180} INFO - Setting next_dagrun for dataset_s3_bucket_producer to None, run_after=None
[2024-11-01T02:20:58.950+0000] {processor.py:208} INFO - Processing /home/airflow/.local/lib/python3.12/site-packages/airflow/example_dags/example_dataset_alias.py took 0.218 seconds
[2024-11-01T02:21:29.880+0000] {processor.py:186} INFO - Started process (PID=902) to work on /home/airflow/.local/lib/python3.12/site-packages/airflow/example_dags/example_dataset_alias.py
[2024-11-01T02:21:29.881+0000] {processor.py:914} INFO - Processing file /home/airflow/.local/lib/python3.12/site-packages/airflow/example_dags/example_dataset_alias.py for tasks to queue
[2024-11-01T02:21:29.883+0000] {logging_mixin.py:190} INFO - [2024-11-01T02:21:29.883+0000] {dagbag.py:588} INFO - Filling up the DagBag from /home/airflow/.local/lib/python3.12/site-packages/airflow/example_dags/example_dataset_alias.py
[2024-11-01T02:21:30.019+0000] {processor.py:925} INFO - DAG(s) 'dataset_s3_bucket_producer', 'dataset_s3_bucket_consumer', 'dataset_alias_example_alias_producer', 'dataset_alias_example_alias_consumer' retrieved from /home/airflow/.local/lib/python3.12/site-packages/airflow/example_dags/example_dataset_alias.py
[2024-11-01T02:21:30.038+0000] {logging_mixin.py:190} INFO - [2024-11-01T02:21:30.038+0000] {dag.py:3239} INFO - Sync 4 DAGs
[2024-11-01T02:21:30.058+0000] {logging_mixin.py:190} INFO - [2024-11-01T02:21:30.057+0000] {dag.py:4180} INFO - Setting next_dagrun for dataset_alias_example_alias_consumer to None, run_after=None
[2024-11-01T02:21:30.060+0000] {logging_mixin.py:190} INFO - [2024-11-01T02:21:30.060+0000] {dag.py:4180} INFO - Setting next_dagrun for dataset_alias_example_alias_producer to None, run_after=None
[2024-11-01T02:21:30.061+0000] {logging_mixin.py:190} INFO - [2024-11-01T02:21:30.061+0000] {dag.py:4180} INFO - Setting next_dagrun for dataset_s3_bucket_consumer to None, run_after=None
[2024-11-01T02:21:30.063+0000] {logging_mixin.py:190} INFO - [2024-11-01T02:21:30.062+0000] {dag.py:4180} INFO - Setting next_dagrun for dataset_s3_bucket_producer to None, run_after=None
[2024-11-01T02:21:30.104+0000] {processor.py:208} INFO - Processing /home/airflow/.local/lib/python3.12/site-packages/airflow/example_dags/example_dataset_alias.py took 0.228 seconds
[2024-11-01T02:22:00.479+0000] {processor.py:186} INFO - Started process (PID=965) to work on /home/airflow/.local/lib/python3.12/site-packages/airflow/example_dags/example_dataset_alias.py
[2024-11-01T02:22:00.480+0000] {processor.py:914} INFO - Processing file /home/airflow/.local/lib/python3.12/site-packages/airflow/example_dags/example_dataset_alias.py for tasks to queue
[2024-11-01T02:22:00.481+0000] {logging_mixin.py:190} INFO - [2024-11-01T02:22:00.481+0000] {dagbag.py:588} INFO - Filling up the DagBag from /home/airflow/.local/lib/python3.12/site-packages/airflow/example_dags/example_dataset_alias.py
[2024-11-01T02:22:00.615+0000] {processor.py:925} INFO - DAG(s) 'dataset_alias_example_alias_producer', 'dataset_alias_example_alias_consumer', 'dataset_s3_bucket_producer', 'dataset_s3_bucket_consumer' retrieved from /home/airflow/.local/lib/python3.12/site-packages/airflow/example_dags/example_dataset_alias.py
[2024-11-01T02:22:00.634+0000] {logging_mixin.py:190} INFO - [2024-11-01T02:22:00.634+0000] {dag.py:3239} INFO - Sync 4 DAGs
[2024-11-01T02:22:00.654+0000] {logging_mixin.py:190} INFO - [2024-11-01T02:22:00.654+0000] {dag.py:4180} INFO - Setting next_dagrun for dataset_alias_example_alias_consumer to None, run_after=None
[2024-11-01T02:22:00.657+0000] {logging_mixin.py:190} INFO - [2024-11-01T02:22:00.656+0000] {dag.py:4180} INFO - Setting next_dagrun for dataset_alias_example_alias_producer to None, run_after=None
[2024-11-01T02:22:00.658+0000] {logging_mixin.py:190} INFO - [2024-11-01T02:22:00.658+0000] {dag.py:4180} INFO - Setting next_dagrun for dataset_s3_bucket_consumer to None, run_after=None
[2024-11-01T02:22:00.659+0000] {logging_mixin.py:190} INFO - [2024-11-01T02:22:00.659+0000] {dag.py:4180} INFO - Setting next_dagrun for dataset_s3_bucket_producer to None, run_after=None
[2024-11-01T02:22:00.679+0000] {processor.py:208} INFO - Processing /home/airflow/.local/lib/python3.12/site-packages/airflow/example_dags/example_dataset_alias.py took 0.205 seconds
[2024-11-01T02:22:31.309+0000] {processor.py:186} INFO - Started process (PID=1028) to work on /home/airflow/.local/lib/python3.12/site-packages/airflow/example_dags/example_dataset_alias.py
[2024-11-01T02:22:31.310+0000] {processor.py:914} INFO - Processing file /home/airflow/.local/lib/python3.12/site-packages/airflow/example_dags/example_dataset_alias.py for tasks to queue
[2024-11-01T02:22:31.311+0000] {logging_mixin.py:190} INFO - [2024-11-01T02:22:31.311+0000] {dagbag.py:588} INFO - Filling up the DagBag from /home/airflow/.local/lib/python3.12/site-packages/airflow/example_dags/example_dataset_alias.py
[2024-11-01T02:22:31.450+0000] {processor.py:925} INFO - DAG(s) 'dataset_s3_bucket_consumer', 'dataset_alias_example_alias_producer', 'dataset_alias_example_alias_consumer', 'dataset_s3_bucket_producer' retrieved from /home/airflow/.local/lib/python3.12/site-packages/airflow/example_dags/example_dataset_alias.py
[2024-11-01T02:22:31.469+0000] {logging_mixin.py:190} INFO - [2024-11-01T02:22:31.469+0000] {dag.py:3239} INFO - Sync 4 DAGs
[2024-11-01T02:22:31.491+0000] {logging_mixin.py:190} INFO - [2024-11-01T02:22:31.491+0000] {dag.py:4180} INFO - Setting next_dagrun for dataset_alias_example_alias_consumer to None, run_after=None
[2024-11-01T02:22:31.494+0000] {logging_mixin.py:190} INFO - [2024-11-01T02:22:31.494+0000] {dag.py:4180} INFO - Setting next_dagrun for dataset_alias_example_alias_producer to None, run_after=None
[2024-11-01T02:22:31.495+0000] {logging_mixin.py:190} INFO - [2024-11-01T02:22:31.495+0000] {dag.py:4180} INFO - Setting next_dagrun for dataset_s3_bucket_consumer to None, run_after=None
[2024-11-01T02:22:31.497+0000] {logging_mixin.py:190} INFO - [2024-11-01T02:22:31.496+0000] {dag.py:4180} INFO - Setting next_dagrun for dataset_s3_bucket_producer to None, run_after=None
[2024-11-01T02:22:31.516+0000] {processor.py:208} INFO - Processing /home/airflow/.local/lib/python3.12/site-packages/airflow/example_dags/example_dataset_alias.py took 0.212 seconds
[2024-11-01T02:23:02.202+0000] {processor.py:186} INFO - Started process (PID=1091) to work on /home/airflow/.local/lib/python3.12/site-packages/airflow/example_dags/example_dataset_alias.py
[2024-11-01T02:23:02.203+0000] {processor.py:914} INFO - Processing file /home/airflow/.local/lib/python3.12/site-packages/airflow/example_dags/example_dataset_alias.py for tasks to queue
[2024-11-01T02:23:02.205+0000] {logging_mixin.py:190} INFO - [2024-11-01T02:23:02.205+0000] {dagbag.py:588} INFO - Filling up the DagBag from /home/airflow/.local/lib/python3.12/site-packages/airflow/example_dags/example_dataset_alias.py
[2024-11-01T02:23:02.346+0000] {processor.py:925} INFO - DAG(s) 'dataset_alias_example_alias_producer', 'dataset_s3_bucket_producer', 'dataset_alias_example_alias_consumer', 'dataset_s3_bucket_consumer' retrieved from /home/airflow/.local/lib/python3.12/site-packages/airflow/example_dags/example_dataset_alias.py
[2024-11-01T02:23:02.365+0000] {logging_mixin.py:190} INFO - [2024-11-01T02:23:02.365+0000] {dag.py:3239} INFO - Sync 4 DAGs
[2024-11-01T02:23:02.388+0000] {logging_mixin.py:190} INFO - [2024-11-01T02:23:02.388+0000] {dag.py:4180} INFO - Setting next_dagrun for dataset_alias_example_alias_consumer to None, run_after=None
[2024-11-01T02:23:02.391+0000] {logging_mixin.py:190} INFO - [2024-11-01T02:23:02.391+0000] {dag.py:4180} INFO - Setting next_dagrun for dataset_alias_example_alias_producer to None, run_after=None
[2024-11-01T02:23:02.392+0000] {logging_mixin.py:190} INFO - [2024-11-01T02:23:02.392+0000] {dag.py:4180} INFO - Setting next_dagrun for dataset_s3_bucket_consumer to None, run_after=None
[2024-11-01T02:23:02.393+0000] {logging_mixin.py:190} INFO - [2024-11-01T02:23:02.393+0000] {dag.py:4180} INFO - Setting next_dagrun for dataset_s3_bucket_producer to None, run_after=None
[2024-11-01T02:23:02.413+0000] {processor.py:208} INFO - Processing /home/airflow/.local/lib/python3.12/site-packages/airflow/example_dags/example_dataset_alias.py took 0.215 seconds
[2024-11-01T02:23:32.789+0000] {processor.py:186} INFO - Started process (PID=1154) to work on /home/airflow/.local/lib/python3.12/site-packages/airflow/example_dags/example_dataset_alias.py
[2024-11-01T02:23:32.790+0000] {processor.py:914} INFO - Processing file /home/airflow/.local/lib/python3.12/site-packages/airflow/example_dags/example_dataset_alias.py for tasks to queue
[2024-11-01T02:23:32.792+0000] {logging_mixin.py:190} INFO - [2024-11-01T02:23:32.792+0000] {dagbag.py:588} INFO - Filling up the DagBag from /home/airflow/.local/lib/python3.12/site-packages/airflow/example_dags/example_dataset_alias.py
[2024-11-01T02:23:32.926+0000] {processor.py:925} INFO - DAG(s) 'dataset_s3_bucket_producer', 'dataset_s3_bucket_consumer', 'dataset_alias_example_alias_consumer', 'dataset_alias_example_alias_producer' retrieved from /home/airflow/.local/lib/python3.12/site-packages/airflow/example_dags/example_dataset_alias.py
[2024-11-01T02:23:32.946+0000] {logging_mixin.py:190} INFO - [2024-11-01T02:23:32.945+0000] {dag.py:3239} INFO - Sync 4 DAGs
[2024-11-01T02:23:32.971+0000] {logging_mixin.py:190} INFO - [2024-11-01T02:23:32.971+0000] {dag.py:4180} INFO - Setting next_dagrun for dataset_alias_example_alias_consumer to None, run_after=None
[2024-11-01T02:23:32.975+0000] {logging_mixin.py:190} INFO - [2024-11-01T02:23:32.975+0000] {dag.py:4180} INFO - Setting next_dagrun for dataset_alias_example_alias_producer to None, run_after=None
[2024-11-01T02:23:32.977+0000] {logging_mixin.py:190} INFO - [2024-11-01T02:23:32.977+0000] {dag.py:4180} INFO - Setting next_dagrun for dataset_s3_bucket_consumer to None, run_after=None
[2024-11-01T02:23:32.978+0000] {logging_mixin.py:190} INFO - [2024-11-01T02:23:32.978+0000] {dag.py:4180} INFO - Setting next_dagrun for dataset_s3_bucket_producer to None, run_after=None
[2024-11-01T02:23:32.999+0000] {processor.py:208} INFO - Processing /home/airflow/.local/lib/python3.12/site-packages/airflow/example_dags/example_dataset_alias.py took 0.215 seconds
