[2024-11-01T02:04:32.113+0000] {processor.py:186} INFO - Started process (PID=86) to work on /home/airflow/.local/lib/python3.12/site-packages/airflow/example_dags/example_complex.py
[2024-11-01T02:04:32.114+0000] {processor.py:914} INFO - Processing file /home/airflow/.local/lib/python3.12/site-packages/airflow/example_dags/example_complex.py for tasks to queue
[2024-11-01T02:04:32.116+0000] {logging_mixin.py:190} INFO - [2024-11-01T02:04:32.115+0000] {dagbag.py:588} INFO - Filling up the DagBag from /home/airflow/.local/lib/python3.12/site-packages/airflow/example_dags/example_complex.py
[2024-11-01T02:04:32.130+0000] {processor.py:925} INFO - DAG(s) 'example_complex' retrieved from /home/airflow/.local/lib/python3.12/site-packages/airflow/example_dags/example_complex.py
[2024-11-01T02:04:32.237+0000] {logging_mixin.py:190} INFO - [2024-11-01T02:04:32.236+0000] {override.py:1900} INFO - Created Permission View: can edit on DAG:example_complex
[2024-11-01T02:04:32.245+0000] {logging_mixin.py:190} INFO - [2024-11-01T02:04:32.245+0000] {override.py:1900} INFO - Created Permission View: can read on DAG:example_complex
[2024-11-01T02:04:32.251+0000] {logging_mixin.py:190} INFO - [2024-11-01T02:04:32.251+0000] {override.py:1900} INFO - Created Permission View: can delete on DAG:example_complex
[2024-11-01T02:04:32.259+0000] {logging_mixin.py:190} INFO - [2024-11-01T02:04:32.259+0000] {override.py:1900} INFO - Created Permission View: can delete on DAG Run:example_complex
[2024-11-01T02:04:32.266+0000] {logging_mixin.py:190} INFO - [2024-11-01T02:04:32.266+0000] {override.py:1900} INFO - Created Permission View: can read on DAG Run:example_complex
[2024-11-01T02:04:32.272+0000] {logging_mixin.py:190} INFO - [2024-11-01T02:04:32.272+0000] {override.py:1900} INFO - Created Permission View: can create on DAG Run:example_complex
[2024-11-01T02:04:32.278+0000] {logging_mixin.py:190} INFO - [2024-11-01T02:04:32.277+0000] {override.py:1900} INFO - Created Permission View: menu access on DAG Run:example_complex
[2024-11-01T02:04:32.278+0000] {logging_mixin.py:190} INFO - [2024-11-01T02:04:32.278+0000] {dag.py:3239} INFO - Sync 1 DAGs
[2024-11-01T02:04:32.289+0000] {logging_mixin.py:190} INFO - [2024-11-01T02:04:32.289+0000] {dag.py:3262} INFO - Creating ORM DAG for example_complex
[2024-11-01T02:04:32.290+0000] {logging_mixin.py:190} INFO - [2024-11-01T02:04:32.290+0000] {dag.py:4180} INFO - Setting next_dagrun for example_complex to None, run_after=None
[2024-11-01T02:04:32.308+0000] {processor.py:208} INFO - Processing /home/airflow/.local/lib/python3.12/site-packages/airflow/example_dags/example_complex.py took 0.199 seconds
[2024-11-01T02:05:03.103+0000] {processor.py:186} INFO - Started process (PID=148) to work on /home/airflow/.local/lib/python3.12/site-packages/airflow/example_dags/example_complex.py
[2024-11-01T02:05:03.104+0000] {processor.py:914} INFO - Processing file /home/airflow/.local/lib/python3.12/site-packages/airflow/example_dags/example_complex.py for tasks to queue
[2024-11-01T02:05:03.106+0000] {logging_mixin.py:190} INFO - [2024-11-01T02:05:03.105+0000] {dagbag.py:588} INFO - Filling up the DagBag from /home/airflow/.local/lib/python3.12/site-packages/airflow/example_dags/example_complex.py
[2024-11-01T02:05:03.116+0000] {processor.py:925} INFO - DAG(s) 'example_complex' retrieved from /home/airflow/.local/lib/python3.12/site-packages/airflow/example_dags/example_complex.py
[2024-11-01T02:05:03.143+0000] {logging_mixin.py:190} INFO - [2024-11-01T02:05:03.143+0000] {dag.py:3239} INFO - Sync 1 DAGs
[2024-11-01T02:05:03.156+0000] {logging_mixin.py:190} INFO - [2024-11-01T02:05:03.155+0000] {dag.py:4180} INFO - Setting next_dagrun for example_complex to None, run_after=None
[2024-11-01T02:05:03.174+0000] {processor.py:208} INFO - Processing /home/airflow/.local/lib/python3.12/site-packages/airflow/example_dags/example_complex.py took 0.076 seconds
[2024-11-01T02:05:33.392+0000] {processor.py:186} INFO - Started process (PID=210) to work on /home/airflow/.local/lib/python3.12/site-packages/airflow/example_dags/example_complex.py
[2024-11-01T02:05:33.395+0000] {processor.py:914} INFO - Processing file /home/airflow/.local/lib/python3.12/site-packages/airflow/example_dags/example_complex.py for tasks to queue
[2024-11-01T02:05:33.397+0000] {logging_mixin.py:190} INFO - [2024-11-01T02:05:33.396+0000] {dagbag.py:588} INFO - Filling up the DagBag from /home/airflow/.local/lib/python3.12/site-packages/airflow/example_dags/example_complex.py
[2024-11-01T02:05:33.406+0000] {processor.py:925} INFO - DAG(s) 'example_complex' retrieved from /home/airflow/.local/lib/python3.12/site-packages/airflow/example_dags/example_complex.py
[2024-11-01T02:05:33.433+0000] {logging_mixin.py:190} INFO - [2024-11-01T02:05:33.433+0000] {dag.py:3239} INFO - Sync 1 DAGs
[2024-11-01T02:05:33.446+0000] {logging_mixin.py:190} INFO - [2024-11-01T02:05:33.445+0000] {dag.py:4180} INFO - Setting next_dagrun for example_complex to None, run_after=None
[2024-11-01T02:05:33.461+0000] {processor.py:208} INFO - Processing /home/airflow/.local/lib/python3.12/site-packages/airflow/example_dags/example_complex.py took 0.074 seconds
[2024-11-01T02:06:03.666+0000] {processor.py:186} INFO - Started process (PID=272) to work on /home/airflow/.local/lib/python3.12/site-packages/airflow/example_dags/example_complex.py
[2024-11-01T02:06:03.667+0000] {processor.py:914} INFO - Processing file /home/airflow/.local/lib/python3.12/site-packages/airflow/example_dags/example_complex.py for tasks to queue
[2024-11-01T02:06:03.669+0000] {logging_mixin.py:190} INFO - [2024-11-01T02:06:03.669+0000] {dagbag.py:588} INFO - Filling up the DagBag from /home/airflow/.local/lib/python3.12/site-packages/airflow/example_dags/example_complex.py
[2024-11-01T02:06:03.680+0000] {processor.py:925} INFO - DAG(s) 'example_complex' retrieved from /home/airflow/.local/lib/python3.12/site-packages/airflow/example_dags/example_complex.py
[2024-11-01T02:06:03.707+0000] {logging_mixin.py:190} INFO - [2024-11-01T02:06:03.707+0000] {dag.py:3239} INFO - Sync 1 DAGs
[2024-11-01T02:06:03.720+0000] {logging_mixin.py:190} INFO - [2024-11-01T02:06:03.720+0000] {dag.py:4180} INFO - Setting next_dagrun for example_complex to None, run_after=None
[2024-11-01T02:06:03.736+0000] {processor.py:208} INFO - Processing /home/airflow/.local/lib/python3.12/site-packages/airflow/example_dags/example_complex.py took 0.076 seconds
[2024-11-01T02:14:51.534+0000] {processor.py:186} INFO - Started process (PID=82) to work on /home/airflow/.local/lib/python3.12/site-packages/airflow/example_dags/example_complex.py
[2024-11-01T02:14:51.535+0000] {processor.py:914} INFO - Processing file /home/airflow/.local/lib/python3.12/site-packages/airflow/example_dags/example_complex.py for tasks to queue
[2024-11-01T02:14:51.537+0000] {logging_mixin.py:190} INFO - [2024-11-01T02:14:51.537+0000] {dagbag.py:588} INFO - Filling up the DagBag from /home/airflow/.local/lib/python3.12/site-packages/airflow/example_dags/example_complex.py
[2024-11-01T02:14:51.549+0000] {processor.py:925} INFO - DAG(s) 'example_complex' retrieved from /home/airflow/.local/lib/python3.12/site-packages/airflow/example_dags/example_complex.py
[2024-11-01T02:14:51.585+0000] {logging_mixin.py:190} INFO - [2024-11-01T02:14:51.585+0000] {dag.py:3239} INFO - Sync 1 DAGs
[2024-11-01T02:14:51.599+0000] {logging_mixin.py:190} INFO - [2024-11-01T02:14:51.599+0000] {dag.py:4180} INFO - Setting next_dagrun for example_complex to None, run_after=None
[2024-11-01T02:14:51.618+0000] {processor.py:208} INFO - Processing /home/airflow/.local/lib/python3.12/site-packages/airflow/example_dags/example_complex.py took 0.090 seconds
[2024-11-01T02:15:22.284+0000] {processor.py:186} INFO - Started process (PID=145) to work on /home/airflow/.local/lib/python3.12/site-packages/airflow/example_dags/example_complex.py
[2024-11-01T02:15:22.285+0000] {processor.py:914} INFO - Processing file /home/airflow/.local/lib/python3.12/site-packages/airflow/example_dags/example_complex.py for tasks to queue
[2024-11-01T02:15:22.287+0000] {logging_mixin.py:190} INFO - [2024-11-01T02:15:22.287+0000] {dagbag.py:588} INFO - Filling up the DagBag from /home/airflow/.local/lib/python3.12/site-packages/airflow/example_dags/example_complex.py
[2024-11-01T02:15:22.298+0000] {processor.py:925} INFO - DAG(s) 'example_complex' retrieved from /home/airflow/.local/lib/python3.12/site-packages/airflow/example_dags/example_complex.py
[2024-11-01T02:15:22.324+0000] {logging_mixin.py:190} INFO - [2024-11-01T02:15:22.324+0000] {dag.py:3239} INFO - Sync 1 DAGs
[2024-11-01T02:15:22.336+0000] {logging_mixin.py:190} INFO - [2024-11-01T02:15:22.336+0000] {dag.py:4180} INFO - Setting next_dagrun for example_complex to None, run_after=None
[2024-11-01T02:15:22.353+0000] {processor.py:208} INFO - Processing /home/airflow/.local/lib/python3.12/site-packages/airflow/example_dags/example_complex.py took 0.073 seconds
[2024-11-01T02:15:52.807+0000] {processor.py:186} INFO - Started process (PID=208) to work on /home/airflow/.local/lib/python3.12/site-packages/airflow/example_dags/example_complex.py
[2024-11-01T02:15:52.808+0000] {processor.py:914} INFO - Processing file /home/airflow/.local/lib/python3.12/site-packages/airflow/example_dags/example_complex.py for tasks to queue
[2024-11-01T02:15:52.810+0000] {logging_mixin.py:190} INFO - [2024-11-01T02:15:52.809+0000] {dagbag.py:588} INFO - Filling up the DagBag from /home/airflow/.local/lib/python3.12/site-packages/airflow/example_dags/example_complex.py
[2024-11-01T02:15:52.823+0000] {processor.py:925} INFO - DAG(s) 'example_complex' retrieved from /home/airflow/.local/lib/python3.12/site-packages/airflow/example_dags/example_complex.py
[2024-11-01T02:15:52.859+0000] {logging_mixin.py:190} INFO - [2024-11-01T02:15:52.858+0000] {dag.py:3239} INFO - Sync 1 DAGs
[2024-11-01T02:15:52.874+0000] {logging_mixin.py:190} INFO - [2024-11-01T02:15:52.874+0000] {dag.py:4180} INFO - Setting next_dagrun for example_complex to None, run_after=None
[2024-11-01T02:15:52.919+0000] {processor.py:208} INFO - Processing /home/airflow/.local/lib/python3.12/site-packages/airflow/example_dags/example_complex.py took 0.118 seconds
[2024-11-01T02:16:23.509+0000] {processor.py:186} INFO - Started process (PID=271) to work on /home/airflow/.local/lib/python3.12/site-packages/airflow/example_dags/example_complex.py
[2024-11-01T02:16:23.510+0000] {processor.py:914} INFO - Processing file /home/airflow/.local/lib/python3.12/site-packages/airflow/example_dags/example_complex.py for tasks to queue
[2024-11-01T02:16:23.514+0000] {logging_mixin.py:190} INFO - [2024-11-01T02:16:23.513+0000] {dagbag.py:588} INFO - Filling up the DagBag from /home/airflow/.local/lib/python3.12/site-packages/airflow/example_dags/example_complex.py
[2024-11-01T02:16:23.524+0000] {processor.py:925} INFO - DAG(s) 'example_complex' retrieved from /home/airflow/.local/lib/python3.12/site-packages/airflow/example_dags/example_complex.py
[2024-11-01T02:16:23.553+0000] {logging_mixin.py:190} INFO - [2024-11-01T02:16:23.553+0000] {dag.py:3239} INFO - Sync 1 DAGs
[2024-11-01T02:16:23.566+0000] {logging_mixin.py:190} INFO - [2024-11-01T02:16:23.566+0000] {dag.py:4180} INFO - Setting next_dagrun for example_complex to None, run_after=None
[2024-11-01T02:16:23.582+0000] {processor.py:208} INFO - Processing /home/airflow/.local/lib/python3.12/site-packages/airflow/example_dags/example_complex.py took 0.077 seconds
[2024-11-01T02:16:54.018+0000] {processor.py:186} INFO - Started process (PID=340) to work on /home/airflow/.local/lib/python3.12/site-packages/airflow/example_dags/example_complex.py
[2024-11-01T02:16:54.019+0000] {processor.py:914} INFO - Processing file /home/airflow/.local/lib/python3.12/site-packages/airflow/example_dags/example_complex.py for tasks to queue
[2024-11-01T02:16:54.021+0000] {logging_mixin.py:190} INFO - [2024-11-01T02:16:54.021+0000] {dagbag.py:588} INFO - Filling up the DagBag from /home/airflow/.local/lib/python3.12/site-packages/airflow/example_dags/example_complex.py
[2024-11-01T02:16:54.031+0000] {processor.py:925} INFO - DAG(s) 'example_complex' retrieved from /home/airflow/.local/lib/python3.12/site-packages/airflow/example_dags/example_complex.py
[2024-11-01T02:16:54.058+0000] {logging_mixin.py:190} INFO - [2024-11-01T02:16:54.057+0000] {dag.py:3239} INFO - Sync 1 DAGs
[2024-11-01T02:16:54.070+0000] {logging_mixin.py:190} INFO - [2024-11-01T02:16:54.070+0000] {dag.py:4180} INFO - Setting next_dagrun for example_complex to None, run_after=None
[2024-11-01T02:16:54.088+0000] {processor.py:208} INFO - Processing /home/airflow/.local/lib/python3.12/site-packages/airflow/example_dags/example_complex.py took 0.074 seconds
[2024-11-01T02:17:24.694+0000] {processor.py:186} INFO - Started process (PID=403) to work on /home/airflow/.local/lib/python3.12/site-packages/airflow/example_dags/example_complex.py
[2024-11-01T02:17:24.695+0000] {processor.py:914} INFO - Processing file /home/airflow/.local/lib/python3.12/site-packages/airflow/example_dags/example_complex.py for tasks to queue
[2024-11-01T02:17:24.697+0000] {logging_mixin.py:190} INFO - [2024-11-01T02:17:24.697+0000] {dagbag.py:588} INFO - Filling up the DagBag from /home/airflow/.local/lib/python3.12/site-packages/airflow/example_dags/example_complex.py
[2024-11-01T02:17:24.708+0000] {processor.py:925} INFO - DAG(s) 'example_complex' retrieved from /home/airflow/.local/lib/python3.12/site-packages/airflow/example_dags/example_complex.py
[2024-11-01T02:17:24.734+0000] {logging_mixin.py:190} INFO - [2024-11-01T02:17:24.734+0000] {dag.py:3239} INFO - Sync 1 DAGs
[2024-11-01T02:17:24.747+0000] {logging_mixin.py:190} INFO - [2024-11-01T02:17:24.746+0000] {dag.py:4180} INFO - Setting next_dagrun for example_complex to None, run_after=None
[2024-11-01T02:17:24.763+0000] {processor.py:208} INFO - Processing /home/airflow/.local/lib/python3.12/site-packages/airflow/example_dags/example_complex.py took 0.074 seconds
[2024-11-01T02:17:55.228+0000] {processor.py:186} INFO - Started process (PID=466) to work on /home/airflow/.local/lib/python3.12/site-packages/airflow/example_dags/example_complex.py
[2024-11-01T02:17:55.229+0000] {processor.py:914} INFO - Processing file /home/airflow/.local/lib/python3.12/site-packages/airflow/example_dags/example_complex.py for tasks to queue
[2024-11-01T02:17:55.231+0000] {logging_mixin.py:190} INFO - [2024-11-01T02:17:55.231+0000] {dagbag.py:588} INFO - Filling up the DagBag from /home/airflow/.local/lib/python3.12/site-packages/airflow/example_dags/example_complex.py
[2024-11-01T02:17:55.241+0000] {processor.py:925} INFO - DAG(s) 'example_complex' retrieved from /home/airflow/.local/lib/python3.12/site-packages/airflow/example_dags/example_complex.py
[2024-11-01T02:17:55.269+0000] {logging_mixin.py:190} INFO - [2024-11-01T02:17:55.268+0000] {dag.py:3239} INFO - Sync 1 DAGs
[2024-11-01T02:17:55.281+0000] {logging_mixin.py:190} INFO - [2024-11-01T02:17:55.281+0000] {dag.py:4180} INFO - Setting next_dagrun for example_complex to None, run_after=None
[2024-11-01T02:17:55.298+0000] {processor.py:208} INFO - Processing /home/airflow/.local/lib/python3.12/site-packages/airflow/example_dags/example_complex.py took 0.075 seconds
[2024-11-01T02:18:25.674+0000] {processor.py:186} INFO - Started process (PID=529) to work on /home/airflow/.local/lib/python3.12/site-packages/airflow/example_dags/example_complex.py
[2024-11-01T02:18:25.675+0000] {processor.py:914} INFO - Processing file /home/airflow/.local/lib/python3.12/site-packages/airflow/example_dags/example_complex.py for tasks to queue
[2024-11-01T02:18:25.677+0000] {logging_mixin.py:190} INFO - [2024-11-01T02:18:25.677+0000] {dagbag.py:588} INFO - Filling up the DagBag from /home/airflow/.local/lib/python3.12/site-packages/airflow/example_dags/example_complex.py
[2024-11-01T02:18:25.687+0000] {processor.py:925} INFO - DAG(s) 'example_complex' retrieved from /home/airflow/.local/lib/python3.12/site-packages/airflow/example_dags/example_complex.py
[2024-11-01T02:18:25.714+0000] {logging_mixin.py:190} INFO - [2024-11-01T02:18:25.714+0000] {dag.py:3239} INFO - Sync 1 DAGs
[2024-11-01T02:18:25.727+0000] {logging_mixin.py:190} INFO - [2024-11-01T02:18:25.726+0000] {dag.py:4180} INFO - Setting next_dagrun for example_complex to None, run_after=None
[2024-11-01T02:18:25.744+0000] {processor.py:208} INFO - Processing /home/airflow/.local/lib/python3.12/site-packages/airflow/example_dags/example_complex.py took 0.075 seconds
[2024-11-01T02:18:56.257+0000] {processor.py:186} INFO - Started process (PID=592) to work on /home/airflow/.local/lib/python3.12/site-packages/airflow/example_dags/example_complex.py
[2024-11-01T02:18:56.258+0000] {processor.py:914} INFO - Processing file /home/airflow/.local/lib/python3.12/site-packages/airflow/example_dags/example_complex.py for tasks to queue
[2024-11-01T02:18:56.260+0000] {logging_mixin.py:190} INFO - [2024-11-01T02:18:56.260+0000] {dagbag.py:588} INFO - Filling up the DagBag from /home/airflow/.local/lib/python3.12/site-packages/airflow/example_dags/example_complex.py
[2024-11-01T02:18:56.270+0000] {processor.py:925} INFO - DAG(s) 'example_complex' retrieved from /home/airflow/.local/lib/python3.12/site-packages/airflow/example_dags/example_complex.py
[2024-11-01T02:18:56.297+0000] {logging_mixin.py:190} INFO - [2024-11-01T02:18:56.297+0000] {dag.py:3239} INFO - Sync 1 DAGs
[2024-11-01T02:18:56.311+0000] {logging_mixin.py:190} INFO - [2024-11-01T02:18:56.310+0000] {dag.py:4180} INFO - Setting next_dagrun for example_complex to None, run_after=None
[2024-11-01T02:18:56.329+0000] {processor.py:208} INFO - Processing /home/airflow/.local/lib/python3.12/site-packages/airflow/example_dags/example_complex.py took 0.077 seconds
[2024-11-01T02:19:26.834+0000] {processor.py:186} INFO - Started process (PID=655) to work on /home/airflow/.local/lib/python3.12/site-packages/airflow/example_dags/example_complex.py
[2024-11-01T02:19:26.835+0000] {processor.py:914} INFO - Processing file /home/airflow/.local/lib/python3.12/site-packages/airflow/example_dags/example_complex.py for tasks to queue
[2024-11-01T02:19:26.837+0000] {logging_mixin.py:190} INFO - [2024-11-01T02:19:26.836+0000] {dagbag.py:588} INFO - Filling up the DagBag from /home/airflow/.local/lib/python3.12/site-packages/airflow/example_dags/example_complex.py
[2024-11-01T02:19:26.846+0000] {processor.py:925} INFO - DAG(s) 'example_complex' retrieved from /home/airflow/.local/lib/python3.12/site-packages/airflow/example_dags/example_complex.py
[2024-11-01T02:19:26.873+0000] {logging_mixin.py:190} INFO - [2024-11-01T02:19:26.873+0000] {dag.py:3239} INFO - Sync 1 DAGs
[2024-11-01T02:19:26.887+0000] {logging_mixin.py:190} INFO - [2024-11-01T02:19:26.887+0000] {dag.py:4180} INFO - Setting next_dagrun for example_complex to None, run_after=None
[2024-11-01T02:19:26.904+0000] {processor.py:208} INFO - Processing /home/airflow/.local/lib/python3.12/site-packages/airflow/example_dags/example_complex.py took 0.075 seconds
[2024-11-01T02:19:57.466+0000] {processor.py:186} INFO - Started process (PID=718) to work on /home/airflow/.local/lib/python3.12/site-packages/airflow/example_dags/example_complex.py
[2024-11-01T02:19:57.466+0000] {processor.py:914} INFO - Processing file /home/airflow/.local/lib/python3.12/site-packages/airflow/example_dags/example_complex.py for tasks to queue
[2024-11-01T02:19:57.468+0000] {logging_mixin.py:190} INFO - [2024-11-01T02:19:57.468+0000] {dagbag.py:588} INFO - Filling up the DagBag from /home/airflow/.local/lib/python3.12/site-packages/airflow/example_dags/example_complex.py
[2024-11-01T02:19:57.478+0000] {processor.py:925} INFO - DAG(s) 'example_complex' retrieved from /home/airflow/.local/lib/python3.12/site-packages/airflow/example_dags/example_complex.py
[2024-11-01T02:19:57.506+0000] {logging_mixin.py:190} INFO - [2024-11-01T02:19:57.506+0000] {dag.py:3239} INFO - Sync 1 DAGs
[2024-11-01T02:19:57.519+0000] {logging_mixin.py:190} INFO - [2024-11-01T02:19:57.519+0000] {dag.py:4180} INFO - Setting next_dagrun for example_complex to None, run_after=None
[2024-11-01T02:19:57.536+0000] {processor.py:208} INFO - Processing /home/airflow/.local/lib/python3.12/site-packages/airflow/example_dags/example_complex.py took 0.075 seconds
[2024-11-01T02:20:28.168+0000] {processor.py:186} INFO - Started process (PID=781) to work on /home/airflow/.local/lib/python3.12/site-packages/airflow/example_dags/example_complex.py
[2024-11-01T02:20:28.169+0000] {processor.py:914} INFO - Processing file /home/airflow/.local/lib/python3.12/site-packages/airflow/example_dags/example_complex.py for tasks to queue
[2024-11-01T02:20:28.171+0000] {logging_mixin.py:190} INFO - [2024-11-01T02:20:28.170+0000] {dagbag.py:588} INFO - Filling up the DagBag from /home/airflow/.local/lib/python3.12/site-packages/airflow/example_dags/example_complex.py
[2024-11-01T02:20:28.182+0000] {processor.py:925} INFO - DAG(s) 'example_complex' retrieved from /home/airflow/.local/lib/python3.12/site-packages/airflow/example_dags/example_complex.py
[2024-11-01T02:20:28.211+0000] {logging_mixin.py:190} INFO - [2024-11-01T02:20:28.210+0000] {dag.py:3239} INFO - Sync 1 DAGs
[2024-11-01T02:20:28.226+0000] {logging_mixin.py:190} INFO - [2024-11-01T02:20:28.226+0000] {dag.py:4180} INFO - Setting next_dagrun for example_complex to None, run_after=None
[2024-11-01T02:20:28.245+0000] {processor.py:208} INFO - Processing /home/airflow/.local/lib/python3.12/site-packages/airflow/example_dags/example_complex.py took 0.082 seconds
[2024-11-01T02:20:59.094+0000] {processor.py:186} INFO - Started process (PID=844) to work on /home/airflow/.local/lib/python3.12/site-packages/airflow/example_dags/example_complex.py
[2024-11-01T02:20:59.095+0000] {processor.py:914} INFO - Processing file /home/airflow/.local/lib/python3.12/site-packages/airflow/example_dags/example_complex.py for tasks to queue
[2024-11-01T02:20:59.097+0000] {logging_mixin.py:190} INFO - [2024-11-01T02:20:59.097+0000] {dagbag.py:588} INFO - Filling up the DagBag from /home/airflow/.local/lib/python3.12/site-packages/airflow/example_dags/example_complex.py
[2024-11-01T02:20:59.108+0000] {processor.py:925} INFO - DAG(s) 'example_complex' retrieved from /home/airflow/.local/lib/python3.12/site-packages/airflow/example_dags/example_complex.py
[2024-11-01T02:20:59.137+0000] {logging_mixin.py:190} INFO - [2024-11-01T02:20:59.137+0000] {dag.py:3239} INFO - Sync 1 DAGs
[2024-11-01T02:20:59.150+0000] {logging_mixin.py:190} INFO - [2024-11-01T02:20:59.150+0000] {dag.py:4180} INFO - Setting next_dagrun for example_complex to None, run_after=None
[2024-11-01T02:20:59.169+0000] {processor.py:208} INFO - Processing /home/airflow/.local/lib/python3.12/site-packages/airflow/example_dags/example_complex.py took 0.080 seconds
[2024-11-01T02:21:30.176+0000] {processor.py:186} INFO - Started process (PID=907) to work on /home/airflow/.local/lib/python3.12/site-packages/airflow/example_dags/example_complex.py
[2024-11-01T02:21:30.177+0000] {processor.py:914} INFO - Processing file /home/airflow/.local/lib/python3.12/site-packages/airflow/example_dags/example_complex.py for tasks to queue
[2024-11-01T02:21:30.179+0000] {logging_mixin.py:190} INFO - [2024-11-01T02:21:30.178+0000] {dagbag.py:588} INFO - Filling up the DagBag from /home/airflow/.local/lib/python3.12/site-packages/airflow/example_dags/example_complex.py
[2024-11-01T02:21:30.189+0000] {processor.py:925} INFO - DAG(s) 'example_complex' retrieved from /home/airflow/.local/lib/python3.12/site-packages/airflow/example_dags/example_complex.py
[2024-11-01T02:21:30.218+0000] {logging_mixin.py:190} INFO - [2024-11-01T02:21:30.218+0000] {dag.py:3239} INFO - Sync 1 DAGs
[2024-11-01T02:21:30.233+0000] {logging_mixin.py:190} INFO - [2024-11-01T02:21:30.233+0000] {dag.py:4180} INFO - Setting next_dagrun for example_complex to None, run_after=None
[2024-11-01T02:21:30.251+0000] {processor.py:208} INFO - Processing /home/airflow/.local/lib/python3.12/site-packages/airflow/example_dags/example_complex.py took 0.080 seconds
[2024-11-01T02:22:00.917+0000] {processor.py:186} INFO - Started process (PID=970) to work on /home/airflow/.local/lib/python3.12/site-packages/airflow/example_dags/example_complex.py
[2024-11-01T02:22:00.918+0000] {processor.py:914} INFO - Processing file /home/airflow/.local/lib/python3.12/site-packages/airflow/example_dags/example_complex.py for tasks to queue
[2024-11-01T02:22:00.921+0000] {logging_mixin.py:190} INFO - [2024-11-01T02:22:00.920+0000] {dagbag.py:588} INFO - Filling up the DagBag from /home/airflow/.local/lib/python3.12/site-packages/airflow/example_dags/example_complex.py
[2024-11-01T02:22:00.930+0000] {processor.py:925} INFO - DAG(s) 'example_complex' retrieved from /home/airflow/.local/lib/python3.12/site-packages/airflow/example_dags/example_complex.py
[2024-11-01T02:22:00.959+0000] {logging_mixin.py:190} INFO - [2024-11-01T02:22:00.959+0000] {dag.py:3239} INFO - Sync 1 DAGs
[2024-11-01T02:22:00.972+0000] {logging_mixin.py:190} INFO - [2024-11-01T02:22:00.972+0000] {dag.py:4180} INFO - Setting next_dagrun for example_complex to None, run_after=None
[2024-11-01T02:22:00.990+0000] {processor.py:208} INFO - Processing /home/airflow/.local/lib/python3.12/site-packages/airflow/example_dags/example_complex.py took 0.077 seconds
[2024-11-01T02:22:31.615+0000] {processor.py:186} INFO - Started process (PID=1033) to work on /home/airflow/.local/lib/python3.12/site-packages/airflow/example_dags/example_complex.py
[2024-11-01T02:22:31.616+0000] {processor.py:914} INFO - Processing file /home/airflow/.local/lib/python3.12/site-packages/airflow/example_dags/example_complex.py for tasks to queue
[2024-11-01T02:22:31.618+0000] {logging_mixin.py:190} INFO - [2024-11-01T02:22:31.618+0000] {dagbag.py:588} INFO - Filling up the DagBag from /home/airflow/.local/lib/python3.12/site-packages/airflow/example_dags/example_complex.py
[2024-11-01T02:22:31.630+0000] {processor.py:925} INFO - DAG(s) 'example_complex' retrieved from /home/airflow/.local/lib/python3.12/site-packages/airflow/example_dags/example_complex.py
[2024-11-01T02:22:31.662+0000] {logging_mixin.py:190} INFO - [2024-11-01T02:22:31.662+0000] {dag.py:3239} INFO - Sync 1 DAGs
[2024-11-01T02:22:31.680+0000] {logging_mixin.py:190} INFO - [2024-11-01T02:22:31.679+0000] {dag.py:4180} INFO - Setting next_dagrun for example_complex to None, run_after=None
[2024-11-01T02:22:31.698+0000] {processor.py:208} INFO - Processing /home/airflow/.local/lib/python3.12/site-packages/airflow/example_dags/example_complex.py took 0.088 seconds
[2024-11-01T02:23:02.503+0000] {processor.py:186} INFO - Started process (PID=1096) to work on /home/airflow/.local/lib/python3.12/site-packages/airflow/example_dags/example_complex.py
[2024-11-01T02:23:02.504+0000] {processor.py:914} INFO - Processing file /home/airflow/.local/lib/python3.12/site-packages/airflow/example_dags/example_complex.py for tasks to queue
[2024-11-01T02:23:02.507+0000] {logging_mixin.py:190} INFO - [2024-11-01T02:23:02.507+0000] {dagbag.py:588} INFO - Filling up the DagBag from /home/airflow/.local/lib/python3.12/site-packages/airflow/example_dags/example_complex.py
[2024-11-01T02:23:02.519+0000] {processor.py:925} INFO - DAG(s) 'example_complex' retrieved from /home/airflow/.local/lib/python3.12/site-packages/airflow/example_dags/example_complex.py
[2024-11-01T02:23:02.546+0000] {logging_mixin.py:190} INFO - [2024-11-01T02:23:02.546+0000] {dag.py:3239} INFO - Sync 1 DAGs
[2024-11-01T02:23:02.558+0000] {logging_mixin.py:190} INFO - [2024-11-01T02:23:02.558+0000] {dag.py:4180} INFO - Setting next_dagrun for example_complex to None, run_after=None
[2024-11-01T02:23:02.575+0000] {processor.py:208} INFO - Processing /home/airflow/.local/lib/python3.12/site-packages/airflow/example_dags/example_complex.py took 0.078 seconds
[2024-11-01T02:23:33.098+0000] {processor.py:186} INFO - Started process (PID=1159) to work on /home/airflow/.local/lib/python3.12/site-packages/airflow/example_dags/example_complex.py
[2024-11-01T02:23:33.099+0000] {processor.py:914} INFO - Processing file /home/airflow/.local/lib/python3.12/site-packages/airflow/example_dags/example_complex.py for tasks to queue
[2024-11-01T02:23:33.101+0000] {logging_mixin.py:190} INFO - [2024-11-01T02:23:33.101+0000] {dagbag.py:588} INFO - Filling up the DagBag from /home/airflow/.local/lib/python3.12/site-packages/airflow/example_dags/example_complex.py
[2024-11-01T02:23:33.112+0000] {processor.py:925} INFO - DAG(s) 'example_complex' retrieved from /home/airflow/.local/lib/python3.12/site-packages/airflow/example_dags/example_complex.py
[2024-11-01T02:23:33.141+0000] {logging_mixin.py:190} INFO - [2024-11-01T02:23:33.141+0000] {dag.py:3239} INFO - Sync 1 DAGs
[2024-11-01T02:23:33.154+0000] {logging_mixin.py:190} INFO - [2024-11-01T02:23:33.154+0000] {dag.py:4180} INFO - Setting next_dagrun for example_complex to None, run_after=None
[2024-11-01T02:23:33.172+0000] {processor.py:208} INFO - Processing /home/airflow/.local/lib/python3.12/site-packages/airflow/example_dags/example_complex.py took 0.079 seconds
