[2024-11-01T02:04:34.516+0000] {processor.py:186} INFO - Started process (PID=101) to work on /home/airflow/.local/lib/python3.12/site-packages/airflow/example_dags/example_latest_only.py
[2024-11-01T02:04:34.517+0000] {processor.py:914} INFO - Processing file /home/airflow/.local/lib/python3.12/site-packages/airflow/example_dags/example_latest_only.py for tasks to queue
[2024-11-01T02:04:34.520+0000] {logging_mixin.py:190} INFO - [2024-11-01T02:04:34.519+0000] {dagbag.py:588} INFO - Filling up the DagBag from /home/airflow/.local/lib/python3.12/site-packages/airflow/example_dags/example_latest_only.py
[2024-11-01T02:04:34.526+0000] {processor.py:925} INFO - DAG(s) 'latest_only' retrieved from /home/airflow/.local/lib/python3.12/site-packages/airflow/example_dags/example_latest_only.py
[2024-11-01T02:04:34.622+0000] {logging_mixin.py:190} INFO - [2024-11-01T02:04:34.621+0000] {override.py:1900} INFO - Created Permission View: can edit on DAG:latest_only
[2024-11-01T02:04:34.631+0000] {logging_mixin.py:190} INFO - [2024-11-01T02:04:34.631+0000] {override.py:1900} INFO - Created Permission View: can read on DAG:latest_only
[2024-11-01T02:04:34.638+0000] {logging_mixin.py:190} INFO - [2024-11-01T02:04:34.637+0000] {override.py:1900} INFO - Created Permission View: can delete on DAG:latest_only
[2024-11-01T02:04:34.646+0000] {logging_mixin.py:190} INFO - [2024-11-01T02:04:34.645+0000] {override.py:1900} INFO - Created Permission View: can delete on DAG Run:latest_only
[2024-11-01T02:04:34.652+0000] {logging_mixin.py:190} INFO - [2024-11-01T02:04:34.652+0000] {override.py:1900} INFO - Created Permission View: can read on DAG Run:latest_only
[2024-11-01T02:04:34.658+0000] {logging_mixin.py:190} INFO - [2024-11-01T02:04:34.658+0000] {override.py:1900} INFO - Created Permission View: can create on DAG Run:latest_only
[2024-11-01T02:04:34.665+0000] {logging_mixin.py:190} INFO - [2024-11-01T02:04:34.665+0000] {override.py:1900} INFO - Created Permission View: menu access on DAG Run:latest_only
[2024-11-01T02:04:34.666+0000] {logging_mixin.py:190} INFO - [2024-11-01T02:04:34.666+0000] {dag.py:3239} INFO - Sync 1 DAGs
[2024-11-01T02:04:34.679+0000] {logging_mixin.py:190} INFO - [2024-11-01T02:04:34.679+0000] {dag.py:3262} INFO - Creating ORM DAG for latest_only
[2024-11-01T02:04:34.689+0000] {logging_mixin.py:190} INFO - [2024-11-01T02:04:34.689+0000] {dag.py:4180} INFO - Setting next_dagrun for latest_only to 2024-10-31 20:00:00+00:00, run_after=2024-11-01 00:00:00+00:00
[2024-11-01T02:04:34.705+0000] {processor.py:208} INFO - Processing /home/airflow/.local/lib/python3.12/site-packages/airflow/example_dags/example_latest_only.py took 0.194 seconds
[2024-11-01T02:05:05.282+0000] {processor.py:186} INFO - Started process (PID=163) to work on /home/airflow/.local/lib/python3.12/site-packages/airflow/example_dags/example_latest_only.py
[2024-11-01T02:05:05.283+0000] {processor.py:914} INFO - Processing file /home/airflow/.local/lib/python3.12/site-packages/airflow/example_dags/example_latest_only.py for tasks to queue
[2024-11-01T02:05:05.285+0000] {logging_mixin.py:190} INFO - [2024-11-01T02:05:05.285+0000] {dagbag.py:588} INFO - Filling up the DagBag from /home/airflow/.local/lib/python3.12/site-packages/airflow/example_dags/example_latest_only.py
[2024-11-01T02:05:05.292+0000] {processor.py:925} INFO - DAG(s) 'latest_only' retrieved from /home/airflow/.local/lib/python3.12/site-packages/airflow/example_dags/example_latest_only.py
[2024-11-01T02:05:05.309+0000] {logging_mixin.py:190} INFO - [2024-11-01T02:05:05.309+0000] {dag.py:3239} INFO - Sync 1 DAGs
[2024-11-01T02:05:05.332+0000] {logging_mixin.py:190} INFO - [2024-11-01T02:05:05.331+0000] {dag.py:4180} INFO - Setting next_dagrun for latest_only to 2024-10-31 20:00:00+00:00, run_after=2024-11-01 00:00:00+00:00
[2024-11-01T02:05:05.612+0000] {processor.py:208} INFO - Processing /home/airflow/.local/lib/python3.12/site-packages/airflow/example_dags/example_latest_only.py took 0.335 seconds
[2024-11-01T02:05:36.435+0000] {processor.py:186} INFO - Started process (PID=225) to work on /home/airflow/.local/lib/python3.12/site-packages/airflow/example_dags/example_latest_only.py
[2024-11-01T02:05:36.436+0000] {processor.py:914} INFO - Processing file /home/airflow/.local/lib/python3.12/site-packages/airflow/example_dags/example_latest_only.py for tasks to queue
[2024-11-01T02:05:36.437+0000] {logging_mixin.py:190} INFO - [2024-11-01T02:05:36.437+0000] {dagbag.py:588} INFO - Filling up the DagBag from /home/airflow/.local/lib/python3.12/site-packages/airflow/example_dags/example_latest_only.py
[2024-11-01T02:05:36.443+0000] {processor.py:925} INFO - DAG(s) 'latest_only' retrieved from /home/airflow/.local/lib/python3.12/site-packages/airflow/example_dags/example_latest_only.py
[2024-11-01T02:05:36.459+0000] {logging_mixin.py:190} INFO - [2024-11-01T02:05:36.459+0000] {dag.py:3239} INFO - Sync 1 DAGs
[2024-11-01T02:05:36.478+0000] {logging_mixin.py:190} INFO - [2024-11-01T02:05:36.478+0000] {dag.py:4180} INFO - Setting next_dagrun for latest_only to 2024-10-31 20:00:00+00:00, run_after=2024-11-01 00:00:00+00:00
[2024-11-01T02:05:36.506+0000] {processor.py:208} INFO - Processing /home/airflow/.local/lib/python3.12/site-packages/airflow/example_dags/example_latest_only.py took 0.075 seconds
[2024-11-01T02:06:06.812+0000] {processor.py:186} INFO - Started process (PID=287) to work on /home/airflow/.local/lib/python3.12/site-packages/airflow/example_dags/example_latest_only.py
[2024-11-01T02:06:06.813+0000] {processor.py:914} INFO - Processing file /home/airflow/.local/lib/python3.12/site-packages/airflow/example_dags/example_latest_only.py for tasks to queue
[2024-11-01T02:06:06.814+0000] {logging_mixin.py:190} INFO - [2024-11-01T02:06:06.814+0000] {dagbag.py:588} INFO - Filling up the DagBag from /home/airflow/.local/lib/python3.12/site-packages/airflow/example_dags/example_latest_only.py
[2024-11-01T02:06:06.820+0000] {processor.py:925} INFO - DAG(s) 'latest_only' retrieved from /home/airflow/.local/lib/python3.12/site-packages/airflow/example_dags/example_latest_only.py
[2024-11-01T02:06:06.836+0000] {logging_mixin.py:190} INFO - [2024-11-01T02:06:06.835+0000] {dag.py:3239} INFO - Sync 1 DAGs
[2024-11-01T02:06:06.854+0000] {logging_mixin.py:190} INFO - [2024-11-01T02:06:06.854+0000] {dag.py:4180} INFO - Setting next_dagrun for latest_only to 2024-10-31 20:00:00+00:00, run_after=2024-11-01 00:00:00+00:00
[2024-11-01T02:06:06.874+0000] {processor.py:208} INFO - Processing /home/airflow/.local/lib/python3.12/site-packages/airflow/example_dags/example_latest_only.py took 0.066 seconds
[2024-11-01T02:14:52.795+0000] {processor.py:186} INFO - Started process (PID=97) to work on /home/airflow/.local/lib/python3.12/site-packages/airflow/example_dags/example_latest_only.py
[2024-11-01T02:14:52.796+0000] {processor.py:914} INFO - Processing file /home/airflow/.local/lib/python3.12/site-packages/airflow/example_dags/example_latest_only.py for tasks to queue
[2024-11-01T02:14:52.799+0000] {logging_mixin.py:190} INFO - [2024-11-01T02:14:52.798+0000] {dagbag.py:588} INFO - Filling up the DagBag from /home/airflow/.local/lib/python3.12/site-packages/airflow/example_dags/example_latest_only.py
[2024-11-01T02:14:52.805+0000] {processor.py:925} INFO - DAG(s) 'latest_only' retrieved from /home/airflow/.local/lib/python3.12/site-packages/airflow/example_dags/example_latest_only.py
[2024-11-01T02:14:52.822+0000] {logging_mixin.py:190} INFO - [2024-11-01T02:14:52.821+0000] {dag.py:3239} INFO - Sync 1 DAGs
[2024-11-01T02:14:52.843+0000] {logging_mixin.py:190} INFO - [2024-11-01T02:14:52.843+0000] {dag.py:4180} INFO - Setting next_dagrun for latest_only to 2024-10-31 20:00:00+00:00, run_after=2024-11-01 00:00:00+00:00
[2024-11-01T02:14:52.862+0000] {processor.py:208} INFO - Processing /home/airflow/.local/lib/python3.12/site-packages/airflow/example_dags/example_latest_only.py took 0.071 seconds
[2024-11-01T02:15:23.438+0000] {processor.py:186} INFO - Started process (PID=160) to work on /home/airflow/.local/lib/python3.12/site-packages/airflow/example_dags/example_latest_only.py
[2024-11-01T02:15:23.439+0000] {processor.py:914} INFO - Processing file /home/airflow/.local/lib/python3.12/site-packages/airflow/example_dags/example_latest_only.py for tasks to queue
[2024-11-01T02:15:23.441+0000] {logging_mixin.py:190} INFO - [2024-11-01T02:15:23.441+0000] {dagbag.py:588} INFO - Filling up the DagBag from /home/airflow/.local/lib/python3.12/site-packages/airflow/example_dags/example_latest_only.py
[2024-11-01T02:15:23.447+0000] {processor.py:925} INFO - DAG(s) 'latest_only' retrieved from /home/airflow/.local/lib/python3.12/site-packages/airflow/example_dags/example_latest_only.py
[2024-11-01T02:15:23.464+0000] {logging_mixin.py:190} INFO - [2024-11-01T02:15:23.464+0000] {dag.py:3239} INFO - Sync 1 DAGs
[2024-11-01T02:15:23.484+0000] {logging_mixin.py:190} INFO - [2024-11-01T02:15:23.484+0000] {dag.py:4180} INFO - Setting next_dagrun for latest_only to 2024-10-31 20:00:00+00:00, run_after=2024-11-01 00:00:00+00:00
[2024-11-01T02:15:23.500+0000] {processor.py:208} INFO - Processing /home/airflow/.local/lib/python3.12/site-packages/airflow/example_dags/example_latest_only.py took 0.067 seconds
[2024-11-01T02:15:53.988+0000] {processor.py:186} INFO - Started process (PID=229) to work on /home/airflow/.local/lib/python3.12/site-packages/airflow/example_dags/example_latest_only.py
[2024-11-01T02:15:53.989+0000] {processor.py:914} INFO - Processing file /home/airflow/.local/lib/python3.12/site-packages/airflow/example_dags/example_latest_only.py for tasks to queue
[2024-11-01T02:15:53.991+0000] {logging_mixin.py:190} INFO - [2024-11-01T02:15:53.991+0000] {dagbag.py:588} INFO - Filling up the DagBag from /home/airflow/.local/lib/python3.12/site-packages/airflow/example_dags/example_latest_only.py
[2024-11-01T02:15:53.997+0000] {processor.py:925} INFO - DAG(s) 'latest_only' retrieved from /home/airflow/.local/lib/python3.12/site-packages/airflow/example_dags/example_latest_only.py
[2024-11-01T02:15:54.012+0000] {logging_mixin.py:190} INFO - [2024-11-01T02:15:54.012+0000] {dag.py:3239} INFO - Sync 1 DAGs
[2024-11-01T02:15:54.033+0000] {logging_mixin.py:190} INFO - [2024-11-01T02:15:54.033+0000] {dag.py:4180} INFO - Setting next_dagrun for latest_only to 2024-10-31 20:00:00+00:00, run_after=2024-11-01 00:00:00+00:00
[2024-11-01T02:15:54.051+0000] {processor.py:208} INFO - Processing /home/airflow/.local/lib/python3.12/site-packages/airflow/example_dags/example_latest_only.py took 0.068 seconds
[2024-11-01T02:16:24.529+0000] {processor.py:186} INFO - Started process (PID=292) to work on /home/airflow/.local/lib/python3.12/site-packages/airflow/example_dags/example_latest_only.py
[2024-11-01T02:16:24.530+0000] {processor.py:914} INFO - Processing file /home/airflow/.local/lib/python3.12/site-packages/airflow/example_dags/example_latest_only.py for tasks to queue
[2024-11-01T02:16:24.532+0000] {logging_mixin.py:190} INFO - [2024-11-01T02:16:24.531+0000] {dagbag.py:588} INFO - Filling up the DagBag from /home/airflow/.local/lib/python3.12/site-packages/airflow/example_dags/example_latest_only.py
[2024-11-01T02:16:24.537+0000] {processor.py:925} INFO - DAG(s) 'latest_only' retrieved from /home/airflow/.local/lib/python3.12/site-packages/airflow/example_dags/example_latest_only.py
[2024-11-01T02:16:24.553+0000] {logging_mixin.py:190} INFO - [2024-11-01T02:16:24.553+0000] {dag.py:3239} INFO - Sync 1 DAGs
[2024-11-01T02:16:24.573+0000] {logging_mixin.py:190} INFO - [2024-11-01T02:16:24.573+0000] {dag.py:4180} INFO - Setting next_dagrun for latest_only to 2024-10-31 20:00:00+00:00, run_after=2024-11-01 00:00:00+00:00
[2024-11-01T02:16:24.589+0000] {processor.py:208} INFO - Processing /home/airflow/.local/lib/python3.12/site-packages/airflow/example_dags/example_latest_only.py took 0.065 seconds
[2024-11-01T02:16:55.290+0000] {processor.py:186} INFO - Started process (PID=355) to work on /home/airflow/.local/lib/python3.12/site-packages/airflow/example_dags/example_latest_only.py
[2024-11-01T02:16:55.291+0000] {processor.py:914} INFO - Processing file /home/airflow/.local/lib/python3.12/site-packages/airflow/example_dags/example_latest_only.py for tasks to queue
[2024-11-01T02:16:55.293+0000] {logging_mixin.py:190} INFO - [2024-11-01T02:16:55.293+0000] {dagbag.py:588} INFO - Filling up the DagBag from /home/airflow/.local/lib/python3.12/site-packages/airflow/example_dags/example_latest_only.py
[2024-11-01T02:16:55.301+0000] {processor.py:925} INFO - DAG(s) 'latest_only' retrieved from /home/airflow/.local/lib/python3.12/site-packages/airflow/example_dags/example_latest_only.py
[2024-11-01T02:16:55.319+0000] {logging_mixin.py:190} INFO - [2024-11-01T02:16:55.319+0000] {dag.py:3239} INFO - Sync 1 DAGs
[2024-11-01T02:16:55.340+0000] {logging_mixin.py:190} INFO - [2024-11-01T02:16:55.340+0000] {dag.py:4180} INFO - Setting next_dagrun for latest_only to 2024-10-31 20:00:00+00:00, run_after=2024-11-01 00:00:00+00:00
[2024-11-01T02:16:55.359+0000] {processor.py:208} INFO - Processing /home/airflow/.local/lib/python3.12/site-packages/airflow/example_dags/example_latest_only.py took 0.074 seconds
[2024-11-01T02:17:25.652+0000] {processor.py:186} INFO - Started process (PID=418) to work on /home/airflow/.local/lib/python3.12/site-packages/airflow/example_dags/example_latest_only.py
[2024-11-01T02:17:25.653+0000] {processor.py:914} INFO - Processing file /home/airflow/.local/lib/python3.12/site-packages/airflow/example_dags/example_latest_only.py for tasks to queue
[2024-11-01T02:17:25.655+0000] {logging_mixin.py:190} INFO - [2024-11-01T02:17:25.655+0000] {dagbag.py:588} INFO - Filling up the DagBag from /home/airflow/.local/lib/python3.12/site-packages/airflow/example_dags/example_latest_only.py
[2024-11-01T02:17:25.661+0000] {processor.py:925} INFO - DAG(s) 'latest_only' retrieved from /home/airflow/.local/lib/python3.12/site-packages/airflow/example_dags/example_latest_only.py
[2024-11-01T02:17:25.677+0000] {logging_mixin.py:190} INFO - [2024-11-01T02:17:25.677+0000] {dag.py:3239} INFO - Sync 1 DAGs
[2024-11-01T02:17:25.697+0000] {logging_mixin.py:190} INFO - [2024-11-01T02:17:25.697+0000] {dag.py:4180} INFO - Setting next_dagrun for latest_only to 2024-10-31 20:00:00+00:00, run_after=2024-11-01 00:00:00+00:00
[2024-11-01T02:17:25.713+0000] {processor.py:208} INFO - Processing /home/airflow/.local/lib/python3.12/site-packages/airflow/example_dags/example_latest_only.py took 0.065 seconds
[2024-11-01T02:17:56.151+0000] {processor.py:186} INFO - Started process (PID=481) to work on /home/airflow/.local/lib/python3.12/site-packages/airflow/example_dags/example_latest_only.py
[2024-11-01T02:17:56.152+0000] {processor.py:914} INFO - Processing file /home/airflow/.local/lib/python3.12/site-packages/airflow/example_dags/example_latest_only.py for tasks to queue
[2024-11-01T02:17:56.153+0000] {logging_mixin.py:190} INFO - [2024-11-01T02:17:56.153+0000] {dagbag.py:588} INFO - Filling up the DagBag from /home/airflow/.local/lib/python3.12/site-packages/airflow/example_dags/example_latest_only.py
[2024-11-01T02:17:56.160+0000] {processor.py:925} INFO - DAG(s) 'latest_only' retrieved from /home/airflow/.local/lib/python3.12/site-packages/airflow/example_dags/example_latest_only.py
[2024-11-01T02:17:56.179+0000] {logging_mixin.py:190} INFO - [2024-11-01T02:17:56.179+0000] {dag.py:3239} INFO - Sync 1 DAGs
[2024-11-01T02:17:56.200+0000] {logging_mixin.py:190} INFO - [2024-11-01T02:17:56.199+0000] {dag.py:4180} INFO - Setting next_dagrun for latest_only to 2024-10-31 20:00:00+00:00, run_after=2024-11-01 00:00:00+00:00
[2024-11-01T02:17:56.217+0000] {processor.py:208} INFO - Processing /home/airflow/.local/lib/python3.12/site-packages/airflow/example_dags/example_latest_only.py took 0.071 seconds
[2024-11-01T02:18:26.648+0000] {processor.py:186} INFO - Started process (PID=544) to work on /home/airflow/.local/lib/python3.12/site-packages/airflow/example_dags/example_latest_only.py
[2024-11-01T02:18:26.649+0000] {processor.py:914} INFO - Processing file /home/airflow/.local/lib/python3.12/site-packages/airflow/example_dags/example_latest_only.py for tasks to queue
[2024-11-01T02:18:26.651+0000] {logging_mixin.py:190} INFO - [2024-11-01T02:18:26.650+0000] {dagbag.py:588} INFO - Filling up the DagBag from /home/airflow/.local/lib/python3.12/site-packages/airflow/example_dags/example_latest_only.py
[2024-11-01T02:18:26.657+0000] {processor.py:925} INFO - DAG(s) 'latest_only' retrieved from /home/airflow/.local/lib/python3.12/site-packages/airflow/example_dags/example_latest_only.py
[2024-11-01T02:18:26.673+0000] {logging_mixin.py:190} INFO - [2024-11-01T02:18:26.673+0000] {dag.py:3239} INFO - Sync 1 DAGs
[2024-11-01T02:18:26.693+0000] {logging_mixin.py:190} INFO - [2024-11-01T02:18:26.692+0000] {dag.py:4180} INFO - Setting next_dagrun for latest_only to 2024-10-31 20:00:00+00:00, run_after=2024-11-01 00:00:00+00:00
[2024-11-01T02:18:26.709+0000] {processor.py:208} INFO - Processing /home/airflow/.local/lib/python3.12/site-packages/airflow/example_dags/example_latest_only.py took 0.066 seconds
[2024-11-01T02:18:57.271+0000] {processor.py:186} INFO - Started process (PID=607) to work on /home/airflow/.local/lib/python3.12/site-packages/airflow/example_dags/example_latest_only.py
[2024-11-01T02:18:57.272+0000] {processor.py:914} INFO - Processing file /home/airflow/.local/lib/python3.12/site-packages/airflow/example_dags/example_latest_only.py for tasks to queue
[2024-11-01T02:18:57.274+0000] {logging_mixin.py:190} INFO - [2024-11-01T02:18:57.274+0000] {dagbag.py:588} INFO - Filling up the DagBag from /home/airflow/.local/lib/python3.12/site-packages/airflow/example_dags/example_latest_only.py
[2024-11-01T02:18:57.280+0000] {processor.py:925} INFO - DAG(s) 'latest_only' retrieved from /home/airflow/.local/lib/python3.12/site-packages/airflow/example_dags/example_latest_only.py
[2024-11-01T02:18:57.297+0000] {logging_mixin.py:190} INFO - [2024-11-01T02:18:57.297+0000] {dag.py:3239} INFO - Sync 1 DAGs
[2024-11-01T02:18:57.317+0000] {logging_mixin.py:190} INFO - [2024-11-01T02:18:57.317+0000] {dag.py:4180} INFO - Setting next_dagrun for latest_only to 2024-10-31 20:00:00+00:00, run_after=2024-11-01 00:00:00+00:00
[2024-11-01T02:18:57.334+0000] {processor.py:208} INFO - Processing /home/airflow/.local/lib/python3.12/site-packages/airflow/example_dags/example_latest_only.py took 0.067 seconds
[2024-11-01T02:19:27.681+0000] {processor.py:186} INFO - Started process (PID=670) to work on /home/airflow/.local/lib/python3.12/site-packages/airflow/example_dags/example_latest_only.py
[2024-11-01T02:19:27.682+0000] {processor.py:914} INFO - Processing file /home/airflow/.local/lib/python3.12/site-packages/airflow/example_dags/example_latest_only.py for tasks to queue
[2024-11-01T02:19:27.684+0000] {logging_mixin.py:190} INFO - [2024-11-01T02:19:27.684+0000] {dagbag.py:588} INFO - Filling up the DagBag from /home/airflow/.local/lib/python3.12/site-packages/airflow/example_dags/example_latest_only.py
[2024-11-01T02:19:27.689+0000] {processor.py:925} INFO - DAG(s) 'latest_only' retrieved from /home/airflow/.local/lib/python3.12/site-packages/airflow/example_dags/example_latest_only.py
[2024-11-01T02:19:27.705+0000] {logging_mixin.py:190} INFO - [2024-11-01T02:19:27.705+0000] {dag.py:3239} INFO - Sync 1 DAGs
[2024-11-01T02:19:27.724+0000] {logging_mixin.py:190} INFO - [2024-11-01T02:19:27.724+0000] {dag.py:4180} INFO - Setting next_dagrun for latest_only to 2024-10-31 20:00:00+00:00, run_after=2024-11-01 00:00:00+00:00
[2024-11-01T02:19:27.739+0000] {processor.py:208} INFO - Processing /home/airflow/.local/lib/python3.12/site-packages/airflow/example_dags/example_latest_only.py took 0.063 seconds
[2024-11-01T02:19:58.577+0000] {processor.py:186} INFO - Started process (PID=733) to work on /home/airflow/.local/lib/python3.12/site-packages/airflow/example_dags/example_latest_only.py
[2024-11-01T02:19:58.578+0000] {processor.py:914} INFO - Processing file /home/airflow/.local/lib/python3.12/site-packages/airflow/example_dags/example_latest_only.py for tasks to queue
[2024-11-01T02:19:58.580+0000] {logging_mixin.py:190} INFO - [2024-11-01T02:19:58.579+0000] {dagbag.py:588} INFO - Filling up the DagBag from /home/airflow/.local/lib/python3.12/site-packages/airflow/example_dags/example_latest_only.py
[2024-11-01T02:19:58.585+0000] {processor.py:925} INFO - DAG(s) 'latest_only' retrieved from /home/airflow/.local/lib/python3.12/site-packages/airflow/example_dags/example_latest_only.py
[2024-11-01T02:19:58.600+0000] {logging_mixin.py:190} INFO - [2024-11-01T02:19:58.600+0000] {dag.py:3239} INFO - Sync 1 DAGs
[2024-11-01T02:19:58.619+0000] {logging_mixin.py:190} INFO - [2024-11-01T02:19:58.619+0000] {dag.py:4180} INFO - Setting next_dagrun for latest_only to 2024-10-31 20:00:00+00:00, run_after=2024-11-01 00:00:00+00:00
[2024-11-01T02:19:58.637+0000] {processor.py:208} INFO - Processing /home/airflow/.local/lib/python3.12/site-packages/airflow/example_dags/example_latest_only.py took 0.065 seconds
[2024-11-01T02:20:29.121+0000] {processor.py:186} INFO - Started process (PID=796) to work on /home/airflow/.local/lib/python3.12/site-packages/airflow/example_dags/example_latest_only.py
[2024-11-01T02:20:29.122+0000] {processor.py:914} INFO - Processing file /home/airflow/.local/lib/python3.12/site-packages/airflow/example_dags/example_latest_only.py for tasks to queue
[2024-11-01T02:20:29.124+0000] {logging_mixin.py:190} INFO - [2024-11-01T02:20:29.123+0000] {dagbag.py:588} INFO - Filling up the DagBag from /home/airflow/.local/lib/python3.12/site-packages/airflow/example_dags/example_latest_only.py
[2024-11-01T02:20:29.130+0000] {processor.py:925} INFO - DAG(s) 'latest_only' retrieved from /home/airflow/.local/lib/python3.12/site-packages/airflow/example_dags/example_latest_only.py
[2024-11-01T02:20:29.146+0000] {logging_mixin.py:190} INFO - [2024-11-01T02:20:29.146+0000] {dag.py:3239} INFO - Sync 1 DAGs
[2024-11-01T02:20:29.168+0000] {logging_mixin.py:190} INFO - [2024-11-01T02:20:29.167+0000] {dag.py:4180} INFO - Setting next_dagrun for latest_only to 2024-10-31 20:00:00+00:00, run_after=2024-11-01 00:00:00+00:00
[2024-11-01T02:20:29.185+0000] {processor.py:208} INFO - Processing /home/airflow/.local/lib/python3.12/site-packages/airflow/example_dags/example_latest_only.py took 0.069 seconds
[2024-11-01T02:21:00.266+0000] {processor.py:186} INFO - Started process (PID=859) to work on /home/airflow/.local/lib/python3.12/site-packages/airflow/example_dags/example_latest_only.py
[2024-11-01T02:21:00.267+0000] {processor.py:914} INFO - Processing file /home/airflow/.local/lib/python3.12/site-packages/airflow/example_dags/example_latest_only.py for tasks to queue
[2024-11-01T02:21:00.269+0000] {logging_mixin.py:190} INFO - [2024-11-01T02:21:00.268+0000] {dagbag.py:588} INFO - Filling up the DagBag from /home/airflow/.local/lib/python3.12/site-packages/airflow/example_dags/example_latest_only.py
[2024-11-01T02:21:00.275+0000] {processor.py:925} INFO - DAG(s) 'latest_only' retrieved from /home/airflow/.local/lib/python3.12/site-packages/airflow/example_dags/example_latest_only.py
[2024-11-01T02:21:00.293+0000] {logging_mixin.py:190} INFO - [2024-11-01T02:21:00.293+0000] {dag.py:3239} INFO - Sync 1 DAGs
[2024-11-01T02:21:00.318+0000] {logging_mixin.py:190} INFO - [2024-11-01T02:21:00.318+0000] {dag.py:4180} INFO - Setting next_dagrun for latest_only to 2024-10-31 20:00:00+00:00, run_after=2024-11-01 00:00:00+00:00
[2024-11-01T02:21:00.339+0000] {processor.py:208} INFO - Processing /home/airflow/.local/lib/python3.12/site-packages/airflow/example_dags/example_latest_only.py took 0.078 seconds
[2024-11-01T02:21:31.177+0000] {processor.py:186} INFO - Started process (PID=922) to work on /home/airflow/.local/lib/python3.12/site-packages/airflow/example_dags/example_latest_only.py
[2024-11-01T02:21:31.178+0000] {processor.py:914} INFO - Processing file /home/airflow/.local/lib/python3.12/site-packages/airflow/example_dags/example_latest_only.py for tasks to queue
[2024-11-01T02:21:31.180+0000] {logging_mixin.py:190} INFO - [2024-11-01T02:21:31.180+0000] {dagbag.py:588} INFO - Filling up the DagBag from /home/airflow/.local/lib/python3.12/site-packages/airflow/example_dags/example_latest_only.py
[2024-11-01T02:21:31.186+0000] {processor.py:925} INFO - DAG(s) 'latest_only' retrieved from /home/airflow/.local/lib/python3.12/site-packages/airflow/example_dags/example_latest_only.py
[2024-11-01T02:21:31.202+0000] {logging_mixin.py:190} INFO - [2024-11-01T02:21:31.202+0000] {dag.py:3239} INFO - Sync 1 DAGs
[2024-11-01T02:21:31.226+0000] {logging_mixin.py:190} INFO - [2024-11-01T02:21:31.225+0000] {dag.py:4180} INFO - Setting next_dagrun for latest_only to 2024-10-31 20:00:00+00:00, run_after=2024-11-01 00:00:00+00:00
[2024-11-01T02:21:31.242+0000] {processor.py:208} INFO - Processing /home/airflow/.local/lib/python3.12/site-packages/airflow/example_dags/example_latest_only.py took 0.069 seconds
[2024-11-01T02:22:01.994+0000] {processor.py:186} INFO - Started process (PID=985) to work on /home/airflow/.local/lib/python3.12/site-packages/airflow/example_dags/example_latest_only.py
[2024-11-01T02:22:01.994+0000] {processor.py:914} INFO - Processing file /home/airflow/.local/lib/python3.12/site-packages/airflow/example_dags/example_latest_only.py for tasks to queue
[2024-11-01T02:22:01.997+0000] {logging_mixin.py:190} INFO - [2024-11-01T02:22:01.996+0000] {dagbag.py:588} INFO - Filling up the DagBag from /home/airflow/.local/lib/python3.12/site-packages/airflow/example_dags/example_latest_only.py
[2024-11-01T02:22:02.002+0000] {processor.py:925} INFO - DAG(s) 'latest_only' retrieved from /home/airflow/.local/lib/python3.12/site-packages/airflow/example_dags/example_latest_only.py
[2024-11-01T02:22:02.019+0000] {logging_mixin.py:190} INFO - [2024-11-01T02:22:02.019+0000] {dag.py:3239} INFO - Sync 1 DAGs
[2024-11-01T02:22:02.040+0000] {logging_mixin.py:190} INFO - [2024-11-01T02:22:02.040+0000] {dag.py:4180} INFO - Setting next_dagrun for latest_only to 2024-10-31 20:00:00+00:00, run_after=2024-11-01 00:00:00+00:00
[2024-11-01T02:22:02.057+0000] {processor.py:208} INFO - Processing /home/airflow/.local/lib/python3.12/site-packages/airflow/example_dags/example_latest_only.py took 0.068 seconds
[2024-11-01T02:22:32.565+0000] {processor.py:186} INFO - Started process (PID=1048) to work on /home/airflow/.local/lib/python3.12/site-packages/airflow/example_dags/example_latest_only.py
[2024-11-01T02:22:32.565+0000] {processor.py:914} INFO - Processing file /home/airflow/.local/lib/python3.12/site-packages/airflow/example_dags/example_latest_only.py for tasks to queue
[2024-11-01T02:22:32.567+0000] {logging_mixin.py:190} INFO - [2024-11-01T02:22:32.567+0000] {dagbag.py:588} INFO - Filling up the DagBag from /home/airflow/.local/lib/python3.12/site-packages/airflow/example_dags/example_latest_only.py
[2024-11-01T02:22:32.573+0000] {processor.py:925} INFO - DAG(s) 'latest_only' retrieved from /home/airflow/.local/lib/python3.12/site-packages/airflow/example_dags/example_latest_only.py
[2024-11-01T02:22:32.590+0000] {logging_mixin.py:190} INFO - [2024-11-01T02:22:32.590+0000] {dag.py:3239} INFO - Sync 1 DAGs
[2024-11-01T02:22:32.612+0000] {logging_mixin.py:190} INFO - [2024-11-01T02:22:32.612+0000] {dag.py:4180} INFO - Setting next_dagrun for latest_only to 2024-10-31 20:00:00+00:00, run_after=2024-11-01 00:00:00+00:00
[2024-11-01T02:22:32.634+0000] {processor.py:208} INFO - Processing /home/airflow/.local/lib/python3.12/site-packages/airflow/example_dags/example_latest_only.py took 0.074 seconds
[2024-11-01T02:23:03.404+0000] {processor.py:186} INFO - Started process (PID=1111) to work on /home/airflow/.local/lib/python3.12/site-packages/airflow/example_dags/example_latest_only.py
[2024-11-01T02:23:03.405+0000] {processor.py:914} INFO - Processing file /home/airflow/.local/lib/python3.12/site-packages/airflow/example_dags/example_latest_only.py for tasks to queue
[2024-11-01T02:23:03.408+0000] {logging_mixin.py:190} INFO - [2024-11-01T02:23:03.407+0000] {dagbag.py:588} INFO - Filling up the DagBag from /home/airflow/.local/lib/python3.12/site-packages/airflow/example_dags/example_latest_only.py
[2024-11-01T02:23:03.413+0000] {processor.py:925} INFO - DAG(s) 'latest_only' retrieved from /home/airflow/.local/lib/python3.12/site-packages/airflow/example_dags/example_latest_only.py
[2024-11-01T02:23:03.430+0000] {logging_mixin.py:190} INFO - [2024-11-01T02:23:03.430+0000] {dag.py:3239} INFO - Sync 1 DAGs
[2024-11-01T02:23:03.450+0000] {logging_mixin.py:190} INFO - [2024-11-01T02:23:03.450+0000] {dag.py:4180} INFO - Setting next_dagrun for latest_only to 2024-10-31 20:00:00+00:00, run_after=2024-11-01 00:00:00+00:00
[2024-11-01T02:23:03.466+0000] {processor.py:208} INFO - Processing /home/airflow/.local/lib/python3.12/site-packages/airflow/example_dags/example_latest_only.py took 0.067 seconds
[2024-11-01T02:23:33.994+0000] {processor.py:186} INFO - Started process (PID=1174) to work on /home/airflow/.local/lib/python3.12/site-packages/airflow/example_dags/example_latest_only.py
[2024-11-01T02:23:33.994+0000] {processor.py:914} INFO - Processing file /home/airflow/.local/lib/python3.12/site-packages/airflow/example_dags/example_latest_only.py for tasks to queue
[2024-11-01T02:23:33.996+0000] {logging_mixin.py:190} INFO - [2024-11-01T02:23:33.996+0000] {dagbag.py:588} INFO - Filling up the DagBag from /home/airflow/.local/lib/python3.12/site-packages/airflow/example_dags/example_latest_only.py
[2024-11-01T02:23:34.003+0000] {processor.py:925} INFO - DAG(s) 'latest_only' retrieved from /home/airflow/.local/lib/python3.12/site-packages/airflow/example_dags/example_latest_only.py
[2024-11-01T02:23:34.021+0000] {logging_mixin.py:190} INFO - [2024-11-01T02:23:34.020+0000] {dag.py:3239} INFO - Sync 1 DAGs
[2024-11-01T02:23:34.041+0000] {logging_mixin.py:190} INFO - [2024-11-01T02:23:34.041+0000] {dag.py:4180} INFO - Setting next_dagrun for latest_only to 2024-10-31 20:00:00+00:00, run_after=2024-11-01 00:00:00+00:00
[2024-11-01T02:23:34.059+0000] {processor.py:208} INFO - Processing /home/airflow/.local/lib/python3.12/site-packages/airflow/example_dags/example_latest_only.py took 0.071 seconds
