[2024-11-01T02:04:32.586+0000] {processor.py:186} INFO - Started process (PID=90) to work on /home/airflow/.local/lib/python3.12/site-packages/airflow/example_dags/example_external_task_marker_dag.py
[2024-11-01T02:04:32.587+0000] {processor.py:914} INFO - Processing file /home/airflow/.local/lib/python3.12/site-packages/airflow/example_dags/example_external_task_marker_dag.py for tasks to queue
[2024-11-01T02:04:32.588+0000] {logging_mixin.py:190} INFO - [2024-11-01T02:04:32.588+0000] {dagbag.py:588} INFO - Filling up the DagBag from /home/airflow/.local/lib/python3.12/site-packages/airflow/example_dags/example_external_task_marker_dag.py
[2024-11-01T02:04:32.595+0000] {processor.py:925} INFO - DAG(s) 'example_external_task_marker_child', 'example_external_task_marker_parent' retrieved from /home/airflow/.local/lib/python3.12/site-packages/airflow/example_dags/example_external_task_marker_dag.py
[2024-11-01T02:04:32.686+0000] {logging_mixin.py:190} INFO - [2024-11-01T02:04:32.686+0000] {override.py:1900} INFO - Created Permission View: can edit on DAG:example_external_task_marker_child
[2024-11-01T02:04:32.696+0000] {logging_mixin.py:190} INFO - [2024-11-01T02:04:32.695+0000] {override.py:1900} INFO - Created Permission View: can read on DAG:example_external_task_marker_child
[2024-11-01T02:04:32.702+0000] {logging_mixin.py:190} INFO - [2024-11-01T02:04:32.702+0000] {override.py:1900} INFO - Created Permission View: can delete on DAG:example_external_task_marker_child
[2024-11-01T02:04:32.710+0000] {logging_mixin.py:190} INFO - [2024-11-01T02:04:32.710+0000] {override.py:1900} INFO - Created Permission View: can delete on DAG Run:example_external_task_marker_child
[2024-11-01T02:04:32.717+0000] {logging_mixin.py:190} INFO - [2024-11-01T02:04:32.716+0000] {override.py:1900} INFO - Created Permission View: can read on DAG Run:example_external_task_marker_child
[2024-11-01T02:04:32.723+0000] {logging_mixin.py:190} INFO - [2024-11-01T02:04:32.723+0000] {override.py:1900} INFO - Created Permission View: can create on DAG Run:example_external_task_marker_child
[2024-11-01T02:04:32.730+0000] {logging_mixin.py:190} INFO - [2024-11-01T02:04:32.730+0000] {override.py:1900} INFO - Created Permission View: menu access on DAG Run:example_external_task_marker_child
[2024-11-01T02:04:32.743+0000] {logging_mixin.py:190} INFO - [2024-11-01T02:04:32.742+0000] {override.py:1900} INFO - Created Permission View: can edit on DAG:example_external_task_marker_parent
[2024-11-01T02:04:32.749+0000] {logging_mixin.py:190} INFO - [2024-11-01T02:04:32.749+0000] {override.py:1900} INFO - Created Permission View: can read on DAG:example_external_task_marker_parent
[2024-11-01T02:04:32.755+0000] {logging_mixin.py:190} INFO - [2024-11-01T02:04:32.755+0000] {override.py:1900} INFO - Created Permission View: can delete on DAG:example_external_task_marker_parent
[2024-11-01T02:04:32.764+0000] {logging_mixin.py:190} INFO - [2024-11-01T02:04:32.763+0000] {override.py:1900} INFO - Created Permission View: can delete on DAG Run:example_external_task_marker_parent
[2024-11-01T02:04:32.770+0000] {logging_mixin.py:190} INFO - [2024-11-01T02:04:32.770+0000] {override.py:1900} INFO - Created Permission View: can read on DAG Run:example_external_task_marker_parent
[2024-11-01T02:04:32.777+0000] {logging_mixin.py:190} INFO - [2024-11-01T02:04:32.776+0000] {override.py:1900} INFO - Created Permission View: can create on DAG Run:example_external_task_marker_parent
[2024-11-01T02:04:32.784+0000] {logging_mixin.py:190} INFO - [2024-11-01T02:04:32.784+0000] {override.py:1900} INFO - Created Permission View: menu access on DAG Run:example_external_task_marker_parent
[2024-11-01T02:04:32.785+0000] {logging_mixin.py:190} INFO - [2024-11-01T02:04:32.785+0000] {dag.py:3239} INFO - Sync 2 DAGs
[2024-11-01T02:04:32.798+0000] {logging_mixin.py:190} INFO - [2024-11-01T02:04:32.798+0000] {dag.py:3262} INFO - Creating ORM DAG for example_external_task_marker_parent
[2024-11-01T02:04:32.799+0000] {logging_mixin.py:190} INFO - [2024-11-01T02:04:32.799+0000] {dag.py:3262} INFO - Creating ORM DAG for example_external_task_marker_child
[2024-11-01T02:04:32.800+0000] {logging_mixin.py:190} INFO - [2024-11-01T02:04:32.800+0000] {dag.py:4180} INFO - Setting next_dagrun for example_external_task_marker_child to None, run_after=None
[2024-11-01T02:04:32.800+0000] {logging_mixin.py:190} INFO - [2024-11-01T02:04:32.800+0000] {dag.py:4180} INFO - Setting next_dagrun for example_external_task_marker_parent to None, run_after=None
[2024-11-01T02:04:32.817+0000] {processor.py:208} INFO - Processing /home/airflow/.local/lib/python3.12/site-packages/airflow/example_dags/example_external_task_marker_dag.py took 0.235 seconds
[2024-11-01T02:05:03.330+0000] {processor.py:186} INFO - Started process (PID=152) to work on /home/airflow/.local/lib/python3.12/site-packages/airflow/example_dags/example_external_task_marker_dag.py
[2024-11-01T02:05:03.331+0000] {processor.py:914} INFO - Processing file /home/airflow/.local/lib/python3.12/site-packages/airflow/example_dags/example_external_task_marker_dag.py for tasks to queue
[2024-11-01T02:05:03.333+0000] {logging_mixin.py:190} INFO - [2024-11-01T02:05:03.333+0000] {dagbag.py:588} INFO - Filling up the DagBag from /home/airflow/.local/lib/python3.12/site-packages/airflow/example_dags/example_external_task_marker_dag.py
[2024-11-01T02:05:03.339+0000] {processor.py:925} INFO - DAG(s) 'example_external_task_marker_child', 'example_external_task_marker_parent' retrieved from /home/airflow/.local/lib/python3.12/site-packages/airflow/example_dags/example_external_task_marker_dag.py
[2024-11-01T02:05:03.359+0000] {logging_mixin.py:190} INFO - [2024-11-01T02:05:03.358+0000] {dag.py:3239} INFO - Sync 2 DAGs
[2024-11-01T02:05:03.371+0000] {logging_mixin.py:190} INFO - [2024-11-01T02:05:03.371+0000] {dag.py:4180} INFO - Setting next_dagrun for example_external_task_marker_child to None, run_after=None
[2024-11-01T02:05:03.374+0000] {logging_mixin.py:190} INFO - [2024-11-01T02:05:03.374+0000] {dag.py:4180} INFO - Setting next_dagrun for example_external_task_marker_parent to None, run_after=None
[2024-11-01T02:05:03.389+0000] {processor.py:208} INFO - Processing /home/airflow/.local/lib/python3.12/site-packages/airflow/example_dags/example_external_task_marker_dag.py took 0.064 seconds
[2024-11-01T02:05:33.604+0000] {processor.py:186} INFO - Started process (PID=214) to work on /home/airflow/.local/lib/python3.12/site-packages/airflow/example_dags/example_external_task_marker_dag.py
[2024-11-01T02:05:33.604+0000] {processor.py:914} INFO - Processing file /home/airflow/.local/lib/python3.12/site-packages/airflow/example_dags/example_external_task_marker_dag.py for tasks to queue
[2024-11-01T02:05:33.606+0000] {logging_mixin.py:190} INFO - [2024-11-01T02:05:33.606+0000] {dagbag.py:588} INFO - Filling up the DagBag from /home/airflow/.local/lib/python3.12/site-packages/airflow/example_dags/example_external_task_marker_dag.py
[2024-11-01T02:05:33.613+0000] {processor.py:925} INFO - DAG(s) 'example_external_task_marker_child', 'example_external_task_marker_parent' retrieved from /home/airflow/.local/lib/python3.12/site-packages/airflow/example_dags/example_external_task_marker_dag.py
[2024-11-01T02:05:33.631+0000] {logging_mixin.py:190} INFO - [2024-11-01T02:05:33.631+0000] {dag.py:3239} INFO - Sync 2 DAGs
[2024-11-01T02:05:33.644+0000] {logging_mixin.py:190} INFO - [2024-11-01T02:05:33.644+0000] {dag.py:4180} INFO - Setting next_dagrun for example_external_task_marker_child to None, run_after=None
[2024-11-01T02:05:33.647+0000] {logging_mixin.py:190} INFO - [2024-11-01T02:05:33.647+0000] {dag.py:4180} INFO - Setting next_dagrun for example_external_task_marker_parent to None, run_after=None
[2024-11-01T02:05:33.662+0000] {processor.py:208} INFO - Processing /home/airflow/.local/lib/python3.12/site-packages/airflow/example_dags/example_external_task_marker_dag.py took 0.063 seconds
[2024-11-01T02:06:03.883+0000] {processor.py:186} INFO - Started process (PID=276) to work on /home/airflow/.local/lib/python3.12/site-packages/airflow/example_dags/example_external_task_marker_dag.py
[2024-11-01T02:06:03.884+0000] {processor.py:914} INFO - Processing file /home/airflow/.local/lib/python3.12/site-packages/airflow/example_dags/example_external_task_marker_dag.py for tasks to queue
[2024-11-01T02:06:03.886+0000] {logging_mixin.py:190} INFO - [2024-11-01T02:06:03.885+0000] {dagbag.py:588} INFO - Filling up the DagBag from /home/airflow/.local/lib/python3.12/site-packages/airflow/example_dags/example_external_task_marker_dag.py
[2024-11-01T02:06:03.892+0000] {processor.py:925} INFO - DAG(s) 'example_external_task_marker_parent', 'example_external_task_marker_child' retrieved from /home/airflow/.local/lib/python3.12/site-packages/airflow/example_dags/example_external_task_marker_dag.py
[2024-11-01T02:06:03.911+0000] {logging_mixin.py:190} INFO - [2024-11-01T02:06:03.911+0000] {dag.py:3239} INFO - Sync 2 DAGs
[2024-11-01T02:06:03.924+0000] {logging_mixin.py:190} INFO - [2024-11-01T02:06:03.924+0000] {dag.py:4180} INFO - Setting next_dagrun for example_external_task_marker_child to None, run_after=None
[2024-11-01T02:06:03.928+0000] {logging_mixin.py:190} INFO - [2024-11-01T02:06:03.928+0000] {dag.py:4180} INFO - Setting next_dagrun for example_external_task_marker_parent to None, run_after=None
[2024-11-01T02:06:03.943+0000] {processor.py:208} INFO - Processing /home/airflow/.local/lib/python3.12/site-packages/airflow/example_dags/example_external_task_marker_dag.py took 0.065 seconds
[2024-11-01T02:14:51.773+0000] {processor.py:186} INFO - Started process (PID=86) to work on /home/airflow/.local/lib/python3.12/site-packages/airflow/example_dags/example_external_task_marker_dag.py
[2024-11-01T02:14:51.774+0000] {processor.py:914} INFO - Processing file /home/airflow/.local/lib/python3.12/site-packages/airflow/example_dags/example_external_task_marker_dag.py for tasks to queue
[2024-11-01T02:14:51.776+0000] {logging_mixin.py:190} INFO - [2024-11-01T02:14:51.776+0000] {dagbag.py:588} INFO - Filling up the DagBag from /home/airflow/.local/lib/python3.12/site-packages/airflow/example_dags/example_external_task_marker_dag.py
[2024-11-01T02:14:51.784+0000] {processor.py:925} INFO - DAG(s) 'example_external_task_marker_child', 'example_external_task_marker_parent' retrieved from /home/airflow/.local/lib/python3.12/site-packages/airflow/example_dags/example_external_task_marker_dag.py
[2024-11-01T02:14:51.805+0000] {logging_mixin.py:190} INFO - [2024-11-01T02:14:51.805+0000] {dag.py:3239} INFO - Sync 2 DAGs
[2024-11-01T02:14:51.818+0000] {logging_mixin.py:190} INFO - [2024-11-01T02:14:51.818+0000] {dag.py:4180} INFO - Setting next_dagrun for example_external_task_marker_child to None, run_after=None
[2024-11-01T02:14:51.821+0000] {logging_mixin.py:190} INFO - [2024-11-01T02:14:51.821+0000] {dag.py:4180} INFO - Setting next_dagrun for example_external_task_marker_parent to None, run_after=None
[2024-11-01T02:14:51.839+0000] {processor.py:208} INFO - Processing /home/airflow/.local/lib/python3.12/site-packages/airflow/example_dags/example_external_task_marker_dag.py took 0.071 seconds
[2024-11-01T02:15:22.482+0000] {processor.py:186} INFO - Started process (PID=148) to work on /home/airflow/.local/lib/python3.12/site-packages/airflow/example_dags/example_external_task_marker_dag.py
[2024-11-01T02:15:22.483+0000] {processor.py:914} INFO - Processing file /home/airflow/.local/lib/python3.12/site-packages/airflow/example_dags/example_external_task_marker_dag.py for tasks to queue
[2024-11-01T02:15:22.485+0000] {logging_mixin.py:190} INFO - [2024-11-01T02:15:22.484+0000] {dagbag.py:588} INFO - Filling up the DagBag from /home/airflow/.local/lib/python3.12/site-packages/airflow/example_dags/example_external_task_marker_dag.py
[2024-11-01T02:15:22.491+0000] {processor.py:925} INFO - DAG(s) 'example_external_task_marker_parent', 'example_external_task_marker_child' retrieved from /home/airflow/.local/lib/python3.12/site-packages/airflow/example_dags/example_external_task_marker_dag.py
[2024-11-01T02:15:22.509+0000] {logging_mixin.py:190} INFO - [2024-11-01T02:15:22.509+0000] {dag.py:3239} INFO - Sync 2 DAGs
[2024-11-01T02:15:22.522+0000] {logging_mixin.py:190} INFO - [2024-11-01T02:15:22.522+0000] {dag.py:4180} INFO - Setting next_dagrun for example_external_task_marker_child to None, run_after=None
[2024-11-01T02:15:22.526+0000] {logging_mixin.py:190} INFO - [2024-11-01T02:15:22.525+0000] {dag.py:4180} INFO - Setting next_dagrun for example_external_task_marker_parent to None, run_after=None
[2024-11-01T02:15:22.540+0000] {processor.py:208} INFO - Processing /home/airflow/.local/lib/python3.12/site-packages/airflow/example_dags/example_external_task_marker_dag.py took 0.063 seconds
[2024-11-01T02:15:53.051+0000] {processor.py:186} INFO - Started process (PID=212) to work on /home/airflow/.local/lib/python3.12/site-packages/airflow/example_dags/example_external_task_marker_dag.py
[2024-11-01T02:15:53.052+0000] {processor.py:914} INFO - Processing file /home/airflow/.local/lib/python3.12/site-packages/airflow/example_dags/example_external_task_marker_dag.py for tasks to queue
[2024-11-01T02:15:53.054+0000] {logging_mixin.py:190} INFO - [2024-11-01T02:15:53.054+0000] {dagbag.py:588} INFO - Filling up the DagBag from /home/airflow/.local/lib/python3.12/site-packages/airflow/example_dags/example_external_task_marker_dag.py
[2024-11-01T02:15:53.060+0000] {processor.py:925} INFO - DAG(s) 'example_external_task_marker_parent', 'example_external_task_marker_child' retrieved from /home/airflow/.local/lib/python3.12/site-packages/airflow/example_dags/example_external_task_marker_dag.py
[2024-11-01T02:15:53.082+0000] {logging_mixin.py:190} INFO - [2024-11-01T02:15:53.081+0000] {dag.py:3239} INFO - Sync 2 DAGs
[2024-11-01T02:15:53.095+0000] {logging_mixin.py:190} INFO - [2024-11-01T02:15:53.094+0000] {dag.py:4180} INFO - Setting next_dagrun for example_external_task_marker_child to None, run_after=None
[2024-11-01T02:15:53.099+0000] {logging_mixin.py:190} INFO - [2024-11-01T02:15:53.099+0000] {dag.py:4180} INFO - Setting next_dagrun for example_external_task_marker_parent to None, run_after=None
[2024-11-01T02:15:53.114+0000] {processor.py:208} INFO - Processing /home/airflow/.local/lib/python3.12/site-packages/airflow/example_dags/example_external_task_marker_dag.py took 0.068 seconds
[2024-11-01T02:16:23.716+0000] {processor.py:186} INFO - Started process (PID=281) to work on /home/airflow/.local/lib/python3.12/site-packages/airflow/example_dags/example_external_task_marker_dag.py
[2024-11-01T02:16:23.717+0000] {processor.py:914} INFO - Processing file /home/airflow/.local/lib/python3.12/site-packages/airflow/example_dags/example_external_task_marker_dag.py for tasks to queue
[2024-11-01T02:16:23.719+0000] {logging_mixin.py:190} INFO - [2024-11-01T02:16:23.719+0000] {dagbag.py:588} INFO - Filling up the DagBag from /home/airflow/.local/lib/python3.12/site-packages/airflow/example_dags/example_external_task_marker_dag.py
[2024-11-01T02:16:23.726+0000] {processor.py:925} INFO - DAG(s) 'example_external_task_marker_child', 'example_external_task_marker_parent' retrieved from /home/airflow/.local/lib/python3.12/site-packages/airflow/example_dags/example_external_task_marker_dag.py
[2024-11-01T02:16:23.745+0000] {logging_mixin.py:190} INFO - [2024-11-01T02:16:23.744+0000] {dag.py:3239} INFO - Sync 2 DAGs
[2024-11-01T02:16:23.758+0000] {logging_mixin.py:190} INFO - [2024-11-01T02:16:23.758+0000] {dag.py:4180} INFO - Setting next_dagrun for example_external_task_marker_child to None, run_after=None
[2024-11-01T02:16:23.762+0000] {logging_mixin.py:190} INFO - [2024-11-01T02:16:23.762+0000] {dag.py:4180} INFO - Setting next_dagrun for example_external_task_marker_parent to None, run_after=None
[2024-11-01T02:16:23.776+0000] {processor.py:208} INFO - Processing /home/airflow/.local/lib/python3.12/site-packages/airflow/example_dags/example_external_task_marker_dag.py took 0.065 seconds
[2024-11-01T02:16:54.243+0000] {processor.py:186} INFO - Started process (PID=344) to work on /home/airflow/.local/lib/python3.12/site-packages/airflow/example_dags/example_external_task_marker_dag.py
[2024-11-01T02:16:54.244+0000] {processor.py:914} INFO - Processing file /home/airflow/.local/lib/python3.12/site-packages/airflow/example_dags/example_external_task_marker_dag.py for tasks to queue
[2024-11-01T02:16:54.246+0000] {logging_mixin.py:190} INFO - [2024-11-01T02:16:54.246+0000] {dagbag.py:588} INFO - Filling up the DagBag from /home/airflow/.local/lib/python3.12/site-packages/airflow/example_dags/example_external_task_marker_dag.py
[2024-11-01T02:16:54.252+0000] {processor.py:925} INFO - DAG(s) 'example_external_task_marker_parent', 'example_external_task_marker_child' retrieved from /home/airflow/.local/lib/python3.12/site-packages/airflow/example_dags/example_external_task_marker_dag.py
[2024-11-01T02:16:54.274+0000] {logging_mixin.py:190} INFO - [2024-11-01T02:16:54.273+0000] {dag.py:3239} INFO - Sync 2 DAGs
[2024-11-01T02:16:54.289+0000] {logging_mixin.py:190} INFO - [2024-11-01T02:16:54.289+0000] {dag.py:4180} INFO - Setting next_dagrun for example_external_task_marker_child to None, run_after=None
[2024-11-01T02:16:54.292+0000] {logging_mixin.py:190} INFO - [2024-11-01T02:16:54.292+0000] {dag.py:4180} INFO - Setting next_dagrun for example_external_task_marker_parent to None, run_after=None
[2024-11-01T02:16:54.308+0000] {processor.py:208} INFO - Processing /home/airflow/.local/lib/python3.12/site-packages/airflow/example_dags/example_external_task_marker_dag.py took 0.070 seconds
[2024-11-01T02:17:24.887+0000] {processor.py:186} INFO - Started process (PID=407) to work on /home/airflow/.local/lib/python3.12/site-packages/airflow/example_dags/example_external_task_marker_dag.py
[2024-11-01T02:17:24.888+0000] {processor.py:914} INFO - Processing file /home/airflow/.local/lib/python3.12/site-packages/airflow/example_dags/example_external_task_marker_dag.py for tasks to queue
[2024-11-01T02:17:24.890+0000] {logging_mixin.py:190} INFO - [2024-11-01T02:17:24.889+0000] {dagbag.py:588} INFO - Filling up the DagBag from /home/airflow/.local/lib/python3.12/site-packages/airflow/example_dags/example_external_task_marker_dag.py
[2024-11-01T02:17:24.896+0000] {processor.py:925} INFO - DAG(s) 'example_external_task_marker_child', 'example_external_task_marker_parent' retrieved from /home/airflow/.local/lib/python3.12/site-packages/airflow/example_dags/example_external_task_marker_dag.py
[2024-11-01T02:17:24.915+0000] {logging_mixin.py:190} INFO - [2024-11-01T02:17:24.915+0000] {dag.py:3239} INFO - Sync 2 DAGs
[2024-11-01T02:17:24.928+0000] {logging_mixin.py:190} INFO - [2024-11-01T02:17:24.928+0000] {dag.py:4180} INFO - Setting next_dagrun for example_external_task_marker_child to None, run_after=None
[2024-11-01T02:17:24.932+0000] {logging_mixin.py:190} INFO - [2024-11-01T02:17:24.932+0000] {dag.py:4180} INFO - Setting next_dagrun for example_external_task_marker_parent to None, run_after=None
[2024-11-01T02:17:24.947+0000] {processor.py:208} INFO - Processing /home/airflow/.local/lib/python3.12/site-packages/airflow/example_dags/example_external_task_marker_dag.py took 0.065 seconds
[2024-11-01T02:17:55.442+0000] {processor.py:186} INFO - Started process (PID=470) to work on /home/airflow/.local/lib/python3.12/site-packages/airflow/example_dags/example_external_task_marker_dag.py
[2024-11-01T02:17:55.443+0000] {processor.py:914} INFO - Processing file /home/airflow/.local/lib/python3.12/site-packages/airflow/example_dags/example_external_task_marker_dag.py for tasks to queue
[2024-11-01T02:17:55.445+0000] {logging_mixin.py:190} INFO - [2024-11-01T02:17:55.445+0000] {dagbag.py:588} INFO - Filling up the DagBag from /home/airflow/.local/lib/python3.12/site-packages/airflow/example_dags/example_external_task_marker_dag.py
[2024-11-01T02:17:55.451+0000] {processor.py:925} INFO - DAG(s) 'example_external_task_marker_child', 'example_external_task_marker_parent' retrieved from /home/airflow/.local/lib/python3.12/site-packages/airflow/example_dags/example_external_task_marker_dag.py
[2024-11-01T02:17:55.471+0000] {logging_mixin.py:190} INFO - [2024-11-01T02:17:55.470+0000] {dag.py:3239} INFO - Sync 2 DAGs
[2024-11-01T02:17:55.484+0000] {logging_mixin.py:190} INFO - [2024-11-01T02:17:55.484+0000] {dag.py:4180} INFO - Setting next_dagrun for example_external_task_marker_child to None, run_after=None
[2024-11-01T02:17:55.487+0000] {logging_mixin.py:190} INFO - [2024-11-01T02:17:55.487+0000] {dag.py:4180} INFO - Setting next_dagrun for example_external_task_marker_parent to None, run_after=None
[2024-11-01T02:17:55.503+0000] {processor.py:208} INFO - Processing /home/airflow/.local/lib/python3.12/site-packages/airflow/example_dags/example_external_task_marker_dag.py took 0.066 seconds
[2024-11-01T02:18:25.869+0000] {processor.py:186} INFO - Started process (PID=533) to work on /home/airflow/.local/lib/python3.12/site-packages/airflow/example_dags/example_external_task_marker_dag.py
[2024-11-01T02:18:25.870+0000] {processor.py:914} INFO - Processing file /home/airflow/.local/lib/python3.12/site-packages/airflow/example_dags/example_external_task_marker_dag.py for tasks to queue
[2024-11-01T02:18:25.871+0000] {logging_mixin.py:190} INFO - [2024-11-01T02:18:25.871+0000] {dagbag.py:588} INFO - Filling up the DagBag from /home/airflow/.local/lib/python3.12/site-packages/airflow/example_dags/example_external_task_marker_dag.py
[2024-11-01T02:18:25.878+0000] {processor.py:925} INFO - DAG(s) 'example_external_task_marker_child', 'example_external_task_marker_parent' retrieved from /home/airflow/.local/lib/python3.12/site-packages/airflow/example_dags/example_external_task_marker_dag.py
[2024-11-01T02:18:25.897+0000] {logging_mixin.py:190} INFO - [2024-11-01T02:18:25.897+0000] {dag.py:3239} INFO - Sync 2 DAGs
[2024-11-01T02:18:25.910+0000] {logging_mixin.py:190} INFO - [2024-11-01T02:18:25.909+0000] {dag.py:4180} INFO - Setting next_dagrun for example_external_task_marker_child to None, run_after=None
[2024-11-01T02:18:25.913+0000] {logging_mixin.py:190} INFO - [2024-11-01T02:18:25.913+0000] {dag.py:4180} INFO - Setting next_dagrun for example_external_task_marker_parent to None, run_after=None
[2024-11-01T02:18:25.929+0000] {processor.py:208} INFO - Processing /home/airflow/.local/lib/python3.12/site-packages/airflow/example_dags/example_external_task_marker_dag.py took 0.065 seconds
[2024-11-01T02:18:56.478+0000] {processor.py:186} INFO - Started process (PID=596) to work on /home/airflow/.local/lib/python3.12/site-packages/airflow/example_dags/example_external_task_marker_dag.py
[2024-11-01T02:18:56.479+0000] {processor.py:914} INFO - Processing file /home/airflow/.local/lib/python3.12/site-packages/airflow/example_dags/example_external_task_marker_dag.py for tasks to queue
[2024-11-01T02:18:56.481+0000] {logging_mixin.py:190} INFO - [2024-11-01T02:18:56.481+0000] {dagbag.py:588} INFO - Filling up the DagBag from /home/airflow/.local/lib/python3.12/site-packages/airflow/example_dags/example_external_task_marker_dag.py
[2024-11-01T02:18:56.487+0000] {processor.py:925} INFO - DAG(s) 'example_external_task_marker_child', 'example_external_task_marker_parent' retrieved from /home/airflow/.local/lib/python3.12/site-packages/airflow/example_dags/example_external_task_marker_dag.py
[2024-11-01T02:18:56.509+0000] {logging_mixin.py:190} INFO - [2024-11-01T02:18:56.509+0000] {dag.py:3239} INFO - Sync 2 DAGs
[2024-11-01T02:18:56.522+0000] {logging_mixin.py:190} INFO - [2024-11-01T02:18:56.522+0000] {dag.py:4180} INFO - Setting next_dagrun for example_external_task_marker_child to None, run_after=None
[2024-11-01T02:18:56.526+0000] {logging_mixin.py:190} INFO - [2024-11-01T02:18:56.526+0000] {dag.py:4180} INFO - Setting next_dagrun for example_external_task_marker_parent to None, run_after=None
[2024-11-01T02:18:56.540+0000] {processor.py:208} INFO - Processing /home/airflow/.local/lib/python3.12/site-packages/airflow/example_dags/example_external_task_marker_dag.py took 0.068 seconds
[2024-11-01T02:19:27.033+0000] {processor.py:186} INFO - Started process (PID=659) to work on /home/airflow/.local/lib/python3.12/site-packages/airflow/example_dags/example_external_task_marker_dag.py
[2024-11-01T02:19:27.034+0000] {processor.py:914} INFO - Processing file /home/airflow/.local/lib/python3.12/site-packages/airflow/example_dags/example_external_task_marker_dag.py for tasks to queue
[2024-11-01T02:19:27.036+0000] {logging_mixin.py:190} INFO - [2024-11-01T02:19:27.036+0000] {dagbag.py:588} INFO - Filling up the DagBag from /home/airflow/.local/lib/python3.12/site-packages/airflow/example_dags/example_external_task_marker_dag.py
[2024-11-01T02:19:27.043+0000] {processor.py:925} INFO - DAG(s) 'example_external_task_marker_parent', 'example_external_task_marker_child' retrieved from /home/airflow/.local/lib/python3.12/site-packages/airflow/example_dags/example_external_task_marker_dag.py
[2024-11-01T02:19:27.064+0000] {logging_mixin.py:190} INFO - [2024-11-01T02:19:27.064+0000] {dag.py:3239} INFO - Sync 2 DAGs
[2024-11-01T02:19:27.077+0000] {logging_mixin.py:190} INFO - [2024-11-01T02:19:27.077+0000] {dag.py:4180} INFO - Setting next_dagrun for example_external_task_marker_child to None, run_after=None
[2024-11-01T02:19:27.081+0000] {logging_mixin.py:190} INFO - [2024-11-01T02:19:27.081+0000] {dag.py:4180} INFO - Setting next_dagrun for example_external_task_marker_parent to None, run_after=None
[2024-11-01T02:19:27.096+0000] {processor.py:208} INFO - Processing /home/airflow/.local/lib/python3.12/site-packages/airflow/example_dags/example_external_task_marker_dag.py took 0.068 seconds
[2024-11-01T02:19:57.665+0000] {processor.py:186} INFO - Started process (PID=722) to work on /home/airflow/.local/lib/python3.12/site-packages/airflow/example_dags/example_external_task_marker_dag.py
[2024-11-01T02:19:57.665+0000] {processor.py:914} INFO - Processing file /home/airflow/.local/lib/python3.12/site-packages/airflow/example_dags/example_external_task_marker_dag.py for tasks to queue
[2024-11-01T02:19:57.667+0000] {logging_mixin.py:190} INFO - [2024-11-01T02:19:57.667+0000] {dagbag.py:588} INFO - Filling up the DagBag from /home/airflow/.local/lib/python3.12/site-packages/airflow/example_dags/example_external_task_marker_dag.py
[2024-11-01T02:19:57.674+0000] {processor.py:925} INFO - DAG(s) 'example_external_task_marker_parent', 'example_external_task_marker_child' retrieved from /home/airflow/.local/lib/python3.12/site-packages/airflow/example_dags/example_external_task_marker_dag.py
[2024-11-01T02:19:57.693+0000] {logging_mixin.py:190} INFO - [2024-11-01T02:19:57.693+0000] {dag.py:3239} INFO - Sync 2 DAGs
[2024-11-01T02:19:57.706+0000] {logging_mixin.py:190} INFO - [2024-11-01T02:19:57.706+0000] {dag.py:4180} INFO - Setting next_dagrun for example_external_task_marker_child to None, run_after=None
[2024-11-01T02:19:57.710+0000] {logging_mixin.py:190} INFO - [2024-11-01T02:19:57.710+0000] {dag.py:4180} INFO - Setting next_dagrun for example_external_task_marker_parent to None, run_after=None
[2024-11-01T02:19:57.726+0000] {processor.py:208} INFO - Processing /home/airflow/.local/lib/python3.12/site-packages/airflow/example_dags/example_external_task_marker_dag.py took 0.066 seconds
[2024-11-01T02:20:28.398+0000] {processor.py:186} INFO - Started process (PID=785) to work on /home/airflow/.local/lib/python3.12/site-packages/airflow/example_dags/example_external_task_marker_dag.py
[2024-11-01T02:20:28.399+0000] {processor.py:914} INFO - Processing file /home/airflow/.local/lib/python3.12/site-packages/airflow/example_dags/example_external_task_marker_dag.py for tasks to queue
[2024-11-01T02:20:28.401+0000] {logging_mixin.py:190} INFO - [2024-11-01T02:20:28.400+0000] {dagbag.py:588} INFO - Filling up the DagBag from /home/airflow/.local/lib/python3.12/site-packages/airflow/example_dags/example_external_task_marker_dag.py
[2024-11-01T02:20:28.408+0000] {processor.py:925} INFO - DAG(s) 'example_external_task_marker_parent', 'example_external_task_marker_child' retrieved from /home/airflow/.local/lib/python3.12/site-packages/airflow/example_dags/example_external_task_marker_dag.py
[2024-11-01T02:20:28.428+0000] {logging_mixin.py:190} INFO - [2024-11-01T02:20:28.428+0000] {dag.py:3239} INFO - Sync 2 DAGs
[2024-11-01T02:20:28.446+0000] {logging_mixin.py:190} INFO - [2024-11-01T02:20:28.446+0000] {dag.py:4180} INFO - Setting next_dagrun for example_external_task_marker_child to None, run_after=None
[2024-11-01T02:20:28.454+0000] {logging_mixin.py:190} INFO - [2024-11-01T02:20:28.453+0000] {dag.py:4180} INFO - Setting next_dagrun for example_external_task_marker_parent to None, run_after=None
[2024-11-01T02:20:28.474+0000] {processor.py:208} INFO - Processing /home/airflow/.local/lib/python3.12/site-packages/airflow/example_dags/example_external_task_marker_dag.py took 0.082 seconds
[2024-11-01T02:20:59.312+0000] {processor.py:186} INFO - Started process (PID=848) to work on /home/airflow/.local/lib/python3.12/site-packages/airflow/example_dags/example_external_task_marker_dag.py
[2024-11-01T02:20:59.313+0000] {processor.py:914} INFO - Processing file /home/airflow/.local/lib/python3.12/site-packages/airflow/example_dags/example_external_task_marker_dag.py for tasks to queue
[2024-11-01T02:20:59.314+0000] {logging_mixin.py:190} INFO - [2024-11-01T02:20:59.314+0000] {dagbag.py:588} INFO - Filling up the DagBag from /home/airflow/.local/lib/python3.12/site-packages/airflow/example_dags/example_external_task_marker_dag.py
[2024-11-01T02:20:59.323+0000] {processor.py:925} INFO - DAG(s) 'example_external_task_marker_parent', 'example_external_task_marker_child' retrieved from /home/airflow/.local/lib/python3.12/site-packages/airflow/example_dags/example_external_task_marker_dag.py
[2024-11-01T02:20:59.345+0000] {logging_mixin.py:190} INFO - [2024-11-01T02:20:59.345+0000] {dag.py:3239} INFO - Sync 2 DAGs
[2024-11-01T02:20:59.359+0000] {logging_mixin.py:190} INFO - [2024-11-01T02:20:59.359+0000] {dag.py:4180} INFO - Setting next_dagrun for example_external_task_marker_child to None, run_after=None
[2024-11-01T02:20:59.363+0000] {logging_mixin.py:190} INFO - [2024-11-01T02:20:59.363+0000] {dag.py:4180} INFO - Setting next_dagrun for example_external_task_marker_parent to None, run_after=None
[2024-11-01T02:20:59.379+0000] {processor.py:208} INFO - Processing /home/airflow/.local/lib/python3.12/site-packages/airflow/example_dags/example_external_task_marker_dag.py took 0.073 seconds
[2024-11-01T02:21:30.393+0000] {processor.py:186} INFO - Started process (PID=911) to work on /home/airflow/.local/lib/python3.12/site-packages/airflow/example_dags/example_external_task_marker_dag.py
[2024-11-01T02:21:30.393+0000] {processor.py:914} INFO - Processing file /home/airflow/.local/lib/python3.12/site-packages/airflow/example_dags/example_external_task_marker_dag.py for tasks to queue
[2024-11-01T02:21:30.396+0000] {logging_mixin.py:190} INFO - [2024-11-01T02:21:30.395+0000] {dagbag.py:588} INFO - Filling up the DagBag from /home/airflow/.local/lib/python3.12/site-packages/airflow/example_dags/example_external_task_marker_dag.py
[2024-11-01T02:21:30.402+0000] {processor.py:925} INFO - DAG(s) 'example_external_task_marker_child', 'example_external_task_marker_parent' retrieved from /home/airflow/.local/lib/python3.12/site-packages/airflow/example_dags/example_external_task_marker_dag.py
[2024-11-01T02:21:30.423+0000] {logging_mixin.py:190} INFO - [2024-11-01T02:21:30.423+0000] {dag.py:3239} INFO - Sync 2 DAGs
[2024-11-01T02:21:30.435+0000] {logging_mixin.py:190} INFO - [2024-11-01T02:21:30.435+0000] {dag.py:4180} INFO - Setting next_dagrun for example_external_task_marker_child to None, run_after=None
[2024-11-01T02:21:30.440+0000] {logging_mixin.py:190} INFO - [2024-11-01T02:21:30.439+0000] {dag.py:4180} INFO - Setting next_dagrun for example_external_task_marker_parent to None, run_after=None
[2024-11-01T02:21:30.456+0000] {processor.py:208} INFO - Processing /home/airflow/.local/lib/python3.12/site-packages/airflow/example_dags/example_external_task_marker_dag.py took 0.068 seconds
[2024-11-01T02:22:01.249+0000] {processor.py:186} INFO - Started process (PID=974) to work on /home/airflow/.local/lib/python3.12/site-packages/airflow/example_dags/example_external_task_marker_dag.py
[2024-11-01T02:22:01.250+0000] {processor.py:914} INFO - Processing file /home/airflow/.local/lib/python3.12/site-packages/airflow/example_dags/example_external_task_marker_dag.py for tasks to queue
[2024-11-01T02:22:01.252+0000] {logging_mixin.py:190} INFO - [2024-11-01T02:22:01.251+0000] {dagbag.py:588} INFO - Filling up the DagBag from /home/airflow/.local/lib/python3.12/site-packages/airflow/example_dags/example_external_task_marker_dag.py
[2024-11-01T02:22:01.258+0000] {processor.py:925} INFO - DAG(s) 'example_external_task_marker_child', 'example_external_task_marker_parent' retrieved from /home/airflow/.local/lib/python3.12/site-packages/airflow/example_dags/example_external_task_marker_dag.py
[2024-11-01T02:22:01.279+0000] {logging_mixin.py:190} INFO - [2024-11-01T02:22:01.278+0000] {dag.py:3239} INFO - Sync 2 DAGs
[2024-11-01T02:22:01.292+0000] {logging_mixin.py:190} INFO - [2024-11-01T02:22:01.292+0000] {dag.py:4180} INFO - Setting next_dagrun for example_external_task_marker_child to None, run_after=None
[2024-11-01T02:22:01.295+0000] {logging_mixin.py:190} INFO - [2024-11-01T02:22:01.295+0000] {dag.py:4180} INFO - Setting next_dagrun for example_external_task_marker_parent to None, run_after=None
[2024-11-01T02:22:01.311+0000] {processor.py:208} INFO - Processing /home/airflow/.local/lib/python3.12/site-packages/airflow/example_dags/example_external_task_marker_dag.py took 0.067 seconds
[2024-11-01T02:22:31.851+0000] {processor.py:186} INFO - Started process (PID=1037) to work on /home/airflow/.local/lib/python3.12/site-packages/airflow/example_dags/example_external_task_marker_dag.py
[2024-11-01T02:22:31.852+0000] {processor.py:914} INFO - Processing file /home/airflow/.local/lib/python3.12/site-packages/airflow/example_dags/example_external_task_marker_dag.py for tasks to queue
[2024-11-01T02:22:31.854+0000] {logging_mixin.py:190} INFO - [2024-11-01T02:22:31.854+0000] {dagbag.py:588} INFO - Filling up the DagBag from /home/airflow/.local/lib/python3.12/site-packages/airflow/example_dags/example_external_task_marker_dag.py
[2024-11-01T02:22:31.861+0000] {processor.py:925} INFO - DAG(s) 'example_external_task_marker_child', 'example_external_task_marker_parent' retrieved from /home/airflow/.local/lib/python3.12/site-packages/airflow/example_dags/example_external_task_marker_dag.py
[2024-11-01T02:22:31.881+0000] {logging_mixin.py:190} INFO - [2024-11-01T02:22:31.881+0000] {dag.py:3239} INFO - Sync 2 DAGs
[2024-11-01T02:22:31.899+0000] {logging_mixin.py:190} INFO - [2024-11-01T02:22:31.898+0000] {dag.py:4180} INFO - Setting next_dagrun for example_external_task_marker_child to None, run_after=None
[2024-11-01T02:22:31.906+0000] {logging_mixin.py:190} INFO - [2024-11-01T02:22:31.906+0000] {dag.py:4180} INFO - Setting next_dagrun for example_external_task_marker_parent to None, run_after=None
[2024-11-01T02:22:31.927+0000] {processor.py:208} INFO - Processing /home/airflow/.local/lib/python3.12/site-packages/airflow/example_dags/example_external_task_marker_dag.py took 0.081 seconds
[2024-11-01T02:23:02.699+0000] {processor.py:186} INFO - Started process (PID=1100) to work on /home/airflow/.local/lib/python3.12/site-packages/airflow/example_dags/example_external_task_marker_dag.py
[2024-11-01T02:23:02.699+0000] {processor.py:914} INFO - Processing file /home/airflow/.local/lib/python3.12/site-packages/airflow/example_dags/example_external_task_marker_dag.py for tasks to queue
[2024-11-01T02:23:02.702+0000] {logging_mixin.py:190} INFO - [2024-11-01T02:23:02.701+0000] {dagbag.py:588} INFO - Filling up the DagBag from /home/airflow/.local/lib/python3.12/site-packages/airflow/example_dags/example_external_task_marker_dag.py
[2024-11-01T02:23:02.708+0000] {processor.py:925} INFO - DAG(s) 'example_external_task_marker_parent', 'example_external_task_marker_child' retrieved from /home/airflow/.local/lib/python3.12/site-packages/airflow/example_dags/example_external_task_marker_dag.py
[2024-11-01T02:23:02.726+0000] {logging_mixin.py:190} INFO - [2024-11-01T02:23:02.726+0000] {dag.py:3239} INFO - Sync 2 DAGs
[2024-11-01T02:23:02.739+0000] {logging_mixin.py:190} INFO - [2024-11-01T02:23:02.739+0000] {dag.py:4180} INFO - Setting next_dagrun for example_external_task_marker_child to None, run_after=None
[2024-11-01T02:23:02.743+0000] {logging_mixin.py:190} INFO - [2024-11-01T02:23:02.743+0000] {dag.py:4180} INFO - Setting next_dagrun for example_external_task_marker_parent to None, run_after=None
[2024-11-01T02:23:02.758+0000] {processor.py:208} INFO - Processing /home/airflow/.local/lib/python3.12/site-packages/airflow/example_dags/example_external_task_marker_dag.py took 0.064 seconds
[2024-11-01T02:23:33.303+0000] {processor.py:186} INFO - Started process (PID=1163) to work on /home/airflow/.local/lib/python3.12/site-packages/airflow/example_dags/example_external_task_marker_dag.py
[2024-11-01T02:23:33.303+0000] {processor.py:914} INFO - Processing file /home/airflow/.local/lib/python3.12/site-packages/airflow/example_dags/example_external_task_marker_dag.py for tasks to queue
[2024-11-01T02:23:33.305+0000] {logging_mixin.py:190} INFO - [2024-11-01T02:23:33.305+0000] {dagbag.py:588} INFO - Filling up the DagBag from /home/airflow/.local/lib/python3.12/site-packages/airflow/example_dags/example_external_task_marker_dag.py
[2024-11-01T02:23:33.312+0000] {processor.py:925} INFO - DAG(s) 'example_external_task_marker_child', 'example_external_task_marker_parent' retrieved from /home/airflow/.local/lib/python3.12/site-packages/airflow/example_dags/example_external_task_marker_dag.py
[2024-11-01T02:23:33.331+0000] {logging_mixin.py:190} INFO - [2024-11-01T02:23:33.331+0000] {dag.py:3239} INFO - Sync 2 DAGs
[2024-11-01T02:23:33.343+0000] {logging_mixin.py:190} INFO - [2024-11-01T02:23:33.343+0000] {dag.py:4180} INFO - Setting next_dagrun for example_external_task_marker_child to None, run_after=None
[2024-11-01T02:23:33.347+0000] {logging_mixin.py:190} INFO - [2024-11-01T02:23:33.347+0000] {dag.py:4180} INFO - Setting next_dagrun for example_external_task_marker_parent to None, run_after=None
[2024-11-01T02:23:33.363+0000] {processor.py:208} INFO - Processing /home/airflow/.local/lib/python3.12/site-packages/airflow/example_dags/example_external_task_marker_dag.py took 0.066 seconds
