[2024-11-01T02:04:29.483+0000] {processor.py:186} INFO - Started process (PID=68) to work on /home/airflow/.local/lib/python3.12/site-packages/airflow/example_dags/example_inlet_event_extra.py
[2024-11-01T02:04:29.484+0000] {processor.py:914} INFO - Processing file /home/airflow/.local/lib/python3.12/site-packages/airflow/example_dags/example_inlet_event_extra.py for tasks to queue
[2024-11-01T02:04:29.486+0000] {logging_mixin.py:190} INFO - [2024-11-01T02:04:29.485+0000] {dagbag.py:588} INFO - Filling up the DagBag from /home/airflow/.local/lib/python3.12/site-packages/airflow/example_dags/example_inlet_event_extra.py
[2024-11-01T02:04:29.972+0000] {processor.py:925} INFO - DAG(s) 'read_dataset_event_from_classic', 'read_dataset_event' retrieved from /home/airflow/.local/lib/python3.12/site-packages/airflow/example_dags/example_inlet_event_extra.py
[2024-11-01T02:04:30.077+0000] {logging_mixin.py:190} INFO - [2024-11-01T02:04:30.076+0000] {override.py:1900} INFO - Created Permission View: can edit on DAG:read_dataset_event_from_classic
[2024-11-01T02:04:30.088+0000] {logging_mixin.py:190} INFO - [2024-11-01T02:04:30.087+0000] {override.py:1900} INFO - Created Permission View: can read on DAG:read_dataset_event_from_classic
[2024-11-01T02:04:30.094+0000] {logging_mixin.py:190} INFO - [2024-11-01T02:04:30.094+0000] {override.py:1900} INFO - Created Permission View: can delete on DAG:read_dataset_event_from_classic
[2024-11-01T02:04:30.102+0000] {logging_mixin.py:190} INFO - [2024-11-01T02:04:30.102+0000] {override.py:1900} INFO - Created Permission View: can delete on DAG Run:read_dataset_event_from_classic
[2024-11-01T02:04:30.109+0000] {logging_mixin.py:190} INFO - [2024-11-01T02:04:30.109+0000] {override.py:1900} INFO - Created Permission View: can read on DAG Run:read_dataset_event_from_classic
[2024-11-01T02:04:30.116+0000] {logging_mixin.py:190} INFO - [2024-11-01T02:04:30.115+0000] {override.py:1900} INFO - Created Permission View: can create on DAG Run:read_dataset_event_from_classic
[2024-11-01T02:04:30.122+0000] {logging_mixin.py:190} INFO - [2024-11-01T02:04:30.122+0000] {override.py:1900} INFO - Created Permission View: menu access on DAG Run:read_dataset_event_from_classic
[2024-11-01T02:04:30.135+0000] {logging_mixin.py:190} INFO - [2024-11-01T02:04:30.134+0000] {override.py:1900} INFO - Created Permission View: can edit on DAG:read_dataset_event
[2024-11-01T02:04:30.141+0000] {logging_mixin.py:190} INFO - [2024-11-01T02:04:30.141+0000] {override.py:1900} INFO - Created Permission View: can read on DAG:read_dataset_event
[2024-11-01T02:04:30.148+0000] {logging_mixin.py:190} INFO - [2024-11-01T02:04:30.147+0000] {override.py:1900} INFO - Created Permission View: can delete on DAG:read_dataset_event
[2024-11-01T02:04:30.156+0000] {logging_mixin.py:190} INFO - [2024-11-01T02:04:30.156+0000] {override.py:1900} INFO - Created Permission View: can delete on DAG Run:read_dataset_event
[2024-11-01T02:04:30.163+0000] {logging_mixin.py:190} INFO - [2024-11-01T02:04:30.163+0000] {override.py:1900} INFO - Created Permission View: can read on DAG Run:read_dataset_event
[2024-11-01T02:04:30.170+0000] {logging_mixin.py:190} INFO - [2024-11-01T02:04:30.170+0000] {override.py:1900} INFO - Created Permission View: can create on DAG Run:read_dataset_event
[2024-11-01T02:04:30.177+0000] {logging_mixin.py:190} INFO - [2024-11-01T02:04:30.177+0000] {override.py:1900} INFO - Created Permission View: menu access on DAG Run:read_dataset_event
[2024-11-01T02:04:30.177+0000] {logging_mixin.py:190} INFO - [2024-11-01T02:04:30.177+0000] {dag.py:3239} INFO - Sync 2 DAGs
[2024-11-01T02:04:30.189+0000] {logging_mixin.py:190} INFO - [2024-11-01T02:04:30.189+0000] {dag.py:3262} INFO - Creating ORM DAG for read_dataset_event
[2024-11-01T02:04:30.190+0000] {logging_mixin.py:190} INFO - [2024-11-01T02:04:30.190+0000] {dag.py:3262} INFO - Creating ORM DAG for read_dataset_event_from_classic
[2024-11-01T02:04:30.201+0000] {logging_mixin.py:190} INFO - [2024-11-01T02:04:30.201+0000] {dag.py:4180} INFO - Setting next_dagrun for read_dataset_event to 2024-10-31 00:00:00+00:00, run_after=2024-11-01 00:00:00+00:00
[2024-11-01T02:04:30.203+0000] {logging_mixin.py:190} INFO - [2024-11-01T02:04:30.203+0000] {dag.py:4180} INFO - Setting next_dagrun for read_dataset_event_from_classic to 2024-10-31 00:00:00+00:00, run_after=2024-11-01 00:00:00+00:00
[2024-11-01T02:04:30.222+0000] {processor.py:208} INFO - Processing /home/airflow/.local/lib/python3.12/site-packages/airflow/example_dags/example_inlet_event_extra.py took 0.743 seconds
[2024-11-01T02:05:01.155+0000] {processor.py:186} INFO - Started process (PID=132) to work on /home/airflow/.local/lib/python3.12/site-packages/airflow/example_dags/example_inlet_event_extra.py
[2024-11-01T02:05:01.157+0000] {processor.py:914} INFO - Processing file /home/airflow/.local/lib/python3.12/site-packages/airflow/example_dags/example_inlet_event_extra.py for tasks to queue
[2024-11-01T02:05:01.159+0000] {logging_mixin.py:190} INFO - [2024-11-01T02:05:01.159+0000] {dagbag.py:588} INFO - Filling up the DagBag from /home/airflow/.local/lib/python3.12/site-packages/airflow/example_dags/example_inlet_event_extra.py
[2024-11-01T02:05:01.282+0000] {processor.py:925} INFO - DAG(s) 'read_dataset_event_from_classic', 'read_dataset_event' retrieved from /home/airflow/.local/lib/python3.12/site-packages/airflow/example_dags/example_inlet_event_extra.py
[2024-11-01T02:05:01.301+0000] {logging_mixin.py:190} INFO - [2024-11-01T02:05:01.301+0000] {dag.py:3239} INFO - Sync 2 DAGs
[2024-11-01T02:05:01.322+0000] {logging_mixin.py:190} INFO - [2024-11-01T02:05:01.322+0000] {dag.py:4180} INFO - Setting next_dagrun for read_dataset_event to 2024-10-31 00:00:00+00:00, run_after=2024-11-01 00:00:00+00:00
[2024-11-01T02:05:01.327+0000] {logging_mixin.py:190} INFO - [2024-11-01T02:05:01.327+0000] {dag.py:4180} INFO - Setting next_dagrun for read_dataset_event_from_classic to 2024-10-31 00:00:00+00:00, run_after=2024-11-01 00:00:00+00:00
[2024-11-01T02:05:01.343+0000] {processor.py:208} INFO - Processing /home/airflow/.local/lib/python3.12/site-packages/airflow/example_dags/example_inlet_event_extra.py took 0.193 seconds
[2024-11-01T02:05:31.387+0000] {processor.py:186} INFO - Started process (PID=195) to work on /home/airflow/.local/lib/python3.12/site-packages/airflow/example_dags/example_inlet_event_extra.py
[2024-11-01T02:05:31.388+0000] {processor.py:914} INFO - Processing file /home/airflow/.local/lib/python3.12/site-packages/airflow/example_dags/example_inlet_event_extra.py for tasks to queue
[2024-11-01T02:05:31.389+0000] {logging_mixin.py:190} INFO - [2024-11-01T02:05:31.389+0000] {dagbag.py:588} INFO - Filling up the DagBag from /home/airflow/.local/lib/python3.12/site-packages/airflow/example_dags/example_inlet_event_extra.py
[2024-11-01T02:05:31.506+0000] {processor.py:925} INFO - DAG(s) 'read_dataset_event_from_classic', 'read_dataset_event' retrieved from /home/airflow/.local/lib/python3.12/site-packages/airflow/example_dags/example_inlet_event_extra.py
[2024-11-01T02:05:31.525+0000] {logging_mixin.py:190} INFO - [2024-11-01T02:05:31.525+0000] {dag.py:3239} INFO - Sync 2 DAGs
[2024-11-01T02:05:31.548+0000] {logging_mixin.py:190} INFO - [2024-11-01T02:05:31.548+0000] {dag.py:4180} INFO - Setting next_dagrun for read_dataset_event to 2024-10-31 00:00:00+00:00, run_after=2024-11-01 00:00:00+00:00
[2024-11-01T02:05:31.554+0000] {logging_mixin.py:190} INFO - [2024-11-01T02:05:31.554+0000] {dag.py:4180} INFO - Setting next_dagrun for read_dataset_event_from_classic to 2024-10-31 00:00:00+00:00, run_after=2024-11-01 00:00:00+00:00
[2024-11-01T02:05:31.567+0000] {processor.py:208} INFO - Processing /home/airflow/.local/lib/python3.12/site-packages/airflow/example_dags/example_inlet_event_extra.py took 0.185 seconds
[2024-11-01T02:06:01.783+0000] {processor.py:186} INFO - Started process (PID=256) to work on /home/airflow/.local/lib/python3.12/site-packages/airflow/example_dags/example_inlet_event_extra.py
[2024-11-01T02:06:01.784+0000] {processor.py:914} INFO - Processing file /home/airflow/.local/lib/python3.12/site-packages/airflow/example_dags/example_inlet_event_extra.py for tasks to queue
[2024-11-01T02:06:01.786+0000] {logging_mixin.py:190} INFO - [2024-11-01T02:06:01.786+0000] {dagbag.py:588} INFO - Filling up the DagBag from /home/airflow/.local/lib/python3.12/site-packages/airflow/example_dags/example_inlet_event_extra.py
[2024-11-01T02:06:01.916+0000] {processor.py:925} INFO - DAG(s) 'read_dataset_event', 'read_dataset_event_from_classic' retrieved from /home/airflow/.local/lib/python3.12/site-packages/airflow/example_dags/example_inlet_event_extra.py
[2024-11-01T02:06:01.936+0000] {logging_mixin.py:190} INFO - [2024-11-01T02:06:01.936+0000] {dag.py:3239} INFO - Sync 2 DAGs
[2024-11-01T02:06:01.958+0000] {logging_mixin.py:190} INFO - [2024-11-01T02:06:01.958+0000] {dag.py:4180} INFO - Setting next_dagrun for read_dataset_event to 2024-10-31 00:00:00+00:00, run_after=2024-11-01 00:00:00+00:00
[2024-11-01T02:06:01.963+0000] {logging_mixin.py:190} INFO - [2024-11-01T02:06:01.963+0000] {dag.py:4180} INFO - Setting next_dagrun for read_dataset_event_from_classic to 2024-10-31 00:00:00+00:00, run_after=2024-11-01 00:00:00+00:00
[2024-11-01T02:06:01.977+0000] {processor.py:208} INFO - Processing /home/airflow/.local/lib/python3.12/site-packages/airflow/example_dags/example_inlet_event_extra.py took 0.198 seconds
[2024-11-01T02:14:50.063+0000] {processor.py:186} INFO - Started process (PID=64) to work on /home/airflow/.local/lib/python3.12/site-packages/airflow/example_dags/example_inlet_event_extra.py
[2024-11-01T02:14:50.064+0000] {processor.py:914} INFO - Processing file /home/airflow/.local/lib/python3.12/site-packages/airflow/example_dags/example_inlet_event_extra.py for tasks to queue
[2024-11-01T02:14:50.066+0000] {logging_mixin.py:190} INFO - [2024-11-01T02:14:50.066+0000] {dagbag.py:588} INFO - Filling up the DagBag from /home/airflow/.local/lib/python3.12/site-packages/airflow/example_dags/example_inlet_event_extra.py
[2024-11-01T02:14:50.560+0000] {processor.py:925} INFO - DAG(s) 'read_dataset_event_from_classic', 'read_dataset_event' retrieved from /home/airflow/.local/lib/python3.12/site-packages/airflow/example_dags/example_inlet_event_extra.py
[2024-11-01T02:14:50.585+0000] {logging_mixin.py:190} INFO - [2024-11-01T02:14:50.584+0000] {dag.py:3239} INFO - Sync 2 DAGs
[2024-11-01T02:14:50.605+0000] {logging_mixin.py:190} INFO - [2024-11-01T02:14:50.605+0000] {dag.py:4180} INFO - Setting next_dagrun for read_dataset_event to 2024-10-31 00:00:00+00:00, run_after=2024-11-01 00:00:00+00:00
[2024-11-01T02:14:50.610+0000] {logging_mixin.py:190} INFO - [2024-11-01T02:14:50.610+0000] {dag.py:4180} INFO - Setting next_dagrun for read_dataset_event_from_classic to 2024-10-31 00:00:00+00:00, run_after=2024-11-01 00:00:00+00:00
[2024-11-01T02:14:50.626+0000] {processor.py:208} INFO - Processing /home/airflow/.local/lib/python3.12/site-packages/airflow/example_dags/example_inlet_event_extra.py took 0.569 seconds
[2024-11-01T02:15:21.385+0000] {processor.py:186} INFO - Started process (PID=129) to work on /home/airflow/.local/lib/python3.12/site-packages/airflow/example_dags/example_inlet_event_extra.py
[2024-11-01T02:15:21.385+0000] {processor.py:914} INFO - Processing file /home/airflow/.local/lib/python3.12/site-packages/airflow/example_dags/example_inlet_event_extra.py for tasks to queue
[2024-11-01T02:15:21.387+0000] {logging_mixin.py:190} INFO - [2024-11-01T02:15:21.387+0000] {dagbag.py:588} INFO - Filling up the DagBag from /home/airflow/.local/lib/python3.12/site-packages/airflow/example_dags/example_inlet_event_extra.py
[2024-11-01T02:15:21.511+0000] {processor.py:925} INFO - DAG(s) 'read_dataset_event_from_classic', 'read_dataset_event' retrieved from /home/airflow/.local/lib/python3.12/site-packages/airflow/example_dags/example_inlet_event_extra.py
[2024-11-01T02:15:21.533+0000] {logging_mixin.py:190} INFO - [2024-11-01T02:15:21.533+0000] {dag.py:3239} INFO - Sync 2 DAGs
[2024-11-01T02:15:21.555+0000] {logging_mixin.py:190} INFO - [2024-11-01T02:15:21.555+0000] {dag.py:4180} INFO - Setting next_dagrun for read_dataset_event to 2024-10-31 00:00:00+00:00, run_after=2024-11-01 00:00:00+00:00
[2024-11-01T02:15:21.559+0000] {logging_mixin.py:190} INFO - [2024-11-01T02:15:21.559+0000] {dag.py:4180} INFO - Setting next_dagrun for read_dataset_event_from_classic to 2024-10-31 00:00:00+00:00, run_after=2024-11-01 00:00:00+00:00
[2024-11-01T02:15:21.574+0000] {processor.py:208} INFO - Processing /home/airflow/.local/lib/python3.12/site-packages/airflow/example_dags/example_inlet_event_extra.py took 0.194 seconds
[2024-11-01T02:15:51.904+0000] {processor.py:186} INFO - Started process (PID=192) to work on /home/airflow/.local/lib/python3.12/site-packages/airflow/example_dags/example_inlet_event_extra.py
[2024-11-01T02:15:51.905+0000] {processor.py:914} INFO - Processing file /home/airflow/.local/lib/python3.12/site-packages/airflow/example_dags/example_inlet_event_extra.py for tasks to queue
[2024-11-01T02:15:51.907+0000] {logging_mixin.py:190} INFO - [2024-11-01T02:15:51.906+0000] {dagbag.py:588} INFO - Filling up the DagBag from /home/airflow/.local/lib/python3.12/site-packages/airflow/example_dags/example_inlet_event_extra.py
[2024-11-01T02:15:52.032+0000] {processor.py:925} INFO - DAG(s) 'read_dataset_event_from_classic', 'read_dataset_event' retrieved from /home/airflow/.local/lib/python3.12/site-packages/airflow/example_dags/example_inlet_event_extra.py
[2024-11-01T02:15:52.052+0000] {logging_mixin.py:190} INFO - [2024-11-01T02:15:52.052+0000] {dag.py:3239} INFO - Sync 2 DAGs
[2024-11-01T02:15:52.073+0000] {logging_mixin.py:190} INFO - [2024-11-01T02:15:52.073+0000] {dag.py:4180} INFO - Setting next_dagrun for read_dataset_event to 2024-10-31 00:00:00+00:00, run_after=2024-11-01 00:00:00+00:00
[2024-11-01T02:15:52.077+0000] {logging_mixin.py:190} INFO - [2024-11-01T02:15:52.077+0000] {dag.py:4180} INFO - Setting next_dagrun for read_dataset_event_from_classic to 2024-10-31 00:00:00+00:00, run_after=2024-11-01 00:00:00+00:00
[2024-11-01T02:15:52.093+0000] {processor.py:208} INFO - Processing /home/airflow/.local/lib/python3.12/site-packages/airflow/example_dags/example_inlet_event_extra.py took 0.194 seconds
[2024-11-01T02:16:22.399+0000] {processor.py:186} INFO - Started process (PID=255) to work on /home/airflow/.local/lib/python3.12/site-packages/airflow/example_dags/example_inlet_event_extra.py
[2024-11-01T02:16:22.400+0000] {processor.py:914} INFO - Processing file /home/airflow/.local/lib/python3.12/site-packages/airflow/example_dags/example_inlet_event_extra.py for tasks to queue
[2024-11-01T02:16:22.402+0000] {logging_mixin.py:190} INFO - [2024-11-01T02:16:22.402+0000] {dagbag.py:588} INFO - Filling up the DagBag from /home/airflow/.local/lib/python3.12/site-packages/airflow/example_dags/example_inlet_event_extra.py
[2024-11-01T02:16:22.548+0000] {processor.py:925} INFO - DAG(s) 'read_dataset_event', 'read_dataset_event_from_classic' retrieved from /home/airflow/.local/lib/python3.12/site-packages/airflow/example_dags/example_inlet_event_extra.py
[2024-11-01T02:16:22.565+0000] {logging_mixin.py:190} INFO - [2024-11-01T02:16:22.565+0000] {dag.py:3239} INFO - Sync 2 DAGs
[2024-11-01T02:16:22.589+0000] {logging_mixin.py:190} INFO - [2024-11-01T02:16:22.588+0000] {dag.py:4180} INFO - Setting next_dagrun for read_dataset_event to 2024-10-31 00:00:00+00:00, run_after=2024-11-01 00:00:00+00:00
[2024-11-01T02:16:22.594+0000] {logging_mixin.py:190} INFO - [2024-11-01T02:16:22.594+0000] {dag.py:4180} INFO - Setting next_dagrun for read_dataset_event_from_classic to 2024-10-31 00:00:00+00:00, run_after=2024-11-01 00:00:00+00:00
[2024-11-01T02:16:22.610+0000] {processor.py:208} INFO - Processing /home/airflow/.local/lib/python3.12/site-packages/airflow/example_dags/example_inlet_event_extra.py took 0.217 seconds
[2024-11-01T02:16:52.984+0000] {processor.py:186} INFO - Started process (PID=318) to work on /home/airflow/.local/lib/python3.12/site-packages/airflow/example_dags/example_inlet_event_extra.py
[2024-11-01T02:16:52.985+0000] {processor.py:914} INFO - Processing file /home/airflow/.local/lib/python3.12/site-packages/airflow/example_dags/example_inlet_event_extra.py for tasks to queue
[2024-11-01T02:16:52.986+0000] {logging_mixin.py:190} INFO - [2024-11-01T02:16:52.986+0000] {dagbag.py:588} INFO - Filling up the DagBag from /home/airflow/.local/lib/python3.12/site-packages/airflow/example_dags/example_inlet_event_extra.py
[2024-11-01T02:16:53.107+0000] {processor.py:925} INFO - DAG(s) 'read_dataset_event_from_classic', 'read_dataset_event' retrieved from /home/airflow/.local/lib/python3.12/site-packages/airflow/example_dags/example_inlet_event_extra.py
[2024-11-01T02:16:53.125+0000] {logging_mixin.py:190} INFO - [2024-11-01T02:16:53.124+0000] {dag.py:3239} INFO - Sync 2 DAGs
[2024-11-01T02:16:53.147+0000] {logging_mixin.py:190} INFO - [2024-11-01T02:16:53.146+0000] {dag.py:4180} INFO - Setting next_dagrun for read_dataset_event to 2024-10-31 00:00:00+00:00, run_after=2024-11-01 00:00:00+00:00
[2024-11-01T02:16:53.151+0000] {logging_mixin.py:190} INFO - [2024-11-01T02:16:53.151+0000] {dag.py:4180} INFO - Setting next_dagrun for read_dataset_event_from_classic to 2024-10-31 00:00:00+00:00, run_after=2024-11-01 00:00:00+00:00
[2024-11-01T02:16:53.166+0000] {processor.py:208} INFO - Processing /home/airflow/.local/lib/python3.12/site-packages/airflow/example_dags/example_inlet_event_extra.py took 0.187 seconds
[2024-11-01T02:17:23.753+0000] {processor.py:186} INFO - Started process (PID=387) to work on /home/airflow/.local/lib/python3.12/site-packages/airflow/example_dags/example_inlet_event_extra.py
[2024-11-01T02:17:23.754+0000] {processor.py:914} INFO - Processing file /home/airflow/.local/lib/python3.12/site-packages/airflow/example_dags/example_inlet_event_extra.py for tasks to queue
[2024-11-01T02:17:23.756+0000] {logging_mixin.py:190} INFO - [2024-11-01T02:17:23.755+0000] {dagbag.py:588} INFO - Filling up the DagBag from /home/airflow/.local/lib/python3.12/site-packages/airflow/example_dags/example_inlet_event_extra.py
[2024-11-01T02:17:23.881+0000] {processor.py:925} INFO - DAG(s) 'read_dataset_event', 'read_dataset_event_from_classic' retrieved from /home/airflow/.local/lib/python3.12/site-packages/airflow/example_dags/example_inlet_event_extra.py
[2024-11-01T02:17:23.898+0000] {logging_mixin.py:190} INFO - [2024-11-01T02:17:23.898+0000] {dag.py:3239} INFO - Sync 2 DAGs
[2024-11-01T02:17:23.920+0000] {logging_mixin.py:190} INFO - [2024-11-01T02:17:23.920+0000] {dag.py:4180} INFO - Setting next_dagrun for read_dataset_event to 2024-10-31 00:00:00+00:00, run_after=2024-11-01 00:00:00+00:00
[2024-11-01T02:17:23.925+0000] {logging_mixin.py:190} INFO - [2024-11-01T02:17:23.925+0000] {dag.py:4180} INFO - Setting next_dagrun for read_dataset_event_from_classic to 2024-10-31 00:00:00+00:00, run_after=2024-11-01 00:00:00+00:00
[2024-11-01T02:17:23.940+0000] {processor.py:208} INFO - Processing /home/airflow/.local/lib/python3.12/site-packages/airflow/example_dags/example_inlet_event_extra.py took 0.191 seconds
[2024-11-01T02:17:54.253+0000] {processor.py:186} INFO - Started process (PID=450) to work on /home/airflow/.local/lib/python3.12/site-packages/airflow/example_dags/example_inlet_event_extra.py
[2024-11-01T02:17:54.254+0000] {processor.py:914} INFO - Processing file /home/airflow/.local/lib/python3.12/site-packages/airflow/example_dags/example_inlet_event_extra.py for tasks to queue
[2024-11-01T02:17:54.255+0000] {logging_mixin.py:190} INFO - [2024-11-01T02:17:54.255+0000] {dagbag.py:588} INFO - Filling up the DagBag from /home/airflow/.local/lib/python3.12/site-packages/airflow/example_dags/example_inlet_event_extra.py
[2024-11-01T02:17:54.379+0000] {processor.py:925} INFO - DAG(s) 'read_dataset_event_from_classic', 'read_dataset_event' retrieved from /home/airflow/.local/lib/python3.12/site-packages/airflow/example_dags/example_inlet_event_extra.py
[2024-11-01T02:17:54.397+0000] {logging_mixin.py:190} INFO - [2024-11-01T02:17:54.397+0000] {dag.py:3239} INFO - Sync 2 DAGs
[2024-11-01T02:17:54.418+0000] {logging_mixin.py:190} INFO - [2024-11-01T02:17:54.418+0000] {dag.py:4180} INFO - Setting next_dagrun for read_dataset_event to 2024-10-31 00:00:00+00:00, run_after=2024-11-01 00:00:00+00:00
[2024-11-01T02:17:54.424+0000] {logging_mixin.py:190} INFO - [2024-11-01T02:17:54.424+0000] {dag.py:4180} INFO - Setting next_dagrun for read_dataset_event_from_classic to 2024-10-31 00:00:00+00:00, run_after=2024-11-01 00:00:00+00:00
[2024-11-01T02:17:54.453+0000] {processor.py:208} INFO - Processing /home/airflow/.local/lib/python3.12/site-packages/airflow/example_dags/example_inlet_event_extra.py took 0.205 seconds
[2024-11-01T02:18:24.654+0000] {processor.py:186} INFO - Started process (PID=513) to work on /home/airflow/.local/lib/python3.12/site-packages/airflow/example_dags/example_inlet_event_extra.py
[2024-11-01T02:18:24.655+0000] {processor.py:914} INFO - Processing file /home/airflow/.local/lib/python3.12/site-packages/airflow/example_dags/example_inlet_event_extra.py for tasks to queue
[2024-11-01T02:18:24.657+0000] {logging_mixin.py:190} INFO - [2024-11-01T02:18:24.656+0000] {dagbag.py:588} INFO - Filling up the DagBag from /home/airflow/.local/lib/python3.12/site-packages/airflow/example_dags/example_inlet_event_extra.py
[2024-11-01T02:18:24.790+0000] {processor.py:925} INFO - DAG(s) 'read_dataset_event', 'read_dataset_event_from_classic' retrieved from /home/airflow/.local/lib/python3.12/site-packages/airflow/example_dags/example_inlet_event_extra.py
[2024-11-01T02:18:24.809+0000] {logging_mixin.py:190} INFO - [2024-11-01T02:18:24.809+0000] {dag.py:3239} INFO - Sync 2 DAGs
[2024-11-01T02:18:24.831+0000] {logging_mixin.py:190} INFO - [2024-11-01T02:18:24.831+0000] {dag.py:4180} INFO - Setting next_dagrun for read_dataset_event to 2024-10-31 00:00:00+00:00, run_after=2024-11-01 00:00:00+00:00
[2024-11-01T02:18:24.836+0000] {logging_mixin.py:190} INFO - [2024-11-01T02:18:24.836+0000] {dag.py:4180} INFO - Setting next_dagrun for read_dataset_event_from_classic to 2024-10-31 00:00:00+00:00, run_after=2024-11-01 00:00:00+00:00
[2024-11-01T02:18:24.851+0000] {processor.py:208} INFO - Processing /home/airflow/.local/lib/python3.12/site-packages/airflow/example_dags/example_inlet_event_extra.py took 0.203 seconds
[2024-11-01T02:18:55.144+0000] {processor.py:186} INFO - Started process (PID=576) to work on /home/airflow/.local/lib/python3.12/site-packages/airflow/example_dags/example_inlet_event_extra.py
[2024-11-01T02:18:55.145+0000] {processor.py:914} INFO - Processing file /home/airflow/.local/lib/python3.12/site-packages/airflow/example_dags/example_inlet_event_extra.py for tasks to queue
[2024-11-01T02:18:55.147+0000] {logging_mixin.py:190} INFO - [2024-11-01T02:18:55.146+0000] {dagbag.py:588} INFO - Filling up the DagBag from /home/airflow/.local/lib/python3.12/site-packages/airflow/example_dags/example_inlet_event_extra.py
[2024-11-01T02:18:55.289+0000] {processor.py:925} INFO - DAG(s) 'read_dataset_event_from_classic', 'read_dataset_event' retrieved from /home/airflow/.local/lib/python3.12/site-packages/airflow/example_dags/example_inlet_event_extra.py
[2024-11-01T02:18:55.308+0000] {logging_mixin.py:190} INFO - [2024-11-01T02:18:55.307+0000] {dag.py:3239} INFO - Sync 2 DAGs
[2024-11-01T02:18:55.330+0000] {logging_mixin.py:190} INFO - [2024-11-01T02:18:55.330+0000] {dag.py:4180} INFO - Setting next_dagrun for read_dataset_event to 2024-10-31 00:00:00+00:00, run_after=2024-11-01 00:00:00+00:00
[2024-11-01T02:18:55.335+0000] {logging_mixin.py:190} INFO - [2024-11-01T02:18:55.335+0000] {dag.py:4180} INFO - Setting next_dagrun for read_dataset_event_from_classic to 2024-10-31 00:00:00+00:00, run_after=2024-11-01 00:00:00+00:00
[2024-11-01T02:18:55.350+0000] {processor.py:208} INFO - Processing /home/airflow/.local/lib/python3.12/site-packages/airflow/example_dags/example_inlet_event_extra.py took 0.211 seconds
[2024-11-01T02:19:25.800+0000] {processor.py:186} INFO - Started process (PID=639) to work on /home/airflow/.local/lib/python3.12/site-packages/airflow/example_dags/example_inlet_event_extra.py
[2024-11-01T02:19:25.801+0000] {processor.py:914} INFO - Processing file /home/airflow/.local/lib/python3.12/site-packages/airflow/example_dags/example_inlet_event_extra.py for tasks to queue
[2024-11-01T02:19:25.803+0000] {logging_mixin.py:190} INFO - [2024-11-01T02:19:25.803+0000] {dagbag.py:588} INFO - Filling up the DagBag from /home/airflow/.local/lib/python3.12/site-packages/airflow/example_dags/example_inlet_event_extra.py
[2024-11-01T02:19:25.923+0000] {processor.py:925} INFO - DAG(s) 'read_dataset_event_from_classic', 'read_dataset_event' retrieved from /home/airflow/.local/lib/python3.12/site-packages/airflow/example_dags/example_inlet_event_extra.py
[2024-11-01T02:19:25.940+0000] {logging_mixin.py:190} INFO - [2024-11-01T02:19:25.940+0000] {dag.py:3239} INFO - Sync 2 DAGs
[2024-11-01T02:19:25.961+0000] {logging_mixin.py:190} INFO - [2024-11-01T02:19:25.960+0000] {dag.py:4180} INFO - Setting next_dagrun for read_dataset_event to 2024-10-31 00:00:00+00:00, run_after=2024-11-01 00:00:00+00:00
[2024-11-01T02:19:25.965+0000] {logging_mixin.py:190} INFO - [2024-11-01T02:19:25.965+0000] {dag.py:4180} INFO - Setting next_dagrun for read_dataset_event_from_classic to 2024-10-31 00:00:00+00:00, run_after=2024-11-01 00:00:00+00:00
[2024-11-01T02:19:25.978+0000] {processor.py:208} INFO - Processing /home/airflow/.local/lib/python3.12/site-packages/airflow/example_dags/example_inlet_event_extra.py took 0.183 seconds
[2024-11-01T02:19:56.375+0000] {processor.py:186} INFO - Started process (PID=702) to work on /home/airflow/.local/lib/python3.12/site-packages/airflow/example_dags/example_inlet_event_extra.py
[2024-11-01T02:19:56.376+0000] {processor.py:914} INFO - Processing file /home/airflow/.local/lib/python3.12/site-packages/airflow/example_dags/example_inlet_event_extra.py for tasks to queue
[2024-11-01T02:19:56.377+0000] {logging_mixin.py:190} INFO - [2024-11-01T02:19:56.377+0000] {dagbag.py:588} INFO - Filling up the DagBag from /home/airflow/.local/lib/python3.12/site-packages/airflow/example_dags/example_inlet_event_extra.py
[2024-11-01T02:19:56.514+0000] {processor.py:925} INFO - DAG(s) 'read_dataset_event_from_classic', 'read_dataset_event' retrieved from /home/airflow/.local/lib/python3.12/site-packages/airflow/example_dags/example_inlet_event_extra.py
[2024-11-01T02:19:56.538+0000] {logging_mixin.py:190} INFO - [2024-11-01T02:19:56.537+0000] {dag.py:3239} INFO - Sync 2 DAGs
[2024-11-01T02:19:56.565+0000] {logging_mixin.py:190} INFO - [2024-11-01T02:19:56.564+0000] {dag.py:4180} INFO - Setting next_dagrun for read_dataset_event to 2024-10-31 00:00:00+00:00, run_after=2024-11-01 00:00:00+00:00
[2024-11-01T02:19:56.570+0000] {logging_mixin.py:190} INFO - [2024-11-01T02:19:56.570+0000] {dag.py:4180} INFO - Setting next_dagrun for read_dataset_event_from_classic to 2024-10-31 00:00:00+00:00, run_after=2024-11-01 00:00:00+00:00
[2024-11-01T02:19:56.611+0000] {processor.py:208} INFO - Processing /home/airflow/.local/lib/python3.12/site-packages/airflow/example_dags/example_inlet_event_extra.py took 0.242 seconds
[2024-11-01T02:20:26.976+0000] {processor.py:186} INFO - Started process (PID=765) to work on /home/airflow/.local/lib/python3.12/site-packages/airflow/example_dags/example_inlet_event_extra.py
[2024-11-01T02:20:26.976+0000] {processor.py:914} INFO - Processing file /home/airflow/.local/lib/python3.12/site-packages/airflow/example_dags/example_inlet_event_extra.py for tasks to queue
[2024-11-01T02:20:26.978+0000] {logging_mixin.py:190} INFO - [2024-11-01T02:20:26.978+0000] {dagbag.py:588} INFO - Filling up the DagBag from /home/airflow/.local/lib/python3.12/site-packages/airflow/example_dags/example_inlet_event_extra.py
[2024-11-01T02:20:27.110+0000] {processor.py:925} INFO - DAG(s) 'read_dataset_event', 'read_dataset_event_from_classic' retrieved from /home/airflow/.local/lib/python3.12/site-packages/airflow/example_dags/example_inlet_event_extra.py
[2024-11-01T02:20:27.129+0000] {logging_mixin.py:190} INFO - [2024-11-01T02:20:27.128+0000] {dag.py:3239} INFO - Sync 2 DAGs
[2024-11-01T02:20:27.149+0000] {logging_mixin.py:190} INFO - [2024-11-01T02:20:27.149+0000] {dag.py:4180} INFO - Setting next_dagrun for read_dataset_event to 2024-10-31 00:00:00+00:00, run_after=2024-11-01 00:00:00+00:00
[2024-11-01T02:20:27.153+0000] {logging_mixin.py:190} INFO - [2024-11-01T02:20:27.153+0000] {dag.py:4180} INFO - Setting next_dagrun for read_dataset_event_from_classic to 2024-10-31 00:00:00+00:00, run_after=2024-11-01 00:00:00+00:00
[2024-11-01T02:20:27.169+0000] {processor.py:208} INFO - Processing /home/airflow/.local/lib/python3.12/site-packages/airflow/example_dags/example_inlet_event_extra.py took 0.199 seconds
[2024-11-01T02:20:57.900+0000] {processor.py:186} INFO - Started process (PID=828) to work on /home/airflow/.local/lib/python3.12/site-packages/airflow/example_dags/example_inlet_event_extra.py
[2024-11-01T02:20:57.900+0000] {processor.py:914} INFO - Processing file /home/airflow/.local/lib/python3.12/site-packages/airflow/example_dags/example_inlet_event_extra.py for tasks to queue
[2024-11-01T02:20:57.902+0000] {logging_mixin.py:190} INFO - [2024-11-01T02:20:57.902+0000] {dagbag.py:588} INFO - Filling up the DagBag from /home/airflow/.local/lib/python3.12/site-packages/airflow/example_dags/example_inlet_event_extra.py
[2024-11-01T02:20:58.026+0000] {processor.py:925} INFO - DAG(s) 'read_dataset_event', 'read_dataset_event_from_classic' retrieved from /home/airflow/.local/lib/python3.12/site-packages/airflow/example_dags/example_inlet_event_extra.py
[2024-11-01T02:20:58.044+0000] {logging_mixin.py:190} INFO - [2024-11-01T02:20:58.044+0000] {dag.py:3239} INFO - Sync 2 DAGs
[2024-11-01T02:20:58.065+0000] {logging_mixin.py:190} INFO - [2024-11-01T02:20:58.065+0000] {dag.py:4180} INFO - Setting next_dagrun for read_dataset_event to 2024-10-31 00:00:00+00:00, run_after=2024-11-01 00:00:00+00:00
[2024-11-01T02:20:58.070+0000] {logging_mixin.py:190} INFO - [2024-11-01T02:20:58.070+0000] {dag.py:4180} INFO - Setting next_dagrun for read_dataset_event_from_classic to 2024-10-31 00:00:00+00:00, run_after=2024-11-01 00:00:00+00:00
[2024-11-01T02:20:58.085+0000] {processor.py:208} INFO - Processing /home/airflow/.local/lib/python3.12/site-packages/airflow/example_dags/example_inlet_event_extra.py took 0.190 seconds
[2024-11-01T02:21:28.150+0000] {processor.py:186} INFO - Started process (PID=892) to work on /home/airflow/.local/lib/python3.12/site-packages/airflow/example_dags/example_inlet_event_extra.py
[2024-11-01T02:21:28.151+0000] {processor.py:914} INFO - Processing file /home/airflow/.local/lib/python3.12/site-packages/airflow/example_dags/example_inlet_event_extra.py for tasks to queue
[2024-11-01T02:21:28.153+0000] {logging_mixin.py:190} INFO - [2024-11-01T02:21:28.153+0000] {dagbag.py:588} INFO - Filling up the DagBag from /home/airflow/.local/lib/python3.12/site-packages/airflow/example_dags/example_inlet_event_extra.py
[2024-11-01T02:21:28.273+0000] {processor.py:925} INFO - DAG(s) 'read_dataset_event', 'read_dataset_event_from_classic' retrieved from /home/airflow/.local/lib/python3.12/site-packages/airflow/example_dags/example_inlet_event_extra.py
[2024-11-01T02:21:28.292+0000] {logging_mixin.py:190} INFO - [2024-11-01T02:21:28.291+0000] {dag.py:3239} INFO - Sync 2 DAGs
[2024-11-01T02:21:28.312+0000] {logging_mixin.py:190} INFO - [2024-11-01T02:21:28.311+0000] {dag.py:4180} INFO - Setting next_dagrun for read_dataset_event to 2024-10-31 00:00:00+00:00, run_after=2024-11-01 00:00:00+00:00
[2024-11-01T02:21:28.316+0000] {logging_mixin.py:190} INFO - [2024-11-01T02:21:28.316+0000] {dag.py:4180} INFO - Setting next_dagrun for read_dataset_event_from_classic to 2024-10-31 00:00:00+00:00, run_after=2024-11-01 00:00:00+00:00
[2024-11-01T02:21:28.334+0000] {processor.py:208} INFO - Processing /home/airflow/.local/lib/python3.12/site-packages/airflow/example_dags/example_inlet_event_extra.py took 0.188 seconds
[2024-11-01T02:21:58.852+0000] {processor.py:186} INFO - Started process (PID=955) to work on /home/airflow/.local/lib/python3.12/site-packages/airflow/example_dags/example_inlet_event_extra.py
[2024-11-01T02:21:58.853+0000] {processor.py:914} INFO - Processing file /home/airflow/.local/lib/python3.12/site-packages/airflow/example_dags/example_inlet_event_extra.py for tasks to queue
[2024-11-01T02:21:58.855+0000] {logging_mixin.py:190} INFO - [2024-11-01T02:21:58.855+0000] {dagbag.py:588} INFO - Filling up the DagBag from /home/airflow/.local/lib/python3.12/site-packages/airflow/example_dags/example_inlet_event_extra.py
[2024-11-01T02:21:58.990+0000] {processor.py:925} INFO - DAG(s) 'read_dataset_event', 'read_dataset_event_from_classic' retrieved from /home/airflow/.local/lib/python3.12/site-packages/airflow/example_dags/example_inlet_event_extra.py
[2024-11-01T02:21:59.009+0000] {logging_mixin.py:190} INFO - [2024-11-01T02:21:59.009+0000] {dag.py:3239} INFO - Sync 2 DAGs
[2024-11-01T02:21:59.032+0000] {logging_mixin.py:190} INFO - [2024-11-01T02:21:59.032+0000] {dag.py:4180} INFO - Setting next_dagrun for read_dataset_event to 2024-10-31 00:00:00+00:00, run_after=2024-11-01 00:00:00+00:00
[2024-11-01T02:21:59.036+0000] {logging_mixin.py:190} INFO - [2024-11-01T02:21:59.036+0000] {dag.py:4180} INFO - Setting next_dagrun for read_dataset_event_from_classic to 2024-10-31 00:00:00+00:00, run_after=2024-11-01 00:00:00+00:00
[2024-11-01T02:21:59.051+0000] {processor.py:208} INFO - Processing /home/airflow/.local/lib/python3.12/site-packages/airflow/example_dags/example_inlet_event_extra.py took 0.204 seconds
[2024-11-01T02:22:29.438+0000] {processor.py:186} INFO - Started process (PID=1015) to work on /home/airflow/.local/lib/python3.12/site-packages/airflow/example_dags/example_inlet_event_extra.py
[2024-11-01T02:22:29.439+0000] {processor.py:914} INFO - Processing file /home/airflow/.local/lib/python3.12/site-packages/airflow/example_dags/example_inlet_event_extra.py for tasks to queue
[2024-11-01T02:22:29.441+0000] {logging_mixin.py:190} INFO - [2024-11-01T02:22:29.441+0000] {dagbag.py:588} INFO - Filling up the DagBag from /home/airflow/.local/lib/python3.12/site-packages/airflow/example_dags/example_inlet_event_extra.py
[2024-11-01T02:22:29.570+0000] {processor.py:925} INFO - DAG(s) 'read_dataset_event', 'read_dataset_event_from_classic' retrieved from /home/airflow/.local/lib/python3.12/site-packages/airflow/example_dags/example_inlet_event_extra.py
[2024-11-01T02:22:29.590+0000] {logging_mixin.py:190} INFO - [2024-11-01T02:22:29.590+0000] {dag.py:3239} INFO - Sync 2 DAGs
[2024-11-01T02:22:29.615+0000] {logging_mixin.py:190} INFO - [2024-11-01T02:22:29.614+0000] {dag.py:4180} INFO - Setting next_dagrun for read_dataset_event to 2024-10-31 00:00:00+00:00, run_after=2024-11-01 00:00:00+00:00
[2024-11-01T02:22:29.619+0000] {logging_mixin.py:190} INFO - [2024-11-01T02:22:29.619+0000] {dag.py:4180} INFO - Setting next_dagrun for read_dataset_event_from_classic to 2024-10-31 00:00:00+00:00, run_after=2024-11-01 00:00:00+00:00
[2024-11-01T02:22:29.637+0000] {processor.py:208} INFO - Processing /home/airflow/.local/lib/python3.12/site-packages/airflow/example_dags/example_inlet_event_extra.py took 0.204 seconds
[2024-11-01T02:23:00.212+0000] {processor.py:186} INFO - Started process (PID=1078) to work on /home/airflow/.local/lib/python3.12/site-packages/airflow/example_dags/example_inlet_event_extra.py
[2024-11-01T02:23:00.213+0000] {processor.py:914} INFO - Processing file /home/airflow/.local/lib/python3.12/site-packages/airflow/example_dags/example_inlet_event_extra.py for tasks to queue
[2024-11-01T02:23:00.215+0000] {logging_mixin.py:190} INFO - [2024-11-01T02:23:00.214+0000] {dagbag.py:588} INFO - Filling up the DagBag from /home/airflow/.local/lib/python3.12/site-packages/airflow/example_dags/example_inlet_event_extra.py
[2024-11-01T02:23:00.340+0000] {processor.py:925} INFO - DAG(s) 'read_dataset_event_from_classic', 'read_dataset_event' retrieved from /home/airflow/.local/lib/python3.12/site-packages/airflow/example_dags/example_inlet_event_extra.py
[2024-11-01T02:23:00.359+0000] {logging_mixin.py:190} INFO - [2024-11-01T02:23:00.359+0000] {dag.py:3239} INFO - Sync 2 DAGs
[2024-11-01T02:23:00.382+0000] {logging_mixin.py:190} INFO - [2024-11-01T02:23:00.381+0000] {dag.py:4180} INFO - Setting next_dagrun for read_dataset_event to 2024-10-31 00:00:00+00:00, run_after=2024-11-01 00:00:00+00:00
[2024-11-01T02:23:00.389+0000] {logging_mixin.py:190} INFO - [2024-11-01T02:23:00.389+0000] {dag.py:4180} INFO - Setting next_dagrun for read_dataset_event_from_classic to 2024-10-31 00:00:00+00:00, run_after=2024-11-01 00:00:00+00:00
[2024-11-01T02:23:00.407+0000] {processor.py:208} INFO - Processing /home/airflow/.local/lib/python3.12/site-packages/airflow/example_dags/example_inlet_event_extra.py took 0.200 seconds
[2024-11-01T02:23:30.969+0000] {processor.py:186} INFO - Started process (PID=1141) to work on /home/airflow/.local/lib/python3.12/site-packages/airflow/example_dags/example_inlet_event_extra.py
[2024-11-01T02:23:30.970+0000] {processor.py:914} INFO - Processing file /home/airflow/.local/lib/python3.12/site-packages/airflow/example_dags/example_inlet_event_extra.py for tasks to queue
[2024-11-01T02:23:30.972+0000] {logging_mixin.py:190} INFO - [2024-11-01T02:23:30.971+0000] {dagbag.py:588} INFO - Filling up the DagBag from /home/airflow/.local/lib/python3.12/site-packages/airflow/example_dags/example_inlet_event_extra.py
[2024-11-01T02:23:31.095+0000] {processor.py:925} INFO - DAG(s) 'read_dataset_event_from_classic', 'read_dataset_event' retrieved from /home/airflow/.local/lib/python3.12/site-packages/airflow/example_dags/example_inlet_event_extra.py
[2024-11-01T02:23:31.114+0000] {logging_mixin.py:190} INFO - [2024-11-01T02:23:31.114+0000] {dag.py:3239} INFO - Sync 2 DAGs
[2024-11-01T02:23:31.138+0000] {logging_mixin.py:190} INFO - [2024-11-01T02:23:31.138+0000] {dag.py:4180} INFO - Setting next_dagrun for read_dataset_event to 2024-10-31 00:00:00+00:00, run_after=2024-11-01 00:00:00+00:00
[2024-11-01T02:23:31.143+0000] {logging_mixin.py:190} INFO - [2024-11-01T02:23:31.142+0000] {dag.py:4180} INFO - Setting next_dagrun for read_dataset_event_from_classic to 2024-10-31 00:00:00+00:00, run_after=2024-11-01 00:00:00+00:00
[2024-11-01T02:23:31.160+0000] {processor.py:208} INFO - Processing /home/airflow/.local/lib/python3.12/site-packages/airflow/example_dags/example_inlet_event_extra.py took 0.195 seconds
