[2024-11-01T02:04:36.574+0000] {processor.py:186} INFO - Started process (PID=115) to work on /home/airflow/.local/lib/python3.12/site-packages/airflow/example_dags/example_xcomargs.py
[2024-11-01T02:04:36.575+0000] {processor.py:914} INFO - Processing file /home/airflow/.local/lib/python3.12/site-packages/airflow/example_dags/example_xcomargs.py for tasks to queue
[2024-11-01T02:04:36.577+0000] {logging_mixin.py:190} INFO - [2024-11-01T02:04:36.577+0000] {dagbag.py:588} INFO - Filling up the DagBag from /home/airflow/.local/lib/python3.12/site-packages/airflow/example_dags/example_xcomargs.py
[2024-11-01T02:04:36.587+0000] {processor.py:925} INFO - DAG(s) 'example_xcom_args_with_operators', 'example_xcom_args' retrieved from /home/airflow/.local/lib/python3.12/site-packages/airflow/example_dags/example_xcomargs.py
[2024-11-01T02:04:36.679+0000] {logging_mixin.py:190} INFO - [2024-11-01T02:04:36.678+0000] {override.py:1900} INFO - Created Permission View: can edit on DAG:example_xcom_args_with_operators
[2024-11-01T02:04:36.689+0000] {logging_mixin.py:190} INFO - [2024-11-01T02:04:36.689+0000] {override.py:1900} INFO - Created Permission View: can read on DAG:example_xcom_args_with_operators
[2024-11-01T02:04:36.695+0000] {logging_mixin.py:190} INFO - [2024-11-01T02:04:36.694+0000] {override.py:1900} INFO - Created Permission View: can delete on DAG:example_xcom_args_with_operators
[2024-11-01T02:04:36.702+0000] {logging_mixin.py:190} INFO - [2024-11-01T02:04:36.702+0000] {override.py:1900} INFO - Created Permission View: can delete on DAG Run:example_xcom_args_with_operators
[2024-11-01T02:04:36.709+0000] {logging_mixin.py:190} INFO - [2024-11-01T02:04:36.708+0000] {override.py:1900} INFO - Created Permission View: can read on DAG Run:example_xcom_args_with_operators
[2024-11-01T02:04:36.715+0000] {logging_mixin.py:190} INFO - [2024-11-01T02:04:36.714+0000] {override.py:1900} INFO - Created Permission View: can create on DAG Run:example_xcom_args_with_operators
[2024-11-01T02:04:36.721+0000] {logging_mixin.py:190} INFO - [2024-11-01T02:04:36.721+0000] {override.py:1900} INFO - Created Permission View: menu access on DAG Run:example_xcom_args_with_operators
[2024-11-01T02:04:36.734+0000] {logging_mixin.py:190} INFO - [2024-11-01T02:04:36.734+0000] {override.py:1900} INFO - Created Permission View: can edit on DAG:example_xcom_args
[2024-11-01T02:04:36.740+0000] {logging_mixin.py:190} INFO - [2024-11-01T02:04:36.740+0000] {override.py:1900} INFO - Created Permission View: can read on DAG:example_xcom_args
[2024-11-01T02:04:36.746+0000] {logging_mixin.py:190} INFO - [2024-11-01T02:04:36.746+0000] {override.py:1900} INFO - Created Permission View: can delete on DAG:example_xcom_args
[2024-11-01T02:04:36.753+0000] {logging_mixin.py:190} INFO - [2024-11-01T02:04:36.753+0000] {override.py:1900} INFO - Created Permission View: can delete on DAG Run:example_xcom_args
[2024-11-01T02:04:36.760+0000] {logging_mixin.py:190} INFO - [2024-11-01T02:04:36.759+0000] {override.py:1900} INFO - Created Permission View: can read on DAG Run:example_xcom_args
[2024-11-01T02:04:36.766+0000] {logging_mixin.py:190} INFO - [2024-11-01T02:04:36.766+0000] {override.py:1900} INFO - Created Permission View: can create on DAG Run:example_xcom_args
[2024-11-01T02:04:36.773+0000] {logging_mixin.py:190} INFO - [2024-11-01T02:04:36.772+0000] {override.py:1900} INFO - Created Permission View: menu access on DAG Run:example_xcom_args
[2024-11-01T02:04:36.773+0000] {logging_mixin.py:190} INFO - [2024-11-01T02:04:36.773+0000] {dag.py:3239} INFO - Sync 2 DAGs
[2024-11-01T02:04:36.785+0000] {logging_mixin.py:190} INFO - [2024-11-01T02:04:36.785+0000] {dag.py:3262} INFO - Creating ORM DAG for example_xcom_args
[2024-11-01T02:04:36.786+0000] {logging_mixin.py:190} INFO - [2024-11-01T02:04:36.786+0000] {dag.py:3262} INFO - Creating ORM DAG for example_xcom_args_with_operators
[2024-11-01T02:04:36.786+0000] {logging_mixin.py:190} INFO - [2024-11-01T02:04:36.786+0000] {dag.py:4180} INFO - Setting next_dagrun for example_xcom_args to None, run_after=None
[2024-11-01T02:04:36.787+0000] {logging_mixin.py:190} INFO - [2024-11-01T02:04:36.787+0000] {dag.py:4180} INFO - Setting next_dagrun for example_xcom_args_with_operators to None, run_after=None
[2024-11-01T02:04:36.802+0000] {processor.py:208} INFO - Processing /home/airflow/.local/lib/python3.12/site-packages/airflow/example_dags/example_xcomargs.py took 0.232 seconds
[2024-11-01T02:05:06.839+0000] {processor.py:186} INFO - Started process (PID=180) to work on /home/airflow/.local/lib/python3.12/site-packages/airflow/example_dags/example_xcomargs.py
[2024-11-01T02:05:06.840+0000] {processor.py:914} INFO - Processing file /home/airflow/.local/lib/python3.12/site-packages/airflow/example_dags/example_xcomargs.py for tasks to queue
[2024-11-01T02:05:06.842+0000] {logging_mixin.py:190} INFO - [2024-11-01T02:05:06.842+0000] {dagbag.py:588} INFO - Filling up the DagBag from /home/airflow/.local/lib/python3.12/site-packages/airflow/example_dags/example_xcomargs.py
[2024-11-01T02:05:06.851+0000] {processor.py:925} INFO - DAG(s) 'example_xcom_args_with_operators', 'example_xcom_args' retrieved from /home/airflow/.local/lib/python3.12/site-packages/airflow/example_dags/example_xcomargs.py
[2024-11-01T02:05:06.873+0000] {logging_mixin.py:190} INFO - [2024-11-01T02:05:06.872+0000] {dag.py:3239} INFO - Sync 2 DAGs
[2024-11-01T02:05:06.889+0000] {logging_mixin.py:190} INFO - [2024-11-01T02:05:06.889+0000] {dag.py:4180} INFO - Setting next_dagrun for example_xcom_args to None, run_after=None
[2024-11-01T02:05:06.893+0000] {logging_mixin.py:190} INFO - [2024-11-01T02:05:06.893+0000] {dag.py:4180} INFO - Setting next_dagrun for example_xcom_args_with_operators to None, run_after=None
[2024-11-01T02:05:06.909+0000] {processor.py:208} INFO - Processing /home/airflow/.local/lib/python3.12/site-packages/airflow/example_dags/example_xcomargs.py took 0.075 seconds
[2024-11-01T02:05:37.210+0000] {processor.py:186} INFO - Started process (PID=239) to work on /home/airflow/.local/lib/python3.12/site-packages/airflow/example_dags/example_xcomargs.py
[2024-11-01T02:05:37.211+0000] {processor.py:914} INFO - Processing file /home/airflow/.local/lib/python3.12/site-packages/airflow/example_dags/example_xcomargs.py for tasks to queue
[2024-11-01T02:05:37.213+0000] {logging_mixin.py:190} INFO - [2024-11-01T02:05:37.213+0000] {dagbag.py:588} INFO - Filling up the DagBag from /home/airflow/.local/lib/python3.12/site-packages/airflow/example_dags/example_xcomargs.py
[2024-11-01T02:05:37.221+0000] {processor.py:925} INFO - DAG(s) 'example_xcom_args_with_operators', 'example_xcom_args' retrieved from /home/airflow/.local/lib/python3.12/site-packages/airflow/example_dags/example_xcomargs.py
[2024-11-01T02:05:37.240+0000] {logging_mixin.py:190} INFO - [2024-11-01T02:05:37.240+0000] {dag.py:3239} INFO - Sync 2 DAGs
[2024-11-01T02:05:37.253+0000] {logging_mixin.py:190} INFO - [2024-11-01T02:05:37.252+0000] {dag.py:4180} INFO - Setting next_dagrun for example_xcom_args to None, run_after=None
[2024-11-01T02:05:37.257+0000] {logging_mixin.py:190} INFO - [2024-11-01T02:05:37.257+0000] {dag.py:4180} INFO - Setting next_dagrun for example_xcom_args_with_operators to None, run_after=None
[2024-11-01T02:05:37.273+0000] {processor.py:208} INFO - Processing /home/airflow/.local/lib/python3.12/site-packages/airflow/example_dags/example_xcomargs.py took 0.067 seconds
[2024-11-01T02:06:07.571+0000] {processor.py:186} INFO - Started process (PID=301) to work on /home/airflow/.local/lib/python3.12/site-packages/airflow/example_dags/example_xcomargs.py
[2024-11-01T02:06:07.572+0000] {processor.py:914} INFO - Processing file /home/airflow/.local/lib/python3.12/site-packages/airflow/example_dags/example_xcomargs.py for tasks to queue
[2024-11-01T02:06:07.574+0000] {logging_mixin.py:190} INFO - [2024-11-01T02:06:07.574+0000] {dagbag.py:588} INFO - Filling up the DagBag from /home/airflow/.local/lib/python3.12/site-packages/airflow/example_dags/example_xcomargs.py
[2024-11-01T02:06:07.583+0000] {processor.py:925} INFO - DAG(s) 'example_xcom_args', 'example_xcom_args_with_operators' retrieved from /home/airflow/.local/lib/python3.12/site-packages/airflow/example_dags/example_xcomargs.py
[2024-11-01T02:06:07.603+0000] {logging_mixin.py:190} INFO - [2024-11-01T02:06:07.603+0000] {dag.py:3239} INFO - Sync 2 DAGs
[2024-11-01T02:06:07.615+0000] {logging_mixin.py:190} INFO - [2024-11-01T02:06:07.615+0000] {dag.py:4180} INFO - Setting next_dagrun for example_xcom_args to None, run_after=None
[2024-11-01T02:06:07.619+0000] {logging_mixin.py:190} INFO - [2024-11-01T02:06:07.619+0000] {dag.py:4180} INFO - Setting next_dagrun for example_xcom_args_with_operators to None, run_after=None
[2024-11-01T02:06:07.634+0000] {processor.py:208} INFO - Processing /home/airflow/.local/lib/python3.12/site-packages/airflow/example_dags/example_xcomargs.py took 0.067 seconds
[2024-11-01T02:14:53.639+0000] {processor.py:186} INFO - Started process (PID=117) to work on /home/airflow/.local/lib/python3.12/site-packages/airflow/example_dags/example_xcomargs.py
[2024-11-01T02:14:53.640+0000] {processor.py:914} INFO - Processing file /home/airflow/.local/lib/python3.12/site-packages/airflow/example_dags/example_xcomargs.py for tasks to queue
[2024-11-01T02:14:53.643+0000] {logging_mixin.py:190} INFO - [2024-11-01T02:14:53.642+0000] {dagbag.py:588} INFO - Filling up the DagBag from /home/airflow/.local/lib/python3.12/site-packages/airflow/example_dags/example_xcomargs.py
[2024-11-01T02:14:53.651+0000] {processor.py:925} INFO - DAG(s) 'example_xcom_args_with_operators', 'example_xcom_args' retrieved from /home/airflow/.local/lib/python3.12/site-packages/airflow/example_dags/example_xcomargs.py
[2024-11-01T02:14:53.672+0000] {logging_mixin.py:190} INFO - [2024-11-01T02:14:53.672+0000] {dag.py:3239} INFO - Sync 2 DAGs
[2024-11-01T02:14:53.686+0000] {logging_mixin.py:190} INFO - [2024-11-01T02:14:53.686+0000] {dag.py:4180} INFO - Setting next_dagrun for example_xcom_args to None, run_after=None
[2024-11-01T02:14:53.690+0000] {logging_mixin.py:190} INFO - [2024-11-01T02:14:53.690+0000] {dag.py:4180} INFO - Setting next_dagrun for example_xcom_args_with_operators to None, run_after=None
[2024-11-01T02:14:53.706+0000] {processor.py:208} INFO - Processing /home/airflow/.local/lib/python3.12/site-packages/airflow/example_dags/example_xcomargs.py took 0.071 seconds
[2024-11-01T02:15:24.202+0000] {processor.py:186} INFO - Started process (PID=180) to work on /home/airflow/.local/lib/python3.12/site-packages/airflow/example_dags/example_xcomargs.py
[2024-11-01T02:15:24.203+0000] {processor.py:914} INFO - Processing file /home/airflow/.local/lib/python3.12/site-packages/airflow/example_dags/example_xcomargs.py for tasks to queue
[2024-11-01T02:15:24.205+0000] {logging_mixin.py:190} INFO - [2024-11-01T02:15:24.205+0000] {dagbag.py:588} INFO - Filling up the DagBag from /home/airflow/.local/lib/python3.12/site-packages/airflow/example_dags/example_xcomargs.py
[2024-11-01T02:15:24.214+0000] {processor.py:925} INFO - DAG(s) 'example_xcom_args', 'example_xcom_args_with_operators' retrieved from /home/airflow/.local/lib/python3.12/site-packages/airflow/example_dags/example_xcomargs.py
[2024-11-01T02:15:24.233+0000] {logging_mixin.py:190} INFO - [2024-11-01T02:15:24.233+0000] {dag.py:3239} INFO - Sync 2 DAGs
[2024-11-01T02:15:24.246+0000] {logging_mixin.py:190} INFO - [2024-11-01T02:15:24.246+0000] {dag.py:4180} INFO - Setting next_dagrun for example_xcom_args to None, run_after=None
[2024-11-01T02:15:24.249+0000] {logging_mixin.py:190} INFO - [2024-11-01T02:15:24.249+0000] {dag.py:4180} INFO - Setting next_dagrun for example_xcom_args_with_operators to None, run_after=None
[2024-11-01T02:15:24.265+0000] {processor.py:208} INFO - Processing /home/airflow/.local/lib/python3.12/site-packages/airflow/example_dags/example_xcomargs.py took 0.067 seconds
[2024-11-01T02:15:54.642+0000] {processor.py:186} INFO - Started process (PID=243) to work on /home/airflow/.local/lib/python3.12/site-packages/airflow/example_dags/example_xcomargs.py
[2024-11-01T02:15:54.643+0000] {processor.py:914} INFO - Processing file /home/airflow/.local/lib/python3.12/site-packages/airflow/example_dags/example_xcomargs.py for tasks to queue
[2024-11-01T02:15:54.645+0000] {logging_mixin.py:190} INFO - [2024-11-01T02:15:54.644+0000] {dagbag.py:588} INFO - Filling up the DagBag from /home/airflow/.local/lib/python3.12/site-packages/airflow/example_dags/example_xcomargs.py
[2024-11-01T02:15:54.653+0000] {processor.py:925} INFO - DAG(s) 'example_xcom_args', 'example_xcom_args_with_operators' retrieved from /home/airflow/.local/lib/python3.12/site-packages/airflow/example_dags/example_xcomargs.py
[2024-11-01T02:15:54.672+0000] {logging_mixin.py:190} INFO - [2024-11-01T02:15:54.672+0000] {dag.py:3239} INFO - Sync 2 DAGs
[2024-11-01T02:15:54.687+0000] {logging_mixin.py:190} INFO - [2024-11-01T02:15:54.687+0000] {dag.py:4180} INFO - Setting next_dagrun for example_xcom_args to None, run_after=None
[2024-11-01T02:15:54.691+0000] {logging_mixin.py:190} INFO - [2024-11-01T02:15:54.691+0000] {dag.py:4180} INFO - Setting next_dagrun for example_xcom_args_with_operators to None, run_after=None
[2024-11-01T02:15:54.706+0000] {processor.py:208} INFO - Processing /home/airflow/.local/lib/python3.12/site-packages/airflow/example_dags/example_xcomargs.py took 0.069 seconds
[2024-11-01T02:16:25.266+0000] {processor.py:186} INFO - Started process (PID=306) to work on /home/airflow/.local/lib/python3.12/site-packages/airflow/example_dags/example_xcomargs.py
[2024-11-01T02:16:25.266+0000] {processor.py:914} INFO - Processing file /home/airflow/.local/lib/python3.12/site-packages/airflow/example_dags/example_xcomargs.py for tasks to queue
[2024-11-01T02:16:25.268+0000] {logging_mixin.py:190} INFO - [2024-11-01T02:16:25.268+0000] {dagbag.py:588} INFO - Filling up the DagBag from /home/airflow/.local/lib/python3.12/site-packages/airflow/example_dags/example_xcomargs.py
[2024-11-01T02:16:25.277+0000] {processor.py:925} INFO - DAG(s) 'example_xcom_args_with_operators', 'example_xcom_args' retrieved from /home/airflow/.local/lib/python3.12/site-packages/airflow/example_dags/example_xcomargs.py
[2024-11-01T02:16:25.297+0000] {logging_mixin.py:190} INFO - [2024-11-01T02:16:25.296+0000] {dag.py:3239} INFO - Sync 2 DAGs
[2024-11-01T02:16:25.311+0000] {logging_mixin.py:190} INFO - [2024-11-01T02:16:25.311+0000] {dag.py:4180} INFO - Setting next_dagrun for example_xcom_args to None, run_after=None
[2024-11-01T02:16:25.315+0000] {logging_mixin.py:190} INFO - [2024-11-01T02:16:25.315+0000] {dag.py:4180} INFO - Setting next_dagrun for example_xcom_args_with_operators to None, run_after=None
[2024-11-01T02:16:25.344+0000] {processor.py:208} INFO - Processing /home/airflow/.local/lib/python3.12/site-packages/airflow/example_dags/example_xcomargs.py took 0.083 seconds
[2024-11-01T02:16:55.973+0000] {processor.py:186} INFO - Started process (PID=369) to work on /home/airflow/.local/lib/python3.12/site-packages/airflow/example_dags/example_xcomargs.py
[2024-11-01T02:16:55.974+0000] {processor.py:914} INFO - Processing file /home/airflow/.local/lib/python3.12/site-packages/airflow/example_dags/example_xcomargs.py for tasks to queue
[2024-11-01T02:16:55.976+0000] {logging_mixin.py:190} INFO - [2024-11-01T02:16:55.976+0000] {dagbag.py:588} INFO - Filling up the DagBag from /home/airflow/.local/lib/python3.12/site-packages/airflow/example_dags/example_xcomargs.py
[2024-11-01T02:16:55.985+0000] {processor.py:925} INFO - DAG(s) 'example_xcom_args_with_operators', 'example_xcom_args' retrieved from /home/airflow/.local/lib/python3.12/site-packages/airflow/example_dags/example_xcomargs.py
[2024-11-01T02:16:56.006+0000] {logging_mixin.py:190} INFO - [2024-11-01T02:16:56.006+0000] {dag.py:3239} INFO - Sync 2 DAGs
[2024-11-01T02:16:56.020+0000] {logging_mixin.py:190} INFO - [2024-11-01T02:16:56.020+0000] {dag.py:4180} INFO - Setting next_dagrun for example_xcom_args to None, run_after=None
[2024-11-01T02:16:56.024+0000] {logging_mixin.py:190} INFO - [2024-11-01T02:16:56.024+0000] {dag.py:4180} INFO - Setting next_dagrun for example_xcom_args_with_operators to None, run_after=None
[2024-11-01T02:16:56.042+0000] {processor.py:208} INFO - Processing /home/airflow/.local/lib/python3.12/site-packages/airflow/example_dags/example_xcomargs.py took 0.074 seconds
[2024-11-01T02:17:26.522+0000] {processor.py:186} INFO - Started process (PID=432) to work on /home/airflow/.local/lib/python3.12/site-packages/airflow/example_dags/example_xcomargs.py
[2024-11-01T02:17:26.523+0000] {processor.py:914} INFO - Processing file /home/airflow/.local/lib/python3.12/site-packages/airflow/example_dags/example_xcomargs.py for tasks to queue
[2024-11-01T02:17:26.526+0000] {logging_mixin.py:190} INFO - [2024-11-01T02:17:26.525+0000] {dagbag.py:588} INFO - Filling up the DagBag from /home/airflow/.local/lib/python3.12/site-packages/airflow/example_dags/example_xcomargs.py
[2024-11-01T02:17:26.536+0000] {processor.py:925} INFO - DAG(s) 'example_xcom_args', 'example_xcom_args_with_operators' retrieved from /home/airflow/.local/lib/python3.12/site-packages/airflow/example_dags/example_xcomargs.py
[2024-11-01T02:17:26.558+0000] {logging_mixin.py:190} INFO - [2024-11-01T02:17:26.558+0000] {dag.py:3239} INFO - Sync 2 DAGs
[2024-11-01T02:17:26.573+0000] {logging_mixin.py:190} INFO - [2024-11-01T02:17:26.572+0000] {dag.py:4180} INFO - Setting next_dagrun for example_xcom_args to None, run_after=None
[2024-11-01T02:17:26.577+0000] {logging_mixin.py:190} INFO - [2024-11-01T02:17:26.577+0000] {dag.py:4180} INFO - Setting next_dagrun for example_xcom_args_with_operators to None, run_after=None
[2024-11-01T02:17:26.619+0000] {processor.py:208} INFO - Processing /home/airflow/.local/lib/python3.12/site-packages/airflow/example_dags/example_xcomargs.py took 0.102 seconds
[2024-11-01T02:17:56.950+0000] {processor.py:186} INFO - Started process (PID=495) to work on /home/airflow/.local/lib/python3.12/site-packages/airflow/example_dags/example_xcomargs.py
[2024-11-01T02:17:56.950+0000] {processor.py:914} INFO - Processing file /home/airflow/.local/lib/python3.12/site-packages/airflow/example_dags/example_xcomargs.py for tasks to queue
[2024-11-01T02:17:56.952+0000] {logging_mixin.py:190} INFO - [2024-11-01T02:17:56.952+0000] {dagbag.py:588} INFO - Filling up the DagBag from /home/airflow/.local/lib/python3.12/site-packages/airflow/example_dags/example_xcomargs.py
[2024-11-01T02:17:56.962+0000] {processor.py:925} INFO - DAG(s) 'example_xcom_args_with_operators', 'example_xcom_args' retrieved from /home/airflow/.local/lib/python3.12/site-packages/airflow/example_dags/example_xcomargs.py
[2024-11-01T02:17:56.981+0000] {logging_mixin.py:190} INFO - [2024-11-01T02:17:56.981+0000] {dag.py:3239} INFO - Sync 2 DAGs
[2024-11-01T02:17:56.994+0000] {logging_mixin.py:190} INFO - [2024-11-01T02:17:56.993+0000] {dag.py:4180} INFO - Setting next_dagrun for example_xcom_args to None, run_after=None
[2024-11-01T02:17:56.998+0000] {logging_mixin.py:190} INFO - [2024-11-01T02:17:56.997+0000] {dag.py:4180} INFO - Setting next_dagrun for example_xcom_args_with_operators to None, run_after=None
[2024-11-01T02:17:57.013+0000] {processor.py:208} INFO - Processing /home/airflow/.local/lib/python3.12/site-packages/airflow/example_dags/example_xcomargs.py took 0.068 seconds
[2024-11-01T02:18:27.459+0000] {processor.py:186} INFO - Started process (PID=558) to work on /home/airflow/.local/lib/python3.12/site-packages/airflow/example_dags/example_xcomargs.py
[2024-11-01T02:18:27.459+0000] {processor.py:914} INFO - Processing file /home/airflow/.local/lib/python3.12/site-packages/airflow/example_dags/example_xcomargs.py for tasks to queue
[2024-11-01T02:18:27.462+0000] {logging_mixin.py:190} INFO - [2024-11-01T02:18:27.461+0000] {dagbag.py:588} INFO - Filling up the DagBag from /home/airflow/.local/lib/python3.12/site-packages/airflow/example_dags/example_xcomargs.py
[2024-11-01T02:18:27.471+0000] {processor.py:925} INFO - DAG(s) 'example_xcom_args_with_operators', 'example_xcom_args' retrieved from /home/airflow/.local/lib/python3.12/site-packages/airflow/example_dags/example_xcomargs.py
[2024-11-01T02:18:27.492+0000] {logging_mixin.py:190} INFO - [2024-11-01T02:18:27.492+0000] {dag.py:3239} INFO - Sync 2 DAGs
[2024-11-01T02:18:27.505+0000] {logging_mixin.py:190} INFO - [2024-11-01T02:18:27.505+0000] {dag.py:4180} INFO - Setting next_dagrun for example_xcom_args to None, run_after=None
[2024-11-01T02:18:27.509+0000] {logging_mixin.py:190} INFO - [2024-11-01T02:18:27.508+0000] {dag.py:4180} INFO - Setting next_dagrun for example_xcom_args_with_operators to None, run_after=None
[2024-11-01T02:18:27.523+0000] {processor.py:208} INFO - Processing /home/airflow/.local/lib/python3.12/site-packages/airflow/example_dags/example_xcomargs.py took 0.069 seconds
[2024-11-01T02:18:58.049+0000] {processor.py:186} INFO - Started process (PID=621) to work on /home/airflow/.local/lib/python3.12/site-packages/airflow/example_dags/example_xcomargs.py
[2024-11-01T02:18:58.049+0000] {processor.py:914} INFO - Processing file /home/airflow/.local/lib/python3.12/site-packages/airflow/example_dags/example_xcomargs.py for tasks to queue
[2024-11-01T02:18:58.051+0000] {logging_mixin.py:190} INFO - [2024-11-01T02:18:58.051+0000] {dagbag.py:588} INFO - Filling up the DagBag from /home/airflow/.local/lib/python3.12/site-packages/airflow/example_dags/example_xcomargs.py
[2024-11-01T02:18:58.060+0000] {processor.py:925} INFO - DAG(s) 'example_xcom_args', 'example_xcom_args_with_operators' retrieved from /home/airflow/.local/lib/python3.12/site-packages/airflow/example_dags/example_xcomargs.py
[2024-11-01T02:18:58.080+0000] {logging_mixin.py:190} INFO - [2024-11-01T02:18:58.080+0000] {dag.py:3239} INFO - Sync 2 DAGs
[2024-11-01T02:18:58.093+0000] {logging_mixin.py:190} INFO - [2024-11-01T02:18:58.093+0000] {dag.py:4180} INFO - Setting next_dagrun for example_xcom_args to None, run_after=None
[2024-11-01T02:18:58.097+0000] {logging_mixin.py:190} INFO - [2024-11-01T02:18:58.097+0000] {dag.py:4180} INFO - Setting next_dagrun for example_xcom_args_with_operators to None, run_after=None
[2024-11-01T02:18:58.113+0000] {processor.py:208} INFO - Processing /home/airflow/.local/lib/python3.12/site-packages/airflow/example_dags/example_xcomargs.py took 0.069 seconds
[2024-11-01T02:19:28.738+0000] {processor.py:186} INFO - Started process (PID=684) to work on /home/airflow/.local/lib/python3.12/site-packages/airflow/example_dags/example_xcomargs.py
[2024-11-01T02:19:28.739+0000] {processor.py:914} INFO - Processing file /home/airflow/.local/lib/python3.12/site-packages/airflow/example_dags/example_xcomargs.py for tasks to queue
[2024-11-01T02:19:28.742+0000] {logging_mixin.py:190} INFO - [2024-11-01T02:19:28.741+0000] {dagbag.py:588} INFO - Filling up the DagBag from /home/airflow/.local/lib/python3.12/site-packages/airflow/example_dags/example_xcomargs.py
[2024-11-01T02:19:28.750+0000] {processor.py:925} INFO - DAG(s) 'example_xcom_args', 'example_xcom_args_with_operators' retrieved from /home/airflow/.local/lib/python3.12/site-packages/airflow/example_dags/example_xcomargs.py
[2024-11-01T02:19:28.771+0000] {logging_mixin.py:190} INFO - [2024-11-01T02:19:28.771+0000] {dag.py:3239} INFO - Sync 2 DAGs
[2024-11-01T02:19:28.786+0000] {logging_mixin.py:190} INFO - [2024-11-01T02:19:28.785+0000] {dag.py:4180} INFO - Setting next_dagrun for example_xcom_args to None, run_after=None
[2024-11-01T02:19:28.789+0000] {logging_mixin.py:190} INFO - [2024-11-01T02:19:28.789+0000] {dag.py:4180} INFO - Setting next_dagrun for example_xcom_args_with_operators to None, run_after=None
[2024-11-01T02:19:28.807+0000] {processor.py:208} INFO - Processing /home/airflow/.local/lib/python3.12/site-packages/airflow/example_dags/example_xcomargs.py took 0.073 seconds
[2024-11-01T02:19:59.243+0000] {processor.py:186} INFO - Started process (PID=747) to work on /home/airflow/.local/lib/python3.12/site-packages/airflow/example_dags/example_xcomargs.py
[2024-11-01T02:19:59.244+0000] {processor.py:914} INFO - Processing file /home/airflow/.local/lib/python3.12/site-packages/airflow/example_dags/example_xcomargs.py for tasks to queue
[2024-11-01T02:19:59.246+0000] {logging_mixin.py:190} INFO - [2024-11-01T02:19:59.246+0000] {dagbag.py:588} INFO - Filling up the DagBag from /home/airflow/.local/lib/python3.12/site-packages/airflow/example_dags/example_xcomargs.py
[2024-11-01T02:19:59.254+0000] {processor.py:925} INFO - DAG(s) 'example_xcom_args', 'example_xcom_args_with_operators' retrieved from /home/airflow/.local/lib/python3.12/site-packages/airflow/example_dags/example_xcomargs.py
[2024-11-01T02:19:59.274+0000] {logging_mixin.py:190} INFO - [2024-11-01T02:19:59.274+0000] {dag.py:3239} INFO - Sync 2 DAGs
[2024-11-01T02:19:59.287+0000] {logging_mixin.py:190} INFO - [2024-11-01T02:19:59.287+0000] {dag.py:4180} INFO - Setting next_dagrun for example_xcom_args to None, run_after=None
[2024-11-01T02:19:59.291+0000] {logging_mixin.py:190} INFO - [2024-11-01T02:19:59.291+0000] {dag.py:4180} INFO - Setting next_dagrun for example_xcom_args_with_operators to None, run_after=None
[2024-11-01T02:19:59.306+0000] {processor.py:208} INFO - Processing /home/airflow/.local/lib/python3.12/site-packages/airflow/example_dags/example_xcomargs.py took 0.068 seconds
[2024-11-01T02:20:30.142+0000] {processor.py:186} INFO - Started process (PID=810) to work on /home/airflow/.local/lib/python3.12/site-packages/airflow/example_dags/example_xcomargs.py
[2024-11-01T02:20:30.143+0000] {processor.py:914} INFO - Processing file /home/airflow/.local/lib/python3.12/site-packages/airflow/example_dags/example_xcomargs.py for tasks to queue
[2024-11-01T02:20:30.145+0000] {logging_mixin.py:190} INFO - [2024-11-01T02:20:30.144+0000] {dagbag.py:588} INFO - Filling up the DagBag from /home/airflow/.local/lib/python3.12/site-packages/airflow/example_dags/example_xcomargs.py
[2024-11-01T02:20:30.153+0000] {processor.py:925} INFO - DAG(s) 'example_xcom_args', 'example_xcom_args_with_operators' retrieved from /home/airflow/.local/lib/python3.12/site-packages/airflow/example_dags/example_xcomargs.py
[2024-11-01T02:20:30.174+0000] {logging_mixin.py:190} INFO - [2024-11-01T02:20:30.174+0000] {dag.py:3239} INFO - Sync 2 DAGs
[2024-11-01T02:20:30.187+0000] {logging_mixin.py:190} INFO - [2024-11-01T02:20:30.186+0000] {dag.py:4180} INFO - Setting next_dagrun for example_xcom_args to None, run_after=None
[2024-11-01T02:20:30.191+0000] {logging_mixin.py:190} INFO - [2024-11-01T02:20:30.191+0000] {dag.py:4180} INFO - Setting next_dagrun for example_xcom_args_with_operators to None, run_after=None
[2024-11-01T02:20:30.205+0000] {processor.py:208} INFO - Processing /home/airflow/.local/lib/python3.12/site-packages/airflow/example_dags/example_xcomargs.py took 0.069 seconds
[2024-11-01T02:21:01.261+0000] {processor.py:186} INFO - Started process (PID=873) to work on /home/airflow/.local/lib/python3.12/site-packages/airflow/example_dags/example_xcomargs.py
[2024-11-01T02:21:01.262+0000] {processor.py:914} INFO - Processing file /home/airflow/.local/lib/python3.12/site-packages/airflow/example_dags/example_xcomargs.py for tasks to queue
[2024-11-01T02:21:01.264+0000] {logging_mixin.py:190} INFO - [2024-11-01T02:21:01.264+0000] {dagbag.py:588} INFO - Filling up the DagBag from /home/airflow/.local/lib/python3.12/site-packages/airflow/example_dags/example_xcomargs.py
[2024-11-01T02:21:01.273+0000] {processor.py:925} INFO - DAG(s) 'example_xcom_args', 'example_xcom_args_with_operators' retrieved from /home/airflow/.local/lib/python3.12/site-packages/airflow/example_dags/example_xcomargs.py
[2024-11-01T02:21:01.294+0000] {logging_mixin.py:190} INFO - [2024-11-01T02:21:01.293+0000] {dag.py:3239} INFO - Sync 2 DAGs
[2024-11-01T02:21:01.307+0000] {logging_mixin.py:190} INFO - [2024-11-01T02:21:01.307+0000] {dag.py:4180} INFO - Setting next_dagrun for example_xcom_args to None, run_after=None
[2024-11-01T02:21:01.311+0000] {logging_mixin.py:190} INFO - [2024-11-01T02:21:01.311+0000] {dag.py:4180} INFO - Setting next_dagrun for example_xcom_args_with_operators to None, run_after=None
[2024-11-01T02:21:01.327+0000] {processor.py:208} INFO - Processing /home/airflow/.local/lib/python3.12/site-packages/airflow/example_dags/example_xcomargs.py took 0.070 seconds
[2024-11-01T02:21:31.983+0000] {processor.py:186} INFO - Started process (PID=936) to work on /home/airflow/.local/lib/python3.12/site-packages/airflow/example_dags/example_xcomargs.py
[2024-11-01T02:21:31.984+0000] {processor.py:914} INFO - Processing file /home/airflow/.local/lib/python3.12/site-packages/airflow/example_dags/example_xcomargs.py for tasks to queue
[2024-11-01T02:21:31.986+0000] {logging_mixin.py:190} INFO - [2024-11-01T02:21:31.986+0000] {dagbag.py:588} INFO - Filling up the DagBag from /home/airflow/.local/lib/python3.12/site-packages/airflow/example_dags/example_xcomargs.py
[2024-11-01T02:21:31.994+0000] {processor.py:925} INFO - DAG(s) 'example_xcom_args', 'example_xcom_args_with_operators' retrieved from /home/airflow/.local/lib/python3.12/site-packages/airflow/example_dags/example_xcomargs.py
[2024-11-01T02:21:32.014+0000] {logging_mixin.py:190} INFO - [2024-11-01T02:21:32.014+0000] {dag.py:3239} INFO - Sync 2 DAGs
[2024-11-01T02:21:32.028+0000] {logging_mixin.py:190} INFO - [2024-11-01T02:21:32.028+0000] {dag.py:4180} INFO - Setting next_dagrun for example_xcom_args to None, run_after=None
[2024-11-01T02:21:32.032+0000] {logging_mixin.py:190} INFO - [2024-11-01T02:21:32.032+0000] {dag.py:4180} INFO - Setting next_dagrun for example_xcom_args_with_operators to None, run_after=None
[2024-11-01T02:21:32.048+0000] {processor.py:208} INFO - Processing /home/airflow/.local/lib/python3.12/site-packages/airflow/example_dags/example_xcomargs.py took 0.069 seconds
[2024-11-01T02:22:02.791+0000] {processor.py:186} INFO - Started process (PID=999) to work on /home/airflow/.local/lib/python3.12/site-packages/airflow/example_dags/example_xcomargs.py
[2024-11-01T02:22:02.792+0000] {processor.py:914} INFO - Processing file /home/airflow/.local/lib/python3.12/site-packages/airflow/example_dags/example_xcomargs.py for tasks to queue
[2024-11-01T02:22:02.794+0000] {logging_mixin.py:190} INFO - [2024-11-01T02:22:02.794+0000] {dagbag.py:588} INFO - Filling up the DagBag from /home/airflow/.local/lib/python3.12/site-packages/airflow/example_dags/example_xcomargs.py
[2024-11-01T02:22:02.805+0000] {processor.py:925} INFO - DAG(s) 'example_xcom_args_with_operators', 'example_xcom_args' retrieved from /home/airflow/.local/lib/python3.12/site-packages/airflow/example_dags/example_xcomargs.py
[2024-11-01T02:22:02.826+0000] {logging_mixin.py:190} INFO - [2024-11-01T02:22:02.826+0000] {dag.py:3239} INFO - Sync 2 DAGs
[2024-11-01T02:22:02.841+0000] {logging_mixin.py:190} INFO - [2024-11-01T02:22:02.841+0000] {dag.py:4180} INFO - Setting next_dagrun for example_xcom_args to None, run_after=None
[2024-11-01T02:22:02.845+0000] {logging_mixin.py:190} INFO - [2024-11-01T02:22:02.845+0000] {dag.py:4180} INFO - Setting next_dagrun for example_xcom_args_with_operators to None, run_after=None
[2024-11-01T02:22:02.861+0000] {processor.py:208} INFO - Processing /home/airflow/.local/lib/python3.12/site-packages/airflow/example_dags/example_xcomargs.py took 0.077 seconds
[2024-11-01T02:22:33.557+0000] {processor.py:186} INFO - Started process (PID=1062) to work on /home/airflow/.local/lib/python3.12/site-packages/airflow/example_dags/example_xcomargs.py
[2024-11-01T02:22:33.558+0000] {processor.py:914} INFO - Processing file /home/airflow/.local/lib/python3.12/site-packages/airflow/example_dags/example_xcomargs.py for tasks to queue
[2024-11-01T02:22:33.561+0000] {logging_mixin.py:190} INFO - [2024-11-01T02:22:33.560+0000] {dagbag.py:588} INFO - Filling up the DagBag from /home/airflow/.local/lib/python3.12/site-packages/airflow/example_dags/example_xcomargs.py
[2024-11-01T02:22:33.569+0000] {processor.py:925} INFO - DAG(s) 'example_xcom_args_with_operators', 'example_xcom_args' retrieved from /home/airflow/.local/lib/python3.12/site-packages/airflow/example_dags/example_xcomargs.py
[2024-11-01T02:22:33.590+0000] {logging_mixin.py:190} INFO - [2024-11-01T02:22:33.590+0000] {dag.py:3239} INFO - Sync 2 DAGs
[2024-11-01T02:22:33.604+0000] {logging_mixin.py:190} INFO - [2024-11-01T02:22:33.603+0000] {dag.py:4180} INFO - Setting next_dagrun for example_xcom_args to None, run_after=None
[2024-11-01T02:22:33.608+0000] {logging_mixin.py:190} INFO - [2024-11-01T02:22:33.608+0000] {dag.py:4180} INFO - Setting next_dagrun for example_xcom_args_with_operators to None, run_after=None
[2024-11-01T02:22:33.625+0000] {processor.py:208} INFO - Processing /home/airflow/.local/lib/python3.12/site-packages/airflow/example_dags/example_xcomargs.py took 0.072 seconds
[2024-11-01T02:23:04.337+0000] {processor.py:186} INFO - Started process (PID=1125) to work on /home/airflow/.local/lib/python3.12/site-packages/airflow/example_dags/example_xcomargs.py
[2024-11-01T02:23:04.338+0000] {processor.py:914} INFO - Processing file /home/airflow/.local/lib/python3.12/site-packages/airflow/example_dags/example_xcomargs.py for tasks to queue
[2024-11-01T02:23:04.340+0000] {logging_mixin.py:190} INFO - [2024-11-01T02:23:04.340+0000] {dagbag.py:588} INFO - Filling up the DagBag from /home/airflow/.local/lib/python3.12/site-packages/airflow/example_dags/example_xcomargs.py
[2024-11-01T02:23:04.348+0000] {processor.py:925} INFO - DAG(s) 'example_xcom_args', 'example_xcom_args_with_operators' retrieved from /home/airflow/.local/lib/python3.12/site-packages/airflow/example_dags/example_xcomargs.py
[2024-11-01T02:23:04.369+0000] {logging_mixin.py:190} INFO - [2024-11-01T02:23:04.368+0000] {dag.py:3239} INFO - Sync 2 DAGs
[2024-11-01T02:23:04.381+0000] {logging_mixin.py:190} INFO - [2024-11-01T02:23:04.381+0000] {dag.py:4180} INFO - Setting next_dagrun for example_xcom_args to None, run_after=None
[2024-11-01T02:23:04.385+0000] {logging_mixin.py:190} INFO - [2024-11-01T02:23:04.385+0000] {dag.py:4180} INFO - Setting next_dagrun for example_xcom_args_with_operators to None, run_after=None
[2024-11-01T02:23:04.400+0000] {processor.py:208} INFO - Processing /home/airflow/.local/lib/python3.12/site-packages/airflow/example_dags/example_xcomargs.py took 0.068 seconds
