[2024-11-01T02:04:35.265+0000] {processor.py:186} INFO - Started process (PID=105) to work on /home/airflow/.local/lib/python3.12/site-packages/airflow/example_dags/example_dynamic_task_mapping.py
[2024-11-01T02:04:35.266+0000] {processor.py:914} INFO - Processing file /home/airflow/.local/lib/python3.12/site-packages/airflow/example_dags/example_dynamic_task_mapping.py for tasks to queue
[2024-11-01T02:04:35.268+0000] {logging_mixin.py:190} INFO - [2024-11-01T02:04:35.268+0000] {dagbag.py:588} INFO - Filling up the DagBag from /home/airflow/.local/lib/python3.12/site-packages/airflow/example_dags/example_dynamic_task_mapping.py
[2024-11-01T02:04:35.275+0000] {processor.py:925} INFO - DAG(s) 'example_dynamic_task_mapping' retrieved from /home/airflow/.local/lib/python3.12/site-packages/airflow/example_dags/example_dynamic_task_mapping.py
[2024-11-01T02:04:35.366+0000] {logging_mixin.py:190} INFO - [2024-11-01T02:04:35.365+0000] {override.py:1900} INFO - Created Permission View: can edit on DAG:example_dynamic_task_mapping
[2024-11-01T02:04:35.376+0000] {logging_mixin.py:190} INFO - [2024-11-01T02:04:35.376+0000] {override.py:1900} INFO - Created Permission View: can read on DAG:example_dynamic_task_mapping
[2024-11-01T02:04:35.382+0000] {logging_mixin.py:190} INFO - [2024-11-01T02:04:35.382+0000] {override.py:1900} INFO - Created Permission View: can delete on DAG:example_dynamic_task_mapping
[2024-11-01T02:04:35.390+0000] {logging_mixin.py:190} INFO - [2024-11-01T02:04:35.390+0000] {override.py:1900} INFO - Created Permission View: can delete on DAG Run:example_dynamic_task_mapping
[2024-11-01T02:04:35.397+0000] {logging_mixin.py:190} INFO - [2024-11-01T02:04:35.397+0000] {override.py:1900} INFO - Created Permission View: can read on DAG Run:example_dynamic_task_mapping
[2024-11-01T02:04:35.404+0000] {logging_mixin.py:190} INFO - [2024-11-01T02:04:35.404+0000] {override.py:1900} INFO - Created Permission View: can create on DAG Run:example_dynamic_task_mapping
[2024-11-01T02:04:35.410+0000] {logging_mixin.py:190} INFO - [2024-11-01T02:04:35.409+0000] {override.py:1900} INFO - Created Permission View: menu access on DAG Run:example_dynamic_task_mapping
[2024-11-01T02:04:35.410+0000] {logging_mixin.py:190} INFO - [2024-11-01T02:04:35.410+0000] {dag.py:3239} INFO - Sync 1 DAGs
[2024-11-01T02:04:35.421+0000] {logging_mixin.py:190} INFO - [2024-11-01T02:04:35.421+0000] {dag.py:3262} INFO - Creating ORM DAG for example_dynamic_task_mapping
[2024-11-01T02:04:35.422+0000] {logging_mixin.py:190} INFO - [2024-11-01T02:04:35.422+0000] {dag.py:4180} INFO - Setting next_dagrun for example_dynamic_task_mapping to None, run_after=None
[2024-11-01T02:04:35.435+0000] {processor.py:208} INFO - Processing /home/airflow/.local/lib/python3.12/site-packages/airflow/example_dags/example_dynamic_task_mapping.py took 0.176 seconds
[2024-11-01T02:05:05.988+0000] {processor.py:186} INFO - Started process (PID=167) to work on /home/airflow/.local/lib/python3.12/site-packages/airflow/example_dags/example_dynamic_task_mapping.py
[2024-11-01T02:05:05.989+0000] {processor.py:914} INFO - Processing file /home/airflow/.local/lib/python3.12/site-packages/airflow/example_dags/example_dynamic_task_mapping.py for tasks to queue
[2024-11-01T02:05:05.991+0000] {logging_mixin.py:190} INFO - [2024-11-01T02:05:05.991+0000] {dagbag.py:588} INFO - Filling up the DagBag from /home/airflow/.local/lib/python3.12/site-packages/airflow/example_dags/example_dynamic_task_mapping.py
[2024-11-01T02:05:05.998+0000] {processor.py:925} INFO - DAG(s) 'example_dynamic_task_mapping' retrieved from /home/airflow/.local/lib/python3.12/site-packages/airflow/example_dags/example_dynamic_task_mapping.py
[2024-11-01T02:05:06.015+0000] {logging_mixin.py:190} INFO - [2024-11-01T02:05:06.015+0000] {dag.py:3239} INFO - Sync 1 DAGs
[2024-11-01T02:05:06.029+0000] {logging_mixin.py:190} INFO - [2024-11-01T02:05:06.028+0000] {dag.py:4180} INFO - Setting next_dagrun for example_dynamic_task_mapping to None, run_after=None
[2024-11-01T02:05:06.088+0000] {processor.py:208} INFO - Processing /home/airflow/.local/lib/python3.12/site-packages/airflow/example_dags/example_dynamic_task_mapping.py took 0.104 seconds
[2024-11-01T02:05:36.761+0000] {processor.py:186} INFO - Started process (PID=229) to work on /home/airflow/.local/lib/python3.12/site-packages/airflow/example_dags/example_dynamic_task_mapping.py
[2024-11-01T02:05:36.762+0000] {processor.py:914} INFO - Processing file /home/airflow/.local/lib/python3.12/site-packages/airflow/example_dags/example_dynamic_task_mapping.py for tasks to queue
[2024-11-01T02:05:36.764+0000] {logging_mixin.py:190} INFO - [2024-11-01T02:05:36.764+0000] {dagbag.py:588} INFO - Filling up the DagBag from /home/airflow/.local/lib/python3.12/site-packages/airflow/example_dags/example_dynamic_task_mapping.py
[2024-11-01T02:05:36.771+0000] {processor.py:925} INFO - DAG(s) 'example_dynamic_task_mapping' retrieved from /home/airflow/.local/lib/python3.12/site-packages/airflow/example_dags/example_dynamic_task_mapping.py
[2024-11-01T02:05:36.786+0000] {logging_mixin.py:190} INFO - [2024-11-01T02:05:36.786+0000] {dag.py:3239} INFO - Sync 1 DAGs
[2024-11-01T02:05:36.798+0000] {logging_mixin.py:190} INFO - [2024-11-01T02:05:36.798+0000] {dag.py:4180} INFO - Setting next_dagrun for example_dynamic_task_mapping to None, run_after=None
[2024-11-01T02:05:36.813+0000] {processor.py:208} INFO - Processing /home/airflow/.local/lib/python3.12/site-packages/airflow/example_dags/example_dynamic_task_mapping.py took 0.058 seconds
[2024-11-01T02:06:07.113+0000] {processor.py:186} INFO - Started process (PID=291) to work on /home/airflow/.local/lib/python3.12/site-packages/airflow/example_dags/example_dynamic_task_mapping.py
[2024-11-01T02:06:07.114+0000] {processor.py:914} INFO - Processing file /home/airflow/.local/lib/python3.12/site-packages/airflow/example_dags/example_dynamic_task_mapping.py for tasks to queue
[2024-11-01T02:06:07.116+0000] {logging_mixin.py:190} INFO - [2024-11-01T02:06:07.116+0000] {dagbag.py:588} INFO - Filling up the DagBag from /home/airflow/.local/lib/python3.12/site-packages/airflow/example_dags/example_dynamic_task_mapping.py
[2024-11-01T02:06:07.122+0000] {processor.py:925} INFO - DAG(s) 'example_dynamic_task_mapping' retrieved from /home/airflow/.local/lib/python3.12/site-packages/airflow/example_dags/example_dynamic_task_mapping.py
[2024-11-01T02:06:07.138+0000] {logging_mixin.py:190} INFO - [2024-11-01T02:06:07.138+0000] {dag.py:3239} INFO - Sync 1 DAGs
[2024-11-01T02:06:07.150+0000] {logging_mixin.py:190} INFO - [2024-11-01T02:06:07.150+0000] {dag.py:4180} INFO - Setting next_dagrun for example_dynamic_task_mapping to None, run_after=None
[2024-11-01T02:06:07.165+0000] {processor.py:208} INFO - Processing /home/airflow/.local/lib/python3.12/site-packages/airflow/example_dags/example_dynamic_task_mapping.py took 0.056 seconds
[2024-11-01T02:14:53.094+0000] {processor.py:186} INFO - Started process (PID=101) to work on /home/airflow/.local/lib/python3.12/site-packages/airflow/example_dags/example_dynamic_task_mapping.py
[2024-11-01T02:14:53.095+0000] {processor.py:914} INFO - Processing file /home/airflow/.local/lib/python3.12/site-packages/airflow/example_dags/example_dynamic_task_mapping.py for tasks to queue
[2024-11-01T02:14:53.097+0000] {logging_mixin.py:190} INFO - [2024-11-01T02:14:53.097+0000] {dagbag.py:588} INFO - Filling up the DagBag from /home/airflow/.local/lib/python3.12/site-packages/airflow/example_dags/example_dynamic_task_mapping.py
[2024-11-01T02:14:53.105+0000] {processor.py:925} INFO - DAG(s) 'example_dynamic_task_mapping' retrieved from /home/airflow/.local/lib/python3.12/site-packages/airflow/example_dags/example_dynamic_task_mapping.py
[2024-11-01T02:14:53.121+0000] {logging_mixin.py:190} INFO - [2024-11-01T02:14:53.121+0000] {dag.py:3239} INFO - Sync 1 DAGs
[2024-11-01T02:14:53.135+0000] {logging_mixin.py:190} INFO - [2024-11-01T02:14:53.134+0000] {dag.py:4180} INFO - Setting next_dagrun for example_dynamic_task_mapping to None, run_after=None
[2024-11-01T02:14:53.152+0000] {processor.py:208} INFO - Processing /home/airflow/.local/lib/python3.12/site-packages/airflow/example_dags/example_dynamic_task_mapping.py took 0.063 seconds
[2024-11-01T02:15:23.713+0000] {processor.py:186} INFO - Started process (PID=170) to work on /home/airflow/.local/lib/python3.12/site-packages/airflow/example_dags/example_dynamic_task_mapping.py
[2024-11-01T02:15:23.714+0000] {processor.py:914} INFO - Processing file /home/airflow/.local/lib/python3.12/site-packages/airflow/example_dags/example_dynamic_task_mapping.py for tasks to queue
[2024-11-01T02:15:23.716+0000] {logging_mixin.py:190} INFO - [2024-11-01T02:15:23.716+0000] {dagbag.py:588} INFO - Filling up the DagBag from /home/airflow/.local/lib/python3.12/site-packages/airflow/example_dags/example_dynamic_task_mapping.py
[2024-11-01T02:15:23.723+0000] {processor.py:925} INFO - DAG(s) 'example_dynamic_task_mapping' retrieved from /home/airflow/.local/lib/python3.12/site-packages/airflow/example_dags/example_dynamic_task_mapping.py
[2024-11-01T02:15:23.739+0000] {logging_mixin.py:190} INFO - [2024-11-01T02:15:23.738+0000] {dag.py:3239} INFO - Sync 1 DAGs
[2024-11-01T02:15:23.751+0000] {logging_mixin.py:190} INFO - [2024-11-01T02:15:23.751+0000] {dag.py:4180} INFO - Setting next_dagrun for example_dynamic_task_mapping to None, run_after=None
[2024-11-01T02:15:23.767+0000] {processor.py:208} INFO - Processing /home/airflow/.local/lib/python3.12/site-packages/airflow/example_dags/example_dynamic_task_mapping.py took 0.058 seconds
[2024-11-01T02:15:54.175+0000] {processor.py:186} INFO - Started process (PID=233) to work on /home/airflow/.local/lib/python3.12/site-packages/airflow/example_dags/example_dynamic_task_mapping.py
[2024-11-01T02:15:54.176+0000] {processor.py:914} INFO - Processing file /home/airflow/.local/lib/python3.12/site-packages/airflow/example_dags/example_dynamic_task_mapping.py for tasks to queue
[2024-11-01T02:15:54.178+0000] {logging_mixin.py:190} INFO - [2024-11-01T02:15:54.177+0000] {dagbag.py:588} INFO - Filling up the DagBag from /home/airflow/.local/lib/python3.12/site-packages/airflow/example_dags/example_dynamic_task_mapping.py
[2024-11-01T02:15:54.185+0000] {processor.py:925} INFO - DAG(s) 'example_dynamic_task_mapping' retrieved from /home/airflow/.local/lib/python3.12/site-packages/airflow/example_dags/example_dynamic_task_mapping.py
[2024-11-01T02:15:54.201+0000] {logging_mixin.py:190} INFO - [2024-11-01T02:15:54.201+0000] {dag.py:3239} INFO - Sync 1 DAGs
[2024-11-01T02:15:54.214+0000] {logging_mixin.py:190} INFO - [2024-11-01T02:15:54.214+0000] {dag.py:4180} INFO - Setting next_dagrun for example_dynamic_task_mapping to None, run_after=None
[2024-11-01T02:15:54.243+0000] {processor.py:208} INFO - Processing /home/airflow/.local/lib/python3.12/site-packages/airflow/example_dags/example_dynamic_task_mapping.py took 0.074 seconds
[2024-11-01T02:16:24.804+0000] {processor.py:186} INFO - Started process (PID=296) to work on /home/airflow/.local/lib/python3.12/site-packages/airflow/example_dags/example_dynamic_task_mapping.py
[2024-11-01T02:16:24.805+0000] {processor.py:914} INFO - Processing file /home/airflow/.local/lib/python3.12/site-packages/airflow/example_dags/example_dynamic_task_mapping.py for tasks to queue
[2024-11-01T02:16:24.808+0000] {logging_mixin.py:190} INFO - [2024-11-01T02:16:24.807+0000] {dagbag.py:588} INFO - Filling up the DagBag from /home/airflow/.local/lib/python3.12/site-packages/airflow/example_dags/example_dynamic_task_mapping.py
[2024-11-01T02:16:24.814+0000] {processor.py:925} INFO - DAG(s) 'example_dynamic_task_mapping' retrieved from /home/airflow/.local/lib/python3.12/site-packages/airflow/example_dags/example_dynamic_task_mapping.py
[2024-11-01T02:16:24.832+0000] {logging_mixin.py:190} INFO - [2024-11-01T02:16:24.832+0000] {dag.py:3239} INFO - Sync 1 DAGs
[2024-11-01T02:16:24.845+0000] {logging_mixin.py:190} INFO - [2024-11-01T02:16:24.845+0000] {dag.py:4180} INFO - Setting next_dagrun for example_dynamic_task_mapping to None, run_after=None
[2024-11-01T02:16:24.862+0000] {processor.py:208} INFO - Processing /home/airflow/.local/lib/python3.12/site-packages/airflow/example_dags/example_dynamic_task_mapping.py took 0.062 seconds
[2024-11-01T02:16:55.491+0000] {processor.py:186} INFO - Started process (PID=359) to work on /home/airflow/.local/lib/python3.12/site-packages/airflow/example_dags/example_dynamic_task_mapping.py
[2024-11-01T02:16:55.492+0000] {processor.py:914} INFO - Processing file /home/airflow/.local/lib/python3.12/site-packages/airflow/example_dags/example_dynamic_task_mapping.py for tasks to queue
[2024-11-01T02:16:55.494+0000] {logging_mixin.py:190} INFO - [2024-11-01T02:16:55.494+0000] {dagbag.py:588} INFO - Filling up the DagBag from /home/airflow/.local/lib/python3.12/site-packages/airflow/example_dags/example_dynamic_task_mapping.py
[2024-11-01T02:16:55.501+0000] {processor.py:925} INFO - DAG(s) 'example_dynamic_task_mapping' retrieved from /home/airflow/.local/lib/python3.12/site-packages/airflow/example_dags/example_dynamic_task_mapping.py
[2024-11-01T02:16:55.518+0000] {logging_mixin.py:190} INFO - [2024-11-01T02:16:55.518+0000] {dag.py:3239} INFO - Sync 1 DAGs
[2024-11-01T02:16:55.530+0000] {logging_mixin.py:190} INFO - [2024-11-01T02:16:55.530+0000] {dag.py:4180} INFO - Setting next_dagrun for example_dynamic_task_mapping to None, run_after=None
[2024-11-01T02:16:55.546+0000] {processor.py:208} INFO - Processing /home/airflow/.local/lib/python3.12/site-packages/airflow/example_dags/example_dynamic_task_mapping.py took 0.060 seconds
[2024-11-01T02:17:25.904+0000] {processor.py:186} INFO - Started process (PID=422) to work on /home/airflow/.local/lib/python3.12/site-packages/airflow/example_dags/example_dynamic_task_mapping.py
[2024-11-01T02:17:25.905+0000] {processor.py:914} INFO - Processing file /home/airflow/.local/lib/python3.12/site-packages/airflow/example_dags/example_dynamic_task_mapping.py for tasks to queue
[2024-11-01T02:17:25.907+0000] {logging_mixin.py:190} INFO - [2024-11-01T02:17:25.907+0000] {dagbag.py:588} INFO - Filling up the DagBag from /home/airflow/.local/lib/python3.12/site-packages/airflow/example_dags/example_dynamic_task_mapping.py
[2024-11-01T02:17:25.914+0000] {processor.py:925} INFO - DAG(s) 'example_dynamic_task_mapping' retrieved from /home/airflow/.local/lib/python3.12/site-packages/airflow/example_dags/example_dynamic_task_mapping.py
[2024-11-01T02:17:25.930+0000] {logging_mixin.py:190} INFO - [2024-11-01T02:17:25.930+0000] {dag.py:3239} INFO - Sync 1 DAGs
[2024-11-01T02:17:25.942+0000] {logging_mixin.py:190} INFO - [2024-11-01T02:17:25.942+0000] {dag.py:4180} INFO - Setting next_dagrun for example_dynamic_task_mapping to None, run_after=None
[2024-11-01T02:17:25.959+0000] {processor.py:208} INFO - Processing /home/airflow/.local/lib/python3.12/site-packages/airflow/example_dags/example_dynamic_task_mapping.py took 0.059 seconds
[2024-11-01T02:17:56.461+0000] {processor.py:186} INFO - Started process (PID=485) to work on /home/airflow/.local/lib/python3.12/site-packages/airflow/example_dags/example_dynamic_task_mapping.py
[2024-11-01T02:17:56.462+0000] {processor.py:914} INFO - Processing file /home/airflow/.local/lib/python3.12/site-packages/airflow/example_dags/example_dynamic_task_mapping.py for tasks to queue
[2024-11-01T02:17:56.464+0000] {logging_mixin.py:190} INFO - [2024-11-01T02:17:56.464+0000] {dagbag.py:588} INFO - Filling up the DagBag from /home/airflow/.local/lib/python3.12/site-packages/airflow/example_dags/example_dynamic_task_mapping.py
[2024-11-01T02:17:56.470+0000] {processor.py:925} INFO - DAG(s) 'example_dynamic_task_mapping' retrieved from /home/airflow/.local/lib/python3.12/site-packages/airflow/example_dags/example_dynamic_task_mapping.py
[2024-11-01T02:17:56.487+0000] {logging_mixin.py:190} INFO - [2024-11-01T02:17:56.487+0000] {dag.py:3239} INFO - Sync 1 DAGs
[2024-11-01T02:17:56.500+0000] {logging_mixin.py:190} INFO - [2024-11-01T02:17:56.500+0000] {dag.py:4180} INFO - Setting next_dagrun for example_dynamic_task_mapping to None, run_after=None
[2024-11-01T02:17:56.517+0000] {processor.py:208} INFO - Processing /home/airflow/.local/lib/python3.12/site-packages/airflow/example_dags/example_dynamic_task_mapping.py took 0.061 seconds
[2024-11-01T02:18:26.889+0000] {processor.py:186} INFO - Started process (PID=548) to work on /home/airflow/.local/lib/python3.12/site-packages/airflow/example_dags/example_dynamic_task_mapping.py
[2024-11-01T02:18:26.890+0000] {processor.py:914} INFO - Processing file /home/airflow/.local/lib/python3.12/site-packages/airflow/example_dags/example_dynamic_task_mapping.py for tasks to queue
[2024-11-01T02:18:26.892+0000] {logging_mixin.py:190} INFO - [2024-11-01T02:18:26.892+0000] {dagbag.py:588} INFO - Filling up the DagBag from /home/airflow/.local/lib/python3.12/site-packages/airflow/example_dags/example_dynamic_task_mapping.py
[2024-11-01T02:18:26.899+0000] {processor.py:925} INFO - DAG(s) 'example_dynamic_task_mapping' retrieved from /home/airflow/.local/lib/python3.12/site-packages/airflow/example_dags/example_dynamic_task_mapping.py
[2024-11-01T02:18:26.915+0000] {logging_mixin.py:190} INFO - [2024-11-01T02:18:26.915+0000] {dag.py:3239} INFO - Sync 1 DAGs
[2024-11-01T02:18:26.928+0000] {logging_mixin.py:190} INFO - [2024-11-01T02:18:26.927+0000] {dag.py:4180} INFO - Setting next_dagrun for example_dynamic_task_mapping to None, run_after=None
[2024-11-01T02:18:26.944+0000] {processor.py:208} INFO - Processing /home/airflow/.local/lib/python3.12/site-packages/airflow/example_dags/example_dynamic_task_mapping.py took 0.060 seconds
[2024-11-01T02:18:57.578+0000] {processor.py:186} INFO - Started process (PID=611) to work on /home/airflow/.local/lib/python3.12/site-packages/airflow/example_dags/example_dynamic_task_mapping.py
[2024-11-01T02:18:57.578+0000] {processor.py:914} INFO - Processing file /home/airflow/.local/lib/python3.12/site-packages/airflow/example_dags/example_dynamic_task_mapping.py for tasks to queue
[2024-11-01T02:18:57.581+0000] {logging_mixin.py:190} INFO - [2024-11-01T02:18:57.580+0000] {dagbag.py:588} INFO - Filling up the DagBag from /home/airflow/.local/lib/python3.12/site-packages/airflow/example_dags/example_dynamic_task_mapping.py
[2024-11-01T02:18:57.587+0000] {processor.py:925} INFO - DAG(s) 'example_dynamic_task_mapping' retrieved from /home/airflow/.local/lib/python3.12/site-packages/airflow/example_dags/example_dynamic_task_mapping.py
[2024-11-01T02:18:57.604+0000] {logging_mixin.py:190} INFO - [2024-11-01T02:18:57.604+0000] {dag.py:3239} INFO - Sync 1 DAGs
[2024-11-01T02:18:57.618+0000] {logging_mixin.py:190} INFO - [2024-11-01T02:18:57.617+0000] {dag.py:4180} INFO - Setting next_dagrun for example_dynamic_task_mapping to None, run_after=None
[2024-11-01T02:18:57.634+0000] {processor.py:208} INFO - Processing /home/airflow/.local/lib/python3.12/site-packages/airflow/example_dags/example_dynamic_task_mapping.py took 0.062 seconds
[2024-11-01T02:19:28.017+0000] {processor.py:186} INFO - Started process (PID=674) to work on /home/airflow/.local/lib/python3.12/site-packages/airflow/example_dags/example_dynamic_task_mapping.py
[2024-11-01T02:19:28.018+0000] {processor.py:914} INFO - Processing file /home/airflow/.local/lib/python3.12/site-packages/airflow/example_dags/example_dynamic_task_mapping.py for tasks to queue
[2024-11-01T02:19:28.020+0000] {logging_mixin.py:190} INFO - [2024-11-01T02:19:28.020+0000] {dagbag.py:588} INFO - Filling up the DagBag from /home/airflow/.local/lib/python3.12/site-packages/airflow/example_dags/example_dynamic_task_mapping.py
[2024-11-01T02:19:28.029+0000] {processor.py:925} INFO - DAG(s) 'example_dynamic_task_mapping' retrieved from /home/airflow/.local/lib/python3.12/site-packages/airflow/example_dags/example_dynamic_task_mapping.py
[2024-11-01T02:19:28.046+0000] {logging_mixin.py:190} INFO - [2024-11-01T02:19:28.046+0000] {dag.py:3239} INFO - Sync 1 DAGs
[2024-11-01T02:19:28.060+0000] {logging_mixin.py:190} INFO - [2024-11-01T02:19:28.059+0000] {dag.py:4180} INFO - Setting next_dagrun for example_dynamic_task_mapping to None, run_after=None
[2024-11-01T02:19:28.179+0000] {processor.py:208} INFO - Processing /home/airflow/.local/lib/python3.12/site-packages/airflow/example_dags/example_dynamic_task_mapping.py took 0.167 seconds
[2024-11-01T02:19:58.762+0000] {processor.py:186} INFO - Started process (PID=737) to work on /home/airflow/.local/lib/python3.12/site-packages/airflow/example_dags/example_dynamic_task_mapping.py
[2024-11-01T02:19:58.763+0000] {processor.py:914} INFO - Processing file /home/airflow/.local/lib/python3.12/site-packages/airflow/example_dags/example_dynamic_task_mapping.py for tasks to queue
[2024-11-01T02:19:58.765+0000] {logging_mixin.py:190} INFO - [2024-11-01T02:19:58.765+0000] {dagbag.py:588} INFO - Filling up the DagBag from /home/airflow/.local/lib/python3.12/site-packages/airflow/example_dags/example_dynamic_task_mapping.py
[2024-11-01T02:19:58.772+0000] {processor.py:925} INFO - DAG(s) 'example_dynamic_task_mapping' retrieved from /home/airflow/.local/lib/python3.12/site-packages/airflow/example_dags/example_dynamic_task_mapping.py
[2024-11-01T02:19:58.794+0000] {logging_mixin.py:190} INFO - [2024-11-01T02:19:58.793+0000] {dag.py:3239} INFO - Sync 1 DAGs
[2024-11-01T02:19:58.808+0000] {logging_mixin.py:190} INFO - [2024-11-01T02:19:58.808+0000] {dag.py:4180} INFO - Setting next_dagrun for example_dynamic_task_mapping to None, run_after=None
[2024-11-01T02:19:58.827+0000] {processor.py:208} INFO - Processing /home/airflow/.local/lib/python3.12/site-packages/airflow/example_dags/example_dynamic_task_mapping.py took 0.070 seconds
[2024-11-01T02:20:29.435+0000] {processor.py:186} INFO - Started process (PID=800) to work on /home/airflow/.local/lib/python3.12/site-packages/airflow/example_dags/example_dynamic_task_mapping.py
[2024-11-01T02:20:29.436+0000] {processor.py:914} INFO - Processing file /home/airflow/.local/lib/python3.12/site-packages/airflow/example_dags/example_dynamic_task_mapping.py for tasks to queue
[2024-11-01T02:20:29.438+0000] {logging_mixin.py:190} INFO - [2024-11-01T02:20:29.438+0000] {dagbag.py:588} INFO - Filling up the DagBag from /home/airflow/.local/lib/python3.12/site-packages/airflow/example_dags/example_dynamic_task_mapping.py
[2024-11-01T02:20:29.445+0000] {processor.py:925} INFO - DAG(s) 'example_dynamic_task_mapping' retrieved from /home/airflow/.local/lib/python3.12/site-packages/airflow/example_dags/example_dynamic_task_mapping.py
[2024-11-01T02:20:29.461+0000] {logging_mixin.py:190} INFO - [2024-11-01T02:20:29.461+0000] {dag.py:3239} INFO - Sync 1 DAGs
[2024-11-01T02:20:29.473+0000] {logging_mixin.py:190} INFO - [2024-11-01T02:20:29.473+0000] {dag.py:4180} INFO - Setting next_dagrun for example_dynamic_task_mapping to None, run_after=None
[2024-11-01T02:20:29.489+0000] {processor.py:208} INFO - Processing /home/airflow/.local/lib/python3.12/site-packages/airflow/example_dags/example_dynamic_task_mapping.py took 0.058 seconds
[2024-11-01T02:21:00.601+0000] {processor.py:186} INFO - Started process (PID=863) to work on /home/airflow/.local/lib/python3.12/site-packages/airflow/example_dags/example_dynamic_task_mapping.py
[2024-11-01T02:21:00.602+0000] {processor.py:914} INFO - Processing file /home/airflow/.local/lib/python3.12/site-packages/airflow/example_dags/example_dynamic_task_mapping.py for tasks to queue
[2024-11-01T02:21:00.605+0000] {logging_mixin.py:190} INFO - [2024-11-01T02:21:00.604+0000] {dagbag.py:588} INFO - Filling up the DagBag from /home/airflow/.local/lib/python3.12/site-packages/airflow/example_dags/example_dynamic_task_mapping.py
[2024-11-01T02:21:00.611+0000] {processor.py:925} INFO - DAG(s) 'example_dynamic_task_mapping' retrieved from /home/airflow/.local/lib/python3.12/site-packages/airflow/example_dags/example_dynamic_task_mapping.py
[2024-11-01T02:21:00.629+0000] {logging_mixin.py:190} INFO - [2024-11-01T02:21:00.628+0000] {dag.py:3239} INFO - Sync 1 DAGs
[2024-11-01T02:21:00.643+0000] {logging_mixin.py:190} INFO - [2024-11-01T02:21:00.642+0000] {dag.py:4180} INFO - Setting next_dagrun for example_dynamic_task_mapping to None, run_after=None
[2024-11-01T02:21:00.659+0000] {processor.py:208} INFO - Processing /home/airflow/.local/lib/python3.12/site-packages/airflow/example_dags/example_dynamic_task_mapping.py took 0.063 seconds
[2024-11-01T02:21:31.418+0000] {processor.py:186} INFO - Started process (PID=926) to work on /home/airflow/.local/lib/python3.12/site-packages/airflow/example_dags/example_dynamic_task_mapping.py
[2024-11-01T02:21:31.419+0000] {processor.py:914} INFO - Processing file /home/airflow/.local/lib/python3.12/site-packages/airflow/example_dags/example_dynamic_task_mapping.py for tasks to queue
[2024-11-01T02:21:31.421+0000] {logging_mixin.py:190} INFO - [2024-11-01T02:21:31.421+0000] {dagbag.py:588} INFO - Filling up the DagBag from /home/airflow/.local/lib/python3.12/site-packages/airflow/example_dags/example_dynamic_task_mapping.py
[2024-11-01T02:21:31.428+0000] {processor.py:925} INFO - DAG(s) 'example_dynamic_task_mapping' retrieved from /home/airflow/.local/lib/python3.12/site-packages/airflow/example_dags/example_dynamic_task_mapping.py
[2024-11-01T02:21:31.445+0000] {logging_mixin.py:190} INFO - [2024-11-01T02:21:31.445+0000] {dag.py:3239} INFO - Sync 1 DAGs
[2024-11-01T02:21:31.458+0000] {logging_mixin.py:190} INFO - [2024-11-01T02:21:31.457+0000] {dag.py:4180} INFO - Setting next_dagrun for example_dynamic_task_mapping to None, run_after=None
[2024-11-01T02:21:31.474+0000] {processor.py:208} INFO - Processing /home/airflow/.local/lib/python3.12/site-packages/airflow/example_dags/example_dynamic_task_mapping.py took 0.061 seconds
[2024-11-01T02:22:02.283+0000] {processor.py:186} INFO - Started process (PID=989) to work on /home/airflow/.local/lib/python3.12/site-packages/airflow/example_dags/example_dynamic_task_mapping.py
[2024-11-01T02:22:02.284+0000] {processor.py:914} INFO - Processing file /home/airflow/.local/lib/python3.12/site-packages/airflow/example_dags/example_dynamic_task_mapping.py for tasks to queue
[2024-11-01T02:22:02.287+0000] {logging_mixin.py:190} INFO - [2024-11-01T02:22:02.286+0000] {dagbag.py:588} INFO - Filling up the DagBag from /home/airflow/.local/lib/python3.12/site-packages/airflow/example_dags/example_dynamic_task_mapping.py
[2024-11-01T02:22:02.293+0000] {processor.py:925} INFO - DAG(s) 'example_dynamic_task_mapping' retrieved from /home/airflow/.local/lib/python3.12/site-packages/airflow/example_dags/example_dynamic_task_mapping.py
[2024-11-01T02:22:02.311+0000] {logging_mixin.py:190} INFO - [2024-11-01T02:22:02.310+0000] {dag.py:3239} INFO - Sync 1 DAGs
[2024-11-01T02:22:02.323+0000] {logging_mixin.py:190} INFO - [2024-11-01T02:22:02.322+0000] {dag.py:4180} INFO - Setting next_dagrun for example_dynamic_task_mapping to None, run_after=None
[2024-11-01T02:22:02.340+0000] {processor.py:208} INFO - Processing /home/airflow/.local/lib/python3.12/site-packages/airflow/example_dags/example_dynamic_task_mapping.py took 0.062 seconds
[2024-11-01T02:22:32.902+0000] {processor.py:186} INFO - Started process (PID=1052) to work on /home/airflow/.local/lib/python3.12/site-packages/airflow/example_dags/example_dynamic_task_mapping.py
[2024-11-01T02:22:32.903+0000] {processor.py:914} INFO - Processing file /home/airflow/.local/lib/python3.12/site-packages/airflow/example_dags/example_dynamic_task_mapping.py for tasks to queue
[2024-11-01T02:22:32.905+0000] {logging_mixin.py:190} INFO - [2024-11-01T02:22:32.905+0000] {dagbag.py:588} INFO - Filling up the DagBag from /home/airflow/.local/lib/python3.12/site-packages/airflow/example_dags/example_dynamic_task_mapping.py
[2024-11-01T02:22:32.912+0000] {processor.py:925} INFO - DAG(s) 'example_dynamic_task_mapping' retrieved from /home/airflow/.local/lib/python3.12/site-packages/airflow/example_dags/example_dynamic_task_mapping.py
[2024-11-01T02:22:32.927+0000] {logging_mixin.py:190} INFO - [2024-11-01T02:22:32.927+0000] {dag.py:3239} INFO - Sync 1 DAGs
[2024-11-01T02:22:32.943+0000] {logging_mixin.py:190} INFO - [2024-11-01T02:22:32.943+0000] {dag.py:4180} INFO - Setting next_dagrun for example_dynamic_task_mapping to None, run_after=None
[2024-11-01T02:22:32.975+0000] {processor.py:208} INFO - Processing /home/airflow/.local/lib/python3.12/site-packages/airflow/example_dags/example_dynamic_task_mapping.py took 0.077 seconds
[2024-11-01T02:23:03.735+0000] {processor.py:186} INFO - Started process (PID=1115) to work on /home/airflow/.local/lib/python3.12/site-packages/airflow/example_dags/example_dynamic_task_mapping.py
[2024-11-01T02:23:03.736+0000] {processor.py:914} INFO - Processing file /home/airflow/.local/lib/python3.12/site-packages/airflow/example_dags/example_dynamic_task_mapping.py for tasks to queue
[2024-11-01T02:23:03.739+0000] {logging_mixin.py:190} INFO - [2024-11-01T02:23:03.738+0000] {dagbag.py:588} INFO - Filling up the DagBag from /home/airflow/.local/lib/python3.12/site-packages/airflow/example_dags/example_dynamic_task_mapping.py
[2024-11-01T02:23:03.745+0000] {processor.py:925} INFO - DAG(s) 'example_dynamic_task_mapping' retrieved from /home/airflow/.local/lib/python3.12/site-packages/airflow/example_dags/example_dynamic_task_mapping.py
[2024-11-01T02:23:03.761+0000] {logging_mixin.py:190} INFO - [2024-11-01T02:23:03.761+0000] {dag.py:3239} INFO - Sync 1 DAGs
[2024-11-01T02:23:03.773+0000] {logging_mixin.py:190} INFO - [2024-11-01T02:23:03.773+0000] {dag.py:4180} INFO - Setting next_dagrun for example_dynamic_task_mapping to None, run_after=None
[2024-11-01T02:23:03.789+0000] {processor.py:208} INFO - Processing /home/airflow/.local/lib/python3.12/site-packages/airflow/example_dags/example_dynamic_task_mapping.py took 0.059 seconds
[2024-11-01T02:23:34.304+0000] {processor.py:186} INFO - Started process (PID=1178) to work on /home/airflow/.local/lib/python3.12/site-packages/airflow/example_dags/example_dynamic_task_mapping.py
[2024-11-01T02:23:34.305+0000] {processor.py:914} INFO - Processing file /home/airflow/.local/lib/python3.12/site-packages/airflow/example_dags/example_dynamic_task_mapping.py for tasks to queue
[2024-11-01T02:23:34.308+0000] {logging_mixin.py:190} INFO - [2024-11-01T02:23:34.307+0000] {dagbag.py:588} INFO - Filling up the DagBag from /home/airflow/.local/lib/python3.12/site-packages/airflow/example_dags/example_dynamic_task_mapping.py
[2024-11-01T02:23:34.315+0000] {processor.py:925} INFO - DAG(s) 'example_dynamic_task_mapping' retrieved from /home/airflow/.local/lib/python3.12/site-packages/airflow/example_dags/example_dynamic_task_mapping.py
[2024-11-01T02:23:34.331+0000] {logging_mixin.py:190} INFO - [2024-11-01T02:23:34.331+0000] {dag.py:3239} INFO - Sync 1 DAGs
[2024-11-01T02:23:34.344+0000] {logging_mixin.py:190} INFO - [2024-11-01T02:23:34.344+0000] {dag.py:4180} INFO - Setting next_dagrun for example_dynamic_task_mapping to None, run_after=None
[2024-11-01T02:23:34.377+0000] {processor.py:208} INFO - Processing /home/airflow/.local/lib/python3.12/site-packages/airflow/example_dags/example_dynamic_task_mapping.py took 0.078 seconds
