[2024-11-01T02:04:30.292+0000] {processor.py:186} INFO - Started process (PID=73) to work on /home/airflow/.local/lib/python3.12/site-packages/airflow/example_dags/example_bash_decorator.py
[2024-11-01T02:04:30.293+0000] {processor.py:914} INFO - Processing file /home/airflow/.local/lib/python3.12/site-packages/airflow/example_dags/example_bash_decorator.py for tasks to queue
[2024-11-01T02:04:30.295+0000] {logging_mixin.py:190} INFO - [2024-11-01T02:04:30.295+0000] {dagbag.py:588} INFO - Filling up the DagBag from /home/airflow/.local/lib/python3.12/site-packages/airflow/example_dags/example_bash_decorator.py
[2024-11-01T02:04:30.311+0000] {processor.py:925} INFO - DAG(s) 'example_bash_decorator' retrieved from /home/airflow/.local/lib/python3.12/site-packages/airflow/example_dags/example_bash_decorator.py
[2024-11-01T02:04:30.414+0000] {logging_mixin.py:190} INFO - [2024-11-01T02:04:30.413+0000] {override.py:1900} INFO - Created Permission View: can edit on DAG:example_bash_decorator
[2024-11-01T02:04:30.424+0000] {logging_mixin.py:190} INFO - [2024-11-01T02:04:30.423+0000] {override.py:1900} INFO - Created Permission View: can read on DAG:example_bash_decorator
[2024-11-01T02:04:30.432+0000] {logging_mixin.py:190} INFO - [2024-11-01T02:04:30.432+0000] {override.py:1900} INFO - Created Permission View: can delete on DAG:example_bash_decorator
[2024-11-01T02:04:30.442+0000] {logging_mixin.py:190} INFO - [2024-11-01T02:04:30.441+0000] {override.py:1900} INFO - Created Permission View: can delete on DAG Run:example_bash_decorator
[2024-11-01T02:04:30.449+0000] {logging_mixin.py:190} INFO - [2024-11-01T02:04:30.449+0000] {override.py:1900} INFO - Created Permission View: can read on DAG Run:example_bash_decorator
[2024-11-01T02:04:30.455+0000] {logging_mixin.py:190} INFO - [2024-11-01T02:04:30.455+0000] {override.py:1900} INFO - Created Permission View: can create on DAG Run:example_bash_decorator
[2024-11-01T02:04:30.462+0000] {logging_mixin.py:190} INFO - [2024-11-01T02:04:30.462+0000] {override.py:1900} INFO - Created Permission View: menu access on DAG Run:example_bash_decorator
[2024-11-01T02:04:30.463+0000] {logging_mixin.py:190} INFO - [2024-11-01T02:04:30.462+0000] {dag.py:3239} INFO - Sync 1 DAGs
[2024-11-01T02:04:30.474+0000] {logging_mixin.py:190} INFO - [2024-11-01T02:04:30.474+0000] {dag.py:3262} INFO - Creating ORM DAG for example_bash_decorator
[2024-11-01T02:04:30.475+0000] {logging_mixin.py:190} INFO - [2024-11-01T02:04:30.475+0000] {dag.py:4180} INFO - Setting next_dagrun for example_bash_decorator to None, run_after=None
[2024-11-01T02:04:30.489+0000] {processor.py:208} INFO - Processing /home/airflow/.local/lib/python3.12/site-packages/airflow/example_dags/example_bash_decorator.py took 0.202 seconds
[2024-11-01T02:05:01.376+0000] {processor.py:186} INFO - Started process (PID=135) to work on /home/airflow/.local/lib/python3.12/site-packages/airflow/example_dags/example_bash_decorator.py
[2024-11-01T02:05:01.377+0000] {processor.py:914} INFO - Processing file /home/airflow/.local/lib/python3.12/site-packages/airflow/example_dags/example_bash_decorator.py for tasks to queue
[2024-11-01T02:05:01.379+0000] {logging_mixin.py:190} INFO - [2024-11-01T02:05:01.379+0000] {dagbag.py:588} INFO - Filling up the DagBag from /home/airflow/.local/lib/python3.12/site-packages/airflow/example_dags/example_bash_decorator.py
[2024-11-01T02:05:01.393+0000] {processor.py:925} INFO - DAG(s) 'example_bash_decorator' retrieved from /home/airflow/.local/lib/python3.12/site-packages/airflow/example_dags/example_bash_decorator.py
[2024-11-01T02:05:01.412+0000] {logging_mixin.py:190} INFO - [2024-11-01T02:05:01.412+0000] {dag.py:3239} INFO - Sync 1 DAGs
[2024-11-01T02:05:01.425+0000] {logging_mixin.py:190} INFO - [2024-11-01T02:05:01.425+0000] {dag.py:4180} INFO - Setting next_dagrun for example_bash_decorator to None, run_after=None
[2024-11-01T02:05:01.442+0000] {processor.py:208} INFO - Processing /home/airflow/.local/lib/python3.12/site-packages/airflow/example_dags/example_bash_decorator.py took 0.071 seconds
[2024-11-01T02:05:31.611+0000] {processor.py:186} INFO - Started process (PID=197) to work on /home/airflow/.local/lib/python3.12/site-packages/airflow/example_dags/example_bash_decorator.py
[2024-11-01T02:05:31.612+0000] {processor.py:914} INFO - Processing file /home/airflow/.local/lib/python3.12/site-packages/airflow/example_dags/example_bash_decorator.py for tasks to queue
[2024-11-01T02:05:31.614+0000] {logging_mixin.py:190} INFO - [2024-11-01T02:05:31.614+0000] {dagbag.py:588} INFO - Filling up the DagBag from /home/airflow/.local/lib/python3.12/site-packages/airflow/example_dags/example_bash_decorator.py
[2024-11-01T02:05:31.625+0000] {processor.py:925} INFO - DAG(s) 'example_bash_decorator' retrieved from /home/airflow/.local/lib/python3.12/site-packages/airflow/example_dags/example_bash_decorator.py
[2024-11-01T02:05:31.643+0000] {logging_mixin.py:190} INFO - [2024-11-01T02:05:31.643+0000] {dag.py:3239} INFO - Sync 1 DAGs
[2024-11-01T02:05:31.666+0000] {logging_mixin.py:190} INFO - [2024-11-01T02:05:31.666+0000] {dag.py:4180} INFO - Setting next_dagrun for example_bash_decorator to None, run_after=None
[2024-11-01T02:05:31.686+0000] {processor.py:208} INFO - Processing /home/airflow/.local/lib/python3.12/site-packages/airflow/example_dags/example_bash_decorator.py took 0.079 seconds
[2024-11-01T02:06:02.013+0000] {processor.py:186} INFO - Started process (PID=259) to work on /home/airflow/.local/lib/python3.12/site-packages/airflow/example_dags/example_bash_decorator.py
[2024-11-01T02:06:02.014+0000] {processor.py:914} INFO - Processing file /home/airflow/.local/lib/python3.12/site-packages/airflow/example_dags/example_bash_decorator.py for tasks to queue
[2024-11-01T02:06:02.016+0000] {logging_mixin.py:190} INFO - [2024-11-01T02:06:02.016+0000] {dagbag.py:588} INFO - Filling up the DagBag from /home/airflow/.local/lib/python3.12/site-packages/airflow/example_dags/example_bash_decorator.py
[2024-11-01T02:06:02.030+0000] {processor.py:925} INFO - DAG(s) 'example_bash_decorator' retrieved from /home/airflow/.local/lib/python3.12/site-packages/airflow/example_dags/example_bash_decorator.py
[2024-11-01T02:06:02.051+0000] {logging_mixin.py:190} INFO - [2024-11-01T02:06:02.050+0000] {dag.py:3239} INFO - Sync 1 DAGs
[2024-11-01T02:06:02.063+0000] {logging_mixin.py:190} INFO - [2024-11-01T02:06:02.063+0000] {dag.py:4180} INFO - Setting next_dagrun for example_bash_decorator to None, run_after=None
[2024-11-01T02:06:02.079+0000] {processor.py:208} INFO - Processing /home/airflow/.local/lib/python3.12/site-packages/airflow/example_dags/example_bash_decorator.py took 0.072 seconds
[2024-11-01T02:14:50.663+0000] {processor.py:186} INFO - Started process (PID=69) to work on /home/airflow/.local/lib/python3.12/site-packages/airflow/example_dags/example_bash_decorator.py
[2024-11-01T02:14:50.664+0000] {processor.py:914} INFO - Processing file /home/airflow/.local/lib/python3.12/site-packages/airflow/example_dags/example_bash_decorator.py for tasks to queue
[2024-11-01T02:14:50.666+0000] {logging_mixin.py:190} INFO - [2024-11-01T02:14:50.666+0000] {dagbag.py:588} INFO - Filling up the DagBag from /home/airflow/.local/lib/python3.12/site-packages/airflow/example_dags/example_bash_decorator.py
[2024-11-01T02:14:50.681+0000] {processor.py:925} INFO - DAG(s) 'example_bash_decorator' retrieved from /home/airflow/.local/lib/python3.12/site-packages/airflow/example_dags/example_bash_decorator.py
[2024-11-01T02:14:50.783+0000] {logging_mixin.py:190} INFO - [2024-11-01T02:14:50.782+0000] {dag.py:3239} INFO - Sync 1 DAGs
[2024-11-01T02:14:50.793+0000] {logging_mixin.py:190} INFO - [2024-11-01T02:14:50.793+0000] {dag.py:4180} INFO - Setting next_dagrun for example_bash_decorator to None, run_after=None
[2024-11-01T02:14:50.810+0000] {processor.py:208} INFO - Processing /home/airflow/.local/lib/python3.12/site-packages/airflow/example_dags/example_bash_decorator.py took 0.152 seconds
[2024-11-01T02:15:21.562+0000] {processor.py:186} INFO - Started process (PID=132) to work on /home/airflow/.local/lib/python3.12/site-packages/airflow/example_dags/example_bash_decorator.py
[2024-11-01T02:15:21.562+0000] {processor.py:914} INFO - Processing file /home/airflow/.local/lib/python3.12/site-packages/airflow/example_dags/example_bash_decorator.py for tasks to queue
[2024-11-01T02:15:21.564+0000] {logging_mixin.py:190} INFO - [2024-11-01T02:15:21.564+0000] {dagbag.py:588} INFO - Filling up the DagBag from /home/airflow/.local/lib/python3.12/site-packages/airflow/example_dags/example_bash_decorator.py
[2024-11-01T02:15:21.576+0000] {processor.py:925} INFO - DAG(s) 'example_bash_decorator' retrieved from /home/airflow/.local/lib/python3.12/site-packages/airflow/example_dags/example_bash_decorator.py
[2024-11-01T02:15:21.596+0000] {logging_mixin.py:190} INFO - [2024-11-01T02:15:21.596+0000] {dag.py:3239} INFO - Sync 1 DAGs
[2024-11-01T02:15:21.609+0000] {logging_mixin.py:190} INFO - [2024-11-01T02:15:21.609+0000] {dag.py:4180} INFO - Setting next_dagrun for example_bash_decorator to None, run_after=None
[2024-11-01T02:15:21.625+0000] {processor.py:208} INFO - Processing /home/airflow/.local/lib/python3.12/site-packages/airflow/example_dags/example_bash_decorator.py took 0.068 seconds
[2024-11-01T02:15:52.087+0000] {processor.py:186} INFO - Started process (PID=195) to work on /home/airflow/.local/lib/python3.12/site-packages/airflow/example_dags/example_bash_decorator.py
[2024-11-01T02:15:52.088+0000] {processor.py:914} INFO - Processing file /home/airflow/.local/lib/python3.12/site-packages/airflow/example_dags/example_bash_decorator.py for tasks to queue
[2024-11-01T02:15:52.090+0000] {logging_mixin.py:190} INFO - [2024-11-01T02:15:52.089+0000] {dagbag.py:588} INFO - Filling up the DagBag from /home/airflow/.local/lib/python3.12/site-packages/airflow/example_dags/example_bash_decorator.py
[2024-11-01T02:15:52.102+0000] {processor.py:925} INFO - DAG(s) 'example_bash_decorator' retrieved from /home/airflow/.local/lib/python3.12/site-packages/airflow/example_dags/example_bash_decorator.py
[2024-11-01T02:15:52.123+0000] {logging_mixin.py:190} INFO - [2024-11-01T02:15:52.122+0000] {dag.py:3239} INFO - Sync 1 DAGs
[2024-11-01T02:15:52.135+0000] {logging_mixin.py:190} INFO - [2024-11-01T02:15:52.135+0000] {dag.py:4180} INFO - Setting next_dagrun for example_bash_decorator to None, run_after=None
[2024-11-01T02:15:52.151+0000] {processor.py:208} INFO - Processing /home/airflow/.local/lib/python3.12/site-packages/airflow/example_dags/example_bash_decorator.py took 0.069 seconds
[2024-11-01T02:16:22.642+0000] {processor.py:186} INFO - Started process (PID=258) to work on /home/airflow/.local/lib/python3.12/site-packages/airflow/example_dags/example_bash_decorator.py
[2024-11-01T02:16:22.642+0000] {processor.py:914} INFO - Processing file /home/airflow/.local/lib/python3.12/site-packages/airflow/example_dags/example_bash_decorator.py for tasks to queue
[2024-11-01T02:16:22.645+0000] {logging_mixin.py:190} INFO - [2024-11-01T02:16:22.644+0000] {dagbag.py:588} INFO - Filling up the DagBag from /home/airflow/.local/lib/python3.12/site-packages/airflow/example_dags/example_bash_decorator.py
[2024-11-01T02:16:22.656+0000] {processor.py:925} INFO - DAG(s) 'example_bash_decorator' retrieved from /home/airflow/.local/lib/python3.12/site-packages/airflow/example_dags/example_bash_decorator.py
[2024-11-01T02:16:22.678+0000] {logging_mixin.py:190} INFO - [2024-11-01T02:16:22.678+0000] {dag.py:3239} INFO - Sync 1 DAGs
[2024-11-01T02:16:22.692+0000] {logging_mixin.py:190} INFO - [2024-11-01T02:16:22.692+0000] {dag.py:4180} INFO - Setting next_dagrun for example_bash_decorator to None, run_after=None
[2024-11-01T02:16:22.709+0000] {processor.py:208} INFO - Processing /home/airflow/.local/lib/python3.12/site-packages/airflow/example_dags/example_bash_decorator.py took 0.072 seconds
[2024-11-01T02:16:53.203+0000] {processor.py:186} INFO - Started process (PID=321) to work on /home/airflow/.local/lib/python3.12/site-packages/airflow/example_dags/example_bash_decorator.py
[2024-11-01T02:16:53.204+0000] {processor.py:914} INFO - Processing file /home/airflow/.local/lib/python3.12/site-packages/airflow/example_dags/example_bash_decorator.py for tasks to queue
[2024-11-01T02:16:53.206+0000] {logging_mixin.py:190} INFO - [2024-11-01T02:16:53.206+0000] {dagbag.py:588} INFO - Filling up the DagBag from /home/airflow/.local/lib/python3.12/site-packages/airflow/example_dags/example_bash_decorator.py
[2024-11-01T02:16:53.220+0000] {processor.py:925} INFO - DAG(s) 'example_bash_decorator' retrieved from /home/airflow/.local/lib/python3.12/site-packages/airflow/example_dags/example_bash_decorator.py
[2024-11-01T02:16:53.241+0000] {logging_mixin.py:190} INFO - [2024-11-01T02:16:53.241+0000] {dag.py:3239} INFO - Sync 1 DAGs
[2024-11-01T02:16:53.253+0000] {logging_mixin.py:190} INFO - [2024-11-01T02:16:53.253+0000] {dag.py:4180} INFO - Setting next_dagrun for example_bash_decorator to None, run_after=None
[2024-11-01T02:16:53.271+0000] {processor.py:208} INFO - Processing /home/airflow/.local/lib/python3.12/site-packages/airflow/example_dags/example_bash_decorator.py took 0.074 seconds
[2024-11-01T02:17:23.972+0000] {processor.py:186} INFO - Started process (PID=390) to work on /home/airflow/.local/lib/python3.12/site-packages/airflow/example_dags/example_bash_decorator.py
[2024-11-01T02:17:23.973+0000] {processor.py:914} INFO - Processing file /home/airflow/.local/lib/python3.12/site-packages/airflow/example_dags/example_bash_decorator.py for tasks to queue
[2024-11-01T02:17:23.975+0000] {logging_mixin.py:190} INFO - [2024-11-01T02:17:23.974+0000] {dagbag.py:588} INFO - Filling up the DagBag from /home/airflow/.local/lib/python3.12/site-packages/airflow/example_dags/example_bash_decorator.py
[2024-11-01T02:17:23.988+0000] {processor.py:925} INFO - DAG(s) 'example_bash_decorator' retrieved from /home/airflow/.local/lib/python3.12/site-packages/airflow/example_dags/example_bash_decorator.py
[2024-11-01T02:17:24.008+0000] {logging_mixin.py:190} INFO - [2024-11-01T02:17:24.008+0000] {dag.py:3239} INFO - Sync 1 DAGs
[2024-11-01T02:17:24.023+0000] {logging_mixin.py:190} INFO - [2024-11-01T02:17:24.022+0000] {dag.py:4180} INFO - Setting next_dagrun for example_bash_decorator to None, run_after=None
[2024-11-01T02:17:24.039+0000] {processor.py:208} INFO - Processing /home/airflow/.local/lib/python3.12/site-packages/airflow/example_dags/example_bash_decorator.py took 0.072 seconds
[2024-11-01T02:17:54.433+0000] {processor.py:186} INFO - Started process (PID=453) to work on /home/airflow/.local/lib/python3.12/site-packages/airflow/example_dags/example_bash_decorator.py
[2024-11-01T02:17:54.434+0000] {processor.py:914} INFO - Processing file /home/airflow/.local/lib/python3.12/site-packages/airflow/example_dags/example_bash_decorator.py for tasks to queue
[2024-11-01T02:17:54.436+0000] {logging_mixin.py:190} INFO - [2024-11-01T02:17:54.435+0000] {dagbag.py:588} INFO - Filling up the DagBag from /home/airflow/.local/lib/python3.12/site-packages/airflow/example_dags/example_bash_decorator.py
[2024-11-01T02:17:54.448+0000] {processor.py:925} INFO - DAG(s) 'example_bash_decorator' retrieved from /home/airflow/.local/lib/python3.12/site-packages/airflow/example_dags/example_bash_decorator.py
[2024-11-01T02:17:54.469+0000] {logging_mixin.py:190} INFO - [2024-11-01T02:17:54.468+0000] {dag.py:3239} INFO - Sync 1 DAGs
[2024-11-01T02:17:54.482+0000] {logging_mixin.py:190} INFO - [2024-11-01T02:17:54.481+0000] {dag.py:4180} INFO - Setting next_dagrun for example_bash_decorator to None, run_after=None
[2024-11-01T02:17:54.498+0000] {processor.py:208} INFO - Processing /home/airflow/.local/lib/python3.12/site-packages/airflow/example_dags/example_bash_decorator.py took 0.071 seconds
[2024-11-01T02:18:24.883+0000] {processor.py:186} INFO - Started process (PID=516) to work on /home/airflow/.local/lib/python3.12/site-packages/airflow/example_dags/example_bash_decorator.py
[2024-11-01T02:18:24.884+0000] {processor.py:914} INFO - Processing file /home/airflow/.local/lib/python3.12/site-packages/airflow/example_dags/example_bash_decorator.py for tasks to queue
[2024-11-01T02:18:24.886+0000] {logging_mixin.py:190} INFO - [2024-11-01T02:18:24.886+0000] {dagbag.py:588} INFO - Filling up the DagBag from /home/airflow/.local/lib/python3.12/site-packages/airflow/example_dags/example_bash_decorator.py
[2024-11-01T02:18:24.898+0000] {processor.py:925} INFO - DAG(s) 'example_bash_decorator' retrieved from /home/airflow/.local/lib/python3.12/site-packages/airflow/example_dags/example_bash_decorator.py
[2024-11-01T02:18:24.919+0000] {logging_mixin.py:190} INFO - [2024-11-01T02:18:24.919+0000] {dag.py:3239} INFO - Sync 1 DAGs
[2024-11-01T02:18:24.934+0000] {logging_mixin.py:190} INFO - [2024-11-01T02:18:24.934+0000] {dag.py:4180} INFO - Setting next_dagrun for example_bash_decorator to None, run_after=None
[2024-11-01T02:18:24.951+0000] {processor.py:208} INFO - Processing /home/airflow/.local/lib/python3.12/site-packages/airflow/example_dags/example_bash_decorator.py took 0.072 seconds
[2024-11-01T02:18:55.384+0000] {processor.py:186} INFO - Started process (PID=579) to work on /home/airflow/.local/lib/python3.12/site-packages/airflow/example_dags/example_bash_decorator.py
[2024-11-01T02:18:55.385+0000] {processor.py:914} INFO - Processing file /home/airflow/.local/lib/python3.12/site-packages/airflow/example_dags/example_bash_decorator.py for tasks to queue
[2024-11-01T02:18:55.387+0000] {logging_mixin.py:190} INFO - [2024-11-01T02:18:55.387+0000] {dagbag.py:588} INFO - Filling up the DagBag from /home/airflow/.local/lib/python3.12/site-packages/airflow/example_dags/example_bash_decorator.py
[2024-11-01T02:18:55.402+0000] {processor.py:925} INFO - DAG(s) 'example_bash_decorator' retrieved from /home/airflow/.local/lib/python3.12/site-packages/airflow/example_dags/example_bash_decorator.py
[2024-11-01T02:18:55.423+0000] {logging_mixin.py:190} INFO - [2024-11-01T02:18:55.422+0000] {dag.py:3239} INFO - Sync 1 DAGs
[2024-11-01T02:18:55.437+0000] {logging_mixin.py:190} INFO - [2024-11-01T02:18:55.437+0000] {dag.py:4180} INFO - Setting next_dagrun for example_bash_decorator to None, run_after=None
[2024-11-01T02:18:55.455+0000] {processor.py:208} INFO - Processing /home/airflow/.local/lib/python3.12/site-packages/airflow/example_dags/example_bash_decorator.py took 0.075 seconds
[2024-11-01T02:19:26.011+0000] {processor.py:186} INFO - Started process (PID=642) to work on /home/airflow/.local/lib/python3.12/site-packages/airflow/example_dags/example_bash_decorator.py
[2024-11-01T02:19:26.012+0000] {processor.py:914} INFO - Processing file /home/airflow/.local/lib/python3.12/site-packages/airflow/example_dags/example_bash_decorator.py for tasks to queue
[2024-11-01T02:19:26.014+0000] {logging_mixin.py:190} INFO - [2024-11-01T02:19:26.013+0000] {dagbag.py:588} INFO - Filling up the DagBag from /home/airflow/.local/lib/python3.12/site-packages/airflow/example_dags/example_bash_decorator.py
[2024-11-01T02:19:26.025+0000] {processor.py:925} INFO - DAG(s) 'example_bash_decorator' retrieved from /home/airflow/.local/lib/python3.12/site-packages/airflow/example_dags/example_bash_decorator.py
[2024-11-01T02:19:26.045+0000] {logging_mixin.py:190} INFO - [2024-11-01T02:19:26.045+0000] {dag.py:3239} INFO - Sync 1 DAGs
[2024-11-01T02:19:26.059+0000] {logging_mixin.py:190} INFO - [2024-11-01T02:19:26.058+0000] {dag.py:4180} INFO - Setting next_dagrun for example_bash_decorator to None, run_after=None
[2024-11-01T02:19:26.097+0000] {processor.py:208} INFO - Processing /home/airflow/.local/lib/python3.12/site-packages/airflow/example_dags/example_bash_decorator.py took 0.091 seconds
[2024-11-01T02:19:56.647+0000] {processor.py:186} INFO - Started process (PID=705) to work on /home/airflow/.local/lib/python3.12/site-packages/airflow/example_dags/example_bash_decorator.py
[2024-11-01T02:19:56.648+0000] {processor.py:914} INFO - Processing file /home/airflow/.local/lib/python3.12/site-packages/airflow/example_dags/example_bash_decorator.py for tasks to queue
[2024-11-01T02:19:56.650+0000] {logging_mixin.py:190} INFO - [2024-11-01T02:19:56.650+0000] {dagbag.py:588} INFO - Filling up the DagBag from /home/airflow/.local/lib/python3.12/site-packages/airflow/example_dags/example_bash_decorator.py
[2024-11-01T02:19:56.663+0000] {processor.py:925} INFO - DAG(s) 'example_bash_decorator' retrieved from /home/airflow/.local/lib/python3.12/site-packages/airflow/example_dags/example_bash_decorator.py
[2024-11-01T02:19:56.684+0000] {logging_mixin.py:190} INFO - [2024-11-01T02:19:56.684+0000] {dag.py:3239} INFO - Sync 1 DAGs
[2024-11-01T02:19:56.696+0000] {logging_mixin.py:190} INFO - [2024-11-01T02:19:56.696+0000] {dag.py:4180} INFO - Setting next_dagrun for example_bash_decorator to None, run_after=None
[2024-11-01T02:19:56.713+0000] {processor.py:208} INFO - Processing /home/airflow/.local/lib/python3.12/site-packages/airflow/example_dags/example_bash_decorator.py took 0.070 seconds
[2024-11-01T02:20:27.207+0000] {processor.py:186} INFO - Started process (PID=768) to work on /home/airflow/.local/lib/python3.12/site-packages/airflow/example_dags/example_bash_decorator.py
[2024-11-01T02:20:27.208+0000] {processor.py:914} INFO - Processing file /home/airflow/.local/lib/python3.12/site-packages/airflow/example_dags/example_bash_decorator.py for tasks to queue
[2024-11-01T02:20:27.210+0000] {logging_mixin.py:190} INFO - [2024-11-01T02:20:27.210+0000] {dagbag.py:588} INFO - Filling up the DagBag from /home/airflow/.local/lib/python3.12/site-packages/airflow/example_dags/example_bash_decorator.py
[2024-11-01T02:20:27.222+0000] {processor.py:925} INFO - DAG(s) 'example_bash_decorator' retrieved from /home/airflow/.local/lib/python3.12/site-packages/airflow/example_dags/example_bash_decorator.py
[2024-11-01T02:20:27.242+0000] {logging_mixin.py:190} INFO - [2024-11-01T02:20:27.242+0000] {dag.py:3239} INFO - Sync 1 DAGs
[2024-11-01T02:20:27.254+0000] {logging_mixin.py:190} INFO - [2024-11-01T02:20:27.254+0000] {dag.py:4180} INFO - Setting next_dagrun for example_bash_decorator to None, run_after=None
[2024-11-01T02:20:27.272+0000] {processor.py:208} INFO - Processing /home/airflow/.local/lib/python3.12/site-packages/airflow/example_dags/example_bash_decorator.py took 0.070 seconds
[2024-11-01T02:20:58.122+0000] {processor.py:186} INFO - Started process (PID=831) to work on /home/airflow/.local/lib/python3.12/site-packages/airflow/example_dags/example_bash_decorator.py
[2024-11-01T02:20:58.123+0000] {processor.py:914} INFO - Processing file /home/airflow/.local/lib/python3.12/site-packages/airflow/example_dags/example_bash_decorator.py for tasks to queue
[2024-11-01T02:20:58.125+0000] {logging_mixin.py:190} INFO - [2024-11-01T02:20:58.124+0000] {dagbag.py:588} INFO - Filling up the DagBag from /home/airflow/.local/lib/python3.12/site-packages/airflow/example_dags/example_bash_decorator.py
[2024-11-01T02:20:58.136+0000] {processor.py:925} INFO - DAG(s) 'example_bash_decorator' retrieved from /home/airflow/.local/lib/python3.12/site-packages/airflow/example_dags/example_bash_decorator.py
[2024-11-01T02:20:58.154+0000] {logging_mixin.py:190} INFO - [2024-11-01T02:20:58.154+0000] {dag.py:3239} INFO - Sync 1 DAGs
[2024-11-01T02:20:58.167+0000] {logging_mixin.py:190} INFO - [2024-11-01T02:20:58.166+0000] {dag.py:4180} INFO - Setting next_dagrun for example_bash_decorator to None, run_after=None
[2024-11-01T02:20:58.183+0000] {processor.py:208} INFO - Processing /home/airflow/.local/lib/python3.12/site-packages/airflow/example_dags/example_bash_decorator.py took 0.066 seconds
[2024-11-01T02:21:28.374+0000] {processor.py:186} INFO - Started process (PID=894) to work on /home/airflow/.local/lib/python3.12/site-packages/airflow/example_dags/example_bash_decorator.py
[2024-11-01T02:21:28.375+0000] {processor.py:914} INFO - Processing file /home/airflow/.local/lib/python3.12/site-packages/airflow/example_dags/example_bash_decorator.py for tasks to queue
[2024-11-01T02:21:28.377+0000] {logging_mixin.py:190} INFO - [2024-11-01T02:21:28.376+0000] {dagbag.py:588} INFO - Filling up the DagBag from /home/airflow/.local/lib/python3.12/site-packages/airflow/example_dags/example_bash_decorator.py
[2024-11-01T02:21:28.389+0000] {processor.py:925} INFO - DAG(s) 'example_bash_decorator' retrieved from /home/airflow/.local/lib/python3.12/site-packages/airflow/example_dags/example_bash_decorator.py
[2024-11-01T02:21:28.408+0000] {logging_mixin.py:190} INFO - [2024-11-01T02:21:28.408+0000] {dag.py:3239} INFO - Sync 1 DAGs
[2024-11-01T02:21:28.420+0000] {logging_mixin.py:190} INFO - [2024-11-01T02:21:28.420+0000] {dag.py:4180} INFO - Setting next_dagrun for example_bash_decorator to None, run_after=None
[2024-11-01T02:21:28.436+0000] {processor.py:208} INFO - Processing /home/airflow/.local/lib/python3.12/site-packages/airflow/example_dags/example_bash_decorator.py took 0.067 seconds
[2024-11-01T02:21:59.030+0000] {processor.py:186} INFO - Started process (PID=957) to work on /home/airflow/.local/lib/python3.12/site-packages/airflow/example_dags/example_bash_decorator.py
[2024-11-01T02:21:59.031+0000] {processor.py:914} INFO - Processing file /home/airflow/.local/lib/python3.12/site-packages/airflow/example_dags/example_bash_decorator.py for tasks to queue
[2024-11-01T02:21:59.033+0000] {logging_mixin.py:190} INFO - [2024-11-01T02:21:59.033+0000] {dagbag.py:588} INFO - Filling up the DagBag from /home/airflow/.local/lib/python3.12/site-packages/airflow/example_dags/example_bash_decorator.py
[2024-11-01T02:21:59.045+0000] {processor.py:925} INFO - DAG(s) 'example_bash_decorator' retrieved from /home/airflow/.local/lib/python3.12/site-packages/airflow/example_dags/example_bash_decorator.py
[2024-11-01T02:21:59.066+0000] {logging_mixin.py:190} INFO - [2024-11-01T02:21:59.065+0000] {dag.py:3239} INFO - Sync 1 DAGs
[2024-11-01T02:21:59.078+0000] {logging_mixin.py:190} INFO - [2024-11-01T02:21:59.078+0000] {dag.py:4180} INFO - Setting next_dagrun for example_bash_decorator to None, run_after=None
[2024-11-01T02:21:59.094+0000] {processor.py:208} INFO - Processing /home/airflow/.local/lib/python3.12/site-packages/airflow/example_dags/example_bash_decorator.py took 0.069 seconds
[2024-11-01T02:22:29.875+0000] {processor.py:186} INFO - Started process (PID=1020) to work on /home/airflow/.local/lib/python3.12/site-packages/airflow/example_dags/example_bash_decorator.py
[2024-11-01T02:22:29.876+0000] {processor.py:914} INFO - Processing file /home/airflow/.local/lib/python3.12/site-packages/airflow/example_dags/example_bash_decorator.py for tasks to queue
[2024-11-01T02:22:29.878+0000] {logging_mixin.py:190} INFO - [2024-11-01T02:22:29.878+0000] {dagbag.py:588} INFO - Filling up the DagBag from /home/airflow/.local/lib/python3.12/site-packages/airflow/example_dags/example_bash_decorator.py
[2024-11-01T02:22:29.893+0000] {processor.py:925} INFO - DAG(s) 'example_bash_decorator' retrieved from /home/airflow/.local/lib/python3.12/site-packages/airflow/example_dags/example_bash_decorator.py
[2024-11-01T02:22:29.916+0000] {logging_mixin.py:190} INFO - [2024-11-01T02:22:29.915+0000] {dag.py:3239} INFO - Sync 1 DAGs
[2024-11-01T02:22:29.930+0000] {logging_mixin.py:190} INFO - [2024-11-01T02:22:29.930+0000] {dag.py:4180} INFO - Setting next_dagrun for example_bash_decorator to None, run_after=None
[2024-11-01T02:22:29.949+0000] {processor.py:208} INFO - Processing /home/airflow/.local/lib/python3.12/site-packages/airflow/example_dags/example_bash_decorator.py took 0.079 seconds
[2024-11-01T02:23:00.650+0000] {processor.py:186} INFO - Started process (PID=1083) to work on /home/airflow/.local/lib/python3.12/site-packages/airflow/example_dags/example_bash_decorator.py
[2024-11-01T02:23:00.651+0000] {processor.py:914} INFO - Processing file /home/airflow/.local/lib/python3.12/site-packages/airflow/example_dags/example_bash_decorator.py for tasks to queue
[2024-11-01T02:23:00.653+0000] {logging_mixin.py:190} INFO - [2024-11-01T02:23:00.652+0000] {dagbag.py:588} INFO - Filling up the DagBag from /home/airflow/.local/lib/python3.12/site-packages/airflow/example_dags/example_bash_decorator.py
[2024-11-01T02:23:00.664+0000] {processor.py:925} INFO - DAG(s) 'example_bash_decorator' retrieved from /home/airflow/.local/lib/python3.12/site-packages/airflow/example_dags/example_bash_decorator.py
[2024-11-01T02:23:00.684+0000] {logging_mixin.py:190} INFO - [2024-11-01T02:23:00.684+0000] {dag.py:3239} INFO - Sync 1 DAGs
[2024-11-01T02:23:00.697+0000] {logging_mixin.py:190} INFO - [2024-11-01T02:23:00.697+0000] {dag.py:4180} INFO - Setting next_dagrun for example_bash_decorator to None, run_after=None
[2024-11-01T02:23:00.713+0000] {processor.py:208} INFO - Processing /home/airflow/.local/lib/python3.12/site-packages/airflow/example_dags/example_bash_decorator.py took 0.067 seconds
[2024-11-01T02:23:31.284+0000] {processor.py:186} INFO - Started process (PID=1146) to work on /home/airflow/.local/lib/python3.12/site-packages/airflow/example_dags/example_bash_decorator.py
[2024-11-01T02:23:31.285+0000] {processor.py:914} INFO - Processing file /home/airflow/.local/lib/python3.12/site-packages/airflow/example_dags/example_bash_decorator.py for tasks to queue
[2024-11-01T02:23:31.287+0000] {logging_mixin.py:190} INFO - [2024-11-01T02:23:31.286+0000] {dagbag.py:588} INFO - Filling up the DagBag from /home/airflow/.local/lib/python3.12/site-packages/airflow/example_dags/example_bash_decorator.py
[2024-11-01T02:23:31.298+0000] {processor.py:925} INFO - DAG(s) 'example_bash_decorator' retrieved from /home/airflow/.local/lib/python3.12/site-packages/airflow/example_dags/example_bash_decorator.py
[2024-11-01T02:23:31.320+0000] {logging_mixin.py:190} INFO - [2024-11-01T02:23:31.319+0000] {dag.py:3239} INFO - Sync 1 DAGs
[2024-11-01T02:23:31.332+0000] {logging_mixin.py:190} INFO - [2024-11-01T02:23:31.331+0000] {dag.py:4180} INFO - Setting next_dagrun for example_bash_decorator to None, run_after=None
[2024-11-01T02:23:31.349+0000] {processor.py:208} INFO - Processing /home/airflow/.local/lib/python3.12/site-packages/airflow/example_dags/example_bash_decorator.py took 0.070 seconds
