[2024-11-01T02:04:36.172+0000] {processor.py:186} INFO - Started process (PID=112) to work on /home/airflow/.local/lib/python3.12/site-packages/airflow/example_dags/example_skip_dag.py
[2024-11-01T02:04:36.173+0000] {processor.py:914} INFO - Processing file /home/airflow/.local/lib/python3.12/site-packages/airflow/example_dags/example_skip_dag.py for tasks to queue
[2024-11-01T02:04:36.175+0000] {logging_mixin.py:190} INFO - [2024-11-01T02:04:36.174+0000] {dagbag.py:588} INFO - Filling up the DagBag from /home/airflow/.local/lib/python3.12/site-packages/airflow/example_dags/example_skip_dag.py
[2024-11-01T02:04:36.182+0000] {processor.py:925} INFO - DAG(s) 'example_skip_dag' retrieved from /home/airflow/.local/lib/python3.12/site-packages/airflow/example_dags/example_skip_dag.py
[2024-11-01T02:04:36.273+0000] {logging_mixin.py:190} INFO - [2024-11-01T02:04:36.273+0000] {override.py:1900} INFO - Created Permission View: can edit on DAG:example_skip_dag
[2024-11-01T02:04:36.284+0000] {logging_mixin.py:190} INFO - [2024-11-01T02:04:36.284+0000] {override.py:1900} INFO - Created Permission View: can read on DAG:example_skip_dag
[2024-11-01T02:04:36.291+0000] {logging_mixin.py:190} INFO - [2024-11-01T02:04:36.290+0000] {override.py:1900} INFO - Created Permission View: can delete on DAG:example_skip_dag
[2024-11-01T02:04:36.299+0000] {logging_mixin.py:190} INFO - [2024-11-01T02:04:36.299+0000] {override.py:1900} INFO - Created Permission View: can delete on DAG Run:example_skip_dag
[2024-11-01T02:04:36.306+0000] {logging_mixin.py:190} INFO - [2024-11-01T02:04:36.306+0000] {override.py:1900} INFO - Created Permission View: can read on DAG Run:example_skip_dag
[2024-11-01T02:04:36.313+0000] {logging_mixin.py:190} INFO - [2024-11-01T02:04:36.313+0000] {override.py:1900} INFO - Created Permission View: can create on DAG Run:example_skip_dag
[2024-11-01T02:04:36.320+0000] {logging_mixin.py:190} INFO - [2024-11-01T02:04:36.320+0000] {override.py:1900} INFO - Created Permission View: menu access on DAG Run:example_skip_dag
[2024-11-01T02:04:36.321+0000] {logging_mixin.py:190} INFO - [2024-11-01T02:04:36.321+0000] {dag.py:3239} INFO - Sync 1 DAGs
[2024-11-01T02:04:36.333+0000] {logging_mixin.py:190} INFO - [2024-11-01T02:04:36.332+0000] {dag.py:3262} INFO - Creating ORM DAG for example_skip_dag
[2024-11-01T02:04:36.342+0000] {logging_mixin.py:190} INFO - [2024-11-01T02:04:36.342+0000] {dag.py:4180} INFO - Setting next_dagrun for example_skip_dag to 2024-10-31 00:00:00+00:00, run_after=2024-11-01 00:00:00+00:00
[2024-11-01T02:04:36.358+0000] {processor.py:208} INFO - Processing /home/airflow/.local/lib/python3.12/site-packages/airflow/example_dags/example_skip_dag.py took 0.191 seconds
[2024-11-01T02:05:06.476+0000] {processor.py:186} INFO - Started process (PID=174) to work on /home/airflow/.local/lib/python3.12/site-packages/airflow/example_dags/example_skip_dag.py
[2024-11-01T02:05:06.477+0000] {processor.py:914} INFO - Processing file /home/airflow/.local/lib/python3.12/site-packages/airflow/example_dags/example_skip_dag.py for tasks to queue
[2024-11-01T02:05:06.479+0000] {logging_mixin.py:190} INFO - [2024-11-01T02:05:06.479+0000] {dagbag.py:588} INFO - Filling up the DagBag from /home/airflow/.local/lib/python3.12/site-packages/airflow/example_dags/example_skip_dag.py
[2024-11-01T02:05:06.485+0000] {processor.py:925} INFO - DAG(s) 'example_skip_dag' retrieved from /home/airflow/.local/lib/python3.12/site-packages/airflow/example_dags/example_skip_dag.py
[2024-11-01T02:05:06.504+0000] {logging_mixin.py:190} INFO - [2024-11-01T02:05:06.503+0000] {dag.py:3239} INFO - Sync 1 DAGs
[2024-11-01T02:05:06.524+0000] {logging_mixin.py:190} INFO - [2024-11-01T02:05:06.524+0000] {dag.py:4180} INFO - Setting next_dagrun for example_skip_dag to 2024-10-31 00:00:00+00:00, run_after=2024-11-01 00:00:00+00:00
[2024-11-01T02:05:06.541+0000] {processor.py:208} INFO - Processing /home/airflow/.local/lib/python3.12/site-packages/airflow/example_dags/example_skip_dag.py took 0.069 seconds
[2024-11-01T02:05:37.084+0000] {processor.py:186} INFO - Started process (PID=236) to work on /home/airflow/.local/lib/python3.12/site-packages/airflow/example_dags/example_skip_dag.py
[2024-11-01T02:05:37.085+0000] {processor.py:914} INFO - Processing file /home/airflow/.local/lib/python3.12/site-packages/airflow/example_dags/example_skip_dag.py for tasks to queue
[2024-11-01T02:05:37.087+0000] {logging_mixin.py:190} INFO - [2024-11-01T02:05:37.087+0000] {dagbag.py:588} INFO - Filling up the DagBag from /home/airflow/.local/lib/python3.12/site-packages/airflow/example_dags/example_skip_dag.py
[2024-11-01T02:05:37.093+0000] {processor.py:925} INFO - DAG(s) 'example_skip_dag' retrieved from /home/airflow/.local/lib/python3.12/site-packages/airflow/example_dags/example_skip_dag.py
[2024-11-01T02:05:37.112+0000] {logging_mixin.py:190} INFO - [2024-11-01T02:05:37.112+0000] {dag.py:3239} INFO - Sync 1 DAGs
[2024-11-01T02:05:37.133+0000] {logging_mixin.py:190} INFO - [2024-11-01T02:05:37.132+0000] {dag.py:4180} INFO - Setting next_dagrun for example_skip_dag to 2024-10-31 00:00:00+00:00, run_after=2024-11-01 00:00:00+00:00
[2024-11-01T02:05:37.148+0000] {processor.py:208} INFO - Processing /home/airflow/.local/lib/python3.12/site-packages/airflow/example_dags/example_skip_dag.py took 0.069 seconds
[2024-11-01T02:06:07.423+0000] {processor.py:186} INFO - Started process (PID=298) to work on /home/airflow/.local/lib/python3.12/site-packages/airflow/example_dags/example_skip_dag.py
[2024-11-01T02:06:07.423+0000] {processor.py:914} INFO - Processing file /home/airflow/.local/lib/python3.12/site-packages/airflow/example_dags/example_skip_dag.py for tasks to queue
[2024-11-01T02:06:07.426+0000] {logging_mixin.py:190} INFO - [2024-11-01T02:06:07.425+0000] {dagbag.py:588} INFO - Filling up the DagBag from /home/airflow/.local/lib/python3.12/site-packages/airflow/example_dags/example_skip_dag.py
[2024-11-01T02:06:07.432+0000] {processor.py:925} INFO - DAG(s) 'example_skip_dag' retrieved from /home/airflow/.local/lib/python3.12/site-packages/airflow/example_dags/example_skip_dag.py
[2024-11-01T02:06:07.449+0000] {logging_mixin.py:190} INFO - [2024-11-01T02:06:07.449+0000] {dag.py:3239} INFO - Sync 1 DAGs
[2024-11-01T02:06:07.472+0000] {logging_mixin.py:190} INFO - [2024-11-01T02:06:07.472+0000] {dag.py:4180} INFO - Setting next_dagrun for example_skip_dag to 2024-10-31 00:00:00+00:00, run_after=2024-11-01 00:00:00+00:00
[2024-11-01T02:06:07.488+0000] {processor.py:208} INFO - Processing /home/airflow/.local/lib/python3.12/site-packages/airflow/example_dags/example_skip_dag.py took 0.071 seconds
[2024-11-01T02:14:53.525+0000] {processor.py:186} INFO - Started process (PID=114) to work on /home/airflow/.local/lib/python3.12/site-packages/airflow/example_dags/example_skip_dag.py
[2024-11-01T02:14:53.526+0000] {processor.py:914} INFO - Processing file /home/airflow/.local/lib/python3.12/site-packages/airflow/example_dags/example_skip_dag.py for tasks to queue
[2024-11-01T02:14:53.528+0000] {logging_mixin.py:190} INFO - [2024-11-01T02:14:53.528+0000] {dagbag.py:588} INFO - Filling up the DagBag from /home/airflow/.local/lib/python3.12/site-packages/airflow/example_dags/example_skip_dag.py
[2024-11-01T02:14:53.535+0000] {processor.py:925} INFO - DAG(s) 'example_skip_dag' retrieved from /home/airflow/.local/lib/python3.12/site-packages/airflow/example_dags/example_skip_dag.py
[2024-11-01T02:14:53.553+0000] {logging_mixin.py:190} INFO - [2024-11-01T02:14:53.553+0000] {dag.py:3239} INFO - Sync 1 DAGs
[2024-11-01T02:14:53.575+0000] {logging_mixin.py:190} INFO - [2024-11-01T02:14:53.574+0000] {dag.py:4180} INFO - Setting next_dagrun for example_skip_dag to 2024-10-31 00:00:00+00:00, run_after=2024-11-01 00:00:00+00:00
[2024-11-01T02:14:53.592+0000] {processor.py:208} INFO - Processing /home/airflow/.local/lib/python3.12/site-packages/airflow/example_dags/example_skip_dag.py took 0.072 seconds
[2024-11-01T02:15:24.043+0000] {processor.py:186} INFO - Started process (PID=177) to work on /home/airflow/.local/lib/python3.12/site-packages/airflow/example_dags/example_skip_dag.py
[2024-11-01T02:15:24.044+0000] {processor.py:914} INFO - Processing file /home/airflow/.local/lib/python3.12/site-packages/airflow/example_dags/example_skip_dag.py for tasks to queue
[2024-11-01T02:15:24.046+0000] {logging_mixin.py:190} INFO - [2024-11-01T02:15:24.046+0000] {dagbag.py:588} INFO - Filling up the DagBag from /home/airflow/.local/lib/python3.12/site-packages/airflow/example_dags/example_skip_dag.py
[2024-11-01T02:15:24.052+0000] {processor.py:925} INFO - DAG(s) 'example_skip_dag' retrieved from /home/airflow/.local/lib/python3.12/site-packages/airflow/example_dags/example_skip_dag.py
[2024-11-01T02:15:24.070+0000] {logging_mixin.py:190} INFO - [2024-11-01T02:15:24.070+0000] {dag.py:3239} INFO - Sync 1 DAGs
[2024-11-01T02:15:24.090+0000] {logging_mixin.py:190} INFO - [2024-11-01T02:15:24.090+0000] {dag.py:4180} INFO - Setting next_dagrun for example_skip_dag to 2024-10-31 00:00:00+00:00, run_after=2024-11-01 00:00:00+00:00
[2024-11-01T02:15:24.107+0000] {processor.py:208} INFO - Processing /home/airflow/.local/lib/python3.12/site-packages/airflow/example_dags/example_skip_dag.py took 0.068 seconds
[2024-11-01T02:15:54.518+0000] {processor.py:186} INFO - Started process (PID=240) to work on /home/airflow/.local/lib/python3.12/site-packages/airflow/example_dags/example_skip_dag.py
[2024-11-01T02:15:54.519+0000] {processor.py:914} INFO - Processing file /home/airflow/.local/lib/python3.12/site-packages/airflow/example_dags/example_skip_dag.py for tasks to queue
[2024-11-01T02:15:54.521+0000] {logging_mixin.py:190} INFO - [2024-11-01T02:15:54.521+0000] {dagbag.py:588} INFO - Filling up the DagBag from /home/airflow/.local/lib/python3.12/site-packages/airflow/example_dags/example_skip_dag.py
[2024-11-01T02:15:54.528+0000] {processor.py:925} INFO - DAG(s) 'example_skip_dag' retrieved from /home/airflow/.local/lib/python3.12/site-packages/airflow/example_dags/example_skip_dag.py
[2024-11-01T02:15:54.545+0000] {logging_mixin.py:190} INFO - [2024-11-01T02:15:54.545+0000] {dag.py:3239} INFO - Sync 1 DAGs
[2024-11-01T02:15:54.565+0000] {logging_mixin.py:190} INFO - [2024-11-01T02:15:54.565+0000] {dag.py:4180} INFO - Setting next_dagrun for example_skip_dag to 2024-10-31 00:00:00+00:00, run_after=2024-11-01 00:00:00+00:00
[2024-11-01T02:15:54.582+0000] {processor.py:208} INFO - Processing /home/airflow/.local/lib/python3.12/site-packages/airflow/example_dags/example_skip_dag.py took 0.068 seconds
[2024-11-01T02:16:25.128+0000] {processor.py:186} INFO - Started process (PID=303) to work on /home/airflow/.local/lib/python3.12/site-packages/airflow/example_dags/example_skip_dag.py
[2024-11-01T02:16:25.129+0000] {processor.py:914} INFO - Processing file /home/airflow/.local/lib/python3.12/site-packages/airflow/example_dags/example_skip_dag.py for tasks to queue
[2024-11-01T02:16:25.131+0000] {logging_mixin.py:190} INFO - [2024-11-01T02:16:25.131+0000] {dagbag.py:588} INFO - Filling up the DagBag from /home/airflow/.local/lib/python3.12/site-packages/airflow/example_dags/example_skip_dag.py
[2024-11-01T02:16:25.138+0000] {processor.py:925} INFO - DAG(s) 'example_skip_dag' retrieved from /home/airflow/.local/lib/python3.12/site-packages/airflow/example_dags/example_skip_dag.py
[2024-11-01T02:16:25.156+0000] {logging_mixin.py:190} INFO - [2024-11-01T02:16:25.156+0000] {dag.py:3239} INFO - Sync 1 DAGs
[2024-11-01T02:16:25.177+0000] {logging_mixin.py:190} INFO - [2024-11-01T02:16:25.177+0000] {dag.py:4180} INFO - Setting next_dagrun for example_skip_dag to 2024-10-31 00:00:00+00:00, run_after=2024-11-01 00:00:00+00:00
[2024-11-01T02:16:25.193+0000] {processor.py:208} INFO - Processing /home/airflow/.local/lib/python3.12/site-packages/airflow/example_dags/example_skip_dag.py took 0.069 seconds
[2024-11-01T02:16:55.839+0000] {processor.py:186} INFO - Started process (PID=366) to work on /home/airflow/.local/lib/python3.12/site-packages/airflow/example_dags/example_skip_dag.py
[2024-11-01T02:16:55.840+0000] {processor.py:914} INFO - Processing file /home/airflow/.local/lib/python3.12/site-packages/airflow/example_dags/example_skip_dag.py for tasks to queue
[2024-11-01T02:16:55.843+0000] {logging_mixin.py:190} INFO - [2024-11-01T02:16:55.842+0000] {dagbag.py:588} INFO - Filling up the DagBag from /home/airflow/.local/lib/python3.12/site-packages/airflow/example_dags/example_skip_dag.py
[2024-11-01T02:16:55.850+0000] {processor.py:925} INFO - DAG(s) 'example_skip_dag' retrieved from /home/airflow/.local/lib/python3.12/site-packages/airflow/example_dags/example_skip_dag.py
[2024-11-01T02:16:55.869+0000] {logging_mixin.py:190} INFO - [2024-11-01T02:16:55.869+0000] {dag.py:3239} INFO - Sync 1 DAGs
[2024-11-01T02:16:55.893+0000] {logging_mixin.py:190} INFO - [2024-11-01T02:16:55.893+0000] {dag.py:4180} INFO - Setting next_dagrun for example_skip_dag to 2024-10-31 00:00:00+00:00, run_after=2024-11-01 00:00:00+00:00
[2024-11-01T02:16:55.911+0000] {processor.py:208} INFO - Processing /home/airflow/.local/lib/python3.12/site-packages/airflow/example_dags/example_skip_dag.py took 0.077 seconds
[2024-11-01T02:17:26.312+0000] {processor.py:186} INFO - Started process (PID=429) to work on /home/airflow/.local/lib/python3.12/site-packages/airflow/example_dags/example_skip_dag.py
[2024-11-01T02:17:26.313+0000] {processor.py:914} INFO - Processing file /home/airflow/.local/lib/python3.12/site-packages/airflow/example_dags/example_skip_dag.py for tasks to queue
[2024-11-01T02:17:26.316+0000] {logging_mixin.py:190} INFO - [2024-11-01T02:17:26.315+0000] {dagbag.py:588} INFO - Filling up the DagBag from /home/airflow/.local/lib/python3.12/site-packages/airflow/example_dags/example_skip_dag.py
[2024-11-01T02:17:26.323+0000] {processor.py:925} INFO - DAG(s) 'example_skip_dag' retrieved from /home/airflow/.local/lib/python3.12/site-packages/airflow/example_dags/example_skip_dag.py
[2024-11-01T02:17:26.342+0000] {logging_mixin.py:190} INFO - [2024-11-01T02:17:26.342+0000] {dag.py:3239} INFO - Sync 1 DAGs
[2024-11-01T02:17:26.364+0000] {logging_mixin.py:190} INFO - [2024-11-01T02:17:26.364+0000] {dag.py:4180} INFO - Setting next_dagrun for example_skip_dag to 2024-10-31 00:00:00+00:00, run_after=2024-11-01 00:00:00+00:00
[2024-11-01T02:17:26.385+0000] {processor.py:208} INFO - Processing /home/airflow/.local/lib/python3.12/site-packages/airflow/example_dags/example_skip_dag.py took 0.079 seconds
[2024-11-01T02:17:56.787+0000] {processor.py:186} INFO - Started process (PID=492) to work on /home/airflow/.local/lib/python3.12/site-packages/airflow/example_dags/example_skip_dag.py
[2024-11-01T02:17:56.788+0000] {processor.py:914} INFO - Processing file /home/airflow/.local/lib/python3.12/site-packages/airflow/example_dags/example_skip_dag.py for tasks to queue
[2024-11-01T02:17:56.790+0000] {logging_mixin.py:190} INFO - [2024-11-01T02:17:56.790+0000] {dagbag.py:588} INFO - Filling up the DagBag from /home/airflow/.local/lib/python3.12/site-packages/airflow/example_dags/example_skip_dag.py
[2024-11-01T02:17:56.797+0000] {processor.py:925} INFO - DAG(s) 'example_skip_dag' retrieved from /home/airflow/.local/lib/python3.12/site-packages/airflow/example_dags/example_skip_dag.py
[2024-11-01T02:17:56.816+0000] {logging_mixin.py:190} INFO - [2024-11-01T02:17:56.816+0000] {dag.py:3239} INFO - Sync 1 DAGs
[2024-11-01T02:17:56.836+0000] {logging_mixin.py:190} INFO - [2024-11-01T02:17:56.836+0000] {dag.py:4180} INFO - Setting next_dagrun for example_skip_dag to 2024-10-31 00:00:00+00:00, run_after=2024-11-01 00:00:00+00:00
[2024-11-01T02:17:56.853+0000] {processor.py:208} INFO - Processing /home/airflow/.local/lib/python3.12/site-packages/airflow/example_dags/example_skip_dag.py took 0.070 seconds
[2024-11-01T02:18:27.272+0000] {processor.py:186} INFO - Started process (PID=555) to work on /home/airflow/.local/lib/python3.12/site-packages/airflow/example_dags/example_skip_dag.py
[2024-11-01T02:18:27.273+0000] {processor.py:914} INFO - Processing file /home/airflow/.local/lib/python3.12/site-packages/airflow/example_dags/example_skip_dag.py for tasks to queue
[2024-11-01T02:18:27.275+0000] {logging_mixin.py:190} INFO - [2024-11-01T02:18:27.275+0000] {dagbag.py:588} INFO - Filling up the DagBag from /home/airflow/.local/lib/python3.12/site-packages/airflow/example_dags/example_skip_dag.py
[2024-11-01T02:18:27.282+0000] {processor.py:925} INFO - DAG(s) 'example_skip_dag' retrieved from /home/airflow/.local/lib/python3.12/site-packages/airflow/example_dags/example_skip_dag.py
[2024-11-01T02:18:27.301+0000] {logging_mixin.py:190} INFO - [2024-11-01T02:18:27.300+0000] {dag.py:3239} INFO - Sync 1 DAGs
[2024-11-01T02:18:27.320+0000] {logging_mixin.py:190} INFO - [2024-11-01T02:18:27.320+0000] {dag.py:4180} INFO - Setting next_dagrun for example_skip_dag to 2024-10-31 00:00:00+00:00, run_after=2024-11-01 00:00:00+00:00
[2024-11-01T02:18:27.336+0000] {processor.py:208} INFO - Processing /home/airflow/.local/lib/python3.12/site-packages/airflow/example_dags/example_skip_dag.py took 0.069 seconds
[2024-11-01T02:18:57.927+0000] {processor.py:186} INFO - Started process (PID=618) to work on /home/airflow/.local/lib/python3.12/site-packages/airflow/example_dags/example_skip_dag.py
[2024-11-01T02:18:57.928+0000] {processor.py:914} INFO - Processing file /home/airflow/.local/lib/python3.12/site-packages/airflow/example_dags/example_skip_dag.py for tasks to queue
[2024-11-01T02:18:57.930+0000] {logging_mixin.py:190} INFO - [2024-11-01T02:18:57.930+0000] {dagbag.py:588} INFO - Filling up the DagBag from /home/airflow/.local/lib/python3.12/site-packages/airflow/example_dags/example_skip_dag.py
[2024-11-01T02:18:57.937+0000] {processor.py:925} INFO - DAG(s) 'example_skip_dag' retrieved from /home/airflow/.local/lib/python3.12/site-packages/airflow/example_dags/example_skip_dag.py
[2024-11-01T02:18:57.955+0000] {logging_mixin.py:190} INFO - [2024-11-01T02:18:57.954+0000] {dag.py:3239} INFO - Sync 1 DAGs
[2024-11-01T02:18:57.975+0000] {logging_mixin.py:190} INFO - [2024-11-01T02:18:57.975+0000] {dag.py:4180} INFO - Setting next_dagrun for example_skip_dag to 2024-10-31 00:00:00+00:00, run_after=2024-11-01 00:00:00+00:00
[2024-11-01T02:18:57.993+0000] {processor.py:208} INFO - Processing /home/airflow/.local/lib/python3.12/site-packages/airflow/example_dags/example_skip_dag.py took 0.071 seconds
[2024-11-01T02:19:28.535+0000] {processor.py:186} INFO - Started process (PID=681) to work on /home/airflow/.local/lib/python3.12/site-packages/airflow/example_dags/example_skip_dag.py
[2024-11-01T02:19:28.536+0000] {processor.py:914} INFO - Processing file /home/airflow/.local/lib/python3.12/site-packages/airflow/example_dags/example_skip_dag.py for tasks to queue
[2024-11-01T02:19:28.538+0000] {logging_mixin.py:190} INFO - [2024-11-01T02:19:28.538+0000] {dagbag.py:588} INFO - Filling up the DagBag from /home/airflow/.local/lib/python3.12/site-packages/airflow/example_dags/example_skip_dag.py
[2024-11-01T02:19:28.545+0000] {processor.py:925} INFO - DAG(s) 'example_skip_dag' retrieved from /home/airflow/.local/lib/python3.12/site-packages/airflow/example_dags/example_skip_dag.py
[2024-11-01T02:19:28.566+0000] {logging_mixin.py:190} INFO - [2024-11-01T02:19:28.565+0000] {dag.py:3239} INFO - Sync 1 DAGs
[2024-11-01T02:19:28.586+0000] {logging_mixin.py:190} INFO - [2024-11-01T02:19:28.586+0000] {dag.py:4180} INFO - Setting next_dagrun for example_skip_dag to 2024-10-31 00:00:00+00:00, run_after=2024-11-01 00:00:00+00:00
[2024-11-01T02:19:28.604+0000] {processor.py:208} INFO - Processing /home/airflow/.local/lib/python3.12/site-packages/airflow/example_dags/example_skip_dag.py took 0.073 seconds
[2024-11-01T02:19:59.110+0000] {processor.py:186} INFO - Started process (PID=744) to work on /home/airflow/.local/lib/python3.12/site-packages/airflow/example_dags/example_skip_dag.py
[2024-11-01T02:19:59.111+0000] {processor.py:914} INFO - Processing file /home/airflow/.local/lib/python3.12/site-packages/airflow/example_dags/example_skip_dag.py for tasks to queue
[2024-11-01T02:19:59.113+0000] {logging_mixin.py:190} INFO - [2024-11-01T02:19:59.113+0000] {dagbag.py:588} INFO - Filling up the DagBag from /home/airflow/.local/lib/python3.12/site-packages/airflow/example_dags/example_skip_dag.py
[2024-11-01T02:19:59.119+0000] {processor.py:925} INFO - DAG(s) 'example_skip_dag' retrieved from /home/airflow/.local/lib/python3.12/site-packages/airflow/example_dags/example_skip_dag.py
[2024-11-01T02:19:59.138+0000] {logging_mixin.py:190} INFO - [2024-11-01T02:19:59.137+0000] {dag.py:3239} INFO - Sync 1 DAGs
[2024-11-01T02:19:59.158+0000] {logging_mixin.py:190} INFO - [2024-11-01T02:19:59.158+0000] {dag.py:4180} INFO - Setting next_dagrun for example_skip_dag to 2024-10-31 00:00:00+00:00, run_after=2024-11-01 00:00:00+00:00
[2024-11-01T02:19:59.174+0000] {processor.py:208} INFO - Processing /home/airflow/.local/lib/python3.12/site-packages/airflow/example_dags/example_skip_dag.py took 0.069 seconds
[2024-11-01T02:20:29.916+0000] {processor.py:186} INFO - Started process (PID=807) to work on /home/airflow/.local/lib/python3.12/site-packages/airflow/example_dags/example_skip_dag.py
[2024-11-01T02:20:29.917+0000] {processor.py:914} INFO - Processing file /home/airflow/.local/lib/python3.12/site-packages/airflow/example_dags/example_skip_dag.py for tasks to queue
[2024-11-01T02:20:29.920+0000] {logging_mixin.py:190} INFO - [2024-11-01T02:20:29.919+0000] {dagbag.py:588} INFO - Filling up the DagBag from /home/airflow/.local/lib/python3.12/site-packages/airflow/example_dags/example_skip_dag.py
[2024-11-01T02:20:29.930+0000] {processor.py:925} INFO - DAG(s) 'example_skip_dag' retrieved from /home/airflow/.local/lib/python3.12/site-packages/airflow/example_dags/example_skip_dag.py
[2024-11-01T02:20:29.949+0000] {logging_mixin.py:190} INFO - [2024-11-01T02:20:29.948+0000] {dag.py:3239} INFO - Sync 1 DAGs
[2024-11-01T02:20:29.970+0000] {logging_mixin.py:190} INFO - [2024-11-01T02:20:29.970+0000] {dag.py:4180} INFO - Setting next_dagrun for example_skip_dag to 2024-10-31 00:00:00+00:00, run_after=2024-11-01 00:00:00+00:00
[2024-11-01T02:20:30.008+0000] {processor.py:208} INFO - Processing /home/airflow/.local/lib/python3.12/site-packages/airflow/example_dags/example_skip_dag.py took 0.097 seconds
[2024-11-01T02:21:01.130+0000] {processor.py:186} INFO - Started process (PID=870) to work on /home/airflow/.local/lib/python3.12/site-packages/airflow/example_dags/example_skip_dag.py
[2024-11-01T02:21:01.131+0000] {processor.py:914} INFO - Processing file /home/airflow/.local/lib/python3.12/site-packages/airflow/example_dags/example_skip_dag.py for tasks to queue
[2024-11-01T02:21:01.133+0000] {logging_mixin.py:190} INFO - [2024-11-01T02:21:01.132+0000] {dagbag.py:588} INFO - Filling up the DagBag from /home/airflow/.local/lib/python3.12/site-packages/airflow/example_dags/example_skip_dag.py
[2024-11-01T02:21:01.140+0000] {processor.py:925} INFO - DAG(s) 'example_skip_dag' retrieved from /home/airflow/.local/lib/python3.12/site-packages/airflow/example_dags/example_skip_dag.py
[2024-11-01T02:21:01.158+0000] {logging_mixin.py:190} INFO - [2024-11-01T02:21:01.158+0000] {dag.py:3239} INFO - Sync 1 DAGs
[2024-11-01T02:21:01.179+0000] {logging_mixin.py:190} INFO - [2024-11-01T02:21:01.179+0000] {dag.py:4180} INFO - Setting next_dagrun for example_skip_dag to 2024-10-31 00:00:00+00:00, run_after=2024-11-01 00:00:00+00:00
[2024-11-01T02:21:01.196+0000] {processor.py:208} INFO - Processing /home/airflow/.local/lib/python3.12/site-packages/airflow/example_dags/example_skip_dag.py took 0.071 seconds
[2024-11-01T02:21:31.793+0000] {processor.py:186} INFO - Started process (PID=933) to work on /home/airflow/.local/lib/python3.12/site-packages/airflow/example_dags/example_skip_dag.py
[2024-11-01T02:21:31.794+0000] {processor.py:914} INFO - Processing file /home/airflow/.local/lib/python3.12/site-packages/airflow/example_dags/example_skip_dag.py for tasks to queue
[2024-11-01T02:21:31.797+0000] {logging_mixin.py:190} INFO - [2024-11-01T02:21:31.796+0000] {dagbag.py:588} INFO - Filling up the DagBag from /home/airflow/.local/lib/python3.12/site-packages/airflow/example_dags/example_skip_dag.py
[2024-11-01T02:21:31.805+0000] {processor.py:925} INFO - DAG(s) 'example_skip_dag' retrieved from /home/airflow/.local/lib/python3.12/site-packages/airflow/example_dags/example_skip_dag.py
[2024-11-01T02:21:31.823+0000] {logging_mixin.py:190} INFO - [2024-11-01T02:21:31.823+0000] {dag.py:3239} INFO - Sync 1 DAGs
[2024-11-01T02:21:31.843+0000] {logging_mixin.py:190} INFO - [2024-11-01T02:21:31.843+0000] {dag.py:4180} INFO - Setting next_dagrun for example_skip_dag to 2024-10-31 00:00:00+00:00, run_after=2024-11-01 00:00:00+00:00
[2024-11-01T02:21:31.859+0000] {processor.py:208} INFO - Processing /home/airflow/.local/lib/python3.12/site-packages/airflow/example_dags/example_skip_dag.py took 0.072 seconds
[2024-11-01T02:22:02.628+0000] {processor.py:186} INFO - Started process (PID=996) to work on /home/airflow/.local/lib/python3.12/site-packages/airflow/example_dags/example_skip_dag.py
[2024-11-01T02:22:02.629+0000] {processor.py:914} INFO - Processing file /home/airflow/.local/lib/python3.12/site-packages/airflow/example_dags/example_skip_dag.py for tasks to queue
[2024-11-01T02:22:02.631+0000] {logging_mixin.py:190} INFO - [2024-11-01T02:22:02.631+0000] {dagbag.py:588} INFO - Filling up the DagBag from /home/airflow/.local/lib/python3.12/site-packages/airflow/example_dags/example_skip_dag.py
[2024-11-01T02:22:02.638+0000] {processor.py:925} INFO - DAG(s) 'example_skip_dag' retrieved from /home/airflow/.local/lib/python3.12/site-packages/airflow/example_dags/example_skip_dag.py
[2024-11-01T02:22:02.657+0000] {logging_mixin.py:190} INFO - [2024-11-01T02:22:02.656+0000] {dag.py:3239} INFO - Sync 1 DAGs
[2024-11-01T02:22:02.677+0000] {logging_mixin.py:190} INFO - [2024-11-01T02:22:02.677+0000] {dag.py:4180} INFO - Setting next_dagrun for example_skip_dag to 2024-10-31 00:00:00+00:00, run_after=2024-11-01 00:00:00+00:00
[2024-11-01T02:22:02.699+0000] {processor.py:208} INFO - Processing /home/airflow/.local/lib/python3.12/site-packages/airflow/example_dags/example_skip_dag.py took 0.076 seconds
[2024-11-01T02:22:33.422+0000] {processor.py:186} INFO - Started process (PID=1059) to work on /home/airflow/.local/lib/python3.12/site-packages/airflow/example_dags/example_skip_dag.py
[2024-11-01T02:22:33.422+0000] {processor.py:914} INFO - Processing file /home/airflow/.local/lib/python3.12/site-packages/airflow/example_dags/example_skip_dag.py for tasks to queue
[2024-11-01T02:22:33.425+0000] {logging_mixin.py:190} INFO - [2024-11-01T02:22:33.424+0000] {dagbag.py:588} INFO - Filling up the DagBag from /home/airflow/.local/lib/python3.12/site-packages/airflow/example_dags/example_skip_dag.py
[2024-11-01T02:22:33.431+0000] {processor.py:925} INFO - DAG(s) 'example_skip_dag' retrieved from /home/airflow/.local/lib/python3.12/site-packages/airflow/example_dags/example_skip_dag.py
[2024-11-01T02:22:33.451+0000] {logging_mixin.py:190} INFO - [2024-11-01T02:22:33.451+0000] {dag.py:3239} INFO - Sync 1 DAGs
[2024-11-01T02:22:33.474+0000] {logging_mixin.py:190} INFO - [2024-11-01T02:22:33.473+0000] {dag.py:4180} INFO - Setting next_dagrun for example_skip_dag to 2024-10-31 00:00:00+00:00, run_after=2024-11-01 00:00:00+00:00
[2024-11-01T02:22:33.491+0000] {processor.py:208} INFO - Processing /home/airflow/.local/lib/python3.12/site-packages/airflow/example_dags/example_skip_dag.py took 0.075 seconds
[2024-11-01T02:23:04.218+0000] {processor.py:186} INFO - Started process (PID=1122) to work on /home/airflow/.local/lib/python3.12/site-packages/airflow/example_dags/example_skip_dag.py
[2024-11-01T02:23:04.219+0000] {processor.py:914} INFO - Processing file /home/airflow/.local/lib/python3.12/site-packages/airflow/example_dags/example_skip_dag.py for tasks to queue
[2024-11-01T02:23:04.221+0000] {logging_mixin.py:190} INFO - [2024-11-01T02:23:04.221+0000] {dagbag.py:588} INFO - Filling up the DagBag from /home/airflow/.local/lib/python3.12/site-packages/airflow/example_dags/example_skip_dag.py
[2024-11-01T02:23:04.228+0000] {processor.py:925} INFO - DAG(s) 'example_skip_dag' retrieved from /home/airflow/.local/lib/python3.12/site-packages/airflow/example_dags/example_skip_dag.py
[2024-11-01T02:23:04.245+0000] {logging_mixin.py:190} INFO - [2024-11-01T02:23:04.245+0000] {dag.py:3239} INFO - Sync 1 DAGs
[2024-11-01T02:23:04.264+0000] {logging_mixin.py:190} INFO - [2024-11-01T02:23:04.264+0000] {dag.py:4180} INFO - Setting next_dagrun for example_skip_dag to 2024-10-31 00:00:00+00:00, run_after=2024-11-01 00:00:00+00:00
[2024-11-01T02:23:04.281+0000] {processor.py:208} INFO - Processing /home/airflow/.local/lib/python3.12/site-packages/airflow/example_dags/example_skip_dag.py took 0.069 seconds
