[2024-11-01T02:04:34.041+0000] {processor.py:186} INFO - Started process (PID=97) to work on /home/airflow/.local/lib/python3.12/site-packages/airflow/example_dags/example_sla_dag.py
[2024-11-01T02:04:34.042+0000] {processor.py:914} INFO - Processing file /home/airflow/.local/lib/python3.12/site-packages/airflow/example_dags/example_sla_dag.py for tasks to queue
[2024-11-01T02:04:34.044+0000] {logging_mixin.py:190} INFO - [2024-11-01T02:04:34.044+0000] {dagbag.py:588} INFO - Filling up the DagBag from /home/airflow/.local/lib/python3.12/site-packages/airflow/example_dags/example_sla_dag.py
[2024-11-01T02:04:34.061+0000] {processor.py:925} INFO - DAG(s) 'example_sla_dag' retrieved from /home/airflow/.local/lib/python3.12/site-packages/airflow/example_dags/example_sla_dag.py
[2024-11-01T02:04:34.152+0000] {logging_mixin.py:190} INFO - [2024-11-01T02:04:34.151+0000] {override.py:1900} INFO - Created Permission View: can edit on DAG:example_sla_dag
[2024-11-01T02:04:34.161+0000] {logging_mixin.py:190} INFO - [2024-11-01T02:04:34.161+0000] {override.py:1900} INFO - Created Permission View: can read on DAG:example_sla_dag
[2024-11-01T02:04:34.168+0000] {logging_mixin.py:190} INFO - [2024-11-01T02:04:34.168+0000] {override.py:1900} INFO - Created Permission View: can delete on DAG:example_sla_dag
[2024-11-01T02:04:34.177+0000] {logging_mixin.py:190} INFO - [2024-11-01T02:04:34.177+0000] {override.py:1900} INFO - Created Permission View: can delete on DAG Run:example_sla_dag
[2024-11-01T02:04:34.185+0000] {logging_mixin.py:190} INFO - [2024-11-01T02:04:34.184+0000] {override.py:1900} INFO - Created Permission View: can read on DAG Run:example_sla_dag
[2024-11-01T02:04:34.192+0000] {logging_mixin.py:190} INFO - [2024-11-01T02:04:34.191+0000] {override.py:1900} INFO - Created Permission View: can create on DAG Run:example_sla_dag
[2024-11-01T02:04:34.199+0000] {logging_mixin.py:190} INFO - [2024-11-01T02:04:34.199+0000] {override.py:1900} INFO - Created Permission View: menu access on DAG Run:example_sla_dag
[2024-11-01T02:04:34.200+0000] {logging_mixin.py:190} INFO - [2024-11-01T02:04:34.199+0000] {dag.py:3239} INFO - Sync 1 DAGs
[2024-11-01T02:04:34.212+0000] {logging_mixin.py:190} INFO - [2024-11-01T02:04:34.212+0000] {dag.py:3262} INFO - Creating ORM DAG for example_sla_dag
[2024-11-01T02:04:34.225+0000] {logging_mixin.py:190} INFO - [2024-11-01T02:04:34.224+0000] {dag.py:4180} INFO - Setting next_dagrun for example_sla_dag to 2024-11-01 02:02:00+00:00, run_after=2024-11-01 02:04:00+00:00
[2024-11-01T02:04:34.238+0000] {processor.py:208} INFO - Processing /home/airflow/.local/lib/python3.12/site-packages/airflow/example_dags/example_sla_dag.py took 0.202 seconds
[2024-11-01T02:05:04.857+0000] {processor.py:186} INFO - Started process (PID=159) to work on /home/airflow/.local/lib/python3.12/site-packages/airflow/example_dags/example_sla_dag.py
[2024-11-01T02:05:04.858+0000] {processor.py:914} INFO - Processing file /home/airflow/.local/lib/python3.12/site-packages/airflow/example_dags/example_sla_dag.py for tasks to queue
[2024-11-01T02:05:04.860+0000] {logging_mixin.py:190} INFO - [2024-11-01T02:05:04.860+0000] {dagbag.py:588} INFO - Filling up the DagBag from /home/airflow/.local/lib/python3.12/site-packages/airflow/example_dags/example_sla_dag.py
[2024-11-01T02:05:04.870+0000] {processor.py:925} INFO - DAG(s) 'example_sla_dag' retrieved from /home/airflow/.local/lib/python3.12/site-packages/airflow/example_dags/example_sla_dag.py
[2024-11-01T02:05:04.888+0000] {logging_mixin.py:190} INFO - [2024-11-01T02:05:04.887+0000] {dag.py:3239} INFO - Sync 1 DAGs
[2024-11-01T02:05:04.915+0000] {logging_mixin.py:190} INFO - [2024-11-01T02:05:04.915+0000] {dag.py:4180} INFO - Setting next_dagrun for example_sla_dag to 2024-11-01 02:02:00+00:00, run_after=2024-11-01 02:04:00+00:00
[2024-11-01T02:05:05.052+0000] {processor.py:208} INFO - Processing /home/airflow/.local/lib/python3.12/site-packages/airflow/example_dags/example_sla_dag.py took 0.202 seconds
[2024-11-01T02:05:35.152+0000] {processor.py:186} INFO - Started process (PID=221) to work on /home/airflow/.local/lib/python3.12/site-packages/airflow/example_dags/example_sla_dag.py
[2024-11-01T02:05:35.152+0000] {processor.py:914} INFO - Processing file /home/airflow/.local/lib/python3.12/site-packages/airflow/example_dags/example_sla_dag.py for tasks to queue
[2024-11-01T02:05:35.154+0000] {logging_mixin.py:190} INFO - [2024-11-01T02:05:35.154+0000] {dagbag.py:588} INFO - Filling up the DagBag from /home/airflow/.local/lib/python3.12/site-packages/airflow/example_dags/example_sla_dag.py
[2024-11-01T02:05:35.162+0000] {processor.py:925} INFO - DAG(s) 'example_sla_dag' retrieved from /home/airflow/.local/lib/python3.12/site-packages/airflow/example_dags/example_sla_dag.py
[2024-11-01T02:05:35.177+0000] {logging_mixin.py:190} INFO - [2024-11-01T02:05:35.177+0000] {dag.py:3239} INFO - Sync 1 DAGs
[2024-11-01T02:05:35.199+0000] {logging_mixin.py:190} INFO - [2024-11-01T02:05:35.199+0000] {dag.py:4180} INFO - Setting next_dagrun for example_sla_dag to 2024-11-01 02:02:00+00:00, run_after=2024-11-01 02:04:00+00:00
[2024-11-01T02:05:35.218+0000] {processor.py:208} INFO - Processing /home/airflow/.local/lib/python3.12/site-packages/airflow/example_dags/example_sla_dag.py took 0.071 seconds
[2024-11-01T02:06:05.409+0000] {processor.py:186} INFO - Started process (PID=282) to work on /home/airflow/.local/lib/python3.12/site-packages/airflow/example_dags/example_sla_dag.py
[2024-11-01T02:06:05.410+0000] {processor.py:914} INFO - Processing file /home/airflow/.local/lib/python3.12/site-packages/airflow/example_dags/example_sla_dag.py for tasks to queue
[2024-11-01T02:06:05.413+0000] {logging_mixin.py:190} INFO - [2024-11-01T02:06:05.412+0000] {dagbag.py:588} INFO - Filling up the DagBag from /home/airflow/.local/lib/python3.12/site-packages/airflow/example_dags/example_sla_dag.py
[2024-11-01T02:06:05.421+0000] {processor.py:925} INFO - DAG(s) 'example_sla_dag' retrieved from /home/airflow/.local/lib/python3.12/site-packages/airflow/example_dags/example_sla_dag.py
[2024-11-01T02:06:05.436+0000] {logging_mixin.py:190} INFO - [2024-11-01T02:06:05.436+0000] {dag.py:3239} INFO - Sync 1 DAGs
[2024-11-01T02:06:05.458+0000] {logging_mixin.py:190} INFO - [2024-11-01T02:06:05.458+0000] {dag.py:4180} INFO - Setting next_dagrun for example_sla_dag to 2024-11-01 02:04:00+00:00, run_after=2024-11-01 02:06:00+00:00
[2024-11-01T02:06:05.474+0000] {processor.py:208} INFO - Processing /home/airflow/.local/lib/python3.12/site-packages/airflow/example_dags/example_sla_dag.py took 0.069 seconds
[2024-11-01T02:14:52.548+0000] {processor.py:186} INFO - Started process (PID=93) to work on /home/airflow/.local/lib/python3.12/site-packages/airflow/example_dags/example_sla_dag.py
[2024-11-01T02:14:52.549+0000] {processor.py:914} INFO - Processing file /home/airflow/.local/lib/python3.12/site-packages/airflow/example_dags/example_sla_dag.py for tasks to queue
[2024-11-01T02:14:52.551+0000] {logging_mixin.py:190} INFO - [2024-11-01T02:14:52.550+0000] {dagbag.py:588} INFO - Filling up the DagBag from /home/airflow/.local/lib/python3.12/site-packages/airflow/example_dags/example_sla_dag.py
[2024-11-01T02:14:52.560+0000] {processor.py:925} INFO - DAG(s) 'example_sla_dag' retrieved from /home/airflow/.local/lib/python3.12/site-packages/airflow/example_dags/example_sla_dag.py
[2024-11-01T02:14:52.576+0000] {logging_mixin.py:190} INFO - [2024-11-01T02:14:52.576+0000] {dag.py:3239} INFO - Sync 1 DAGs
[2024-11-01T02:14:52.599+0000] {logging_mixin.py:190} INFO - [2024-11-01T02:14:52.599+0000] {dag.py:4180} INFO - Setting next_dagrun for example_sla_dag to 2024-11-01 02:12:00+00:00, run_after=2024-11-01 02:14:00+00:00
[2024-11-01T02:14:52.615+0000] {processor.py:208} INFO - Processing /home/airflow/.local/lib/python3.12/site-packages/airflow/example_dags/example_sla_dag.py took 0.073 seconds
[2024-11-01T02:15:23.154+0000] {processor.py:186} INFO - Started process (PID=156) to work on /home/airflow/.local/lib/python3.12/site-packages/airflow/example_dags/example_sla_dag.py
[2024-11-01T02:15:23.154+0000] {processor.py:914} INFO - Processing file /home/airflow/.local/lib/python3.12/site-packages/airflow/example_dags/example_sla_dag.py for tasks to queue
[2024-11-01T02:15:23.156+0000] {logging_mixin.py:190} INFO - [2024-11-01T02:15:23.156+0000] {dagbag.py:588} INFO - Filling up the DagBag from /home/airflow/.local/lib/python3.12/site-packages/airflow/example_dags/example_sla_dag.py
[2024-11-01T02:15:23.164+0000] {processor.py:925} INFO - DAG(s) 'example_sla_dag' retrieved from /home/airflow/.local/lib/python3.12/site-packages/airflow/example_dags/example_sla_dag.py
[2024-11-01T02:15:23.181+0000] {logging_mixin.py:190} INFO - [2024-11-01T02:15:23.180+0000] {dag.py:3239} INFO - Sync 1 DAGs
[2024-11-01T02:15:23.202+0000] {logging_mixin.py:190} INFO - [2024-11-01T02:15:23.202+0000] {dag.py:4180} INFO - Setting next_dagrun for example_sla_dag to 2024-11-01 02:12:00+00:00, run_after=2024-11-01 02:14:00+00:00
[2024-11-01T02:15:23.218+0000] {processor.py:208} INFO - Processing /home/airflow/.local/lib/python3.12/site-packages/airflow/example_dags/example_sla_dag.py took 0.068 seconds
[2024-11-01T02:15:53.412+0000] {processor.py:186} INFO - Started process (PID=218) to work on /home/airflow/.local/lib/python3.12/site-packages/airflow/example_dags/example_sla_dag.py
[2024-11-01T02:15:53.413+0000] {processor.py:914} INFO - Processing file /home/airflow/.local/lib/python3.12/site-packages/airflow/example_dags/example_sla_dag.py for tasks to queue
[2024-11-01T02:15:53.415+0000] {logging_mixin.py:190} INFO - [2024-11-01T02:15:53.414+0000] {dagbag.py:588} INFO - Filling up the DagBag from /home/airflow/.local/lib/python3.12/site-packages/airflow/example_dags/example_sla_dag.py
[2024-11-01T02:15:53.424+0000] {processor.py:925} INFO - DAG(s) 'example_sla_dag' retrieved from /home/airflow/.local/lib/python3.12/site-packages/airflow/example_dags/example_sla_dag.py
[2024-11-01T02:15:53.440+0000] {logging_mixin.py:190} INFO - [2024-11-01T02:15:53.439+0000] {dag.py:3239} INFO - Sync 1 DAGs
[2024-11-01T02:15:53.465+0000] {logging_mixin.py:190} INFO - [2024-11-01T02:15:53.465+0000] {dag.py:4180} INFO - Setting next_dagrun for example_sla_dag to 2024-11-01 02:12:00+00:00, run_after=2024-11-01 02:14:00+00:00
[2024-11-01T02:15:53.481+0000] {processor.py:208} INFO - Processing /home/airflow/.local/lib/python3.12/site-packages/airflow/example_dags/example_sla_dag.py took 0.074 seconds
[2024-11-01T02:16:24.303+0000] {processor.py:186} INFO - Started process (PID=288) to work on /home/airflow/.local/lib/python3.12/site-packages/airflow/example_dags/example_sla_dag.py
[2024-11-01T02:16:24.303+0000] {processor.py:914} INFO - Processing file /home/airflow/.local/lib/python3.12/site-packages/airflow/example_dags/example_sla_dag.py for tasks to queue
[2024-11-01T02:16:24.305+0000] {logging_mixin.py:190} INFO - [2024-11-01T02:16:24.305+0000] {dagbag.py:588} INFO - Filling up the DagBag from /home/airflow/.local/lib/python3.12/site-packages/airflow/example_dags/example_sla_dag.py
[2024-11-01T02:16:24.314+0000] {processor.py:925} INFO - DAG(s) 'example_sla_dag' retrieved from /home/airflow/.local/lib/python3.12/site-packages/airflow/example_dags/example_sla_dag.py
[2024-11-01T02:16:24.329+0000] {logging_mixin.py:190} INFO - [2024-11-01T02:16:24.329+0000] {dag.py:3239} INFO - Sync 1 DAGs
[2024-11-01T02:16:24.350+0000] {logging_mixin.py:190} INFO - [2024-11-01T02:16:24.350+0000] {dag.py:4180} INFO - Setting next_dagrun for example_sla_dag to 2024-11-01 02:14:00+00:00, run_after=2024-11-01 02:16:00+00:00
[2024-11-01T02:16:24.366+0000] {processor.py:208} INFO - Processing /home/airflow/.local/lib/python3.12/site-packages/airflow/example_dags/example_sla_dag.py took 0.068 seconds
[2024-11-01T02:16:54.811+0000] {processor.py:186} INFO - Started process (PID=351) to work on /home/airflow/.local/lib/python3.12/site-packages/airflow/example_dags/example_sla_dag.py
[2024-11-01T02:16:54.812+0000] {processor.py:914} INFO - Processing file /home/airflow/.local/lib/python3.12/site-packages/airflow/example_dags/example_sla_dag.py for tasks to queue
[2024-11-01T02:16:54.815+0000] {logging_mixin.py:190} INFO - [2024-11-01T02:16:54.815+0000] {dagbag.py:588} INFO - Filling up the DagBag from /home/airflow/.local/lib/python3.12/site-packages/airflow/example_dags/example_sla_dag.py
[2024-11-01T02:16:54.824+0000] {processor.py:925} INFO - DAG(s) 'example_sla_dag' retrieved from /home/airflow/.local/lib/python3.12/site-packages/airflow/example_dags/example_sla_dag.py
[2024-11-01T02:16:54.840+0000] {logging_mixin.py:190} INFO - [2024-11-01T02:16:54.840+0000] {dag.py:3239} INFO - Sync 1 DAGs
[2024-11-01T02:16:54.867+0000] {logging_mixin.py:190} INFO - [2024-11-01T02:16:54.866+0000] {dag.py:4180} INFO - Setting next_dagrun for example_sla_dag to 2024-11-01 02:14:00+00:00, run_after=2024-11-01 02:16:00+00:00
[2024-11-01T02:16:54.889+0000] {processor.py:208} INFO - Processing /home/airflow/.local/lib/python3.12/site-packages/airflow/example_dags/example_sla_dag.py took 0.083 seconds
[2024-11-01T02:17:25.369+0000] {processor.py:186} INFO - Started process (PID=414) to work on /home/airflow/.local/lib/python3.12/site-packages/airflow/example_dags/example_sla_dag.py
[2024-11-01T02:17:25.370+0000] {processor.py:914} INFO - Processing file /home/airflow/.local/lib/python3.12/site-packages/airflow/example_dags/example_sla_dag.py for tasks to queue
[2024-11-01T02:17:25.372+0000] {logging_mixin.py:190} INFO - [2024-11-01T02:17:25.372+0000] {dagbag.py:588} INFO - Filling up the DagBag from /home/airflow/.local/lib/python3.12/site-packages/airflow/example_dags/example_sla_dag.py
[2024-11-01T02:17:25.381+0000] {processor.py:925} INFO - DAG(s) 'example_sla_dag' retrieved from /home/airflow/.local/lib/python3.12/site-packages/airflow/example_dags/example_sla_dag.py
[2024-11-01T02:17:25.397+0000] {logging_mixin.py:190} INFO - [2024-11-01T02:17:25.397+0000] {dag.py:3239} INFO - Sync 1 DAGs
[2024-11-01T02:17:25.420+0000] {logging_mixin.py:190} INFO - [2024-11-01T02:17:25.419+0000] {dag.py:4180} INFO - Setting next_dagrun for example_sla_dag to 2024-11-01 02:14:00+00:00, run_after=2024-11-01 02:16:00+00:00
[2024-11-01T02:17:25.435+0000] {processor.py:208} INFO - Processing /home/airflow/.local/lib/python3.12/site-packages/airflow/example_dags/example_sla_dag.py took 0.071 seconds
[2024-11-01T02:17:55.962+0000] {processor.py:186} INFO - Started process (PID=477) to work on /home/airflow/.local/lib/python3.12/site-packages/airflow/example_dags/example_sla_dag.py
[2024-11-01T02:17:55.963+0000] {processor.py:914} INFO - Processing file /home/airflow/.local/lib/python3.12/site-packages/airflow/example_dags/example_sla_dag.py for tasks to queue
[2024-11-01T02:17:55.965+0000] {logging_mixin.py:190} INFO - [2024-11-01T02:17:55.965+0000] {dagbag.py:588} INFO - Filling up the DagBag from /home/airflow/.local/lib/python3.12/site-packages/airflow/example_dags/example_sla_dag.py
[2024-11-01T02:17:55.973+0000] {processor.py:925} INFO - DAG(s) 'example_sla_dag' retrieved from /home/airflow/.local/lib/python3.12/site-packages/airflow/example_dags/example_sla_dag.py
[2024-11-01T02:17:55.989+0000] {logging_mixin.py:190} INFO - [2024-11-01T02:17:55.989+0000] {dag.py:3239} INFO - Sync 1 DAGs
[2024-11-01T02:17:56.011+0000] {logging_mixin.py:190} INFO - [2024-11-01T02:17:56.011+0000] {dag.py:4180} INFO - Setting next_dagrun for example_sla_dag to 2024-11-01 02:14:00+00:00, run_after=2024-11-01 02:16:00+00:00
[2024-11-01T02:17:56.028+0000] {processor.py:208} INFO - Processing /home/airflow/.local/lib/python3.12/site-packages/airflow/example_dags/example_sla_dag.py took 0.072 seconds
[2024-11-01T02:18:26.355+0000] {processor.py:186} INFO - Started process (PID=540) to work on /home/airflow/.local/lib/python3.12/site-packages/airflow/example_dags/example_sla_dag.py
[2024-11-01T02:18:26.356+0000] {processor.py:914} INFO - Processing file /home/airflow/.local/lib/python3.12/site-packages/airflow/example_dags/example_sla_dag.py for tasks to queue
[2024-11-01T02:18:26.359+0000] {logging_mixin.py:190} INFO - [2024-11-01T02:18:26.358+0000] {dagbag.py:588} INFO - Filling up the DagBag from /home/airflow/.local/lib/python3.12/site-packages/airflow/example_dags/example_sla_dag.py
[2024-11-01T02:18:26.368+0000] {processor.py:925} INFO - DAG(s) 'example_sla_dag' retrieved from /home/airflow/.local/lib/python3.12/site-packages/airflow/example_dags/example_sla_dag.py
[2024-11-01T02:18:26.384+0000] {logging_mixin.py:190} INFO - [2024-11-01T02:18:26.384+0000] {dag.py:3239} INFO - Sync 1 DAGs
[2024-11-01T02:18:26.407+0000] {logging_mixin.py:190} INFO - [2024-11-01T02:18:26.407+0000] {dag.py:4180} INFO - Setting next_dagrun for example_sla_dag to 2024-11-01 02:16:00+00:00, run_after=2024-11-01 02:18:00+00:00
[2024-11-01T02:18:26.423+0000] {processor.py:208} INFO - Processing /home/airflow/.local/lib/python3.12/site-packages/airflow/example_dags/example_sla_dag.py took 0.073 seconds
[2024-11-01T02:18:56.981+0000] {processor.py:186} INFO - Started process (PID=603) to work on /home/airflow/.local/lib/python3.12/site-packages/airflow/example_dags/example_sla_dag.py
[2024-11-01T02:18:56.982+0000] {processor.py:914} INFO - Processing file /home/airflow/.local/lib/python3.12/site-packages/airflow/example_dags/example_sla_dag.py for tasks to queue
[2024-11-01T02:18:56.984+0000] {logging_mixin.py:190} INFO - [2024-11-01T02:18:56.984+0000] {dagbag.py:588} INFO - Filling up the DagBag from /home/airflow/.local/lib/python3.12/site-packages/airflow/example_dags/example_sla_dag.py
[2024-11-01T02:18:56.992+0000] {processor.py:925} INFO - DAG(s) 'example_sla_dag' retrieved from /home/airflow/.local/lib/python3.12/site-packages/airflow/example_dags/example_sla_dag.py
[2024-11-01T02:18:57.009+0000] {logging_mixin.py:190} INFO - [2024-11-01T02:18:57.009+0000] {dag.py:3239} INFO - Sync 1 DAGs
[2024-11-01T02:18:57.031+0000] {logging_mixin.py:190} INFO - [2024-11-01T02:18:57.031+0000] {dag.py:4180} INFO - Setting next_dagrun for example_sla_dag to 2024-11-01 02:16:00+00:00, run_after=2024-11-01 02:18:00+00:00
[2024-11-01T02:18:57.047+0000] {processor.py:208} INFO - Processing /home/airflow/.local/lib/python3.12/site-packages/airflow/example_dags/example_sla_dag.py took 0.070 seconds
[2024-11-01T02:19:27.501+0000] {processor.py:186} INFO - Started process (PID=666) to work on /home/airflow/.local/lib/python3.12/site-packages/airflow/example_dags/example_sla_dag.py
[2024-11-01T02:19:27.502+0000] {processor.py:914} INFO - Processing file /home/airflow/.local/lib/python3.12/site-packages/airflow/example_dags/example_sla_dag.py for tasks to queue
[2024-11-01T02:19:27.504+0000] {logging_mixin.py:190} INFO - [2024-11-01T02:19:27.503+0000] {dagbag.py:588} INFO - Filling up the DagBag from /home/airflow/.local/lib/python3.12/site-packages/airflow/example_dags/example_sla_dag.py
[2024-11-01T02:19:27.512+0000] {processor.py:925} INFO - DAG(s) 'example_sla_dag' retrieved from /home/airflow/.local/lib/python3.12/site-packages/airflow/example_dags/example_sla_dag.py
[2024-11-01T02:19:27.528+0000] {logging_mixin.py:190} INFO - [2024-11-01T02:19:27.527+0000] {dag.py:3239} INFO - Sync 1 DAGs
[2024-11-01T02:19:27.550+0000] {logging_mixin.py:190} INFO - [2024-11-01T02:19:27.550+0000] {dag.py:4180} INFO - Setting next_dagrun for example_sla_dag to 2024-11-01 02:16:00+00:00, run_after=2024-11-01 02:18:00+00:00
[2024-11-01T02:19:27.566+0000] {processor.py:208} INFO - Processing /home/airflow/.local/lib/python3.12/site-packages/airflow/example_dags/example_sla_dag.py took 0.069 seconds
[2024-11-01T02:19:58.156+0000] {processor.py:186} INFO - Started process (PID=729) to work on /home/airflow/.local/lib/python3.12/site-packages/airflow/example_dags/example_sla_dag.py
[2024-11-01T02:19:58.157+0000] {processor.py:914} INFO - Processing file /home/airflow/.local/lib/python3.12/site-packages/airflow/example_dags/example_sla_dag.py for tasks to queue
[2024-11-01T02:19:58.159+0000] {logging_mixin.py:190} INFO - [2024-11-01T02:19:58.159+0000] {dagbag.py:588} INFO - Filling up the DagBag from /home/airflow/.local/lib/python3.12/site-packages/airflow/example_dags/example_sla_dag.py
[2024-11-01T02:19:58.168+0000] {processor.py:925} INFO - DAG(s) 'example_sla_dag' retrieved from /home/airflow/.local/lib/python3.12/site-packages/airflow/example_dags/example_sla_dag.py
[2024-11-01T02:19:58.185+0000] {logging_mixin.py:190} INFO - [2024-11-01T02:19:58.184+0000] {dag.py:3239} INFO - Sync 1 DAGs
[2024-11-01T02:19:58.207+0000] {logging_mixin.py:190} INFO - [2024-11-01T02:19:58.207+0000] {dag.py:4180} INFO - Setting next_dagrun for example_sla_dag to 2024-11-01 02:16:00+00:00, run_after=2024-11-01 02:18:00+00:00
[2024-11-01T02:19:58.224+0000] {processor.py:208} INFO - Processing /home/airflow/.local/lib/python3.12/site-packages/airflow/example_dags/example_sla_dag.py took 0.073 seconds
[2024-11-01T02:20:28.926+0000] {processor.py:186} INFO - Started process (PID=792) to work on /home/airflow/.local/lib/python3.12/site-packages/airflow/example_dags/example_sla_dag.py
[2024-11-01T02:20:28.928+0000] {processor.py:914} INFO - Processing file /home/airflow/.local/lib/python3.12/site-packages/airflow/example_dags/example_sla_dag.py for tasks to queue
[2024-11-01T02:20:28.931+0000] {logging_mixin.py:190} INFO - [2024-11-01T02:20:28.931+0000] {dagbag.py:588} INFO - Filling up the DagBag from /home/airflow/.local/lib/python3.12/site-packages/airflow/example_dags/example_sla_dag.py
[2024-11-01T02:20:28.942+0000] {processor.py:925} INFO - DAG(s) 'example_sla_dag' retrieved from /home/airflow/.local/lib/python3.12/site-packages/airflow/example_dags/example_sla_dag.py
[2024-11-01T02:20:28.959+0000] {logging_mixin.py:190} INFO - [2024-11-01T02:20:28.959+0000] {dag.py:3239} INFO - Sync 1 DAGs
[2024-11-01T02:20:28.982+0000] {logging_mixin.py:190} INFO - [2024-11-01T02:20:28.982+0000] {dag.py:4180} INFO - Setting next_dagrun for example_sla_dag to 2024-11-01 02:18:00+00:00, run_after=2024-11-01 02:20:00+00:00
[2024-11-01T02:20:28.999+0000] {processor.py:208} INFO - Processing /home/airflow/.local/lib/python3.12/site-packages/airflow/example_dags/example_sla_dag.py took 0.079 seconds
[2024-11-01T02:21:00.040+0000] {processor.py:186} INFO - Started process (PID=855) to work on /home/airflow/.local/lib/python3.12/site-packages/airflow/example_dags/example_sla_dag.py
[2024-11-01T02:21:00.041+0000] {processor.py:914} INFO - Processing file /home/airflow/.local/lib/python3.12/site-packages/airflow/example_dags/example_sla_dag.py for tasks to queue
[2024-11-01T02:21:00.043+0000] {logging_mixin.py:190} INFO - [2024-11-01T02:21:00.043+0000] {dagbag.py:588} INFO - Filling up the DagBag from /home/airflow/.local/lib/python3.12/site-packages/airflow/example_dags/example_sla_dag.py
[2024-11-01T02:21:00.052+0000] {processor.py:925} INFO - DAG(s) 'example_sla_dag' retrieved from /home/airflow/.local/lib/python3.12/site-packages/airflow/example_dags/example_sla_dag.py
[2024-11-01T02:21:00.069+0000] {logging_mixin.py:190} INFO - [2024-11-01T02:21:00.069+0000] {dag.py:3239} INFO - Sync 1 DAGs
[2024-11-01T02:21:00.093+0000] {logging_mixin.py:190} INFO - [2024-11-01T02:21:00.093+0000] {dag.py:4180} INFO - Setting next_dagrun for example_sla_dag to 2024-11-01 02:18:00+00:00, run_after=2024-11-01 02:20:00+00:00
[2024-11-01T02:21:00.110+0000] {processor.py:208} INFO - Processing /home/airflow/.local/lib/python3.12/site-packages/airflow/example_dags/example_sla_dag.py took 0.076 seconds
[2024-11-01T02:21:30.881+0000] {processor.py:186} INFO - Started process (PID=918) to work on /home/airflow/.local/lib/python3.12/site-packages/airflow/example_dags/example_sla_dag.py
[2024-11-01T02:21:30.882+0000] {processor.py:914} INFO - Processing file /home/airflow/.local/lib/python3.12/site-packages/airflow/example_dags/example_sla_dag.py for tasks to queue
[2024-11-01T02:21:30.884+0000] {logging_mixin.py:190} INFO - [2024-11-01T02:21:30.884+0000] {dagbag.py:588} INFO - Filling up the DagBag from /home/airflow/.local/lib/python3.12/site-packages/airflow/example_dags/example_sla_dag.py
[2024-11-01T02:21:30.893+0000] {processor.py:925} INFO - DAG(s) 'example_sla_dag' retrieved from /home/airflow/.local/lib/python3.12/site-packages/airflow/example_dags/example_sla_dag.py
[2024-11-01T02:21:30.909+0000] {logging_mixin.py:190} INFO - [2024-11-01T02:21:30.909+0000] {dag.py:3239} INFO - Sync 1 DAGs
[2024-11-01T02:21:30.931+0000] {logging_mixin.py:190} INFO - [2024-11-01T02:21:30.931+0000] {dag.py:4180} INFO - Setting next_dagrun for example_sla_dag to 2024-11-01 02:18:00+00:00, run_after=2024-11-01 02:20:00+00:00
[2024-11-01T02:21:30.957+0000] {processor.py:208} INFO - Processing /home/airflow/.local/lib/python3.12/site-packages/airflow/example_dags/example_sla_dag.py took 0.081 seconds
[2024-11-01T02:22:01.760+0000] {processor.py:186} INFO - Started process (PID=981) to work on /home/airflow/.local/lib/python3.12/site-packages/airflow/example_dags/example_sla_dag.py
[2024-11-01T02:22:01.761+0000] {processor.py:914} INFO - Processing file /home/airflow/.local/lib/python3.12/site-packages/airflow/example_dags/example_sla_dag.py for tasks to queue
[2024-11-01T02:22:01.763+0000] {logging_mixin.py:190} INFO - [2024-11-01T02:22:01.763+0000] {dagbag.py:588} INFO - Filling up the DagBag from /home/airflow/.local/lib/python3.12/site-packages/airflow/example_dags/example_sla_dag.py
[2024-11-01T02:22:01.772+0000] {processor.py:925} INFO - DAG(s) 'example_sla_dag' retrieved from /home/airflow/.local/lib/python3.12/site-packages/airflow/example_dags/example_sla_dag.py
[2024-11-01T02:22:01.788+0000] {logging_mixin.py:190} INFO - [2024-11-01T02:22:01.788+0000] {dag.py:3239} INFO - Sync 1 DAGs
[2024-11-01T02:22:01.810+0000] {logging_mixin.py:190} INFO - [2024-11-01T02:22:01.810+0000] {dag.py:4180} INFO - Setting next_dagrun for example_sla_dag to 2024-11-01 02:20:00+00:00, run_after=2024-11-01 02:22:00+00:00
[2024-11-01T02:22:01.827+0000] {processor.py:208} INFO - Processing /home/airflow/.local/lib/python3.12/site-packages/airflow/example_dags/example_sla_dag.py took 0.072 seconds
[2024-11-01T02:22:32.373+0000] {processor.py:186} INFO - Started process (PID=1044) to work on /home/airflow/.local/lib/python3.12/site-packages/airflow/example_dags/example_sla_dag.py
[2024-11-01T02:22:32.373+0000] {processor.py:914} INFO - Processing file /home/airflow/.local/lib/python3.12/site-packages/airflow/example_dags/example_sla_dag.py for tasks to queue
[2024-11-01T02:22:32.376+0000] {logging_mixin.py:190} INFO - [2024-11-01T02:22:32.375+0000] {dagbag.py:588} INFO - Filling up the DagBag from /home/airflow/.local/lib/python3.12/site-packages/airflow/example_dags/example_sla_dag.py
[2024-11-01T02:22:32.384+0000] {processor.py:925} INFO - DAG(s) 'example_sla_dag' retrieved from /home/airflow/.local/lib/python3.12/site-packages/airflow/example_dags/example_sla_dag.py
[2024-11-01T02:22:32.400+0000] {logging_mixin.py:190} INFO - [2024-11-01T02:22:32.400+0000] {dag.py:3239} INFO - Sync 1 DAGs
[2024-11-01T02:22:32.428+0000] {logging_mixin.py:190} INFO - [2024-11-01T02:22:32.427+0000] {dag.py:4180} INFO - Setting next_dagrun for example_sla_dag to 2024-11-01 02:20:00+00:00, run_after=2024-11-01 02:22:00+00:00
[2024-11-01T02:22:32.446+0000] {processor.py:208} INFO - Processing /home/airflow/.local/lib/python3.12/site-packages/airflow/example_dags/example_sla_dag.py took 0.078 seconds
[2024-11-01T02:23:03.204+0000] {processor.py:186} INFO - Started process (PID=1107) to work on /home/airflow/.local/lib/python3.12/site-packages/airflow/example_dags/example_sla_dag.py
[2024-11-01T02:23:03.205+0000] {processor.py:914} INFO - Processing file /home/airflow/.local/lib/python3.12/site-packages/airflow/example_dags/example_sla_dag.py for tasks to queue
[2024-11-01T02:23:03.207+0000] {logging_mixin.py:190} INFO - [2024-11-01T02:23:03.207+0000] {dagbag.py:588} INFO - Filling up the DagBag from /home/airflow/.local/lib/python3.12/site-packages/airflow/example_dags/example_sla_dag.py
[2024-11-01T02:23:03.215+0000] {processor.py:925} INFO - DAG(s) 'example_sla_dag' retrieved from /home/airflow/.local/lib/python3.12/site-packages/airflow/example_dags/example_sla_dag.py
[2024-11-01T02:23:03.230+0000] {logging_mixin.py:190} INFO - [2024-11-01T02:23:03.230+0000] {dag.py:3239} INFO - Sync 1 DAGs
[2024-11-01T02:23:03.252+0000] {logging_mixin.py:190} INFO - [2024-11-01T02:23:03.252+0000] {dag.py:4180} INFO - Setting next_dagrun for example_sla_dag to 2024-11-01 02:20:00+00:00, run_after=2024-11-01 02:22:00+00:00
[2024-11-01T02:23:03.268+0000] {processor.py:208} INFO - Processing /home/airflow/.local/lib/python3.12/site-packages/airflow/example_dags/example_sla_dag.py took 0.068 seconds
[2024-11-01T02:23:33.658+0000] {processor.py:186} INFO - Started process (PID=1169) to work on /home/airflow/.local/lib/python3.12/site-packages/airflow/example_dags/example_sla_dag.py
[2024-11-01T02:23:33.658+0000] {processor.py:914} INFO - Processing file /home/airflow/.local/lib/python3.12/site-packages/airflow/example_dags/example_sla_dag.py for tasks to queue
[2024-11-01T02:23:33.660+0000] {logging_mixin.py:190} INFO - [2024-11-01T02:23:33.660+0000] {dagbag.py:588} INFO - Filling up the DagBag from /home/airflow/.local/lib/python3.12/site-packages/airflow/example_dags/example_sla_dag.py
[2024-11-01T02:23:33.669+0000] {processor.py:925} INFO - DAG(s) 'example_sla_dag' retrieved from /home/airflow/.local/lib/python3.12/site-packages/airflow/example_dags/example_sla_dag.py
[2024-11-01T02:23:33.686+0000] {logging_mixin.py:190} INFO - [2024-11-01T02:23:33.685+0000] {dag.py:3239} INFO - Sync 1 DAGs
[2024-11-01T02:23:33.708+0000] {logging_mixin.py:190} INFO - [2024-11-01T02:23:33.708+0000] {dag.py:4180} INFO - Setting next_dagrun for example_sla_dag to 2024-11-01 02:20:00+00:00, run_after=2024-11-01 02:22:00+00:00
[2024-11-01T02:23:33.725+0000] {processor.py:208} INFO - Processing /home/airflow/.local/lib/python3.12/site-packages/airflow/example_dags/example_sla_dag.py took 0.072 seconds
