[2024-11-01T02:04:28.998+0000] {processor.py:186} INFO - Started process (PID=65) to work on /home/airflow/.local/lib/python3.12/site-packages/airflow/example_dags/example_display_name.py
[2024-11-01T02:04:28.999+0000] {processor.py:914} INFO - Processing file /home/airflow/.local/lib/python3.12/site-packages/airflow/example_dags/example_display_name.py for tasks to queue
[2024-11-01T02:04:29.001+0000] {logging_mixin.py:190} INFO - [2024-11-01T02:04:29.001+0000] {dagbag.py:588} INFO - Filling up the DagBag from /home/airflow/.local/lib/python3.12/site-packages/airflow/example_dags/example_display_name.py
[2024-11-01T02:04:29.014+0000] {processor.py:925} INFO - DAG(s) 'example_display_name' retrieved from /home/airflow/.local/lib/python3.12/site-packages/airflow/example_dags/example_display_name.py
[2024-11-01T02:04:29.251+0000] {logging_mixin.py:190} INFO - [2024-11-01T02:04:29.248+0000] {override.py:1900} INFO - Created Permission View: can edit on DAG:example_display_name
[2024-11-01T02:04:29.261+0000] {logging_mixin.py:190} INFO - [2024-11-01T02:04:29.261+0000] {override.py:1900} INFO - Created Permission View: can read on DAG:example_display_name
[2024-11-01T02:04:29.269+0000] {logging_mixin.py:190} INFO - [2024-11-01T02:04:29.269+0000] {override.py:1900} INFO - Created Permission View: can delete on DAG:example_display_name
[2024-11-01T02:04:29.278+0000] {logging_mixin.py:190} INFO - [2024-11-01T02:04:29.278+0000] {override.py:1900} INFO - Created Permission View: can delete on DAG Run:example_display_name
[2024-11-01T02:04:29.285+0000] {logging_mixin.py:190} INFO - [2024-11-01T02:04:29.285+0000] {override.py:1900} INFO - Created Permission View: can read on DAG Run:example_display_name
[2024-11-01T02:04:29.291+0000] {logging_mixin.py:190} INFO - [2024-11-01T02:04:29.291+0000] {override.py:1900} INFO - Created Permission View: can create on DAG Run:example_display_name
[2024-11-01T02:04:29.297+0000] {logging_mixin.py:190} INFO - [2024-11-01T02:04:29.297+0000] {override.py:1900} INFO - Created Permission View: menu access on DAG Run:example_display_name
[2024-11-01T02:04:29.298+0000] {logging_mixin.py:190} INFO - [2024-11-01T02:04:29.298+0000] {dag.py:3239} INFO - Sync 1 DAGs
[2024-11-01T02:04:29.310+0000] {logging_mixin.py:190} INFO - [2024-11-01T02:04:29.309+0000] {dag.py:3262} INFO - Creating ORM DAG for example_display_name
[2024-11-01T02:04:29.310+0000] {logging_mixin.py:190} INFO - [2024-11-01T02:04:29.310+0000] {dag.py:4180} INFO - Setting next_dagrun for example_display_name to None, run_after=None
[2024-11-01T02:04:29.327+0000] {processor.py:208} INFO - Processing /home/airflow/.local/lib/python3.12/site-packages/airflow/example_dags/example_display_name.py took 0.334 seconds
[2024-11-01T02:04:59.921+0000] {processor.py:186} INFO - Started process (PID=127) to work on /home/airflow/.local/lib/python3.12/site-packages/airflow/example_dags/example_display_name.py
[2024-11-01T02:04:59.923+0000] {processor.py:914} INFO - Processing file /home/airflow/.local/lib/python3.12/site-packages/airflow/example_dags/example_display_name.py for tasks to queue
[2024-11-01T02:04:59.925+0000] {logging_mixin.py:190} INFO - [2024-11-01T02:04:59.924+0000] {dagbag.py:588} INFO - Filling up the DagBag from /home/airflow/.local/lib/python3.12/site-packages/airflow/example_dags/example_display_name.py
[2024-11-01T02:04:59.931+0000] {processor.py:925} INFO - DAG(s) 'example_display_name' retrieved from /home/airflow/.local/lib/python3.12/site-packages/airflow/example_dags/example_display_name.py
[2024-11-01T02:04:59.949+0000] {logging_mixin.py:190} INFO - [2024-11-01T02:04:59.948+0000] {dag.py:3239} INFO - Sync 1 DAGs
[2024-11-01T02:04:59.961+0000] {logging_mixin.py:190} INFO - [2024-11-01T02:04:59.961+0000] {dag.py:4180} INFO - Setting next_dagrun for example_display_name to None, run_after=None
[2024-11-01T02:04:59.979+0000] {processor.py:208} INFO - Processing /home/airflow/.local/lib/python3.12/site-packages/airflow/example_dags/example_display_name.py took 0.062 seconds
[2024-11-01T02:05:30.037+0000] {processor.py:186} INFO - Started process (PID=189) to work on /home/airflow/.local/lib/python3.12/site-packages/airflow/example_dags/example_display_name.py
[2024-11-01T02:05:30.038+0000] {processor.py:914} INFO - Processing file /home/airflow/.local/lib/python3.12/site-packages/airflow/example_dags/example_display_name.py for tasks to queue
[2024-11-01T02:05:30.040+0000] {logging_mixin.py:190} INFO - [2024-11-01T02:05:30.039+0000] {dagbag.py:588} INFO - Filling up the DagBag from /home/airflow/.local/lib/python3.12/site-packages/airflow/example_dags/example_display_name.py
[2024-11-01T02:05:30.046+0000] {processor.py:925} INFO - DAG(s) 'example_display_name' retrieved from /home/airflow/.local/lib/python3.12/site-packages/airflow/example_dags/example_display_name.py
[2024-11-01T02:05:30.061+0000] {logging_mixin.py:190} INFO - [2024-11-01T02:05:30.061+0000] {dag.py:3239} INFO - Sync 1 DAGs
[2024-11-01T02:05:30.073+0000] {logging_mixin.py:190} INFO - [2024-11-01T02:05:30.072+0000] {dag.py:4180} INFO - Setting next_dagrun for example_display_name to None, run_after=None
[2024-11-01T02:05:30.091+0000] {processor.py:208} INFO - Processing /home/airflow/.local/lib/python3.12/site-packages/airflow/example_dags/example_display_name.py took 0.059 seconds
[2024-11-01T02:06:00.563+0000] {processor.py:186} INFO - Started process (PID=251) to work on /home/airflow/.local/lib/python3.12/site-packages/airflow/example_dags/example_display_name.py
[2024-11-01T02:06:00.564+0000] {processor.py:914} INFO - Processing file /home/airflow/.local/lib/python3.12/site-packages/airflow/example_dags/example_display_name.py for tasks to queue
[2024-11-01T02:06:00.566+0000] {logging_mixin.py:190} INFO - [2024-11-01T02:06:00.566+0000] {dagbag.py:588} INFO - Filling up the DagBag from /home/airflow/.local/lib/python3.12/site-packages/airflow/example_dags/example_display_name.py
[2024-11-01T02:06:00.573+0000] {processor.py:925} INFO - DAG(s) 'example_display_name' retrieved from /home/airflow/.local/lib/python3.12/site-packages/airflow/example_dags/example_display_name.py
[2024-11-01T02:06:00.590+0000] {logging_mixin.py:190} INFO - [2024-11-01T02:06:00.590+0000] {dag.py:3239} INFO - Sync 1 DAGs
[2024-11-01T02:06:00.603+0000] {logging_mixin.py:190} INFO - [2024-11-01T02:06:00.603+0000] {dag.py:4180} INFO - Setting next_dagrun for example_display_name to None, run_after=None
[2024-11-01T02:06:00.620+0000] {processor.py:208} INFO - Processing /home/airflow/.local/lib/python3.12/site-packages/airflow/example_dags/example_display_name.py took 0.064 seconds
[2024-11-01T02:14:49.685+0000] {processor.py:186} INFO - Started process (PID=61) to work on /home/airflow/.local/lib/python3.12/site-packages/airflow/example_dags/example_display_name.py
[2024-11-01T02:14:49.686+0000] {processor.py:914} INFO - Processing file /home/airflow/.local/lib/python3.12/site-packages/airflow/example_dags/example_display_name.py for tasks to queue
[2024-11-01T02:14:49.688+0000] {logging_mixin.py:190} INFO - [2024-11-01T02:14:49.688+0000] {dagbag.py:588} INFO - Filling up the DagBag from /home/airflow/.local/lib/python3.12/site-packages/airflow/example_dags/example_display_name.py
[2024-11-01T02:14:49.698+0000] {processor.py:925} INFO - DAG(s) 'example_display_name' retrieved from /home/airflow/.local/lib/python3.12/site-packages/airflow/example_dags/example_display_name.py
[2024-11-01T02:14:49.729+0000] {logging_mixin.py:190} INFO - [2024-11-01T02:14:49.728+0000] {dag.py:3239} INFO - Sync 1 DAGs
[2024-11-01T02:14:49.746+0000] {logging_mixin.py:190} INFO - [2024-11-01T02:14:49.745+0000] {dag.py:4180} INFO - Setting next_dagrun for example_display_name to None, run_after=None
[2024-11-01T02:14:49.766+0000] {processor.py:208} INFO - Processing /home/airflow/.local/lib/python3.12/site-packages/airflow/example_dags/example_display_name.py took 0.088 seconds
[2024-11-01T02:15:20.017+0000] {processor.py:186} INFO - Started process (PID=123) to work on /home/airflow/.local/lib/python3.12/site-packages/airflow/example_dags/example_display_name.py
[2024-11-01T02:15:20.018+0000] {processor.py:914} INFO - Processing file /home/airflow/.local/lib/python3.12/site-packages/airflow/example_dags/example_display_name.py for tasks to queue
[2024-11-01T02:15:20.021+0000] {logging_mixin.py:190} INFO - [2024-11-01T02:15:20.020+0000] {dagbag.py:588} INFO - Filling up the DagBag from /home/airflow/.local/lib/python3.12/site-packages/airflow/example_dags/example_display_name.py
[2024-11-01T02:15:20.028+0000] {processor.py:925} INFO - DAG(s) 'example_display_name' retrieved from /home/airflow/.local/lib/python3.12/site-packages/airflow/example_dags/example_display_name.py
[2024-11-01T02:15:20.045+0000] {logging_mixin.py:190} INFO - [2024-11-01T02:15:20.044+0000] {dag.py:3239} INFO - Sync 1 DAGs
[2024-11-01T02:15:20.058+0000] {logging_mixin.py:190} INFO - [2024-11-01T02:15:20.058+0000] {dag.py:4180} INFO - Setting next_dagrun for example_display_name to None, run_after=None
[2024-11-01T02:15:20.079+0000] {processor.py:208} INFO - Processing /home/airflow/.local/lib/python3.12/site-packages/airflow/example_dags/example_display_name.py took 0.068 seconds
[2024-11-01T02:15:50.549+0000] {processor.py:186} INFO - Started process (PID=187) to work on /home/airflow/.local/lib/python3.12/site-packages/airflow/example_dags/example_display_name.py
[2024-11-01T02:15:50.550+0000] {processor.py:914} INFO - Processing file /home/airflow/.local/lib/python3.12/site-packages/airflow/example_dags/example_display_name.py for tasks to queue
[2024-11-01T02:15:50.552+0000] {logging_mixin.py:190} INFO - [2024-11-01T02:15:50.551+0000] {dagbag.py:588} INFO - Filling up the DagBag from /home/airflow/.local/lib/python3.12/site-packages/airflow/example_dags/example_display_name.py
[2024-11-01T02:15:50.558+0000] {processor.py:925} INFO - DAG(s) 'example_display_name' retrieved from /home/airflow/.local/lib/python3.12/site-packages/airflow/example_dags/example_display_name.py
[2024-11-01T02:15:50.576+0000] {logging_mixin.py:190} INFO - [2024-11-01T02:15:50.575+0000] {dag.py:3239} INFO - Sync 1 DAGs
[2024-11-01T02:15:50.588+0000] {logging_mixin.py:190} INFO - [2024-11-01T02:15:50.588+0000] {dag.py:4180} INFO - Setting next_dagrun for example_display_name to None, run_after=None
[2024-11-01T02:15:50.604+0000] {processor.py:208} INFO - Processing /home/airflow/.local/lib/python3.12/site-packages/airflow/example_dags/example_display_name.py took 0.060 seconds
[2024-11-01T02:16:21.041+0000] {processor.py:186} INFO - Started process (PID=250) to work on /home/airflow/.local/lib/python3.12/site-packages/airflow/example_dags/example_display_name.py
[2024-11-01T02:16:21.041+0000] {processor.py:914} INFO - Processing file /home/airflow/.local/lib/python3.12/site-packages/airflow/example_dags/example_display_name.py for tasks to queue
[2024-11-01T02:16:21.044+0000] {logging_mixin.py:190} INFO - [2024-11-01T02:16:21.043+0000] {dagbag.py:588} INFO - Filling up the DagBag from /home/airflow/.local/lib/python3.12/site-packages/airflow/example_dags/example_display_name.py
[2024-11-01T02:16:21.050+0000] {processor.py:925} INFO - DAG(s) 'example_display_name' retrieved from /home/airflow/.local/lib/python3.12/site-packages/airflow/example_dags/example_display_name.py
[2024-11-01T02:16:21.066+0000] {logging_mixin.py:190} INFO - [2024-11-01T02:16:21.066+0000] {dag.py:3239} INFO - Sync 1 DAGs
[2024-11-01T02:16:21.078+0000] {logging_mixin.py:190} INFO - [2024-11-01T02:16:21.078+0000] {dag.py:4180} INFO - Setting next_dagrun for example_display_name to None, run_after=None
[2024-11-01T02:16:21.117+0000] {processor.py:208} INFO - Processing /home/airflow/.local/lib/python3.12/site-packages/airflow/example_dags/example_display_name.py took 0.082 seconds
[2024-11-01T02:16:51.634+0000] {processor.py:186} INFO - Started process (PID=313) to work on /home/airflow/.local/lib/python3.12/site-packages/airflow/example_dags/example_display_name.py
[2024-11-01T02:16:51.635+0000] {processor.py:914} INFO - Processing file /home/airflow/.local/lib/python3.12/site-packages/airflow/example_dags/example_display_name.py for tasks to queue
[2024-11-01T02:16:51.637+0000] {logging_mixin.py:190} INFO - [2024-11-01T02:16:51.636+0000] {dagbag.py:588} INFO - Filling up the DagBag from /home/airflow/.local/lib/python3.12/site-packages/airflow/example_dags/example_display_name.py
[2024-11-01T02:16:51.645+0000] {processor.py:925} INFO - DAG(s) 'example_display_name' retrieved from /home/airflow/.local/lib/python3.12/site-packages/airflow/example_dags/example_display_name.py
[2024-11-01T02:16:51.670+0000] {logging_mixin.py:190} INFO - [2024-11-01T02:16:51.670+0000] {dag.py:3239} INFO - Sync 1 DAGs
[2024-11-01T02:16:51.688+0000] {logging_mixin.py:190} INFO - [2024-11-01T02:16:51.688+0000] {dag.py:4180} INFO - Setting next_dagrun for example_display_name to None, run_after=None
[2024-11-01T02:16:51.710+0000] {processor.py:208} INFO - Processing /home/airflow/.local/lib/python3.12/site-packages/airflow/example_dags/example_display_name.py took 0.082 seconds
[2024-11-01T02:17:22.398+0000] {processor.py:186} INFO - Started process (PID=376) to work on /home/airflow/.local/lib/python3.12/site-packages/airflow/example_dags/example_display_name.py
[2024-11-01T02:17:22.399+0000] {processor.py:914} INFO - Processing file /home/airflow/.local/lib/python3.12/site-packages/airflow/example_dags/example_display_name.py for tasks to queue
[2024-11-01T02:17:22.401+0000] {logging_mixin.py:190} INFO - [2024-11-01T02:17:22.400+0000] {dagbag.py:588} INFO - Filling up the DagBag from /home/airflow/.local/lib/python3.12/site-packages/airflow/example_dags/example_display_name.py
[2024-11-01T02:17:22.409+0000] {processor.py:925} INFO - DAG(s) 'example_display_name' retrieved from /home/airflow/.local/lib/python3.12/site-packages/airflow/example_dags/example_display_name.py
[2024-11-01T02:17:22.426+0000] {logging_mixin.py:190} INFO - [2024-11-01T02:17:22.426+0000] {dag.py:3239} INFO - Sync 1 DAGs
[2024-11-01T02:17:22.439+0000] {logging_mixin.py:190} INFO - [2024-11-01T02:17:22.439+0000] {dag.py:4180} INFO - Setting next_dagrun for example_display_name to None, run_after=None
[2024-11-01T02:17:22.460+0000] {processor.py:208} INFO - Processing /home/airflow/.local/lib/python3.12/site-packages/airflow/example_dags/example_display_name.py took 0.067 seconds
[2024-11-01T02:17:52.913+0000] {processor.py:186} INFO - Started process (PID=439) to work on /home/airflow/.local/lib/python3.12/site-packages/airflow/example_dags/example_display_name.py
[2024-11-01T02:17:52.914+0000] {processor.py:914} INFO - Processing file /home/airflow/.local/lib/python3.12/site-packages/airflow/example_dags/example_display_name.py for tasks to queue
[2024-11-01T02:17:52.916+0000] {logging_mixin.py:190} INFO - [2024-11-01T02:17:52.916+0000] {dagbag.py:588} INFO - Filling up the DagBag from /home/airflow/.local/lib/python3.12/site-packages/airflow/example_dags/example_display_name.py
[2024-11-01T02:17:52.923+0000] {processor.py:925} INFO - DAG(s) 'example_display_name' retrieved from /home/airflow/.local/lib/python3.12/site-packages/airflow/example_dags/example_display_name.py
[2024-11-01T02:17:52.939+0000] {logging_mixin.py:190} INFO - [2024-11-01T02:17:52.939+0000] {dag.py:3239} INFO - Sync 1 DAGs
[2024-11-01T02:17:52.952+0000] {logging_mixin.py:190} INFO - [2024-11-01T02:17:52.952+0000] {dag.py:4180} INFO - Setting next_dagrun for example_display_name to None, run_after=None
[2024-11-01T02:17:52.972+0000] {processor.py:208} INFO - Processing /home/airflow/.local/lib/python3.12/site-packages/airflow/example_dags/example_display_name.py took 0.064 seconds
[2024-11-01T02:18:23.316+0000] {processor.py:186} INFO - Started process (PID=502) to work on /home/airflow/.local/lib/python3.12/site-packages/airflow/example_dags/example_display_name.py
[2024-11-01T02:18:23.317+0000] {processor.py:914} INFO - Processing file /home/airflow/.local/lib/python3.12/site-packages/airflow/example_dags/example_display_name.py for tasks to queue
[2024-11-01T02:18:23.319+0000] {logging_mixin.py:190} INFO - [2024-11-01T02:18:23.318+0000] {dagbag.py:588} INFO - Filling up the DagBag from /home/airflow/.local/lib/python3.12/site-packages/airflow/example_dags/example_display_name.py
[2024-11-01T02:18:23.327+0000] {processor.py:925} INFO - DAG(s) 'example_display_name' retrieved from /home/airflow/.local/lib/python3.12/site-packages/airflow/example_dags/example_display_name.py
[2024-11-01T02:18:23.345+0000] {logging_mixin.py:190} INFO - [2024-11-01T02:18:23.344+0000] {dag.py:3239} INFO - Sync 1 DAGs
[2024-11-01T02:18:23.357+0000] {logging_mixin.py:190} INFO - [2024-11-01T02:18:23.357+0000] {dag.py:4180} INFO - Setting next_dagrun for example_display_name to None, run_after=None
[2024-11-01T02:18:23.375+0000] {processor.py:208} INFO - Processing /home/airflow/.local/lib/python3.12/site-packages/airflow/example_dags/example_display_name.py took 0.064 seconds
[2024-11-01T02:18:53.810+0000] {processor.py:186} INFO - Started process (PID=571) to work on /home/airflow/.local/lib/python3.12/site-packages/airflow/example_dags/example_display_name.py
[2024-11-01T02:18:53.811+0000] {processor.py:914} INFO - Processing file /home/airflow/.local/lib/python3.12/site-packages/airflow/example_dags/example_display_name.py for tasks to queue
[2024-11-01T02:18:53.813+0000] {logging_mixin.py:190} INFO - [2024-11-01T02:18:53.813+0000] {dagbag.py:588} INFO - Filling up the DagBag from /home/airflow/.local/lib/python3.12/site-packages/airflow/example_dags/example_display_name.py
[2024-11-01T02:18:53.819+0000] {processor.py:925} INFO - DAG(s) 'example_display_name' retrieved from /home/airflow/.local/lib/python3.12/site-packages/airflow/example_dags/example_display_name.py
[2024-11-01T02:18:53.836+0000] {logging_mixin.py:190} INFO - [2024-11-01T02:18:53.835+0000] {dag.py:3239} INFO - Sync 1 DAGs
[2024-11-01T02:18:53.848+0000] {logging_mixin.py:190} INFO - [2024-11-01T02:18:53.848+0000] {dag.py:4180} INFO - Setting next_dagrun for example_display_name to None, run_after=None
[2024-11-01T02:18:53.869+0000] {processor.py:208} INFO - Processing /home/airflow/.local/lib/python3.12/site-packages/airflow/example_dags/example_display_name.py took 0.064 seconds
[2024-11-01T02:19:24.449+0000] {processor.py:186} INFO - Started process (PID=634) to work on /home/airflow/.local/lib/python3.12/site-packages/airflow/example_dags/example_display_name.py
[2024-11-01T02:19:24.449+0000] {processor.py:914} INFO - Processing file /home/airflow/.local/lib/python3.12/site-packages/airflow/example_dags/example_display_name.py for tasks to queue
[2024-11-01T02:19:24.451+0000] {logging_mixin.py:190} INFO - [2024-11-01T02:19:24.451+0000] {dagbag.py:588} INFO - Filling up the DagBag from /home/airflow/.local/lib/python3.12/site-packages/airflow/example_dags/example_display_name.py
[2024-11-01T02:19:24.457+0000] {processor.py:925} INFO - DAG(s) 'example_display_name' retrieved from /home/airflow/.local/lib/python3.12/site-packages/airflow/example_dags/example_display_name.py
[2024-11-01T02:19:24.473+0000] {logging_mixin.py:190} INFO - [2024-11-01T02:19:24.472+0000] {dag.py:3239} INFO - Sync 1 DAGs
[2024-11-01T02:19:24.484+0000] {logging_mixin.py:190} INFO - [2024-11-01T02:19:24.484+0000] {dag.py:4180} INFO - Setting next_dagrun for example_display_name to None, run_after=None
[2024-11-01T02:19:24.505+0000] {processor.py:208} INFO - Processing /home/airflow/.local/lib/python3.12/site-packages/airflow/example_dags/example_display_name.py took 0.061 seconds
[2024-11-01T02:19:55.134+0000] {processor.py:186} INFO - Started process (PID=697) to work on /home/airflow/.local/lib/python3.12/site-packages/airflow/example_dags/example_display_name.py
[2024-11-01T02:19:55.135+0000] {processor.py:914} INFO - Processing file /home/airflow/.local/lib/python3.12/site-packages/airflow/example_dags/example_display_name.py for tasks to queue
[2024-11-01T02:19:55.137+0000] {logging_mixin.py:190} INFO - [2024-11-01T02:19:55.136+0000] {dagbag.py:588} INFO - Filling up the DagBag from /home/airflow/.local/lib/python3.12/site-packages/airflow/example_dags/example_display_name.py
[2024-11-01T02:19:55.144+0000] {processor.py:925} INFO - DAG(s) 'example_display_name' retrieved from /home/airflow/.local/lib/python3.12/site-packages/airflow/example_dags/example_display_name.py
[2024-11-01T02:19:55.160+0000] {logging_mixin.py:190} INFO - [2024-11-01T02:19:55.160+0000] {dag.py:3239} INFO - Sync 1 DAGs
[2024-11-01T02:19:55.172+0000] {logging_mixin.py:190} INFO - [2024-11-01T02:19:55.172+0000] {dag.py:4180} INFO - Setting next_dagrun for example_display_name to None, run_after=None
[2024-11-01T02:19:55.189+0000] {processor.py:208} INFO - Processing /home/airflow/.local/lib/python3.12/site-packages/airflow/example_dags/example_display_name.py took 0.059 seconds
[2024-11-01T02:20:25.640+0000] {processor.py:186} INFO - Started process (PID=760) to work on /home/airflow/.local/lib/python3.12/site-packages/airflow/example_dags/example_display_name.py
[2024-11-01T02:20:25.641+0000] {processor.py:914} INFO - Processing file /home/airflow/.local/lib/python3.12/site-packages/airflow/example_dags/example_display_name.py for tasks to queue
[2024-11-01T02:20:25.643+0000] {logging_mixin.py:190} INFO - [2024-11-01T02:20:25.643+0000] {dagbag.py:588} INFO - Filling up the DagBag from /home/airflow/.local/lib/python3.12/site-packages/airflow/example_dags/example_display_name.py
[2024-11-01T02:20:25.651+0000] {processor.py:925} INFO - DAG(s) 'example_display_name' retrieved from /home/airflow/.local/lib/python3.12/site-packages/airflow/example_dags/example_display_name.py
[2024-11-01T02:20:25.667+0000] {logging_mixin.py:190} INFO - [2024-11-01T02:20:25.667+0000] {dag.py:3239} INFO - Sync 1 DAGs
[2024-11-01T02:20:25.680+0000] {logging_mixin.py:190} INFO - [2024-11-01T02:20:25.680+0000] {dag.py:4180} INFO - Setting next_dagrun for example_display_name to None, run_after=None
[2024-11-01T02:20:25.696+0000] {processor.py:208} INFO - Processing /home/airflow/.local/lib/python3.12/site-packages/airflow/example_dags/example_display_name.py took 0.061 seconds
[2024-11-01T02:20:56.570+0000] {processor.py:186} INFO - Started process (PID=823) to work on /home/airflow/.local/lib/python3.12/site-packages/airflow/example_dags/example_display_name.py
[2024-11-01T02:20:56.572+0000] {processor.py:914} INFO - Processing file /home/airflow/.local/lib/python3.12/site-packages/airflow/example_dags/example_display_name.py for tasks to queue
[2024-11-01T02:20:56.575+0000] {logging_mixin.py:190} INFO - [2024-11-01T02:20:56.574+0000] {dagbag.py:588} INFO - Filling up the DagBag from /home/airflow/.local/lib/python3.12/site-packages/airflow/example_dags/example_display_name.py
[2024-11-01T02:20:56.582+0000] {processor.py:925} INFO - DAG(s) 'example_display_name' retrieved from /home/airflow/.local/lib/python3.12/site-packages/airflow/example_dags/example_display_name.py
[2024-11-01T02:20:56.599+0000] {logging_mixin.py:190} INFO - [2024-11-01T02:20:56.598+0000] {dag.py:3239} INFO - Sync 1 DAGs
[2024-11-01T02:20:56.611+0000] {logging_mixin.py:190} INFO - [2024-11-01T02:20:56.610+0000] {dag.py:4180} INFO - Setting next_dagrun for example_display_name to None, run_after=None
[2024-11-01T02:20:56.631+0000] {processor.py:208} INFO - Processing /home/airflow/.local/lib/python3.12/site-packages/airflow/example_dags/example_display_name.py took 0.066 seconds
[2024-11-01T02:21:27.630+0000] {processor.py:186} INFO - Started process (PID=886) to work on /home/airflow/.local/lib/python3.12/site-packages/airflow/example_dags/example_display_name.py
[2024-11-01T02:21:27.631+0000] {processor.py:914} INFO - Processing file /home/airflow/.local/lib/python3.12/site-packages/airflow/example_dags/example_display_name.py for tasks to queue
[2024-11-01T02:21:27.633+0000] {logging_mixin.py:190} INFO - [2024-11-01T02:21:27.632+0000] {dagbag.py:588} INFO - Filling up the DagBag from /home/airflow/.local/lib/python3.12/site-packages/airflow/example_dags/example_display_name.py
[2024-11-01T02:21:27.639+0000] {processor.py:925} INFO - DAG(s) 'example_display_name' retrieved from /home/airflow/.local/lib/python3.12/site-packages/airflow/example_dags/example_display_name.py
[2024-11-01T02:21:27.655+0000] {logging_mixin.py:190} INFO - [2024-11-01T02:21:27.655+0000] {dag.py:3239} INFO - Sync 1 DAGs
[2024-11-01T02:21:27.667+0000] {logging_mixin.py:190} INFO - [2024-11-01T02:21:27.667+0000] {dag.py:4180} INFO - Setting next_dagrun for example_display_name to None, run_after=None
[2024-11-01T02:21:27.687+0000] {processor.py:208} INFO - Processing /home/airflow/.local/lib/python3.12/site-packages/airflow/example_dags/example_display_name.py took 0.062 seconds
[2024-11-01T02:21:58.351+0000] {processor.py:186} INFO - Started process (PID=949) to work on /home/airflow/.local/lib/python3.12/site-packages/airflow/example_dags/example_display_name.py
[2024-11-01T02:21:58.352+0000] {processor.py:914} INFO - Processing file /home/airflow/.local/lib/python3.12/site-packages/airflow/example_dags/example_display_name.py for tasks to queue
[2024-11-01T02:21:58.355+0000] {logging_mixin.py:190} INFO - [2024-11-01T02:21:58.354+0000] {dagbag.py:588} INFO - Filling up the DagBag from /home/airflow/.local/lib/python3.12/site-packages/airflow/example_dags/example_display_name.py
[2024-11-01T02:21:58.361+0000] {processor.py:925} INFO - DAG(s) 'example_display_name' retrieved from /home/airflow/.local/lib/python3.12/site-packages/airflow/example_dags/example_display_name.py
[2024-11-01T02:21:58.378+0000] {logging_mixin.py:190} INFO - [2024-11-01T02:21:58.378+0000] {dag.py:3239} INFO - Sync 1 DAGs
[2024-11-01T02:21:58.391+0000] {logging_mixin.py:190} INFO - [2024-11-01T02:21:58.391+0000] {dag.py:4180} INFO - Setting next_dagrun for example_display_name to None, run_after=None
[2024-11-01T02:21:58.408+0000] {processor.py:208} INFO - Processing /home/airflow/.local/lib/python3.12/site-packages/airflow/example_dags/example_display_name.py took 0.062 seconds
[2024-11-01T02:22:29.219+0000] {processor.py:186} INFO - Started process (PID=1012) to work on /home/airflow/.local/lib/python3.12/site-packages/airflow/example_dags/example_display_name.py
[2024-11-01T02:22:29.220+0000] {processor.py:914} INFO - Processing file /home/airflow/.local/lib/python3.12/site-packages/airflow/example_dags/example_display_name.py for tasks to queue
[2024-11-01T02:22:29.222+0000] {logging_mixin.py:190} INFO - [2024-11-01T02:22:29.222+0000] {dagbag.py:588} INFO - Filling up the DagBag from /home/airflow/.local/lib/python3.12/site-packages/airflow/example_dags/example_display_name.py
[2024-11-01T02:22:29.228+0000] {processor.py:925} INFO - DAG(s) 'example_display_name' retrieved from /home/airflow/.local/lib/python3.12/site-packages/airflow/example_dags/example_display_name.py
[2024-11-01T02:22:29.245+0000] {logging_mixin.py:190} INFO - [2024-11-01T02:22:29.245+0000] {dag.py:3239} INFO - Sync 1 DAGs
[2024-11-01T02:22:29.258+0000] {logging_mixin.py:190} INFO - [2024-11-01T02:22:29.258+0000] {dag.py:4180} INFO - Setting next_dagrun for example_display_name to None, run_after=None
[2024-11-01T02:22:29.279+0000] {processor.py:208} INFO - Processing /home/airflow/.local/lib/python3.12/site-packages/airflow/example_dags/example_display_name.py took 0.065 seconds
[2024-11-01T02:22:59.974+0000] {processor.py:186} INFO - Started process (PID=1075) to work on /home/airflow/.local/lib/python3.12/site-packages/airflow/example_dags/example_display_name.py
[2024-11-01T02:22:59.975+0000] {processor.py:914} INFO - Processing file /home/airflow/.local/lib/python3.12/site-packages/airflow/example_dags/example_display_name.py for tasks to queue
[2024-11-01T02:22:59.977+0000] {logging_mixin.py:190} INFO - [2024-11-01T02:22:59.977+0000] {dagbag.py:588} INFO - Filling up the DagBag from /home/airflow/.local/lib/python3.12/site-packages/airflow/example_dags/example_display_name.py
[2024-11-01T02:22:59.985+0000] {processor.py:925} INFO - DAG(s) 'example_display_name' retrieved from /home/airflow/.local/lib/python3.12/site-packages/airflow/example_dags/example_display_name.py
[2024-11-01T02:23:00.010+0000] {logging_mixin.py:190} INFO - [2024-11-01T02:23:00.010+0000] {dag.py:3239} INFO - Sync 1 DAGs
[2024-11-01T02:23:00.027+0000] {logging_mixin.py:190} INFO - [2024-11-01T02:23:00.027+0000] {dag.py:4180} INFO - Setting next_dagrun for example_display_name to None, run_after=None
[2024-11-01T02:23:00.046+0000] {processor.py:208} INFO - Processing /home/airflow/.local/lib/python3.12/site-packages/airflow/example_dags/example_display_name.py took 0.077 seconds
[2024-11-01T02:23:30.731+0000] {processor.py:186} INFO - Started process (PID=1138) to work on /home/airflow/.local/lib/python3.12/site-packages/airflow/example_dags/example_display_name.py
[2024-11-01T02:23:30.732+0000] {processor.py:914} INFO - Processing file /home/airflow/.local/lib/python3.12/site-packages/airflow/example_dags/example_display_name.py for tasks to queue
[2024-11-01T02:23:30.734+0000] {logging_mixin.py:190} INFO - [2024-11-01T02:23:30.733+0000] {dagbag.py:588} INFO - Filling up the DagBag from /home/airflow/.local/lib/python3.12/site-packages/airflow/example_dags/example_display_name.py
[2024-11-01T02:23:30.740+0000] {processor.py:925} INFO - DAG(s) 'example_display_name' retrieved from /home/airflow/.local/lib/python3.12/site-packages/airflow/example_dags/example_display_name.py
[2024-11-01T02:23:30.756+0000] {logging_mixin.py:190} INFO - [2024-11-01T02:23:30.756+0000] {dag.py:3239} INFO - Sync 1 DAGs
[2024-11-01T02:23:30.769+0000] {logging_mixin.py:190} INFO - [2024-11-01T02:23:30.769+0000] {dag.py:4180} INFO - Setting next_dagrun for example_display_name to None, run_after=None
[2024-11-01T02:23:30.795+0000] {processor.py:208} INFO - Processing /home/airflow/.local/lib/python3.12/site-packages/airflow/example_dags/example_display_name.py took 0.069 seconds
