[2024-11-01T02:04:35.041+0000] {processor.py:186} INFO - Started process (PID=103) to work on /home/airflow/.local/lib/python3.12/site-packages/airflow/example_dags/example_task_group.py
[2024-11-01T02:04:35.042+0000] {processor.py:914} INFO - Processing file /home/airflow/.local/lib/python3.12/site-packages/airflow/example_dags/example_task_group.py for tasks to queue
[2024-11-01T02:04:35.044+0000] {logging_mixin.py:190} INFO - [2024-11-01T02:04:35.044+0000] {dagbag.py:588} INFO - Filling up the DagBag from /home/airflow/.local/lib/python3.12/site-packages/airflow/example_dags/example_task_group.py
[2024-11-01T02:04:35.051+0000] {processor.py:925} INFO - DAG(s) 'example_task_group' retrieved from /home/airflow/.local/lib/python3.12/site-packages/airflow/example_dags/example_task_group.py
[2024-11-01T02:04:35.145+0000] {logging_mixin.py:190} INFO - [2024-11-01T02:04:35.144+0000] {override.py:1900} INFO - Created Permission View: can edit on DAG:example_task_group
[2024-11-01T02:04:35.155+0000] {logging_mixin.py:190} INFO - [2024-11-01T02:04:35.155+0000] {override.py:1900} INFO - Created Permission View: can read on DAG:example_task_group
[2024-11-01T02:04:35.162+0000] {logging_mixin.py:190} INFO - [2024-11-01T02:04:35.162+0000] {override.py:1900} INFO - Created Permission View: can delete on DAG:example_task_group
[2024-11-01T02:04:35.171+0000] {logging_mixin.py:190} INFO - [2024-11-01T02:04:35.171+0000] {override.py:1900} INFO - Created Permission View: can delete on DAG Run:example_task_group
[2024-11-01T02:04:35.178+0000] {logging_mixin.py:190} INFO - [2024-11-01T02:04:35.177+0000] {override.py:1900} INFO - Created Permission View: can read on DAG Run:example_task_group
[2024-11-01T02:04:35.185+0000] {logging_mixin.py:190} INFO - [2024-11-01T02:04:35.185+0000] {override.py:1900} INFO - Created Permission View: can create on DAG Run:example_task_group
[2024-11-01T02:04:35.192+0000] {logging_mixin.py:190} INFO - [2024-11-01T02:04:35.192+0000] {override.py:1900} INFO - Created Permission View: menu access on DAG Run:example_task_group
[2024-11-01T02:04:35.193+0000] {logging_mixin.py:190} INFO - [2024-11-01T02:04:35.193+0000] {dag.py:3239} INFO - Sync 1 DAGs
[2024-11-01T02:04:35.205+0000] {logging_mixin.py:190} INFO - [2024-11-01T02:04:35.205+0000] {dag.py:3262} INFO - Creating ORM DAG for example_task_group
[2024-11-01T02:04:35.206+0000] {logging_mixin.py:190} INFO - [2024-11-01T02:04:35.206+0000] {dag.py:4180} INFO - Setting next_dagrun for example_task_group to None, run_after=None
[2024-11-01T02:04:35.223+0000] {processor.py:208} INFO - Processing /home/airflow/.local/lib/python3.12/site-packages/airflow/example_dags/example_task_group.py took 0.188 seconds
[2024-11-01T02:05:05.869+0000] {processor.py:186} INFO - Started process (PID=165) to work on /home/airflow/.local/lib/python3.12/site-packages/airflow/example_dags/example_task_group.py
[2024-11-01T02:05:05.870+0000] {processor.py:914} INFO - Processing file /home/airflow/.local/lib/python3.12/site-packages/airflow/example_dags/example_task_group.py for tasks to queue
[2024-11-01T02:05:05.872+0000] {logging_mixin.py:190} INFO - [2024-11-01T02:05:05.872+0000] {dagbag.py:588} INFO - Filling up the DagBag from /home/airflow/.local/lib/python3.12/site-packages/airflow/example_dags/example_task_group.py
[2024-11-01T02:05:05.879+0000] {processor.py:925} INFO - DAG(s) 'example_task_group' retrieved from /home/airflow/.local/lib/python3.12/site-packages/airflow/example_dags/example_task_group.py
[2024-11-01T02:05:05.896+0000] {logging_mixin.py:190} INFO - [2024-11-01T02:05:05.896+0000] {dag.py:3239} INFO - Sync 1 DAGs
[2024-11-01T02:05:05.907+0000] {logging_mixin.py:190} INFO - [2024-11-01T02:05:05.907+0000] {dag.py:4180} INFO - Setting next_dagrun for example_task_group to None, run_after=None
[2024-11-01T02:05:05.995+0000] {processor.py:208} INFO - Processing /home/airflow/.local/lib/python3.12/site-packages/airflow/example_dags/example_task_group.py took 0.131 seconds
[2024-11-01T02:05:36.673+0000] {processor.py:186} INFO - Started process (PID=227) to work on /home/airflow/.local/lib/python3.12/site-packages/airflow/example_dags/example_task_group.py
[2024-11-01T02:05:36.674+0000] {processor.py:914} INFO - Processing file /home/airflow/.local/lib/python3.12/site-packages/airflow/example_dags/example_task_group.py for tasks to queue
[2024-11-01T02:05:36.676+0000] {logging_mixin.py:190} INFO - [2024-11-01T02:05:36.675+0000] {dagbag.py:588} INFO - Filling up the DagBag from /home/airflow/.local/lib/python3.12/site-packages/airflow/example_dags/example_task_group.py
[2024-11-01T02:05:36.684+0000] {processor.py:925} INFO - DAG(s) 'example_task_group' retrieved from /home/airflow/.local/lib/python3.12/site-packages/airflow/example_dags/example_task_group.py
[2024-11-01T02:05:36.702+0000] {logging_mixin.py:190} INFO - [2024-11-01T02:05:36.701+0000] {dag.py:3239} INFO - Sync 1 DAGs
[2024-11-01T02:05:36.714+0000] {logging_mixin.py:190} INFO - [2024-11-01T02:05:36.714+0000] {dag.py:4180} INFO - Setting next_dagrun for example_task_group to None, run_after=None
[2024-11-01T02:05:36.731+0000] {processor.py:208} INFO - Processing /home/airflow/.local/lib/python3.12/site-packages/airflow/example_dags/example_task_group.py took 0.063 seconds
[2024-11-01T02:06:07.023+0000] {processor.py:186} INFO - Started process (PID=289) to work on /home/airflow/.local/lib/python3.12/site-packages/airflow/example_dags/example_task_group.py
[2024-11-01T02:06:07.024+0000] {processor.py:914} INFO - Processing file /home/airflow/.local/lib/python3.12/site-packages/airflow/example_dags/example_task_group.py for tasks to queue
[2024-11-01T02:06:07.026+0000] {logging_mixin.py:190} INFO - [2024-11-01T02:06:07.026+0000] {dagbag.py:588} INFO - Filling up the DagBag from /home/airflow/.local/lib/python3.12/site-packages/airflow/example_dags/example_task_group.py
[2024-11-01T02:06:07.033+0000] {processor.py:925} INFO - DAG(s) 'example_task_group' retrieved from /home/airflow/.local/lib/python3.12/site-packages/airflow/example_dags/example_task_group.py
[2024-11-01T02:06:07.050+0000] {logging_mixin.py:190} INFO - [2024-11-01T02:06:07.050+0000] {dag.py:3239} INFO - Sync 1 DAGs
[2024-11-01T02:06:07.063+0000] {logging_mixin.py:190} INFO - [2024-11-01T02:06:07.062+0000] {dag.py:4180} INFO - Setting next_dagrun for example_task_group to None, run_after=None
[2024-11-01T02:06:07.079+0000] {processor.py:208} INFO - Processing /home/airflow/.local/lib/python3.12/site-packages/airflow/example_dags/example_task_group.py took 0.060 seconds
[2024-11-01T02:14:53.000+0000] {processor.py:186} INFO - Started process (PID=99) to work on /home/airflow/.local/lib/python3.12/site-packages/airflow/example_dags/example_task_group.py
[2024-11-01T02:14:53.001+0000] {processor.py:914} INFO - Processing file /home/airflow/.local/lib/python3.12/site-packages/airflow/example_dags/example_task_group.py for tasks to queue
[2024-11-01T02:14:53.004+0000] {logging_mixin.py:190} INFO - [2024-11-01T02:14:53.003+0000] {dagbag.py:588} INFO - Filling up the DagBag from /home/airflow/.local/lib/python3.12/site-packages/airflow/example_dags/example_task_group.py
[2024-11-01T02:14:53.012+0000] {processor.py:925} INFO - DAG(s) 'example_task_group' retrieved from /home/airflow/.local/lib/python3.12/site-packages/airflow/example_dags/example_task_group.py
[2024-11-01T02:14:53.031+0000] {logging_mixin.py:190} INFO - [2024-11-01T02:14:53.031+0000] {dag.py:3239} INFO - Sync 1 DAGs
[2024-11-01T02:14:53.045+0000] {logging_mixin.py:190} INFO - [2024-11-01T02:14:53.045+0000] {dag.py:4180} INFO - Setting next_dagrun for example_task_group to None, run_after=None
[2024-11-01T02:14:53.063+0000] {processor.py:208} INFO - Processing /home/airflow/.local/lib/python3.12/site-packages/airflow/example_dags/example_task_group.py took 0.067 seconds
[2024-11-01T02:15:23.619+0000] {processor.py:186} INFO - Started process (PID=168) to work on /home/airflow/.local/lib/python3.12/site-packages/airflow/example_dags/example_task_group.py
[2024-11-01T02:15:23.620+0000] {processor.py:914} INFO - Processing file /home/airflow/.local/lib/python3.12/site-packages/airflow/example_dags/example_task_group.py for tasks to queue
[2024-11-01T02:15:23.622+0000] {logging_mixin.py:190} INFO - [2024-11-01T02:15:23.622+0000] {dagbag.py:588} INFO - Filling up the DagBag from /home/airflow/.local/lib/python3.12/site-packages/airflow/example_dags/example_task_group.py
[2024-11-01T02:15:23.629+0000] {processor.py:925} INFO - DAG(s) 'example_task_group' retrieved from /home/airflow/.local/lib/python3.12/site-packages/airflow/example_dags/example_task_group.py
[2024-11-01T02:15:23.650+0000] {logging_mixin.py:190} INFO - [2024-11-01T02:15:23.649+0000] {dag.py:3239} INFO - Sync 1 DAGs
[2024-11-01T02:15:23.664+0000] {logging_mixin.py:190} INFO - [2024-11-01T02:15:23.664+0000] {dag.py:4180} INFO - Setting next_dagrun for example_task_group to None, run_after=None
[2024-11-01T02:15:23.681+0000] {processor.py:208} INFO - Processing /home/airflow/.local/lib/python3.12/site-packages/airflow/example_dags/example_task_group.py took 0.068 seconds
[2024-11-01T02:15:54.084+0000] {processor.py:186} INFO - Started process (PID=231) to work on /home/airflow/.local/lib/python3.12/site-packages/airflow/example_dags/example_task_group.py
[2024-11-01T02:15:54.084+0000] {processor.py:914} INFO - Processing file /home/airflow/.local/lib/python3.12/site-packages/airflow/example_dags/example_task_group.py for tasks to queue
[2024-11-01T02:15:54.087+0000] {logging_mixin.py:190} INFO - [2024-11-01T02:15:54.086+0000] {dagbag.py:588} INFO - Filling up the DagBag from /home/airflow/.local/lib/python3.12/site-packages/airflow/example_dags/example_task_group.py
[2024-11-01T02:15:54.094+0000] {processor.py:925} INFO - DAG(s) 'example_task_group' retrieved from /home/airflow/.local/lib/python3.12/site-packages/airflow/example_dags/example_task_group.py
[2024-11-01T02:15:54.113+0000] {logging_mixin.py:190} INFO - [2024-11-01T02:15:54.113+0000] {dag.py:3239} INFO - Sync 1 DAGs
[2024-11-01T02:15:54.126+0000] {logging_mixin.py:190} INFO - [2024-11-01T02:15:54.126+0000] {dag.py:4180} INFO - Setting next_dagrun for example_task_group to None, run_after=None
[2024-11-01T02:15:54.144+0000] {processor.py:208} INFO - Processing /home/airflow/.local/lib/python3.12/site-packages/airflow/example_dags/example_task_group.py took 0.066 seconds
[2024-11-01T02:16:24.721+0000] {processor.py:186} INFO - Started process (PID=294) to work on /home/airflow/.local/lib/python3.12/site-packages/airflow/example_dags/example_task_group.py
[2024-11-01T02:16:24.722+0000] {processor.py:914} INFO - Processing file /home/airflow/.local/lib/python3.12/site-packages/airflow/example_dags/example_task_group.py for tasks to queue
[2024-11-01T02:16:24.723+0000] {logging_mixin.py:190} INFO - [2024-11-01T02:16:24.723+0000] {dagbag.py:588} INFO - Filling up the DagBag from /home/airflow/.local/lib/python3.12/site-packages/airflow/example_dags/example_task_group.py
[2024-11-01T02:16:24.730+0000] {processor.py:925} INFO - DAG(s) 'example_task_group' retrieved from /home/airflow/.local/lib/python3.12/site-packages/airflow/example_dags/example_task_group.py
[2024-11-01T02:16:24.749+0000] {logging_mixin.py:190} INFO - [2024-11-01T02:16:24.748+0000] {dag.py:3239} INFO - Sync 1 DAGs
[2024-11-01T02:16:24.760+0000] {logging_mixin.py:190} INFO - [2024-11-01T02:16:24.760+0000] {dag.py:4180} INFO - Setting next_dagrun for example_task_group to None, run_after=None
[2024-11-01T02:16:24.776+0000] {processor.py:208} INFO - Processing /home/airflow/.local/lib/python3.12/site-packages/airflow/example_dags/example_task_group.py took 0.061 seconds
[2024-11-01T02:16:55.392+0000] {processor.py:186} INFO - Started process (PID=357) to work on /home/airflow/.local/lib/python3.12/site-packages/airflow/example_dags/example_task_group.py
[2024-11-01T02:16:55.393+0000] {processor.py:914} INFO - Processing file /home/airflow/.local/lib/python3.12/site-packages/airflow/example_dags/example_task_group.py for tasks to queue
[2024-11-01T02:16:55.395+0000] {logging_mixin.py:190} INFO - [2024-11-01T02:16:55.395+0000] {dagbag.py:588} INFO - Filling up the DagBag from /home/airflow/.local/lib/python3.12/site-packages/airflow/example_dags/example_task_group.py
[2024-11-01T02:16:55.403+0000] {processor.py:925} INFO - DAG(s) 'example_task_group' retrieved from /home/airflow/.local/lib/python3.12/site-packages/airflow/example_dags/example_task_group.py
[2024-11-01T02:16:55.426+0000] {logging_mixin.py:190} INFO - [2024-11-01T02:16:55.425+0000] {dag.py:3239} INFO - Sync 1 DAGs
[2024-11-01T02:16:55.440+0000] {logging_mixin.py:190} INFO - [2024-11-01T02:16:55.440+0000] {dag.py:4180} INFO - Setting next_dagrun for example_task_group to None, run_after=None
[2024-11-01T02:16:55.458+0000] {processor.py:208} INFO - Processing /home/airflow/.local/lib/python3.12/site-packages/airflow/example_dags/example_task_group.py took 0.071 seconds
[2024-11-01T02:17:25.815+0000] {processor.py:186} INFO - Started process (PID=420) to work on /home/airflow/.local/lib/python3.12/site-packages/airflow/example_dags/example_task_group.py
[2024-11-01T02:17:25.816+0000] {processor.py:914} INFO - Processing file /home/airflow/.local/lib/python3.12/site-packages/airflow/example_dags/example_task_group.py for tasks to queue
[2024-11-01T02:17:25.818+0000] {logging_mixin.py:190} INFO - [2024-11-01T02:17:25.818+0000] {dagbag.py:588} INFO - Filling up the DagBag from /home/airflow/.local/lib/python3.12/site-packages/airflow/example_dags/example_task_group.py
[2024-11-01T02:17:25.825+0000] {processor.py:925} INFO - DAG(s) 'example_task_group' retrieved from /home/airflow/.local/lib/python3.12/site-packages/airflow/example_dags/example_task_group.py
[2024-11-01T02:17:25.844+0000] {logging_mixin.py:190} INFO - [2024-11-01T02:17:25.843+0000] {dag.py:3239} INFO - Sync 1 DAGs
[2024-11-01T02:17:25.857+0000] {logging_mixin.py:190} INFO - [2024-11-01T02:17:25.856+0000] {dag.py:4180} INFO - Setting next_dagrun for example_task_group to None, run_after=None
[2024-11-01T02:17:25.874+0000] {processor.py:208} INFO - Processing /home/airflow/.local/lib/python3.12/site-packages/airflow/example_dags/example_task_group.py took 0.064 seconds
[2024-11-01T02:17:56.372+0000] {processor.py:186} INFO - Started process (PID=483) to work on /home/airflow/.local/lib/python3.12/site-packages/airflow/example_dags/example_task_group.py
[2024-11-01T02:17:56.373+0000] {processor.py:914} INFO - Processing file /home/airflow/.local/lib/python3.12/site-packages/airflow/example_dags/example_task_group.py for tasks to queue
[2024-11-01T02:17:56.375+0000] {logging_mixin.py:190} INFO - [2024-11-01T02:17:56.375+0000] {dagbag.py:588} INFO - Filling up the DagBag from /home/airflow/.local/lib/python3.12/site-packages/airflow/example_dags/example_task_group.py
[2024-11-01T02:17:56.382+0000] {processor.py:925} INFO - DAG(s) 'example_task_group' retrieved from /home/airflow/.local/lib/python3.12/site-packages/airflow/example_dags/example_task_group.py
[2024-11-01T02:17:56.401+0000] {logging_mixin.py:190} INFO - [2024-11-01T02:17:56.401+0000] {dag.py:3239} INFO - Sync 1 DAGs
[2024-11-01T02:17:56.414+0000] {logging_mixin.py:190} INFO - [2024-11-01T02:17:56.414+0000] {dag.py:4180} INFO - Setting next_dagrun for example_task_group to None, run_after=None
[2024-11-01T02:17:56.431+0000] {processor.py:208} INFO - Processing /home/airflow/.local/lib/python3.12/site-packages/airflow/example_dags/example_task_group.py took 0.063 seconds
[2024-11-01T02:18:26.799+0000] {processor.py:186} INFO - Started process (PID=546) to work on /home/airflow/.local/lib/python3.12/site-packages/airflow/example_dags/example_task_group.py
[2024-11-01T02:18:26.799+0000] {processor.py:914} INFO - Processing file /home/airflow/.local/lib/python3.12/site-packages/airflow/example_dags/example_task_group.py for tasks to queue
[2024-11-01T02:18:26.801+0000] {logging_mixin.py:190} INFO - [2024-11-01T02:18:26.801+0000] {dagbag.py:588} INFO - Filling up the DagBag from /home/airflow/.local/lib/python3.12/site-packages/airflow/example_dags/example_task_group.py
[2024-11-01T02:18:26.808+0000] {processor.py:925} INFO - DAG(s) 'example_task_group' retrieved from /home/airflow/.local/lib/python3.12/site-packages/airflow/example_dags/example_task_group.py
[2024-11-01T02:18:26.827+0000] {logging_mixin.py:190} INFO - [2024-11-01T02:18:26.826+0000] {dag.py:3239} INFO - Sync 1 DAGs
[2024-11-01T02:18:26.839+0000] {logging_mixin.py:190} INFO - [2024-11-01T02:18:26.839+0000] {dag.py:4180} INFO - Setting next_dagrun for example_task_group to None, run_after=None
[2024-11-01T02:18:26.857+0000] {processor.py:208} INFO - Processing /home/airflow/.local/lib/python3.12/site-packages/airflow/example_dags/example_task_group.py took 0.063 seconds
[2024-11-01T02:18:57.488+0000] {processor.py:186} INFO - Started process (PID=609) to work on /home/airflow/.local/lib/python3.12/site-packages/airflow/example_dags/example_task_group.py
[2024-11-01T02:18:57.489+0000] {processor.py:914} INFO - Processing file /home/airflow/.local/lib/python3.12/site-packages/airflow/example_dags/example_task_group.py for tasks to queue
[2024-11-01T02:18:57.491+0000] {logging_mixin.py:190} INFO - [2024-11-01T02:18:57.491+0000] {dagbag.py:588} INFO - Filling up the DagBag from /home/airflow/.local/lib/python3.12/site-packages/airflow/example_dags/example_task_group.py
[2024-11-01T02:18:57.498+0000] {processor.py:925} INFO - DAG(s) 'example_task_group' retrieved from /home/airflow/.local/lib/python3.12/site-packages/airflow/example_dags/example_task_group.py
[2024-11-01T02:18:57.517+0000] {logging_mixin.py:190} INFO - [2024-11-01T02:18:57.516+0000] {dag.py:3239} INFO - Sync 1 DAGs
[2024-11-01T02:18:57.530+0000] {logging_mixin.py:190} INFO - [2024-11-01T02:18:57.530+0000] {dag.py:4180} INFO - Setting next_dagrun for example_task_group to None, run_after=None
[2024-11-01T02:18:57.547+0000] {processor.py:208} INFO - Processing /home/airflow/.local/lib/python3.12/site-packages/airflow/example_dags/example_task_group.py took 0.064 seconds
[2024-11-01T02:19:27.895+0000] {processor.py:186} INFO - Started process (PID=672) to work on /home/airflow/.local/lib/python3.12/site-packages/airflow/example_dags/example_task_group.py
[2024-11-01T02:19:27.896+0000] {processor.py:914} INFO - Processing file /home/airflow/.local/lib/python3.12/site-packages/airflow/example_dags/example_task_group.py for tasks to queue
[2024-11-01T02:19:27.898+0000] {logging_mixin.py:190} INFO - [2024-11-01T02:19:27.897+0000] {dagbag.py:588} INFO - Filling up the DagBag from /home/airflow/.local/lib/python3.12/site-packages/airflow/example_dags/example_task_group.py
[2024-11-01T02:19:27.905+0000] {processor.py:925} INFO - DAG(s) 'example_task_group' retrieved from /home/airflow/.local/lib/python3.12/site-packages/airflow/example_dags/example_task_group.py
[2024-11-01T02:19:27.925+0000] {logging_mixin.py:190} INFO - [2024-11-01T02:19:27.925+0000] {dag.py:3239} INFO - Sync 1 DAGs
[2024-11-01T02:19:27.942+0000] {logging_mixin.py:190} INFO - [2024-11-01T02:19:27.942+0000] {dag.py:4180} INFO - Setting next_dagrun for example_task_group to None, run_after=None
[2024-11-01T02:19:27.968+0000] {processor.py:208} INFO - Processing /home/airflow/.local/lib/python3.12/site-packages/airflow/example_dags/example_task_group.py took 0.079 seconds
[2024-11-01T02:19:58.669+0000] {processor.py:186} INFO - Started process (PID=735) to work on /home/airflow/.local/lib/python3.12/site-packages/airflow/example_dags/example_task_group.py
[2024-11-01T02:19:58.670+0000] {processor.py:914} INFO - Processing file /home/airflow/.local/lib/python3.12/site-packages/airflow/example_dags/example_task_group.py for tasks to queue
[2024-11-01T02:19:58.672+0000] {logging_mixin.py:190} INFO - [2024-11-01T02:19:58.672+0000] {dagbag.py:588} INFO - Filling up the DagBag from /home/airflow/.local/lib/python3.12/site-packages/airflow/example_dags/example_task_group.py
[2024-11-01T02:19:58.680+0000] {processor.py:925} INFO - DAG(s) 'example_task_group' retrieved from /home/airflow/.local/lib/python3.12/site-packages/airflow/example_dags/example_task_group.py
[2024-11-01T02:19:58.702+0000] {logging_mixin.py:190} INFO - [2024-11-01T02:19:58.702+0000] {dag.py:3239} INFO - Sync 1 DAGs
[2024-11-01T02:19:58.715+0000] {logging_mixin.py:190} INFO - [2024-11-01T02:19:58.714+0000] {dag.py:4180} INFO - Setting next_dagrun for example_task_group to None, run_after=None
[2024-11-01T02:19:58.731+0000] {processor.py:208} INFO - Processing /home/airflow/.local/lib/python3.12/site-packages/airflow/example_dags/example_task_group.py took 0.066 seconds
[2024-11-01T02:20:29.343+0000] {processor.py:186} INFO - Started process (PID=798) to work on /home/airflow/.local/lib/python3.12/site-packages/airflow/example_dags/example_task_group.py
[2024-11-01T02:20:29.343+0000] {processor.py:914} INFO - Processing file /home/airflow/.local/lib/python3.12/site-packages/airflow/example_dags/example_task_group.py for tasks to queue
[2024-11-01T02:20:29.345+0000] {logging_mixin.py:190} INFO - [2024-11-01T02:20:29.345+0000] {dagbag.py:588} INFO - Filling up the DagBag from /home/airflow/.local/lib/python3.12/site-packages/airflow/example_dags/example_task_group.py
[2024-11-01T02:20:29.352+0000] {processor.py:925} INFO - DAG(s) 'example_task_group' retrieved from /home/airflow/.local/lib/python3.12/site-packages/airflow/example_dags/example_task_group.py
[2024-11-01T02:20:29.369+0000] {logging_mixin.py:190} INFO - [2024-11-01T02:20:29.369+0000] {dag.py:3239} INFO - Sync 1 DAGs
[2024-11-01T02:20:29.381+0000] {logging_mixin.py:190} INFO - [2024-11-01T02:20:29.381+0000] {dag.py:4180} INFO - Setting next_dagrun for example_task_group to None, run_after=None
[2024-11-01T02:20:29.398+0000] {processor.py:208} INFO - Processing /home/airflow/.local/lib/python3.12/site-packages/airflow/example_dags/example_task_group.py took 0.060 seconds
[2024-11-01T02:21:00.507+0000] {processor.py:186} INFO - Started process (PID=861) to work on /home/airflow/.local/lib/python3.12/site-packages/airflow/example_dags/example_task_group.py
[2024-11-01T02:21:00.508+0000] {processor.py:914} INFO - Processing file /home/airflow/.local/lib/python3.12/site-packages/airflow/example_dags/example_task_group.py for tasks to queue
[2024-11-01T02:21:00.510+0000] {logging_mixin.py:190} INFO - [2024-11-01T02:21:00.510+0000] {dagbag.py:588} INFO - Filling up the DagBag from /home/airflow/.local/lib/python3.12/site-packages/airflow/example_dags/example_task_group.py
[2024-11-01T02:21:00.517+0000] {processor.py:925} INFO - DAG(s) 'example_task_group' retrieved from /home/airflow/.local/lib/python3.12/site-packages/airflow/example_dags/example_task_group.py
[2024-11-01T02:21:00.536+0000] {logging_mixin.py:190} INFO - [2024-11-01T02:21:00.535+0000] {dag.py:3239} INFO - Sync 1 DAGs
[2024-11-01T02:21:00.549+0000] {logging_mixin.py:190} INFO - [2024-11-01T02:21:00.549+0000] {dag.py:4180} INFO - Setting next_dagrun for example_task_group to None, run_after=None
[2024-11-01T02:21:00.565+0000] {processor.py:208} INFO - Processing /home/airflow/.local/lib/python3.12/site-packages/airflow/example_dags/example_task_group.py took 0.063 seconds
[2024-11-01T02:21:31.323+0000] {processor.py:186} INFO - Started process (PID=924) to work on /home/airflow/.local/lib/python3.12/site-packages/airflow/example_dags/example_task_group.py
[2024-11-01T02:21:31.324+0000] {processor.py:914} INFO - Processing file /home/airflow/.local/lib/python3.12/site-packages/airflow/example_dags/example_task_group.py for tasks to queue
[2024-11-01T02:21:31.326+0000] {logging_mixin.py:190} INFO - [2024-11-01T02:21:31.325+0000] {dagbag.py:588} INFO - Filling up the DagBag from /home/airflow/.local/lib/python3.12/site-packages/airflow/example_dags/example_task_group.py
[2024-11-01T02:21:31.333+0000] {processor.py:925} INFO - DAG(s) 'example_task_group' retrieved from /home/airflow/.local/lib/python3.12/site-packages/airflow/example_dags/example_task_group.py
[2024-11-01T02:21:31.351+0000] {logging_mixin.py:190} INFO - [2024-11-01T02:21:31.351+0000] {dag.py:3239} INFO - Sync 1 DAGs
[2024-11-01T02:21:31.365+0000] {logging_mixin.py:190} INFO - [2024-11-01T02:21:31.365+0000] {dag.py:4180} INFO - Setting next_dagrun for example_task_group to None, run_after=None
[2024-11-01T02:21:31.384+0000] {processor.py:208} INFO - Processing /home/airflow/.local/lib/python3.12/site-packages/airflow/example_dags/example_task_group.py took 0.066 seconds
[2024-11-01T02:22:02.195+0000] {processor.py:186} INFO - Started process (PID=987) to work on /home/airflow/.local/lib/python3.12/site-packages/airflow/example_dags/example_task_group.py
[2024-11-01T02:22:02.196+0000] {processor.py:914} INFO - Processing file /home/airflow/.local/lib/python3.12/site-packages/airflow/example_dags/example_task_group.py for tasks to queue
[2024-11-01T02:22:02.198+0000] {logging_mixin.py:190} INFO - [2024-11-01T02:22:02.198+0000] {dagbag.py:588} INFO - Filling up the DagBag from /home/airflow/.local/lib/python3.12/site-packages/airflow/example_dags/example_task_group.py
[2024-11-01T02:22:02.205+0000] {processor.py:925} INFO - DAG(s) 'example_task_group' retrieved from /home/airflow/.local/lib/python3.12/site-packages/airflow/example_dags/example_task_group.py
[2024-11-01T02:22:02.223+0000] {logging_mixin.py:190} INFO - [2024-11-01T02:22:02.223+0000] {dag.py:3239} INFO - Sync 1 DAGs
[2024-11-01T02:22:02.236+0000] {logging_mixin.py:190} INFO - [2024-11-01T02:22:02.235+0000] {dag.py:4180} INFO - Setting next_dagrun for example_task_group to None, run_after=None
[2024-11-01T02:22:02.253+0000] {processor.py:208} INFO - Processing /home/airflow/.local/lib/python3.12/site-packages/airflow/example_dags/example_task_group.py took 0.063 seconds
[2024-11-01T02:22:32.804+0000] {processor.py:186} INFO - Started process (PID=1050) to work on /home/airflow/.local/lib/python3.12/site-packages/airflow/example_dags/example_task_group.py
[2024-11-01T02:22:32.805+0000] {processor.py:914} INFO - Processing file /home/airflow/.local/lib/python3.12/site-packages/airflow/example_dags/example_task_group.py for tasks to queue
[2024-11-01T02:22:32.807+0000] {logging_mixin.py:190} INFO - [2024-11-01T02:22:32.807+0000] {dagbag.py:588} INFO - Filling up the DagBag from /home/airflow/.local/lib/python3.12/site-packages/airflow/example_dags/example_task_group.py
[2024-11-01T02:22:32.814+0000] {processor.py:925} INFO - DAG(s) 'example_task_group' retrieved from /home/airflow/.local/lib/python3.12/site-packages/airflow/example_dags/example_task_group.py
[2024-11-01T02:22:32.834+0000] {logging_mixin.py:190} INFO - [2024-11-01T02:22:32.834+0000] {dag.py:3239} INFO - Sync 1 DAGs
[2024-11-01T02:22:32.847+0000] {logging_mixin.py:190} INFO - [2024-11-01T02:22:32.847+0000] {dag.py:4180} INFO - Setting next_dagrun for example_task_group to None, run_after=None
[2024-11-01T02:22:32.865+0000] {processor.py:208} INFO - Processing /home/airflow/.local/lib/python3.12/site-packages/airflow/example_dags/example_task_group.py took 0.067 seconds
[2024-11-01T02:23:03.630+0000] {processor.py:186} INFO - Started process (PID=1113) to work on /home/airflow/.local/lib/python3.12/site-packages/airflow/example_dags/example_task_group.py
[2024-11-01T02:23:03.631+0000] {processor.py:914} INFO - Processing file /home/airflow/.local/lib/python3.12/site-packages/airflow/example_dags/example_task_group.py for tasks to queue
[2024-11-01T02:23:03.633+0000] {logging_mixin.py:190} INFO - [2024-11-01T02:23:03.633+0000] {dagbag.py:588} INFO - Filling up the DagBag from /home/airflow/.local/lib/python3.12/site-packages/airflow/example_dags/example_task_group.py
[2024-11-01T02:23:03.641+0000] {processor.py:925} INFO - DAG(s) 'example_task_group' retrieved from /home/airflow/.local/lib/python3.12/site-packages/airflow/example_dags/example_task_group.py
[2024-11-01T02:23:03.662+0000] {logging_mixin.py:190} INFO - [2024-11-01T02:23:03.662+0000] {dag.py:3239} INFO - Sync 1 DAGs
[2024-11-01T02:23:03.677+0000] {logging_mixin.py:190} INFO - [2024-11-01T02:23:03.676+0000] {dag.py:4180} INFO - Setting next_dagrun for example_task_group to None, run_after=None
[2024-11-01T02:23:03.693+0000] {processor.py:208} INFO - Processing /home/airflow/.local/lib/python3.12/site-packages/airflow/example_dags/example_task_group.py took 0.068 seconds
[2024-11-01T02:23:34.213+0000] {processor.py:186} INFO - Started process (PID=1176) to work on /home/airflow/.local/lib/python3.12/site-packages/airflow/example_dags/example_task_group.py
[2024-11-01T02:23:34.214+0000] {processor.py:914} INFO - Processing file /home/airflow/.local/lib/python3.12/site-packages/airflow/example_dags/example_task_group.py for tasks to queue
[2024-11-01T02:23:34.216+0000] {logging_mixin.py:190} INFO - [2024-11-01T02:23:34.215+0000] {dagbag.py:588} INFO - Filling up the DagBag from /home/airflow/.local/lib/python3.12/site-packages/airflow/example_dags/example_task_group.py
[2024-11-01T02:23:34.224+0000] {processor.py:925} INFO - DAG(s) 'example_task_group' retrieved from /home/airflow/.local/lib/python3.12/site-packages/airflow/example_dags/example_task_group.py
[2024-11-01T02:23:34.243+0000] {logging_mixin.py:190} INFO - [2024-11-01T02:23:34.243+0000] {dag.py:3239} INFO - Sync 1 DAGs
[2024-11-01T02:23:34.256+0000] {logging_mixin.py:190} INFO - [2024-11-01T02:23:34.256+0000] {dag.py:4180} INFO - Setting next_dagrun for example_task_group to None, run_after=None
[2024-11-01T02:23:34.273+0000] {processor.py:208} INFO - Processing /home/airflow/.local/lib/python3.12/site-packages/airflow/example_dags/example_task_group.py took 0.065 seconds
