[2024-11-01T02:04:32.824+0000] {processor.py:186} INFO - Started process (PID=91) to work on /home/airflow/.local/lib/python3.12/site-packages/airflow/example_dags/example_python_operator.py
[2024-11-01T02:04:32.825+0000] {processor.py:914} INFO - Processing file /home/airflow/.local/lib/python3.12/site-packages/airflow/example_dags/example_python_operator.py for tasks to queue
[2024-11-01T02:04:32.827+0000] {logging_mixin.py:190} INFO - [2024-11-01T02:04:32.827+0000] {dagbag.py:588} INFO - Filling up the DagBag from /home/airflow/.local/lib/python3.12/site-packages/airflow/example_dags/example_python_operator.py
[2024-11-01T02:04:32.839+0000] {processor.py:925} INFO - DAG(s) 'example_python_operator' retrieved from /home/airflow/.local/lib/python3.12/site-packages/airflow/example_dags/example_python_operator.py
[2024-11-01T02:04:32.929+0000] {logging_mixin.py:190} INFO - [2024-11-01T02:04:32.928+0000] {override.py:1900} INFO - Created Permission View: can edit on DAG:example_python_operator
[2024-11-01T02:04:32.938+0000] {logging_mixin.py:190} INFO - [2024-11-01T02:04:32.938+0000] {override.py:1900} INFO - Created Permission View: can read on DAG:example_python_operator
[2024-11-01T02:04:32.945+0000] {logging_mixin.py:190} INFO - [2024-11-01T02:04:32.945+0000] {override.py:1900} INFO - Created Permission View: can delete on DAG:example_python_operator
[2024-11-01T02:04:32.954+0000] {logging_mixin.py:190} INFO - [2024-11-01T02:04:32.954+0000] {override.py:1900} INFO - Created Permission View: can delete on DAG Run:example_python_operator
[2024-11-01T02:04:32.961+0000] {logging_mixin.py:190} INFO - [2024-11-01T02:04:32.961+0000] {override.py:1900} INFO - Created Permission View: can read on DAG Run:example_python_operator
[2024-11-01T02:04:32.968+0000] {logging_mixin.py:190} INFO - [2024-11-01T02:04:32.968+0000] {override.py:1900} INFO - Created Permission View: can create on DAG Run:example_python_operator
[2024-11-01T02:04:32.976+0000] {logging_mixin.py:190} INFO - [2024-11-01T02:04:32.975+0000] {override.py:1900} INFO - Created Permission View: menu access on DAG Run:example_python_operator
[2024-11-01T02:04:32.976+0000] {logging_mixin.py:190} INFO - [2024-11-01T02:04:32.976+0000] {dag.py:3239} INFO - Sync 1 DAGs
[2024-11-01T02:04:32.990+0000] {logging_mixin.py:190} INFO - [2024-11-01T02:04:32.990+0000] {dag.py:3262} INFO - Creating ORM DAG for example_python_operator
[2024-11-01T02:04:32.990+0000] {logging_mixin.py:190} INFO - [2024-11-01T02:04:32.990+0000] {dag.py:4180} INFO - Setting next_dagrun for example_python_operator to None, run_after=None
[2024-11-01T02:04:33.007+0000] {processor.py:208} INFO - Processing /home/airflow/.local/lib/python3.12/site-packages/airflow/example_dags/example_python_operator.py took 0.189 seconds
[2024-11-01T02:05:03.420+0000] {processor.py:186} INFO - Started process (PID=153) to work on /home/airflow/.local/lib/python3.12/site-packages/airflow/example_dags/example_python_operator.py
[2024-11-01T02:05:03.421+0000] {processor.py:914} INFO - Processing file /home/airflow/.local/lib/python3.12/site-packages/airflow/example_dags/example_python_operator.py for tasks to queue
[2024-11-01T02:05:03.424+0000] {logging_mixin.py:190} INFO - [2024-11-01T02:05:03.424+0000] {dagbag.py:588} INFO - Filling up the DagBag from /home/airflow/.local/lib/python3.12/site-packages/airflow/example_dags/example_python_operator.py
[2024-11-01T02:05:03.434+0000] {processor.py:925} INFO - DAG(s) 'example_python_operator' retrieved from /home/airflow/.local/lib/python3.12/site-packages/airflow/example_dags/example_python_operator.py
[2024-11-01T02:05:03.452+0000] {logging_mixin.py:190} INFO - [2024-11-01T02:05:03.452+0000] {dag.py:3239} INFO - Sync 1 DAGs
[2024-11-01T02:05:03.464+0000] {logging_mixin.py:190} INFO - [2024-11-01T02:05:03.464+0000] {dag.py:4180} INFO - Setting next_dagrun for example_python_operator to None, run_after=None
[2024-11-01T02:05:03.481+0000] {processor.py:208} INFO - Processing /home/airflow/.local/lib/python3.12/site-packages/airflow/example_dags/example_python_operator.py took 0.066 seconds
[2024-11-01T02:05:33.696+0000] {processor.py:186} INFO - Started process (PID=215) to work on /home/airflow/.local/lib/python3.12/site-packages/airflow/example_dags/example_python_operator.py
[2024-11-01T02:05:33.697+0000] {processor.py:914} INFO - Processing file /home/airflow/.local/lib/python3.12/site-packages/airflow/example_dags/example_python_operator.py for tasks to queue
[2024-11-01T02:05:33.699+0000] {logging_mixin.py:190} INFO - [2024-11-01T02:05:33.699+0000] {dagbag.py:588} INFO - Filling up the DagBag from /home/airflow/.local/lib/python3.12/site-packages/airflow/example_dags/example_python_operator.py
[2024-11-01T02:05:33.711+0000] {processor.py:925} INFO - DAG(s) 'example_python_operator' retrieved from /home/airflow/.local/lib/python3.12/site-packages/airflow/example_dags/example_python_operator.py
[2024-11-01T02:05:33.729+0000] {logging_mixin.py:190} INFO - [2024-11-01T02:05:33.729+0000] {dag.py:3239} INFO - Sync 1 DAGs
[2024-11-01T02:05:33.741+0000] {logging_mixin.py:190} INFO - [2024-11-01T02:05:33.741+0000] {dag.py:4180} INFO - Setting next_dagrun for example_python_operator to None, run_after=None
[2024-11-01T02:05:33.757+0000] {processor.py:208} INFO - Processing /home/airflow/.local/lib/python3.12/site-packages/airflow/example_dags/example_python_operator.py took 0.065 seconds
[2024-11-01T02:06:03.978+0000] {processor.py:186} INFO - Started process (PID=277) to work on /home/airflow/.local/lib/python3.12/site-packages/airflow/example_dags/example_python_operator.py
[2024-11-01T02:06:03.978+0000] {processor.py:914} INFO - Processing file /home/airflow/.local/lib/python3.12/site-packages/airflow/example_dags/example_python_operator.py for tasks to queue
[2024-11-01T02:06:03.980+0000] {logging_mixin.py:190} INFO - [2024-11-01T02:06:03.980+0000] {dagbag.py:588} INFO - Filling up the DagBag from /home/airflow/.local/lib/python3.12/site-packages/airflow/example_dags/example_python_operator.py
[2024-11-01T02:06:03.990+0000] {processor.py:925} INFO - DAG(s) 'example_python_operator' retrieved from /home/airflow/.local/lib/python3.12/site-packages/airflow/example_dags/example_python_operator.py
[2024-11-01T02:06:04.009+0000] {logging_mixin.py:190} INFO - [2024-11-01T02:06:04.009+0000] {dag.py:3239} INFO - Sync 1 DAGs
[2024-11-01T02:06:04.022+0000] {logging_mixin.py:190} INFO - [2024-11-01T02:06:04.022+0000] {dag.py:4180} INFO - Setting next_dagrun for example_python_operator to None, run_after=None
[2024-11-01T02:06:04.038+0000] {processor.py:208} INFO - Processing /home/airflow/.local/lib/python3.12/site-packages/airflow/example_dags/example_python_operator.py took 0.065 seconds
[2024-11-01T02:14:51.870+0000] {processor.py:186} INFO - Started process (PID=87) to work on /home/airflow/.local/lib/python3.12/site-packages/airflow/example_dags/example_python_operator.py
[2024-11-01T02:14:51.872+0000] {processor.py:914} INFO - Processing file /home/airflow/.local/lib/python3.12/site-packages/airflow/example_dags/example_python_operator.py for tasks to queue
[2024-11-01T02:14:51.874+0000] {logging_mixin.py:190} INFO - [2024-11-01T02:14:51.873+0000] {dagbag.py:588} INFO - Filling up the DagBag from /home/airflow/.local/lib/python3.12/site-packages/airflow/example_dags/example_python_operator.py
[2024-11-01T02:14:51.885+0000] {processor.py:925} INFO - DAG(s) 'example_python_operator' retrieved from /home/airflow/.local/lib/python3.12/site-packages/airflow/example_dags/example_python_operator.py
[2024-11-01T02:14:51.988+0000] {logging_mixin.py:190} INFO - [2024-11-01T02:14:51.987+0000] {dag.py:3239} INFO - Sync 1 DAGs
[2024-11-01T02:14:52.000+0000] {logging_mixin.py:190} INFO - [2024-11-01T02:14:52.000+0000] {dag.py:4180} INFO - Setting next_dagrun for example_python_operator to None, run_after=None
[2024-11-01T02:14:52.021+0000] {processor.py:208} INFO - Processing /home/airflow/.local/lib/python3.12/site-packages/airflow/example_dags/example_python_operator.py took 0.156 seconds
[2024-11-01T02:15:22.579+0000] {processor.py:186} INFO - Started process (PID=150) to work on /home/airflow/.local/lib/python3.12/site-packages/airflow/example_dags/example_python_operator.py
[2024-11-01T02:15:22.580+0000] {processor.py:914} INFO - Processing file /home/airflow/.local/lib/python3.12/site-packages/airflow/example_dags/example_python_operator.py for tasks to queue
[2024-11-01T02:15:22.582+0000] {logging_mixin.py:190} INFO - [2024-11-01T02:15:22.582+0000] {dagbag.py:588} INFO - Filling up the DagBag from /home/airflow/.local/lib/python3.12/site-packages/airflow/example_dags/example_python_operator.py
[2024-11-01T02:15:22.591+0000] {processor.py:925} INFO - DAG(s) 'example_python_operator' retrieved from /home/airflow/.local/lib/python3.12/site-packages/airflow/example_dags/example_python_operator.py
[2024-11-01T02:15:22.610+0000] {logging_mixin.py:190} INFO - [2024-11-01T02:15:22.610+0000] {dag.py:3239} INFO - Sync 1 DAGs
[2024-11-01T02:15:22.622+0000] {logging_mixin.py:190} INFO - [2024-11-01T02:15:22.622+0000] {dag.py:4180} INFO - Setting next_dagrun for example_python_operator to None, run_after=None
[2024-11-01T02:15:22.640+0000] {processor.py:208} INFO - Processing /home/airflow/.local/lib/python3.12/site-packages/airflow/example_dags/example_python_operator.py took 0.065 seconds
[2024-11-01T02:15:53.126+0000] {processor.py:186} INFO - Started process (PID=213) to work on /home/airflow/.local/lib/python3.12/site-packages/airflow/example_dags/example_python_operator.py
[2024-11-01T02:15:53.127+0000] {processor.py:914} INFO - Processing file /home/airflow/.local/lib/python3.12/site-packages/airflow/example_dags/example_python_operator.py for tasks to queue
[2024-11-01T02:15:53.129+0000] {logging_mixin.py:190} INFO - [2024-11-01T02:15:53.129+0000] {dagbag.py:588} INFO - Filling up the DagBag from /home/airflow/.local/lib/python3.12/site-packages/airflow/example_dags/example_python_operator.py
[2024-11-01T02:15:53.139+0000] {processor.py:925} INFO - DAG(s) 'example_python_operator' retrieved from /home/airflow/.local/lib/python3.12/site-packages/airflow/example_dags/example_python_operator.py
[2024-11-01T02:15:53.157+0000] {logging_mixin.py:190} INFO - [2024-11-01T02:15:53.157+0000] {dag.py:3239} INFO - Sync 1 DAGs
[2024-11-01T02:15:53.169+0000] {logging_mixin.py:190} INFO - [2024-11-01T02:15:53.169+0000] {dag.py:4180} INFO - Setting next_dagrun for example_python_operator to None, run_after=None
[2024-11-01T02:15:53.186+0000] {processor.py:208} INFO - Processing /home/airflow/.local/lib/python3.12/site-packages/airflow/example_dags/example_python_operator.py took 0.064 seconds
[2024-11-01T02:16:23.744+0000] {processor.py:186} INFO - Started process (PID=282) to work on /home/airflow/.local/lib/python3.12/site-packages/airflow/example_dags/example_python_operator.py
[2024-11-01T02:16:23.745+0000] {processor.py:914} INFO - Processing file /home/airflow/.local/lib/python3.12/site-packages/airflow/example_dags/example_python_operator.py for tasks to queue
[2024-11-01T02:16:23.747+0000] {logging_mixin.py:190} INFO - [2024-11-01T02:16:23.747+0000] {dagbag.py:588} INFO - Filling up the DagBag from /home/airflow/.local/lib/python3.12/site-packages/airflow/example_dags/example_python_operator.py
[2024-11-01T02:16:23.757+0000] {processor.py:925} INFO - DAG(s) 'example_python_operator' retrieved from /home/airflow/.local/lib/python3.12/site-packages/airflow/example_dags/example_python_operator.py
[2024-11-01T02:16:23.776+0000] {logging_mixin.py:190} INFO - [2024-11-01T02:16:23.775+0000] {dag.py:3239} INFO - Sync 1 DAGs
[2024-11-01T02:16:23.789+0000] {logging_mixin.py:190} INFO - [2024-11-01T02:16:23.788+0000] {dag.py:4180} INFO - Setting next_dagrun for example_python_operator to None, run_after=None
[2024-11-01T02:16:23.805+0000] {processor.py:208} INFO - Processing /home/airflow/.local/lib/python3.12/site-packages/airflow/example_dags/example_python_operator.py took 0.066 seconds
[2024-11-01T02:16:54.345+0000] {processor.py:186} INFO - Started process (PID=345) to work on /home/airflow/.local/lib/python3.12/site-packages/airflow/example_dags/example_python_operator.py
[2024-11-01T02:16:54.346+0000] {processor.py:914} INFO - Processing file /home/airflow/.local/lib/python3.12/site-packages/airflow/example_dags/example_python_operator.py for tasks to queue
[2024-11-01T02:16:54.348+0000] {logging_mixin.py:190} INFO - [2024-11-01T02:16:54.347+0000] {dagbag.py:588} INFO - Filling up the DagBag from /home/airflow/.local/lib/python3.12/site-packages/airflow/example_dags/example_python_operator.py
[2024-11-01T02:16:54.358+0000] {processor.py:925} INFO - DAG(s) 'example_python_operator' retrieved from /home/airflow/.local/lib/python3.12/site-packages/airflow/example_dags/example_python_operator.py
[2024-11-01T02:16:54.376+0000] {logging_mixin.py:190} INFO - [2024-11-01T02:16:54.376+0000] {dag.py:3239} INFO - Sync 1 DAGs
[2024-11-01T02:16:54.389+0000] {logging_mixin.py:190} INFO - [2024-11-01T02:16:54.389+0000] {dag.py:4180} INFO - Setting next_dagrun for example_python_operator to None, run_after=None
[2024-11-01T02:16:54.405+0000] {processor.py:208} INFO - Processing /home/airflow/.local/lib/python3.12/site-packages/airflow/example_dags/example_python_operator.py took 0.065 seconds
[2024-11-01T02:17:24.949+0000] {processor.py:186} INFO - Started process (PID=408) to work on /home/airflow/.local/lib/python3.12/site-packages/airflow/example_dags/example_python_operator.py
[2024-11-01T02:17:24.950+0000] {processor.py:914} INFO - Processing file /home/airflow/.local/lib/python3.12/site-packages/airflow/example_dags/example_python_operator.py for tasks to queue
[2024-11-01T02:17:24.952+0000] {logging_mixin.py:190} INFO - [2024-11-01T02:17:24.951+0000] {dagbag.py:588} INFO - Filling up the DagBag from /home/airflow/.local/lib/python3.12/site-packages/airflow/example_dags/example_python_operator.py
[2024-11-01T02:17:24.963+0000] {processor.py:925} INFO - DAG(s) 'example_python_operator' retrieved from /home/airflow/.local/lib/python3.12/site-packages/airflow/example_dags/example_python_operator.py
[2024-11-01T02:17:24.984+0000] {logging_mixin.py:190} INFO - [2024-11-01T02:17:24.983+0000] {dag.py:3239} INFO - Sync 1 DAGs
[2024-11-01T02:17:24.997+0000] {logging_mixin.py:190} INFO - [2024-11-01T02:17:24.997+0000] {dag.py:4180} INFO - Setting next_dagrun for example_python_operator to None, run_after=None
[2024-11-01T02:17:25.015+0000] {processor.py:208} INFO - Processing /home/airflow/.local/lib/python3.12/site-packages/airflow/example_dags/example_python_operator.py took 0.071 seconds
[2024-11-01T02:17:55.534+0000] {processor.py:186} INFO - Started process (PID=471) to work on /home/airflow/.local/lib/python3.12/site-packages/airflow/example_dags/example_python_operator.py
[2024-11-01T02:17:55.535+0000] {processor.py:914} INFO - Processing file /home/airflow/.local/lib/python3.12/site-packages/airflow/example_dags/example_python_operator.py for tasks to queue
[2024-11-01T02:17:55.537+0000] {logging_mixin.py:190} INFO - [2024-11-01T02:17:55.536+0000] {dagbag.py:588} INFO - Filling up the DagBag from /home/airflow/.local/lib/python3.12/site-packages/airflow/example_dags/example_python_operator.py
[2024-11-01T02:17:55.548+0000] {processor.py:925} INFO - DAG(s) 'example_python_operator' retrieved from /home/airflow/.local/lib/python3.12/site-packages/airflow/example_dags/example_python_operator.py
[2024-11-01T02:17:55.568+0000] {logging_mixin.py:190} INFO - [2024-11-01T02:17:55.568+0000] {dag.py:3239} INFO - Sync 1 DAGs
[2024-11-01T02:17:55.582+0000] {logging_mixin.py:190} INFO - [2024-11-01T02:17:55.582+0000] {dag.py:4180} INFO - Setting next_dagrun for example_python_operator to None, run_after=None
[2024-11-01T02:17:55.599+0000] {processor.py:208} INFO - Processing /home/airflow/.local/lib/python3.12/site-packages/airflow/example_dags/example_python_operator.py took 0.070 seconds
[2024-11-01T02:18:25.934+0000] {processor.py:186} INFO - Started process (PID=534) to work on /home/airflow/.local/lib/python3.12/site-packages/airflow/example_dags/example_python_operator.py
[2024-11-01T02:18:25.935+0000] {processor.py:914} INFO - Processing file /home/airflow/.local/lib/python3.12/site-packages/airflow/example_dags/example_python_operator.py for tasks to queue
[2024-11-01T02:18:25.937+0000] {logging_mixin.py:190} INFO - [2024-11-01T02:18:25.937+0000] {dagbag.py:588} INFO - Filling up the DagBag from /home/airflow/.local/lib/python3.12/site-packages/airflow/example_dags/example_python_operator.py
[2024-11-01T02:18:25.949+0000] {processor.py:925} INFO - DAG(s) 'example_python_operator' retrieved from /home/airflow/.local/lib/python3.12/site-packages/airflow/example_dags/example_python_operator.py
[2024-11-01T02:18:25.969+0000] {logging_mixin.py:190} INFO - [2024-11-01T02:18:25.968+0000] {dag.py:3239} INFO - Sync 1 DAGs
[2024-11-01T02:18:25.981+0000] {logging_mixin.py:190} INFO - [2024-11-01T02:18:25.981+0000] {dag.py:4180} INFO - Setting next_dagrun for example_python_operator to None, run_after=None
[2024-11-01T02:18:25.998+0000] {processor.py:208} INFO - Processing /home/airflow/.local/lib/python3.12/site-packages/airflow/example_dags/example_python_operator.py took 0.069 seconds
[2024-11-01T02:18:56.572+0000] {processor.py:186} INFO - Started process (PID=597) to work on /home/airflow/.local/lib/python3.12/site-packages/airflow/example_dags/example_python_operator.py
[2024-11-01T02:18:56.573+0000] {processor.py:914} INFO - Processing file /home/airflow/.local/lib/python3.12/site-packages/airflow/example_dags/example_python_operator.py for tasks to queue
[2024-11-01T02:18:56.575+0000] {logging_mixin.py:190} INFO - [2024-11-01T02:18:56.575+0000] {dagbag.py:588} INFO - Filling up the DagBag from /home/airflow/.local/lib/python3.12/site-packages/airflow/example_dags/example_python_operator.py
[2024-11-01T02:18:56.586+0000] {processor.py:925} INFO - DAG(s) 'example_python_operator' retrieved from /home/airflow/.local/lib/python3.12/site-packages/airflow/example_dags/example_python_operator.py
[2024-11-01T02:18:56.605+0000] {logging_mixin.py:190} INFO - [2024-11-01T02:18:56.605+0000] {dag.py:3239} INFO - Sync 1 DAGs
[2024-11-01T02:18:56.617+0000] {logging_mixin.py:190} INFO - [2024-11-01T02:18:56.617+0000] {dag.py:4180} INFO - Setting next_dagrun for example_python_operator to None, run_after=None
[2024-11-01T02:18:56.634+0000] {processor.py:208} INFO - Processing /home/airflow/.local/lib/python3.12/site-packages/airflow/example_dags/example_python_operator.py took 0.066 seconds
[2024-11-01T02:19:27.074+0000] {processor.py:186} INFO - Started process (PID=660) to work on /home/airflow/.local/lib/python3.12/site-packages/airflow/example_dags/example_python_operator.py
[2024-11-01T02:19:27.075+0000] {processor.py:914} INFO - Processing file /home/airflow/.local/lib/python3.12/site-packages/airflow/example_dags/example_python_operator.py for tasks to queue
[2024-11-01T02:19:27.077+0000] {logging_mixin.py:190} INFO - [2024-11-01T02:19:27.076+0000] {dagbag.py:588} INFO - Filling up the DagBag from /home/airflow/.local/lib/python3.12/site-packages/airflow/example_dags/example_python_operator.py
[2024-11-01T02:19:27.087+0000] {processor.py:925} INFO - DAG(s) 'example_python_operator' retrieved from /home/airflow/.local/lib/python3.12/site-packages/airflow/example_dags/example_python_operator.py
[2024-11-01T02:19:27.106+0000] {logging_mixin.py:190} INFO - [2024-11-01T02:19:27.105+0000] {dag.py:3239} INFO - Sync 1 DAGs
[2024-11-01T02:19:27.119+0000] {logging_mixin.py:190} INFO - [2024-11-01T02:19:27.118+0000] {dag.py:4180} INFO - Setting next_dagrun for example_python_operator to None, run_after=None
[2024-11-01T02:19:27.136+0000] {processor.py:208} INFO - Processing /home/airflow/.local/lib/python3.12/site-packages/airflow/example_dags/example_python_operator.py took 0.067 seconds
[2024-11-01T02:19:57.727+0000] {processor.py:186} INFO - Started process (PID=723) to work on /home/airflow/.local/lib/python3.12/site-packages/airflow/example_dags/example_python_operator.py
[2024-11-01T02:19:57.728+0000] {processor.py:914} INFO - Processing file /home/airflow/.local/lib/python3.12/site-packages/airflow/example_dags/example_python_operator.py for tasks to queue
[2024-11-01T02:19:57.729+0000] {logging_mixin.py:190} INFO - [2024-11-01T02:19:57.729+0000] {dagbag.py:588} INFO - Filling up the DagBag from /home/airflow/.local/lib/python3.12/site-packages/airflow/example_dags/example_python_operator.py
[2024-11-01T02:19:57.740+0000] {processor.py:925} INFO - DAG(s) 'example_python_operator' retrieved from /home/airflow/.local/lib/python3.12/site-packages/airflow/example_dags/example_python_operator.py
[2024-11-01T02:19:57.760+0000] {logging_mixin.py:190} INFO - [2024-11-01T02:19:57.760+0000] {dag.py:3239} INFO - Sync 1 DAGs
[2024-11-01T02:19:57.773+0000] {logging_mixin.py:190} INFO - [2024-11-01T02:19:57.773+0000] {dag.py:4180} INFO - Setting next_dagrun for example_python_operator to None, run_after=None
[2024-11-01T02:19:57.790+0000] {processor.py:208} INFO - Processing /home/airflow/.local/lib/python3.12/site-packages/airflow/example_dags/example_python_operator.py took 0.068 seconds
[2024-11-01T02:20:28.463+0000] {processor.py:186} INFO - Started process (PID=786) to work on /home/airflow/.local/lib/python3.12/site-packages/airflow/example_dags/example_python_operator.py
[2024-11-01T02:20:28.464+0000] {processor.py:914} INFO - Processing file /home/airflow/.local/lib/python3.12/site-packages/airflow/example_dags/example_python_operator.py for tasks to queue
[2024-11-01T02:20:28.467+0000] {logging_mixin.py:190} INFO - [2024-11-01T02:20:28.466+0000] {dagbag.py:588} INFO - Filling up the DagBag from /home/airflow/.local/lib/python3.12/site-packages/airflow/example_dags/example_python_operator.py
[2024-11-01T02:20:28.478+0000] {processor.py:925} INFO - DAG(s) 'example_python_operator' retrieved from /home/airflow/.local/lib/python3.12/site-packages/airflow/example_dags/example_python_operator.py
[2024-11-01T02:20:28.498+0000] {logging_mixin.py:190} INFO - [2024-11-01T02:20:28.498+0000] {dag.py:3239} INFO - Sync 1 DAGs
[2024-11-01T02:20:28.512+0000] {logging_mixin.py:190} INFO - [2024-11-01T02:20:28.512+0000] {dag.py:4180} INFO - Setting next_dagrun for example_python_operator to None, run_after=None
[2024-11-01T02:20:28.530+0000] {processor.py:208} INFO - Processing /home/airflow/.local/lib/python3.12/site-packages/airflow/example_dags/example_python_operator.py took 0.072 seconds
[2024-11-01T02:20:59.411+0000] {processor.py:186} INFO - Started process (PID=849) to work on /home/airflow/.local/lib/python3.12/site-packages/airflow/example_dags/example_python_operator.py
[2024-11-01T02:20:59.412+0000] {processor.py:914} INFO - Processing file /home/airflow/.local/lib/python3.12/site-packages/airflow/example_dags/example_python_operator.py for tasks to queue
[2024-11-01T02:20:59.414+0000] {logging_mixin.py:190} INFO - [2024-11-01T02:20:59.414+0000] {dagbag.py:588} INFO - Filling up the DagBag from /home/airflow/.local/lib/python3.12/site-packages/airflow/example_dags/example_python_operator.py
[2024-11-01T02:20:59.425+0000] {processor.py:925} INFO - DAG(s) 'example_python_operator' retrieved from /home/airflow/.local/lib/python3.12/site-packages/airflow/example_dags/example_python_operator.py
[2024-11-01T02:20:59.447+0000] {logging_mixin.py:190} INFO - [2024-11-01T02:20:59.447+0000] {dag.py:3239} INFO - Sync 1 DAGs
[2024-11-01T02:20:59.462+0000] {logging_mixin.py:190} INFO - [2024-11-01T02:20:59.461+0000] {dag.py:4180} INFO - Setting next_dagrun for example_python_operator to None, run_after=None
[2024-11-01T02:20:59.480+0000] {processor.py:208} INFO - Processing /home/airflow/.local/lib/python3.12/site-packages/airflow/example_dags/example_python_operator.py took 0.074 seconds
[2024-11-01T02:21:30.468+0000] {processor.py:186} INFO - Started process (PID=912) to work on /home/airflow/.local/lib/python3.12/site-packages/airflow/example_dags/example_python_operator.py
[2024-11-01T02:21:30.469+0000] {processor.py:914} INFO - Processing file /home/airflow/.local/lib/python3.12/site-packages/airflow/example_dags/example_python_operator.py for tasks to queue
[2024-11-01T02:21:30.471+0000] {logging_mixin.py:190} INFO - [2024-11-01T02:21:30.471+0000] {dagbag.py:588} INFO - Filling up the DagBag from /home/airflow/.local/lib/python3.12/site-packages/airflow/example_dags/example_python_operator.py
[2024-11-01T02:21:30.481+0000] {processor.py:925} INFO - DAG(s) 'example_python_operator' retrieved from /home/airflow/.local/lib/python3.12/site-packages/airflow/example_dags/example_python_operator.py
[2024-11-01T02:21:30.501+0000] {logging_mixin.py:190} INFO - [2024-11-01T02:21:30.501+0000] {dag.py:3239} INFO - Sync 1 DAGs
[2024-11-01T02:21:30.514+0000] {logging_mixin.py:190} INFO - [2024-11-01T02:21:30.514+0000] {dag.py:4180} INFO - Setting next_dagrun for example_python_operator to None, run_after=None
[2024-11-01T02:21:30.531+0000] {processor.py:208} INFO - Processing /home/airflow/.local/lib/python3.12/site-packages/airflow/example_dags/example_python_operator.py took 0.069 seconds
[2024-11-01T02:22:01.249+0000] {processor.py:186} INFO - Started process (PID=975) to work on /home/airflow/.local/lib/python3.12/site-packages/airflow/example_dags/example_python_operator.py
[2024-11-01T02:22:01.250+0000] {processor.py:914} INFO - Processing file /home/airflow/.local/lib/python3.12/site-packages/airflow/example_dags/example_python_operator.py for tasks to queue
[2024-11-01T02:22:01.252+0000] {logging_mixin.py:190} INFO - [2024-11-01T02:22:01.252+0000] {dagbag.py:588} INFO - Filling up the DagBag from /home/airflow/.local/lib/python3.12/site-packages/airflow/example_dags/example_python_operator.py
[2024-11-01T02:22:01.261+0000] {processor.py:925} INFO - DAG(s) 'example_python_operator' retrieved from /home/airflow/.local/lib/python3.12/site-packages/airflow/example_dags/example_python_operator.py
[2024-11-01T02:22:01.279+0000] {logging_mixin.py:190} INFO - [2024-11-01T02:22:01.279+0000] {dag.py:3239} INFO - Sync 1 DAGs
[2024-11-01T02:22:01.292+0000] {logging_mixin.py:190} INFO - [2024-11-01T02:22:01.292+0000] {dag.py:4180} INFO - Setting next_dagrun for example_python_operator to None, run_after=None
[2024-11-01T02:22:01.309+0000] {processor.py:208} INFO - Processing /home/airflow/.local/lib/python3.12/site-packages/airflow/example_dags/example_python_operator.py took 0.065 seconds
[2024-11-01T02:22:31.907+0000] {processor.py:186} INFO - Started process (PID=1038) to work on /home/airflow/.local/lib/python3.12/site-packages/airflow/example_dags/example_python_operator.py
[2024-11-01T02:22:31.908+0000] {processor.py:914} INFO - Processing file /home/airflow/.local/lib/python3.12/site-packages/airflow/example_dags/example_python_operator.py for tasks to queue
[2024-11-01T02:22:31.910+0000] {logging_mixin.py:190} INFO - [2024-11-01T02:22:31.910+0000] {dagbag.py:588} INFO - Filling up the DagBag from /home/airflow/.local/lib/python3.12/site-packages/airflow/example_dags/example_python_operator.py
[2024-11-01T02:22:31.923+0000] {processor.py:925} INFO - DAG(s) 'example_python_operator' retrieved from /home/airflow/.local/lib/python3.12/site-packages/airflow/example_dags/example_python_operator.py
[2024-11-01T02:22:31.948+0000] {logging_mixin.py:190} INFO - [2024-11-01T02:22:31.948+0000] {dag.py:3239} INFO - Sync 1 DAGs
[2024-11-01T02:22:31.962+0000] {logging_mixin.py:190} INFO - [2024-11-01T02:22:31.961+0000] {dag.py:4180} INFO - Setting next_dagrun for example_python_operator to None, run_after=None
[2024-11-01T02:22:31.980+0000] {processor.py:208} INFO - Processing /home/airflow/.local/lib/python3.12/site-packages/airflow/example_dags/example_python_operator.py took 0.080 seconds
[2024-11-01T02:23:02.768+0000] {processor.py:186} INFO - Started process (PID=1101) to work on /home/airflow/.local/lib/python3.12/site-packages/airflow/example_dags/example_python_operator.py
[2024-11-01T02:23:02.769+0000] {processor.py:914} INFO - Processing file /home/airflow/.local/lib/python3.12/site-packages/airflow/example_dags/example_python_operator.py for tasks to queue
[2024-11-01T02:23:02.771+0000] {logging_mixin.py:190} INFO - [2024-11-01T02:23:02.770+0000] {dagbag.py:588} INFO - Filling up the DagBag from /home/airflow/.local/lib/python3.12/site-packages/airflow/example_dags/example_python_operator.py
[2024-11-01T02:23:02.781+0000] {processor.py:925} INFO - DAG(s) 'example_python_operator' retrieved from /home/airflow/.local/lib/python3.12/site-packages/airflow/example_dags/example_python_operator.py
[2024-11-01T02:23:02.800+0000] {logging_mixin.py:190} INFO - [2024-11-01T02:23:02.799+0000] {dag.py:3239} INFO - Sync 1 DAGs
[2024-11-01T02:23:02.813+0000] {logging_mixin.py:190} INFO - [2024-11-01T02:23:02.813+0000] {dag.py:4180} INFO - Setting next_dagrun for example_python_operator to None, run_after=None
[2024-11-01T02:23:02.840+0000] {processor.py:208} INFO - Processing /home/airflow/.local/lib/python3.12/site-packages/airflow/example_dags/example_python_operator.py took 0.078 seconds
[2024-11-01T02:23:33.376+0000] {processor.py:186} INFO - Started process (PID=1164) to work on /home/airflow/.local/lib/python3.12/site-packages/airflow/example_dags/example_python_operator.py
[2024-11-01T02:23:33.377+0000] {processor.py:914} INFO - Processing file /home/airflow/.local/lib/python3.12/site-packages/airflow/example_dags/example_python_operator.py for tasks to queue
[2024-11-01T02:23:33.379+0000] {logging_mixin.py:190} INFO - [2024-11-01T02:23:33.379+0000] {dagbag.py:588} INFO - Filling up the DagBag from /home/airflow/.local/lib/python3.12/site-packages/airflow/example_dags/example_python_operator.py
[2024-11-01T02:23:33.389+0000] {processor.py:925} INFO - DAG(s) 'example_python_operator' retrieved from /home/airflow/.local/lib/python3.12/site-packages/airflow/example_dags/example_python_operator.py
[2024-11-01T02:23:33.408+0000] {logging_mixin.py:190} INFO - [2024-11-01T02:23:33.408+0000] {dag.py:3239} INFO - Sync 1 DAGs
[2024-11-01T02:23:33.421+0000] {logging_mixin.py:190} INFO - [2024-11-01T02:23:33.421+0000] {dag.py:4180} INFO - Setting next_dagrun for example_python_operator to None, run_after=None
[2024-11-01T02:23:33.437+0000] {processor.py:208} INFO - Processing /home/airflow/.local/lib/python3.12/site-packages/airflow/example_dags/example_python_operator.py took 0.066 seconds
