[2024-11-01T02:04:33.092+0000] {processor.py:186} INFO - Started process (PID=94) to work on /home/airflow/.local/lib/python3.12/site-packages/airflow/example_dags/example_datasets.py
[2024-11-01T02:04:33.093+0000] {processor.py:914} INFO - Processing file /home/airflow/.local/lib/python3.12/site-packages/airflow/example_dags/example_datasets.py for tasks to queue
[2024-11-01T02:04:33.095+0000] {logging_mixin.py:190} INFO - [2024-11-01T02:04:33.095+0000] {dagbag.py:588} INFO - Filling up the DagBag from /home/airflow/.local/lib/python3.12/site-packages/airflow/example_dags/example_datasets.py
[2024-11-01T02:04:33.232+0000] {processor.py:925} INFO - DAG(s) 'dataset_consumes_1_never_scheduled', 'consume_1_or_2_with_dataset_expressions', 'dataset_consumes_1_and_2', 'consume_1_or_both_2_and_3_with_dataset_expressions', 'consume_1_and_2_with_dataset_expressions', 'dataset_produces_2', 'conditional_dataset_and_time_based_timetable', 'dataset_consumes_unknown_never_scheduled', 'dataset_consumes_1', 'dataset_produces_1' retrieved from /home/airflow/.local/lib/python3.12/site-packages/airflow/example_dags/example_datasets.py
[2024-11-01T02:04:33.317+0000] {logging_mixin.py:190} INFO - [2024-11-01T02:04:33.317+0000] {override.py:1900} INFO - Created Permission View: can edit on DAG:dataset_consumes_1_never_scheduled
[2024-11-01T02:04:33.327+0000] {logging_mixin.py:190} INFO - [2024-11-01T02:04:33.327+0000] {override.py:1900} INFO - Created Permission View: can read on DAG:dataset_consumes_1_never_scheduled
[2024-11-01T02:04:33.333+0000] {logging_mixin.py:190} INFO - [2024-11-01T02:04:33.333+0000] {override.py:1900} INFO - Created Permission View: can delete on DAG:dataset_consumes_1_never_scheduled
[2024-11-01T02:04:33.341+0000] {logging_mixin.py:190} INFO - [2024-11-01T02:04:33.341+0000] {override.py:1900} INFO - Created Permission View: can delete on DAG Run:dataset_consumes_1_never_scheduled
[2024-11-01T02:04:33.348+0000] {logging_mixin.py:190} INFO - [2024-11-01T02:04:33.347+0000] {override.py:1900} INFO - Created Permission View: can read on DAG Run:dataset_consumes_1_never_scheduled
[2024-11-01T02:04:33.355+0000] {logging_mixin.py:190} INFO - [2024-11-01T02:04:33.355+0000] {override.py:1900} INFO - Created Permission View: can create on DAG Run:dataset_consumes_1_never_scheduled
[2024-11-01T02:04:33.362+0000] {logging_mixin.py:190} INFO - [2024-11-01T02:04:33.361+0000] {override.py:1900} INFO - Created Permission View: menu access on DAG Run:dataset_consumes_1_never_scheduled
[2024-11-01T02:04:33.374+0000] {logging_mixin.py:190} INFO - [2024-11-01T02:04:33.374+0000] {override.py:1900} INFO - Created Permission View: can edit on DAG:consume_1_or_2_with_dataset_expressions
[2024-11-01T02:04:33.381+0000] {logging_mixin.py:190} INFO - [2024-11-01T02:04:33.380+0000] {override.py:1900} INFO - Created Permission View: can read on DAG:consume_1_or_2_with_dataset_expressions
[2024-11-01T02:04:33.387+0000] {logging_mixin.py:190} INFO - [2024-11-01T02:04:33.387+0000] {override.py:1900} INFO - Created Permission View: can delete on DAG:consume_1_or_2_with_dataset_expressions
[2024-11-01T02:04:33.394+0000] {logging_mixin.py:190} INFO - [2024-11-01T02:04:33.394+0000] {override.py:1900} INFO - Created Permission View: can delete on DAG Run:consume_1_or_2_with_dataset_expressions
[2024-11-01T02:04:33.401+0000] {logging_mixin.py:190} INFO - [2024-11-01T02:04:33.401+0000] {override.py:1900} INFO - Created Permission View: can read on DAG Run:consume_1_or_2_with_dataset_expressions
[2024-11-01T02:04:33.409+0000] {logging_mixin.py:190} INFO - [2024-11-01T02:04:33.408+0000] {override.py:1900} INFO - Created Permission View: can create on DAG Run:consume_1_or_2_with_dataset_expressions
[2024-11-01T02:04:33.415+0000] {logging_mixin.py:190} INFO - [2024-11-01T02:04:33.415+0000] {override.py:1900} INFO - Created Permission View: menu access on DAG Run:consume_1_or_2_with_dataset_expressions
[2024-11-01T02:04:33.427+0000] {logging_mixin.py:190} INFO - [2024-11-01T02:04:33.427+0000] {override.py:1900} INFO - Created Permission View: can edit on DAG:dataset_consumes_1_and_2
[2024-11-01T02:04:33.434+0000] {logging_mixin.py:190} INFO - [2024-11-01T02:04:33.434+0000] {override.py:1900} INFO - Created Permission View: can read on DAG:dataset_consumes_1_and_2
[2024-11-01T02:04:33.441+0000] {logging_mixin.py:190} INFO - [2024-11-01T02:04:33.440+0000] {override.py:1900} INFO - Created Permission View: can delete on DAG:dataset_consumes_1_and_2
[2024-11-01T02:04:33.449+0000] {logging_mixin.py:190} INFO - [2024-11-01T02:04:33.448+0000] {override.py:1900} INFO - Created Permission View: can delete on DAG Run:dataset_consumes_1_and_2
[2024-11-01T02:04:33.455+0000] {logging_mixin.py:190} INFO - [2024-11-01T02:04:33.455+0000] {override.py:1900} INFO - Created Permission View: can read on DAG Run:dataset_consumes_1_and_2
[2024-11-01T02:04:33.461+0000] {logging_mixin.py:190} INFO - [2024-11-01T02:04:33.461+0000] {override.py:1900} INFO - Created Permission View: can create on DAG Run:dataset_consumes_1_and_2
[2024-11-01T02:04:33.467+0000] {logging_mixin.py:190} INFO - [2024-11-01T02:04:33.467+0000] {override.py:1900} INFO - Created Permission View: menu access on DAG Run:dataset_consumes_1_and_2
[2024-11-01T02:04:33.479+0000] {logging_mixin.py:190} INFO - [2024-11-01T02:04:33.479+0000] {override.py:1900} INFO - Created Permission View: can edit on DAG:consume_1_or_both_2_and_3_with_dataset_expressions
[2024-11-01T02:04:33.486+0000] {logging_mixin.py:190} INFO - [2024-11-01T02:04:33.486+0000] {override.py:1900} INFO - Created Permission View: can read on DAG:consume_1_or_both_2_and_3_with_dataset_expressions
[2024-11-01T02:04:33.492+0000] {logging_mixin.py:190} INFO - [2024-11-01T02:04:33.492+0000] {override.py:1900} INFO - Created Permission View: can delete on DAG:consume_1_or_both_2_and_3_with_dataset_expressions
[2024-11-01T02:04:33.499+0000] {logging_mixin.py:190} INFO - [2024-11-01T02:04:33.499+0000] {override.py:1900} INFO - Created Permission View: can delete on DAG Run:consume_1_or_both_2_and_3_with_dataset_expressions
[2024-11-01T02:04:33.506+0000] {logging_mixin.py:190} INFO - [2024-11-01T02:04:33.505+0000] {override.py:1900} INFO - Created Permission View: can read on DAG Run:consume_1_or_both_2_and_3_with_dataset_expressions
[2024-11-01T02:04:33.512+0000] {logging_mixin.py:190} INFO - [2024-11-01T02:04:33.512+0000] {override.py:1900} INFO - Created Permission View: can create on DAG Run:consume_1_or_both_2_and_3_with_dataset_expressions
[2024-11-01T02:04:33.518+0000] {logging_mixin.py:190} INFO - [2024-11-01T02:04:33.518+0000] {override.py:1900} INFO - Created Permission View: menu access on DAG Run:consume_1_or_both_2_and_3_with_dataset_expressions
[2024-11-01T02:04:33.529+0000] {logging_mixin.py:190} INFO - [2024-11-01T02:04:33.529+0000] {override.py:1900} INFO - Created Permission View: can edit on DAG:consume_1_and_2_with_dataset_expressions
[2024-11-01T02:04:33.535+0000] {logging_mixin.py:190} INFO - [2024-11-01T02:04:33.535+0000] {override.py:1900} INFO - Created Permission View: can read on DAG:consume_1_and_2_with_dataset_expressions
[2024-11-01T02:04:33.542+0000] {logging_mixin.py:190} INFO - [2024-11-01T02:04:33.541+0000] {override.py:1900} INFO - Created Permission View: can delete on DAG:consume_1_and_2_with_dataset_expressions
[2024-11-01T02:04:33.550+0000] {logging_mixin.py:190} INFO - [2024-11-01T02:04:33.550+0000] {override.py:1900} INFO - Created Permission View: can delete on DAG Run:consume_1_and_2_with_dataset_expressions
[2024-11-01T02:04:33.557+0000] {logging_mixin.py:190} INFO - [2024-11-01T02:04:33.557+0000] {override.py:1900} INFO - Created Permission View: can read on DAG Run:consume_1_and_2_with_dataset_expressions
[2024-11-01T02:04:33.564+0000] {logging_mixin.py:190} INFO - [2024-11-01T02:04:33.563+0000] {override.py:1900} INFO - Created Permission View: can create on DAG Run:consume_1_and_2_with_dataset_expressions
[2024-11-01T02:04:33.570+0000] {logging_mixin.py:190} INFO - [2024-11-01T02:04:33.570+0000] {override.py:1900} INFO - Created Permission View: menu access on DAG Run:consume_1_and_2_with_dataset_expressions
[2024-11-01T02:04:33.582+0000] {logging_mixin.py:190} INFO - [2024-11-01T02:04:33.582+0000] {override.py:1900} INFO - Created Permission View: can edit on DAG:dataset_produces_2
[2024-11-01T02:04:33.589+0000] {logging_mixin.py:190} INFO - [2024-11-01T02:04:33.589+0000] {override.py:1900} INFO - Created Permission View: can read on DAG:dataset_produces_2
[2024-11-01T02:04:33.596+0000] {logging_mixin.py:190} INFO - [2024-11-01T02:04:33.595+0000] {override.py:1900} INFO - Created Permission View: can delete on DAG:dataset_produces_2
[2024-11-01T02:04:33.608+0000] {logging_mixin.py:190} INFO - [2024-11-01T02:04:33.607+0000] {override.py:1900} INFO - Created Permission View: can delete on DAG Run:dataset_produces_2
[2024-11-01T02:04:33.624+0000] {logging_mixin.py:190} INFO - [2024-11-01T02:04:33.624+0000] {override.py:1900} INFO - Created Permission View: can read on DAG Run:dataset_produces_2
[2024-11-01T02:04:33.634+0000] {logging_mixin.py:190} INFO - [2024-11-01T02:04:33.633+0000] {override.py:1900} INFO - Created Permission View: can create on DAG Run:dataset_produces_2
[2024-11-01T02:04:33.643+0000] {logging_mixin.py:190} INFO - [2024-11-01T02:04:33.643+0000] {override.py:1900} INFO - Created Permission View: menu access on DAG Run:dataset_produces_2
[2024-11-01T02:04:33.660+0000] {logging_mixin.py:190} INFO - [2024-11-01T02:04:33.660+0000] {override.py:1900} INFO - Created Permission View: can edit on DAG:conditional_dataset_and_time_based_timetable
[2024-11-01T02:04:33.672+0000] {logging_mixin.py:190} INFO - [2024-11-01T02:04:33.672+0000] {override.py:1900} INFO - Created Permission View: can read on DAG:conditional_dataset_and_time_based_timetable
[2024-11-01T02:04:33.684+0000] {logging_mixin.py:190} INFO - [2024-11-01T02:04:33.683+0000] {override.py:1900} INFO - Created Permission View: can delete on DAG:conditional_dataset_and_time_based_timetable
[2024-11-01T02:04:33.695+0000] {logging_mixin.py:190} INFO - [2024-11-01T02:04:33.695+0000] {override.py:1900} INFO - Created Permission View: can delete on DAG Run:conditional_dataset_and_time_based_timetable
[2024-11-01T02:04:33.705+0000] {logging_mixin.py:190} INFO - [2024-11-01T02:04:33.704+0000] {override.py:1900} INFO - Created Permission View: can read on DAG Run:conditional_dataset_and_time_based_timetable
[2024-11-01T02:04:33.714+0000] {logging_mixin.py:190} INFO - [2024-11-01T02:04:33.713+0000] {override.py:1900} INFO - Created Permission View: can create on DAG Run:conditional_dataset_and_time_based_timetable
[2024-11-01T02:04:33.723+0000] {logging_mixin.py:190} INFO - [2024-11-01T02:04:33.722+0000] {override.py:1900} INFO - Created Permission View: menu access on DAG Run:conditional_dataset_and_time_based_timetable
[2024-11-01T02:04:33.738+0000] {logging_mixin.py:190} INFO - [2024-11-01T02:04:33.737+0000] {override.py:1900} INFO - Created Permission View: can edit on DAG:dataset_consumes_unknown_never_scheduled
[2024-11-01T02:04:33.746+0000] {logging_mixin.py:190} INFO - [2024-11-01T02:04:33.746+0000] {override.py:1900} INFO - Created Permission View: can read on DAG:dataset_consumes_unknown_never_scheduled
[2024-11-01T02:04:33.757+0000] {logging_mixin.py:190} INFO - [2024-11-01T02:04:33.756+0000] {override.py:1900} INFO - Created Permission View: can delete on DAG:dataset_consumes_unknown_never_scheduled
[2024-11-01T02:04:33.767+0000] {logging_mixin.py:190} INFO - [2024-11-01T02:04:33.767+0000] {override.py:1900} INFO - Created Permission View: can delete on DAG Run:dataset_consumes_unknown_never_scheduled
[2024-11-01T02:04:33.774+0000] {logging_mixin.py:190} INFO - [2024-11-01T02:04:33.774+0000] {override.py:1900} INFO - Created Permission View: can read on DAG Run:dataset_consumes_unknown_never_scheduled
[2024-11-01T02:04:33.782+0000] {logging_mixin.py:190} INFO - [2024-11-01T02:04:33.782+0000] {override.py:1900} INFO - Created Permission View: can create on DAG Run:dataset_consumes_unknown_never_scheduled
[2024-11-01T02:04:33.790+0000] {logging_mixin.py:190} INFO - [2024-11-01T02:04:33.789+0000] {override.py:1900} INFO - Created Permission View: menu access on DAG Run:dataset_consumes_unknown_never_scheduled
[2024-11-01T02:04:33.805+0000] {logging_mixin.py:190} INFO - [2024-11-01T02:04:33.805+0000] {override.py:1900} INFO - Created Permission View: can edit on DAG:dataset_consumes_1
[2024-11-01T02:04:33.815+0000] {logging_mixin.py:190} INFO - [2024-11-01T02:04:33.814+0000] {override.py:1900} INFO - Created Permission View: can read on DAG:dataset_consumes_1
[2024-11-01T02:04:33.823+0000] {logging_mixin.py:190} INFO - [2024-11-01T02:04:33.823+0000] {override.py:1900} INFO - Created Permission View: can delete on DAG:dataset_consumes_1
[2024-11-01T02:04:33.831+0000] {logging_mixin.py:190} INFO - [2024-11-01T02:04:33.831+0000] {override.py:1900} INFO - Created Permission View: can delete on DAG Run:dataset_consumes_1
[2024-11-01T02:04:33.839+0000] {logging_mixin.py:190} INFO - [2024-11-01T02:04:33.839+0000] {override.py:1900} INFO - Created Permission View: can read on DAG Run:dataset_consumes_1
[2024-11-01T02:04:33.846+0000] {logging_mixin.py:190} INFO - [2024-11-01T02:04:33.845+0000] {override.py:1900} INFO - Created Permission View: can create on DAG Run:dataset_consumes_1
[2024-11-01T02:04:33.854+0000] {logging_mixin.py:190} INFO - [2024-11-01T02:04:33.853+0000] {override.py:1900} INFO - Created Permission View: menu access on DAG Run:dataset_consumes_1
[2024-11-01T02:04:33.867+0000] {logging_mixin.py:190} INFO - [2024-11-01T02:04:33.867+0000] {override.py:1900} INFO - Created Permission View: can edit on DAG:dataset_produces_1
[2024-11-01T02:04:33.874+0000] {logging_mixin.py:190} INFO - [2024-11-01T02:04:33.874+0000] {override.py:1900} INFO - Created Permission View: can read on DAG:dataset_produces_1
[2024-11-01T02:04:33.882+0000] {logging_mixin.py:190} INFO - [2024-11-01T02:04:33.881+0000] {override.py:1900} INFO - Created Permission View: can delete on DAG:dataset_produces_1
[2024-11-01T02:04:33.891+0000] {logging_mixin.py:190} INFO - [2024-11-01T02:04:33.891+0000] {override.py:1900} INFO - Created Permission View: can delete on DAG Run:dataset_produces_1
[2024-11-01T02:04:33.898+0000] {logging_mixin.py:190} INFO - [2024-11-01T02:04:33.897+0000] {override.py:1900} INFO - Created Permission View: can read on DAG Run:dataset_produces_1
[2024-11-01T02:04:33.906+0000] {logging_mixin.py:190} INFO - [2024-11-01T02:04:33.905+0000] {override.py:1900} INFO - Created Permission View: can create on DAG Run:dataset_produces_1
[2024-11-01T02:04:33.912+0000] {logging_mixin.py:190} INFO - [2024-11-01T02:04:33.912+0000] {override.py:1900} INFO - Created Permission View: menu access on DAG Run:dataset_produces_1
[2024-11-01T02:04:33.912+0000] {logging_mixin.py:190} INFO - [2024-11-01T02:04:33.912+0000] {dag.py:3239} INFO - Sync 10 DAGs
[2024-11-01T02:04:33.929+0000] {logging_mixin.py:190} INFO - [2024-11-01T02:04:33.929+0000] {dag.py:3262} INFO - Creating ORM DAG for dataset_produces_1
[2024-11-01T02:04:33.931+0000] {logging_mixin.py:190} INFO - [2024-11-01T02:04:33.930+0000] {dag.py:3262} INFO - Creating ORM DAG for consume_1_or_both_2_and_3_with_dataset_expressions
[2024-11-01T02:04:33.932+0000] {logging_mixin.py:190} INFO - [2024-11-01T02:04:33.931+0000] {dag.py:3262} INFO - Creating ORM DAG for dataset_consumes_1_never_scheduled
[2024-11-01T02:04:33.932+0000] {logging_mixin.py:190} INFO - [2024-11-01T02:04:33.932+0000] {dag.py:3262} INFO - Creating ORM DAG for dataset_consumes_1
[2024-11-01T02:04:33.933+0000] {logging_mixin.py:190} INFO - [2024-11-01T02:04:33.933+0000] {dag.py:3262} INFO - Creating ORM DAG for dataset_consumes_1_and_2
[2024-11-01T02:04:33.934+0000] {logging_mixin.py:190} INFO - [2024-11-01T02:04:33.934+0000] {dag.py:3262} INFO - Creating ORM DAG for consume_1_or_2_with_dataset_expressions
[2024-11-01T02:04:33.935+0000] {logging_mixin.py:190} INFO - [2024-11-01T02:04:33.934+0000] {dag.py:3262} INFO - Creating ORM DAG for consume_1_and_2_with_dataset_expressions
[2024-11-01T02:04:33.935+0000] {logging_mixin.py:190} INFO - [2024-11-01T02:04:33.935+0000] {dag.py:3262} INFO - Creating ORM DAG for dataset_produces_2
[2024-11-01T02:04:33.936+0000] {logging_mixin.py:190} INFO - [2024-11-01T02:04:33.936+0000] {dag.py:3262} INFO - Creating ORM DAG for dataset_consumes_unknown_never_scheduled
[2024-11-01T02:04:33.937+0000] {logging_mixin.py:190} INFO - [2024-11-01T02:04:33.937+0000] {dag.py:3262} INFO - Creating ORM DAG for conditional_dataset_and_time_based_timetable
[2024-11-01T02:04:33.950+0000] {logging_mixin.py:190} INFO - [2024-11-01T02:04:33.950+0000] {dag.py:4180} INFO - Setting next_dagrun for conditional_dataset_and_time_based_timetable to 2024-10-30 01:00:00+00:00, run_after=2024-10-30 01:00:00+00:00
[2024-11-01T02:04:33.951+0000] {logging_mixin.py:190} INFO - [2024-11-01T02:04:33.951+0000] {dag.py:4180} INFO - Setting next_dagrun for consume_1_and_2_with_dataset_expressions to None, run_after=None
[2024-11-01T02:04:33.952+0000] {logging_mixin.py:190} INFO - [2024-11-01T02:04:33.951+0000] {dag.py:4180} INFO - Setting next_dagrun for consume_1_or_2_with_dataset_expressions to None, run_after=None
[2024-11-01T02:04:33.953+0000] {logging_mixin.py:190} INFO - [2024-11-01T02:04:33.952+0000] {dag.py:4180} INFO - Setting next_dagrun for consume_1_or_both_2_and_3_with_dataset_expressions to None, run_after=None
[2024-11-01T02:04:33.953+0000] {logging_mixin.py:190} INFO - [2024-11-01T02:04:33.953+0000] {dag.py:4180} INFO - Setting next_dagrun for dataset_consumes_1 to None, run_after=None
[2024-11-01T02:04:33.954+0000] {logging_mixin.py:190} INFO - [2024-11-01T02:04:33.953+0000] {dag.py:4180} INFO - Setting next_dagrun for dataset_consumes_1_and_2 to None, run_after=None
[2024-11-01T02:04:33.954+0000] {logging_mixin.py:190} INFO - [2024-11-01T02:04:33.954+0000] {dag.py:4180} INFO - Setting next_dagrun for dataset_consumes_1_never_scheduled to None, run_after=None
[2024-11-01T02:04:33.955+0000] {logging_mixin.py:190} INFO - [2024-11-01T02:04:33.955+0000] {dag.py:4180} INFO - Setting next_dagrun for dataset_consumes_unknown_never_scheduled to None, run_after=None
[2024-11-01T02:04:33.957+0000] {logging_mixin.py:190} INFO - [2024-11-01T02:04:33.957+0000] {dag.py:4180} INFO - Setting next_dagrun for dataset_produces_1 to 2024-10-31 00:00:00+00:00, run_after=2024-11-01 00:00:00+00:00
[2024-11-01T02:04:33.958+0000] {logging_mixin.py:190} INFO - [2024-11-01T02:04:33.958+0000] {dag.py:4180} INFO - Setting next_dagrun for dataset_produces_2 to None, run_after=None
[2024-11-01T02:04:34.002+0000] {processor.py:208} INFO - Processing /home/airflow/.local/lib/python3.12/site-packages/airflow/example_dags/example_datasets.py took 0.914 seconds
[2024-11-01T02:05:04.619+0000] {processor.py:186} INFO - Started process (PID=157) to work on /home/airflow/.local/lib/python3.12/site-packages/airflow/example_dags/example_datasets.py
[2024-11-01T02:05:04.622+0000] {processor.py:914} INFO - Processing file /home/airflow/.local/lib/python3.12/site-packages/airflow/example_dags/example_datasets.py for tasks to queue
[2024-11-01T02:05:04.624+0000] {logging_mixin.py:190} INFO - [2024-11-01T02:05:04.624+0000] {dagbag.py:588} INFO - Filling up the DagBag from /home/airflow/.local/lib/python3.12/site-packages/airflow/example_dags/example_datasets.py
[2024-11-01T02:05:04.754+0000] {processor.py:925} INFO - DAG(s) 'consume_1_or_2_with_dataset_expressions', 'consume_1_and_2_with_dataset_expressions', 'dataset_consumes_unknown_never_scheduled', 'dataset_produces_2', 'dataset_consumes_1_never_scheduled', 'conditional_dataset_and_time_based_timetable', 'dataset_produces_1', 'consume_1_or_both_2_and_3_with_dataset_expressions', 'dataset_consumes_1', 'dataset_consumes_1_and_2' retrieved from /home/airflow/.local/lib/python3.12/site-packages/airflow/example_dags/example_datasets.py
[2024-11-01T02:05:04.791+0000] {logging_mixin.py:190} INFO - [2024-11-01T02:05:04.791+0000] {dag.py:3239} INFO - Sync 10 DAGs
[2024-11-01T02:05:04.816+0000] {logging_mixin.py:190} INFO - [2024-11-01T02:05:04.815+0000] {dag.py:4180} INFO - Setting next_dagrun for conditional_dataset_and_time_based_timetable to 2024-10-30 01:00:00+00:00, run_after=2024-10-30 01:00:00+00:00
[2024-11-01T02:05:04.819+0000] {logging_mixin.py:190} INFO - [2024-11-01T02:05:04.819+0000] {dag.py:4180} INFO - Setting next_dagrun for consume_1_and_2_with_dataset_expressions to None, run_after=None
[2024-11-01T02:05:04.821+0000] {logging_mixin.py:190} INFO - [2024-11-01T02:05:04.821+0000] {dag.py:4180} INFO - Setting next_dagrun for consume_1_or_2_with_dataset_expressions to None, run_after=None
[2024-11-01T02:05:04.822+0000] {logging_mixin.py:190} INFO - [2024-11-01T02:05:04.822+0000] {dag.py:4180} INFO - Setting next_dagrun for consume_1_or_both_2_and_3_with_dataset_expressions to None, run_after=None
[2024-11-01T02:05:04.823+0000] {logging_mixin.py:190} INFO - [2024-11-01T02:05:04.823+0000] {dag.py:4180} INFO - Setting next_dagrun for dataset_consumes_1 to None, run_after=None
[2024-11-01T02:05:04.826+0000] {logging_mixin.py:190} INFO - [2024-11-01T02:05:04.826+0000] {dag.py:4180} INFO - Setting next_dagrun for dataset_consumes_1_and_2 to None, run_after=None
[2024-11-01T02:05:04.827+0000] {logging_mixin.py:190} INFO - [2024-11-01T02:05:04.827+0000] {dag.py:4180} INFO - Setting next_dagrun for dataset_consumes_1_never_scheduled to None, run_after=None
[2024-11-01T02:05:04.829+0000] {logging_mixin.py:190} INFO - [2024-11-01T02:05:04.828+0000] {dag.py:4180} INFO - Setting next_dagrun for dataset_consumes_unknown_never_scheduled to None, run_after=None
[2024-11-01T02:05:04.832+0000] {logging_mixin.py:190} INFO - [2024-11-01T02:05:04.831+0000] {dag.py:4180} INFO - Setting next_dagrun for dataset_produces_1 to 2024-10-31 00:00:00+00:00, run_after=2024-11-01 00:00:00+00:00
[2024-11-01T02:05:04.833+0000] {logging_mixin.py:190} INFO - [2024-11-01T02:05:04.833+0000] {dag.py:4180} INFO - Setting next_dagrun for dataset_produces_2 to None, run_after=None
[2024-11-01T02:05:04.994+0000] {processor.py:208} INFO - Processing /home/airflow/.local/lib/python3.12/site-packages/airflow/example_dags/example_datasets.py took 0.379 seconds
[2024-11-01T02:05:35.151+0000] {processor.py:186} INFO - Started process (PID=220) to work on /home/airflow/.local/lib/python3.12/site-packages/airflow/example_dags/example_datasets.py
[2024-11-01T02:05:35.152+0000] {processor.py:914} INFO - Processing file /home/airflow/.local/lib/python3.12/site-packages/airflow/example_dags/example_datasets.py for tasks to queue
[2024-11-01T02:05:35.154+0000] {logging_mixin.py:190} INFO - [2024-11-01T02:05:35.154+0000] {dagbag.py:588} INFO - Filling up the DagBag from /home/airflow/.local/lib/python3.12/site-packages/airflow/example_dags/example_datasets.py
[2024-11-01T02:05:35.282+0000] {processor.py:925} INFO - DAG(s) 'dataset_consumes_1', 'consume_1_and_2_with_dataset_expressions', 'conditional_dataset_and_time_based_timetable', 'dataset_produces_1', 'dataset_produces_2', 'dataset_consumes_1_and_2', 'consume_1_or_2_with_dataset_expressions', 'consume_1_or_both_2_and_3_with_dataset_expressions', 'dataset_consumes_1_never_scheduled', 'dataset_consumes_unknown_never_scheduled' retrieved from /home/airflow/.local/lib/python3.12/site-packages/airflow/example_dags/example_datasets.py
[2024-11-01T02:05:35.317+0000] {logging_mixin.py:190} INFO - [2024-11-01T02:05:35.317+0000] {dag.py:3239} INFO - Sync 10 DAGs
[2024-11-01T02:05:35.339+0000] {logging_mixin.py:190} INFO - [2024-11-01T02:05:35.339+0000] {dag.py:4180} INFO - Setting next_dagrun for conditional_dataset_and_time_based_timetable to 2024-10-30 01:00:00+00:00, run_after=2024-10-30 01:00:00+00:00
[2024-11-01T02:05:35.342+0000] {logging_mixin.py:190} INFO - [2024-11-01T02:05:35.342+0000] {dag.py:4180} INFO - Setting next_dagrun for consume_1_and_2_with_dataset_expressions to None, run_after=None
[2024-11-01T02:05:35.344+0000] {logging_mixin.py:190} INFO - [2024-11-01T02:05:35.344+0000] {dag.py:4180} INFO - Setting next_dagrun for consume_1_or_2_with_dataset_expressions to None, run_after=None
[2024-11-01T02:05:35.345+0000] {logging_mixin.py:190} INFO - [2024-11-01T02:05:35.345+0000] {dag.py:4180} INFO - Setting next_dagrun for consume_1_or_both_2_and_3_with_dataset_expressions to None, run_after=None
[2024-11-01T02:05:35.347+0000] {logging_mixin.py:190} INFO - [2024-11-01T02:05:35.347+0000] {dag.py:4180} INFO - Setting next_dagrun for dataset_consumes_1 to None, run_after=None
[2024-11-01T02:05:35.348+0000] {logging_mixin.py:190} INFO - [2024-11-01T02:05:35.348+0000] {dag.py:4180} INFO - Setting next_dagrun for dataset_consumes_1_and_2 to None, run_after=None
[2024-11-01T02:05:35.349+0000] {logging_mixin.py:190} INFO - [2024-11-01T02:05:35.349+0000] {dag.py:4180} INFO - Setting next_dagrun for dataset_consumes_1_never_scheduled to None, run_after=None
[2024-11-01T02:05:35.351+0000] {logging_mixin.py:190} INFO - [2024-11-01T02:05:35.351+0000] {dag.py:4180} INFO - Setting next_dagrun for dataset_consumes_unknown_never_scheduled to None, run_after=None
[2024-11-01T02:05:35.354+0000] {logging_mixin.py:190} INFO - [2024-11-01T02:05:35.354+0000] {dag.py:4180} INFO - Setting next_dagrun for dataset_produces_1 to 2024-10-31 00:00:00+00:00, run_after=2024-11-01 00:00:00+00:00
[2024-11-01T02:05:35.356+0000] {logging_mixin.py:190} INFO - [2024-11-01T02:05:35.355+0000] {dag.py:4180} INFO - Setting next_dagrun for dataset_produces_2 to None, run_after=None
[2024-11-01T02:05:35.387+0000] {processor.py:208} INFO - Processing /home/airflow/.local/lib/python3.12/site-packages/airflow/example_dags/example_datasets.py took 0.240 seconds
[2024-11-01T02:06:05.508+0000] {processor.py:186} INFO - Started process (PID=284) to work on /home/airflow/.local/lib/python3.12/site-packages/airflow/example_dags/example_datasets.py
[2024-11-01T02:06:05.509+0000] {processor.py:914} INFO - Processing file /home/airflow/.local/lib/python3.12/site-packages/airflow/example_dags/example_datasets.py for tasks to queue
[2024-11-01T02:06:05.511+0000] {logging_mixin.py:190} INFO - [2024-11-01T02:06:05.511+0000] {dagbag.py:588} INFO - Filling up the DagBag from /home/airflow/.local/lib/python3.12/site-packages/airflow/example_dags/example_datasets.py
[2024-11-01T02:06:05.649+0000] {processor.py:925} INFO - DAG(s) 'consume_1_and_2_with_dataset_expressions', 'consume_1_or_2_with_dataset_expressions', 'dataset_consumes_unknown_never_scheduled', 'consume_1_or_both_2_and_3_with_dataset_expressions', 'conditional_dataset_and_time_based_timetable', 'dataset_produces_2', 'dataset_consumes_1_never_scheduled', 'dataset_consumes_1', 'dataset_produces_1', 'dataset_consumes_1_and_2' retrieved from /home/airflow/.local/lib/python3.12/site-packages/airflow/example_dags/example_datasets.py
[2024-11-01T02:06:05.691+0000] {logging_mixin.py:190} INFO - [2024-11-01T02:06:05.691+0000] {dag.py:3239} INFO - Sync 10 DAGs
[2024-11-01T02:06:05.717+0000] {logging_mixin.py:190} INFO - [2024-11-01T02:06:05.716+0000] {dag.py:4180} INFO - Setting next_dagrun for conditional_dataset_and_time_based_timetable to 2024-10-30 01:00:00+00:00, run_after=2024-10-30 01:00:00+00:00
[2024-11-01T02:06:05.720+0000] {logging_mixin.py:190} INFO - [2024-11-01T02:06:05.720+0000] {dag.py:4180} INFO - Setting next_dagrun for consume_1_and_2_with_dataset_expressions to None, run_after=None
[2024-11-01T02:06:05.721+0000] {logging_mixin.py:190} INFO - [2024-11-01T02:06:05.721+0000] {dag.py:4180} INFO - Setting next_dagrun for consume_1_or_2_with_dataset_expressions to None, run_after=None
[2024-11-01T02:06:05.722+0000] {logging_mixin.py:190} INFO - [2024-11-01T02:06:05.722+0000] {dag.py:4180} INFO - Setting next_dagrun for consume_1_or_both_2_and_3_with_dataset_expressions to None, run_after=None
[2024-11-01T02:06:05.724+0000] {logging_mixin.py:190} INFO - [2024-11-01T02:06:05.723+0000] {dag.py:4180} INFO - Setting next_dagrun for dataset_consumes_1 to None, run_after=None
[2024-11-01T02:06:05.725+0000] {logging_mixin.py:190} INFO - [2024-11-01T02:06:05.725+0000] {dag.py:4180} INFO - Setting next_dagrun for dataset_consumes_1_and_2 to None, run_after=None
[2024-11-01T02:06:05.726+0000] {logging_mixin.py:190} INFO - [2024-11-01T02:06:05.726+0000] {dag.py:4180} INFO - Setting next_dagrun for dataset_consumes_1_never_scheduled to None, run_after=None
[2024-11-01T02:06:05.727+0000] {logging_mixin.py:190} INFO - [2024-11-01T02:06:05.727+0000] {dag.py:4180} INFO - Setting next_dagrun for dataset_consumes_unknown_never_scheduled to None, run_after=None
[2024-11-01T02:06:05.730+0000] {logging_mixin.py:190} INFO - [2024-11-01T02:06:05.729+0000] {dag.py:4180} INFO - Setting next_dagrun for dataset_produces_1 to 2024-10-31 00:00:00+00:00, run_after=2024-11-01 00:00:00+00:00
[2024-11-01T02:06:05.731+0000] {logging_mixin.py:190} INFO - [2024-11-01T02:06:05.731+0000] {dag.py:4180} INFO - Setting next_dagrun for dataset_produces_2 to None, run_after=None
[2024-11-01T02:06:05.762+0000] {processor.py:208} INFO - Processing /home/airflow/.local/lib/python3.12/site-packages/airflow/example_dags/example_datasets.py took 0.258 seconds
[2024-11-01T02:14:52.164+0000] {processor.py:186} INFO - Started process (PID=90) to work on /home/airflow/.local/lib/python3.12/site-packages/airflow/example_dags/example_datasets.py
[2024-11-01T02:14:52.165+0000] {processor.py:914} INFO - Processing file /home/airflow/.local/lib/python3.12/site-packages/airflow/example_dags/example_datasets.py for tasks to queue
[2024-11-01T02:14:52.167+0000] {logging_mixin.py:190} INFO - [2024-11-01T02:14:52.166+0000] {dagbag.py:588} INFO - Filling up the DagBag from /home/airflow/.local/lib/python3.12/site-packages/airflow/example_dags/example_datasets.py
[2024-11-01T02:14:52.305+0000] {processor.py:925} INFO - DAG(s) 'consume_1_or_both_2_and_3_with_dataset_expressions', 'dataset_consumes_1_and_2', 'conditional_dataset_and_time_based_timetable', 'dataset_produces_1', 'dataset_consumes_unknown_never_scheduled', 'dataset_consumes_1_never_scheduled', 'dataset_consumes_1', 'consume_1_or_2_with_dataset_expressions', 'consume_1_and_2_with_dataset_expressions', 'dataset_produces_2' retrieved from /home/airflow/.local/lib/python3.12/site-packages/airflow/example_dags/example_datasets.py
[2024-11-01T02:14:52.344+0000] {logging_mixin.py:190} INFO - [2024-11-01T02:14:52.344+0000] {dag.py:3239} INFO - Sync 10 DAGs
[2024-11-01T02:14:52.369+0000] {logging_mixin.py:190} INFO - [2024-11-01T02:14:52.369+0000] {dag.py:4180} INFO - Setting next_dagrun for conditional_dataset_and_time_based_timetable to 2024-10-30 01:00:00+00:00, run_after=2024-10-30 01:00:00+00:00
[2024-11-01T02:14:52.373+0000] {logging_mixin.py:190} INFO - [2024-11-01T02:14:52.373+0000] {dag.py:4180} INFO - Setting next_dagrun for consume_1_and_2_with_dataset_expressions to None, run_after=None
[2024-11-01T02:14:52.374+0000] {logging_mixin.py:190} INFO - [2024-11-01T02:14:52.374+0000] {dag.py:4180} INFO - Setting next_dagrun for consume_1_or_2_with_dataset_expressions to None, run_after=None
[2024-11-01T02:14:52.376+0000] {logging_mixin.py:190} INFO - [2024-11-01T02:14:52.375+0000] {dag.py:4180} INFO - Setting next_dagrun for consume_1_or_both_2_and_3_with_dataset_expressions to None, run_after=None
[2024-11-01T02:14:52.377+0000] {logging_mixin.py:190} INFO - [2024-11-01T02:14:52.377+0000] {dag.py:4180} INFO - Setting next_dagrun for dataset_consumes_1 to None, run_after=None
[2024-11-01T02:14:52.378+0000] {logging_mixin.py:190} INFO - [2024-11-01T02:14:52.378+0000] {dag.py:4180} INFO - Setting next_dagrun for dataset_consumes_1_and_2 to None, run_after=None
[2024-11-01T02:14:52.379+0000] {logging_mixin.py:190} INFO - [2024-11-01T02:14:52.379+0000] {dag.py:4180} INFO - Setting next_dagrun for dataset_consumes_1_never_scheduled to None, run_after=None
[2024-11-01T02:14:52.381+0000] {logging_mixin.py:190} INFO - [2024-11-01T02:14:52.380+0000] {dag.py:4180} INFO - Setting next_dagrun for dataset_consumes_unknown_never_scheduled to None, run_after=None
[2024-11-01T02:14:52.383+0000] {logging_mixin.py:190} INFO - [2024-11-01T02:14:52.383+0000] {dag.py:4180} INFO - Setting next_dagrun for dataset_produces_1 to 2024-10-31 00:00:00+00:00, run_after=2024-11-01 00:00:00+00:00
[2024-11-01T02:14:52.384+0000] {logging_mixin.py:190} INFO - [2024-11-01T02:14:52.384+0000] {dag.py:4180} INFO - Setting next_dagrun for dataset_produces_2 to None, run_after=None
[2024-11-01T02:14:52.416+0000] {processor.py:208} INFO - Processing /home/airflow/.local/lib/python3.12/site-packages/airflow/example_dags/example_datasets.py took 0.257 seconds
[2024-11-01T02:15:22.796+0000] {processor.py:186} INFO - Started process (PID=153) to work on /home/airflow/.local/lib/python3.12/site-packages/airflow/example_dags/example_datasets.py
[2024-11-01T02:15:22.797+0000] {processor.py:914} INFO - Processing file /home/airflow/.local/lib/python3.12/site-packages/airflow/example_dags/example_datasets.py for tasks to queue
[2024-11-01T02:15:22.799+0000] {logging_mixin.py:190} INFO - [2024-11-01T02:15:22.799+0000] {dagbag.py:588} INFO - Filling up the DagBag from /home/airflow/.local/lib/python3.12/site-packages/airflow/example_dags/example_datasets.py
[2024-11-01T02:15:22.925+0000] {processor.py:925} INFO - DAG(s) 'consume_1_or_2_with_dataset_expressions', 'dataset_consumes_unknown_never_scheduled', 'dataset_produces_2', 'consume_1_or_both_2_and_3_with_dataset_expressions', 'dataset_consumes_1_never_scheduled', 'consume_1_and_2_with_dataset_expressions', 'dataset_consumes_1', 'dataset_consumes_1_and_2', 'conditional_dataset_and_time_based_timetable', 'dataset_produces_1' retrieved from /home/airflow/.local/lib/python3.12/site-packages/airflow/example_dags/example_datasets.py
[2024-11-01T02:15:22.959+0000] {logging_mixin.py:190} INFO - [2024-11-01T02:15:22.959+0000] {dag.py:3239} INFO - Sync 10 DAGs
[2024-11-01T02:15:22.981+0000] {logging_mixin.py:190} INFO - [2024-11-01T02:15:22.981+0000] {dag.py:4180} INFO - Setting next_dagrun for conditional_dataset_and_time_based_timetable to 2024-10-30 01:00:00+00:00, run_after=2024-10-30 01:00:00+00:00
[2024-11-01T02:15:22.984+0000] {logging_mixin.py:190} INFO - [2024-11-01T02:15:22.984+0000] {dag.py:4180} INFO - Setting next_dagrun for consume_1_and_2_with_dataset_expressions to None, run_after=None
[2024-11-01T02:15:22.985+0000] {logging_mixin.py:190} INFO - [2024-11-01T02:15:22.985+0000] {dag.py:4180} INFO - Setting next_dagrun for consume_1_or_2_with_dataset_expressions to None, run_after=None
[2024-11-01T02:15:22.986+0000] {logging_mixin.py:190} INFO - [2024-11-01T02:15:22.986+0000] {dag.py:4180} INFO - Setting next_dagrun for consume_1_or_both_2_and_3_with_dataset_expressions to None, run_after=None
[2024-11-01T02:15:22.987+0000] {logging_mixin.py:190} INFO - [2024-11-01T02:15:22.987+0000] {dag.py:4180} INFO - Setting next_dagrun for dataset_consumes_1 to None, run_after=None
[2024-11-01T02:15:22.989+0000] {logging_mixin.py:190} INFO - [2024-11-01T02:15:22.989+0000] {dag.py:4180} INFO - Setting next_dagrun for dataset_consumes_1_and_2 to None, run_after=None
[2024-11-01T02:15:22.990+0000] {logging_mixin.py:190} INFO - [2024-11-01T02:15:22.990+0000] {dag.py:4180} INFO - Setting next_dagrun for dataset_consumes_1_never_scheduled to None, run_after=None
[2024-11-01T02:15:22.991+0000] {logging_mixin.py:190} INFO - [2024-11-01T02:15:22.991+0000] {dag.py:4180} INFO - Setting next_dagrun for dataset_consumes_unknown_never_scheduled to None, run_after=None
[2024-11-01T02:15:22.993+0000] {logging_mixin.py:190} INFO - [2024-11-01T02:15:22.993+0000] {dag.py:4180} INFO - Setting next_dagrun for dataset_produces_1 to 2024-10-31 00:00:00+00:00, run_after=2024-11-01 00:00:00+00:00
[2024-11-01T02:15:22.994+0000] {logging_mixin.py:190} INFO - [2024-11-01T02:15:22.994+0000] {dag.py:4180} INFO - Setting next_dagrun for dataset_produces_2 to None, run_after=None
[2024-11-01T02:15:23.022+0000] {processor.py:208} INFO - Processing /home/airflow/.local/lib/python3.12/site-packages/airflow/example_dags/example_datasets.py took 0.231 seconds
[2024-11-01T02:15:53.275+0000] {processor.py:186} INFO - Started process (PID=216) to work on /home/airflow/.local/lib/python3.12/site-packages/airflow/example_dags/example_datasets.py
[2024-11-01T02:15:53.276+0000] {processor.py:914} INFO - Processing file /home/airflow/.local/lib/python3.12/site-packages/airflow/example_dags/example_datasets.py for tasks to queue
[2024-11-01T02:15:53.278+0000] {logging_mixin.py:190} INFO - [2024-11-01T02:15:53.278+0000] {dagbag.py:588} INFO - Filling up the DagBag from /home/airflow/.local/lib/python3.12/site-packages/airflow/example_dags/example_datasets.py
[2024-11-01T02:15:53.421+0000] {processor.py:925} INFO - DAG(s) 'dataset_consumes_1_never_scheduled', 'consume_1_or_both_2_and_3_with_dataset_expressions', 'dataset_consumes_unknown_never_scheduled', 'consume_1_or_2_with_dataset_expressions', 'dataset_produces_2', 'dataset_consumes_1', 'dataset_consumes_1_and_2', 'dataset_produces_1', 'consume_1_and_2_with_dataset_expressions', 'conditional_dataset_and_time_based_timetable' retrieved from /home/airflow/.local/lib/python3.12/site-packages/airflow/example_dags/example_datasets.py
[2024-11-01T02:15:53.465+0000] {logging_mixin.py:190} INFO - [2024-11-01T02:15:53.464+0000] {dag.py:3239} INFO - Sync 10 DAGs
[2024-11-01T02:15:53.489+0000] {logging_mixin.py:190} INFO - [2024-11-01T02:15:53.489+0000] {dag.py:4180} INFO - Setting next_dagrun for conditional_dataset_and_time_based_timetable to 2024-10-30 01:00:00+00:00, run_after=2024-10-30 01:00:00+00:00
[2024-11-01T02:15:53.493+0000] {logging_mixin.py:190} INFO - [2024-11-01T02:15:53.493+0000] {dag.py:4180} INFO - Setting next_dagrun for consume_1_and_2_with_dataset_expressions to None, run_after=None
[2024-11-01T02:15:53.494+0000] {logging_mixin.py:190} INFO - [2024-11-01T02:15:53.494+0000] {dag.py:4180} INFO - Setting next_dagrun for consume_1_or_2_with_dataset_expressions to None, run_after=None
[2024-11-01T02:15:53.495+0000] {logging_mixin.py:190} INFO - [2024-11-01T02:15:53.495+0000] {dag.py:4180} INFO - Setting next_dagrun for consume_1_or_both_2_and_3_with_dataset_expressions to None, run_after=None
[2024-11-01T02:15:53.496+0000] {logging_mixin.py:190} INFO - [2024-11-01T02:15:53.496+0000] {dag.py:4180} INFO - Setting next_dagrun for dataset_consumes_1 to None, run_after=None
[2024-11-01T02:15:53.499+0000] {logging_mixin.py:190} INFO - [2024-11-01T02:15:53.499+0000] {dag.py:4180} INFO - Setting next_dagrun for dataset_consumes_1_and_2 to None, run_after=None
[2024-11-01T02:15:53.500+0000] {logging_mixin.py:190} INFO - [2024-11-01T02:15:53.500+0000] {dag.py:4180} INFO - Setting next_dagrun for dataset_consumes_1_never_scheduled to None, run_after=None
[2024-11-01T02:15:53.502+0000] {logging_mixin.py:190} INFO - [2024-11-01T02:15:53.501+0000] {dag.py:4180} INFO - Setting next_dagrun for dataset_consumes_unknown_never_scheduled to None, run_after=None
[2024-11-01T02:15:53.504+0000] {logging_mixin.py:190} INFO - [2024-11-01T02:15:53.504+0000] {dag.py:4180} INFO - Setting next_dagrun for dataset_produces_1 to 2024-10-31 00:00:00+00:00, run_after=2024-11-01 00:00:00+00:00
[2024-11-01T02:15:53.505+0000] {logging_mixin.py:190} INFO - [2024-11-01T02:15:53.505+0000] {dag.py:4180} INFO - Setting next_dagrun for dataset_produces_2 to None, run_after=None
[2024-11-01T02:15:53.532+0000] {processor.py:208} INFO - Processing /home/airflow/.local/lib/python3.12/site-packages/airflow/example_dags/example_datasets.py took 0.262 seconds
[2024-11-01T02:16:23.937+0000] {processor.py:186} INFO - Started process (PID=285) to work on /home/airflow/.local/lib/python3.12/site-packages/airflow/example_dags/example_datasets.py
[2024-11-01T02:16:23.938+0000] {processor.py:914} INFO - Processing file /home/airflow/.local/lib/python3.12/site-packages/airflow/example_dags/example_datasets.py for tasks to queue
[2024-11-01T02:16:23.940+0000] {logging_mixin.py:190} INFO - [2024-11-01T02:16:23.939+0000] {dagbag.py:588} INFO - Filling up the DagBag from /home/airflow/.local/lib/python3.12/site-packages/airflow/example_dags/example_datasets.py
[2024-11-01T02:16:24.072+0000] {processor.py:925} INFO - DAG(s) 'dataset_consumes_1_never_scheduled', 'consume_1_and_2_with_dataset_expressions', 'dataset_consumes_1_and_2', 'dataset_produces_2', 'conditional_dataset_and_time_based_timetable', 'dataset_consumes_1', 'dataset_consumes_unknown_never_scheduled', 'consume_1_or_2_with_dataset_expressions', 'dataset_produces_1', 'consume_1_or_both_2_and_3_with_dataset_expressions' retrieved from /home/airflow/.local/lib/python3.12/site-packages/airflow/example_dags/example_datasets.py
[2024-11-01T02:16:24.109+0000] {logging_mixin.py:190} INFO - [2024-11-01T02:16:24.109+0000] {dag.py:3239} INFO - Sync 10 DAGs
[2024-11-01T02:16:24.132+0000] {logging_mixin.py:190} INFO - [2024-11-01T02:16:24.132+0000] {dag.py:4180} INFO - Setting next_dagrun for conditional_dataset_and_time_based_timetable to 2024-10-30 01:00:00+00:00, run_after=2024-10-30 01:00:00+00:00
[2024-11-01T02:16:24.137+0000] {logging_mixin.py:190} INFO - [2024-11-01T02:16:24.137+0000] {dag.py:4180} INFO - Setting next_dagrun for consume_1_and_2_with_dataset_expressions to None, run_after=None
[2024-11-01T02:16:24.139+0000] {logging_mixin.py:190} INFO - [2024-11-01T02:16:24.138+0000] {dag.py:4180} INFO - Setting next_dagrun for consume_1_or_2_with_dataset_expressions to None, run_after=None
[2024-11-01T02:16:24.140+0000] {logging_mixin.py:190} INFO - [2024-11-01T02:16:24.140+0000] {dag.py:4180} INFO - Setting next_dagrun for consume_1_or_both_2_and_3_with_dataset_expressions to None, run_after=None
[2024-11-01T02:16:24.141+0000] {logging_mixin.py:190} INFO - [2024-11-01T02:16:24.141+0000] {dag.py:4180} INFO - Setting next_dagrun for dataset_consumes_1 to None, run_after=None
[2024-11-01T02:16:24.142+0000] {logging_mixin.py:190} INFO - [2024-11-01T02:16:24.142+0000] {dag.py:4180} INFO - Setting next_dagrun for dataset_consumes_1_and_2 to None, run_after=None
[2024-11-01T02:16:24.143+0000] {logging_mixin.py:190} INFO - [2024-11-01T02:16:24.143+0000] {dag.py:4180} INFO - Setting next_dagrun for dataset_consumes_1_never_scheduled to None, run_after=None
[2024-11-01T02:16:24.145+0000] {logging_mixin.py:190} INFO - [2024-11-01T02:16:24.144+0000] {dag.py:4180} INFO - Setting next_dagrun for dataset_consumes_unknown_never_scheduled to None, run_after=None
[2024-11-01T02:16:24.147+0000] {logging_mixin.py:190} INFO - [2024-11-01T02:16:24.147+0000] {dag.py:4180} INFO - Setting next_dagrun for dataset_produces_1 to 2024-10-31 00:00:00+00:00, run_after=2024-11-01 00:00:00+00:00
[2024-11-01T02:16:24.148+0000] {logging_mixin.py:190} INFO - [2024-11-01T02:16:24.148+0000] {dag.py:4180} INFO - Setting next_dagrun for dataset_produces_2 to None, run_after=None
[2024-11-01T02:16:24.181+0000] {processor.py:208} INFO - Processing /home/airflow/.local/lib/python3.12/site-packages/airflow/example_dags/example_datasets.py took 0.250 seconds
[2024-11-01T02:16:54.539+0000] {processor.py:186} INFO - Started process (PID=348) to work on /home/airflow/.local/lib/python3.12/site-packages/airflow/example_dags/example_datasets.py
[2024-11-01T02:16:54.539+0000] {processor.py:914} INFO - Processing file /home/airflow/.local/lib/python3.12/site-packages/airflow/example_dags/example_datasets.py for tasks to queue
[2024-11-01T02:16:54.541+0000] {logging_mixin.py:190} INFO - [2024-11-01T02:16:54.541+0000] {dagbag.py:588} INFO - Filling up the DagBag from /home/airflow/.local/lib/python3.12/site-packages/airflow/example_dags/example_datasets.py
[2024-11-01T02:16:54.671+0000] {processor.py:925} INFO - DAG(s) 'dataset_consumes_1_never_scheduled', 'consume_1_or_2_with_dataset_expressions', 'dataset_consumes_1', 'dataset_consumes_1_and_2', 'dataset_produces_2', 'consume_1_and_2_with_dataset_expressions', 'dataset_consumes_unknown_never_scheduled', 'conditional_dataset_and_time_based_timetable', 'consume_1_or_both_2_and_3_with_dataset_expressions', 'dataset_produces_1' retrieved from /home/airflow/.local/lib/python3.12/site-packages/airflow/example_dags/example_datasets.py
[2024-11-01T02:16:54.707+0000] {logging_mixin.py:190} INFO - [2024-11-01T02:16:54.707+0000] {dag.py:3239} INFO - Sync 10 DAGs
[2024-11-01T02:16:54.733+0000] {logging_mixin.py:190} INFO - [2024-11-01T02:16:54.733+0000] {dag.py:4180} INFO - Setting next_dagrun for conditional_dataset_and_time_based_timetable to 2024-10-30 01:00:00+00:00, run_after=2024-10-30 01:00:00+00:00
[2024-11-01T02:16:54.737+0000] {logging_mixin.py:190} INFO - [2024-11-01T02:16:54.737+0000] {dag.py:4180} INFO - Setting next_dagrun for consume_1_and_2_with_dataset_expressions to None, run_after=None
[2024-11-01T02:16:54.739+0000] {logging_mixin.py:190} INFO - [2024-11-01T02:16:54.738+0000] {dag.py:4180} INFO - Setting next_dagrun for consume_1_or_2_with_dataset_expressions to None, run_after=None
[2024-11-01T02:16:54.740+0000] {logging_mixin.py:190} INFO - [2024-11-01T02:16:54.740+0000] {dag.py:4180} INFO - Setting next_dagrun for consume_1_or_both_2_and_3_with_dataset_expressions to None, run_after=None
[2024-11-01T02:16:54.741+0000] {logging_mixin.py:190} INFO - [2024-11-01T02:16:54.741+0000] {dag.py:4180} INFO - Setting next_dagrun for dataset_consumes_1 to None, run_after=None
[2024-11-01T02:16:54.742+0000] {logging_mixin.py:190} INFO - [2024-11-01T02:16:54.742+0000] {dag.py:4180} INFO - Setting next_dagrun for dataset_consumes_1_and_2 to None, run_after=None
[2024-11-01T02:16:54.744+0000] {logging_mixin.py:190} INFO - [2024-11-01T02:16:54.743+0000] {dag.py:4180} INFO - Setting next_dagrun for dataset_consumes_1_never_scheduled to None, run_after=None
[2024-11-01T02:16:54.745+0000] {logging_mixin.py:190} INFO - [2024-11-01T02:16:54.745+0000] {dag.py:4180} INFO - Setting next_dagrun for dataset_consumes_unknown_never_scheduled to None, run_after=None
[2024-11-01T02:16:54.747+0000] {logging_mixin.py:190} INFO - [2024-11-01T02:16:54.747+0000] {dag.py:4180} INFO - Setting next_dagrun for dataset_produces_1 to 2024-10-31 00:00:00+00:00, run_after=2024-11-01 00:00:00+00:00
[2024-11-01T02:16:54.748+0000] {logging_mixin.py:190} INFO - [2024-11-01T02:16:54.748+0000] {dag.py:4180} INFO - Setting next_dagrun for dataset_produces_2 to None, run_after=None
[2024-11-01T02:16:54.779+0000] {processor.py:208} INFO - Processing /home/airflow/.local/lib/python3.12/site-packages/airflow/example_dags/example_datasets.py took 0.245 seconds
[2024-11-01T02:17:25.092+0000] {processor.py:186} INFO - Started process (PID=411) to work on /home/airflow/.local/lib/python3.12/site-packages/airflow/example_dags/example_datasets.py
[2024-11-01T02:17:25.093+0000] {processor.py:914} INFO - Processing file /home/airflow/.local/lib/python3.12/site-packages/airflow/example_dags/example_datasets.py for tasks to queue
[2024-11-01T02:17:25.095+0000] {logging_mixin.py:190} INFO - [2024-11-01T02:17:25.095+0000] {dagbag.py:588} INFO - Filling up the DagBag from /home/airflow/.local/lib/python3.12/site-packages/airflow/example_dags/example_datasets.py
[2024-11-01T02:17:25.231+0000] {processor.py:925} INFO - DAG(s) 'dataset_consumes_1', 'dataset_consumes_1_and_2', 'consume_1_or_both_2_and_3_with_dataset_expressions', 'dataset_consumes_unknown_never_scheduled', 'dataset_consumes_1_never_scheduled', 'dataset_produces_1', 'dataset_produces_2', 'consume_1_and_2_with_dataset_expressions', 'consume_1_or_2_with_dataset_expressions', 'conditional_dataset_and_time_based_timetable' retrieved from /home/airflow/.local/lib/python3.12/site-packages/airflow/example_dags/example_datasets.py
[2024-11-01T02:17:25.267+0000] {logging_mixin.py:190} INFO - [2024-11-01T02:17:25.267+0000] {dag.py:3239} INFO - Sync 10 DAGs
[2024-11-01T02:17:25.289+0000] {logging_mixin.py:190} INFO - [2024-11-01T02:17:25.289+0000] {dag.py:4180} INFO - Setting next_dagrun for conditional_dataset_and_time_based_timetable to 2024-10-30 01:00:00+00:00, run_after=2024-10-30 01:00:00+00:00
[2024-11-01T02:17:25.293+0000] {logging_mixin.py:190} INFO - [2024-11-01T02:17:25.293+0000] {dag.py:4180} INFO - Setting next_dagrun for consume_1_and_2_with_dataset_expressions to None, run_after=None
[2024-11-01T02:17:25.294+0000] {logging_mixin.py:190} INFO - [2024-11-01T02:17:25.294+0000] {dag.py:4180} INFO - Setting next_dagrun for consume_1_or_2_with_dataset_expressions to None, run_after=None
[2024-11-01T02:17:25.295+0000] {logging_mixin.py:190} INFO - [2024-11-01T02:17:25.295+0000] {dag.py:4180} INFO - Setting next_dagrun for consume_1_or_both_2_and_3_with_dataset_expressions to None, run_after=None
[2024-11-01T02:17:25.297+0000] {logging_mixin.py:190} INFO - [2024-11-01T02:17:25.297+0000] {dag.py:4180} INFO - Setting next_dagrun for dataset_consumes_1 to None, run_after=None
[2024-11-01T02:17:25.298+0000] {logging_mixin.py:190} INFO - [2024-11-01T02:17:25.298+0000] {dag.py:4180} INFO - Setting next_dagrun for dataset_consumes_1_and_2 to None, run_after=None
[2024-11-01T02:17:25.299+0000] {logging_mixin.py:190} INFO - [2024-11-01T02:17:25.299+0000] {dag.py:4180} INFO - Setting next_dagrun for dataset_consumes_1_never_scheduled to None, run_after=None
[2024-11-01T02:17:25.301+0000] {logging_mixin.py:190} INFO - [2024-11-01T02:17:25.301+0000] {dag.py:4180} INFO - Setting next_dagrun for dataset_consumes_unknown_never_scheduled to None, run_after=None
[2024-11-01T02:17:25.303+0000] {logging_mixin.py:190} INFO - [2024-11-01T02:17:25.303+0000] {dag.py:4180} INFO - Setting next_dagrun for dataset_produces_1 to 2024-10-31 00:00:00+00:00, run_after=2024-11-01 00:00:00+00:00
[2024-11-01T02:17:25.304+0000] {logging_mixin.py:190} INFO - [2024-11-01T02:17:25.304+0000] {dag.py:4180} INFO - Setting next_dagrun for dataset_produces_2 to None, run_after=None
[2024-11-01T02:17:25.333+0000] {processor.py:208} INFO - Processing /home/airflow/.local/lib/python3.12/site-packages/airflow/example_dags/example_datasets.py took 0.246 seconds
[2024-11-01T02:17:55.689+0000] {processor.py:186} INFO - Started process (PID=474) to work on /home/airflow/.local/lib/python3.12/site-packages/airflow/example_dags/example_datasets.py
[2024-11-01T02:17:55.689+0000] {processor.py:914} INFO - Processing file /home/airflow/.local/lib/python3.12/site-packages/airflow/example_dags/example_datasets.py for tasks to queue
[2024-11-01T02:17:55.691+0000] {logging_mixin.py:190} INFO - [2024-11-01T02:17:55.691+0000] {dagbag.py:588} INFO - Filling up the DagBag from /home/airflow/.local/lib/python3.12/site-packages/airflow/example_dags/example_datasets.py
[2024-11-01T02:17:55.822+0000] {processor.py:925} INFO - DAG(s) 'dataset_consumes_1_never_scheduled', 'dataset_consumes_1_and_2', 'consume_1_or_both_2_and_3_with_dataset_expressions', 'dataset_produces_1', 'consume_1_or_2_with_dataset_expressions', 'dataset_consumes_1', 'dataset_produces_2', 'conditional_dataset_and_time_based_timetable', 'consume_1_and_2_with_dataset_expressions', 'dataset_consumes_unknown_never_scheduled' retrieved from /home/airflow/.local/lib/python3.12/site-packages/airflow/example_dags/example_datasets.py
[2024-11-01T02:17:55.863+0000] {logging_mixin.py:190} INFO - [2024-11-01T02:17:55.862+0000] {dag.py:3239} INFO - Sync 10 DAGs
[2024-11-01T02:17:55.886+0000] {logging_mixin.py:190} INFO - [2024-11-01T02:17:55.886+0000] {dag.py:4180} INFO - Setting next_dagrun for conditional_dataset_and_time_based_timetable to 2024-10-30 01:00:00+00:00, run_after=2024-10-30 01:00:00+00:00
[2024-11-01T02:17:55.889+0000] {logging_mixin.py:190} INFO - [2024-11-01T02:17:55.889+0000] {dag.py:4180} INFO - Setting next_dagrun for consume_1_and_2_with_dataset_expressions to None, run_after=None
[2024-11-01T02:17:55.890+0000] {logging_mixin.py:190} INFO - [2024-11-01T02:17:55.890+0000] {dag.py:4180} INFO - Setting next_dagrun for consume_1_or_2_with_dataset_expressions to None, run_after=None
[2024-11-01T02:17:55.892+0000] {logging_mixin.py:190} INFO - [2024-11-01T02:17:55.891+0000] {dag.py:4180} INFO - Setting next_dagrun for consume_1_or_both_2_and_3_with_dataset_expressions to None, run_after=None
[2024-11-01T02:17:55.893+0000] {logging_mixin.py:190} INFO - [2024-11-01T02:17:55.892+0000] {dag.py:4180} INFO - Setting next_dagrun for dataset_consumes_1 to None, run_after=None
[2024-11-01T02:17:55.894+0000] {logging_mixin.py:190} INFO - [2024-11-01T02:17:55.894+0000] {dag.py:4180} INFO - Setting next_dagrun for dataset_consumes_1_and_2 to None, run_after=None
[2024-11-01T02:17:55.895+0000] {logging_mixin.py:190} INFO - [2024-11-01T02:17:55.895+0000] {dag.py:4180} INFO - Setting next_dagrun for dataset_consumes_1_never_scheduled to None, run_after=None
[2024-11-01T02:17:55.896+0000] {logging_mixin.py:190} INFO - [2024-11-01T02:17:55.896+0000] {dag.py:4180} INFO - Setting next_dagrun for dataset_consumes_unknown_never_scheduled to None, run_after=None
[2024-11-01T02:17:55.899+0000] {logging_mixin.py:190} INFO - [2024-11-01T02:17:55.899+0000] {dag.py:4180} INFO - Setting next_dagrun for dataset_produces_1 to 2024-10-31 00:00:00+00:00, run_after=2024-11-01 00:00:00+00:00
[2024-11-01T02:17:55.900+0000] {logging_mixin.py:190} INFO - [2024-11-01T02:17:55.900+0000] {dag.py:4180} INFO - Setting next_dagrun for dataset_produces_2 to None, run_after=None
[2024-11-01T02:17:55.930+0000] {processor.py:208} INFO - Processing /home/airflow/.local/lib/python3.12/site-packages/airflow/example_dags/example_datasets.py took 0.247 seconds
[2024-11-01T02:18:26.075+0000] {processor.py:186} INFO - Started process (PID=537) to work on /home/airflow/.local/lib/python3.12/site-packages/airflow/example_dags/example_datasets.py
[2024-11-01T02:18:26.076+0000] {processor.py:914} INFO - Processing file /home/airflow/.local/lib/python3.12/site-packages/airflow/example_dags/example_datasets.py for tasks to queue
[2024-11-01T02:18:26.077+0000] {logging_mixin.py:190} INFO - [2024-11-01T02:18:26.077+0000] {dagbag.py:588} INFO - Filling up the DagBag from /home/airflow/.local/lib/python3.12/site-packages/airflow/example_dags/example_datasets.py
[2024-11-01T02:18:26.217+0000] {processor.py:925} INFO - DAG(s) 'dataset_produces_1', 'dataset_produces_2', 'consume_1_and_2_with_dataset_expressions', 'dataset_consumes_unknown_never_scheduled', 'dataset_consumes_1_never_scheduled', 'consume_1_or_2_with_dataset_expressions', 'dataset_consumes_1_and_2', 'conditional_dataset_and_time_based_timetable', 'dataset_consumes_1', 'consume_1_or_both_2_and_3_with_dataset_expressions' retrieved from /home/airflow/.local/lib/python3.12/site-packages/airflow/example_dags/example_datasets.py
[2024-11-01T02:18:26.254+0000] {logging_mixin.py:190} INFO - [2024-11-01T02:18:26.254+0000] {dag.py:3239} INFO - Sync 10 DAGs
[2024-11-01T02:18:26.276+0000] {logging_mixin.py:190} INFO - [2024-11-01T02:18:26.276+0000] {dag.py:4180} INFO - Setting next_dagrun for conditional_dataset_and_time_based_timetable to 2024-10-30 01:00:00+00:00, run_after=2024-10-30 01:00:00+00:00
[2024-11-01T02:18:26.280+0000] {logging_mixin.py:190} INFO - [2024-11-01T02:18:26.280+0000] {dag.py:4180} INFO - Setting next_dagrun for consume_1_and_2_with_dataset_expressions to None, run_after=None
[2024-11-01T02:18:26.281+0000] {logging_mixin.py:190} INFO - [2024-11-01T02:18:26.281+0000] {dag.py:4180} INFO - Setting next_dagrun for consume_1_or_2_with_dataset_expressions to None, run_after=None
[2024-11-01T02:18:26.282+0000] {logging_mixin.py:190} INFO - [2024-11-01T02:18:26.282+0000] {dag.py:4180} INFO - Setting next_dagrun for consume_1_or_both_2_and_3_with_dataset_expressions to None, run_after=None
[2024-11-01T02:18:26.284+0000] {logging_mixin.py:190} INFO - [2024-11-01T02:18:26.283+0000] {dag.py:4180} INFO - Setting next_dagrun for dataset_consumes_1 to None, run_after=None
[2024-11-01T02:18:26.285+0000] {logging_mixin.py:190} INFO - [2024-11-01T02:18:26.285+0000] {dag.py:4180} INFO - Setting next_dagrun for dataset_consumes_1_and_2 to None, run_after=None
[2024-11-01T02:18:26.286+0000] {logging_mixin.py:190} INFO - [2024-11-01T02:18:26.286+0000] {dag.py:4180} INFO - Setting next_dagrun for dataset_consumes_1_never_scheduled to None, run_after=None
[2024-11-01T02:18:26.287+0000] {logging_mixin.py:190} INFO - [2024-11-01T02:18:26.287+0000] {dag.py:4180} INFO - Setting next_dagrun for dataset_consumes_unknown_never_scheduled to None, run_after=None
[2024-11-01T02:18:26.289+0000] {logging_mixin.py:190} INFO - [2024-11-01T02:18:26.289+0000] {dag.py:4180} INFO - Setting next_dagrun for dataset_produces_1 to 2024-10-31 00:00:00+00:00, run_after=2024-11-01 00:00:00+00:00
[2024-11-01T02:18:26.290+0000] {logging_mixin.py:190} INFO - [2024-11-01T02:18:26.290+0000] {dag.py:4180} INFO - Setting next_dagrun for dataset_produces_2 to None, run_after=None
[2024-11-01T02:18:26.321+0000] {processor.py:208} INFO - Processing /home/airflow/.local/lib/python3.12/site-packages/airflow/example_dags/example_datasets.py took 0.251 seconds
[2024-11-01T02:18:56.699+0000] {processor.py:186} INFO - Started process (PID=600) to work on /home/airflow/.local/lib/python3.12/site-packages/airflow/example_dags/example_datasets.py
[2024-11-01T02:18:56.700+0000] {processor.py:914} INFO - Processing file /home/airflow/.local/lib/python3.12/site-packages/airflow/example_dags/example_datasets.py for tasks to queue
[2024-11-01T02:18:56.702+0000] {logging_mixin.py:190} INFO - [2024-11-01T02:18:56.702+0000] {dagbag.py:588} INFO - Filling up the DagBag from /home/airflow/.local/lib/python3.12/site-packages/airflow/example_dags/example_datasets.py
[2024-11-01T02:18:56.838+0000] {processor.py:925} INFO - DAG(s) 'dataset_consumes_1_never_scheduled', 'dataset_consumes_1_and_2', 'conditional_dataset_and_time_based_timetable', 'dataset_consumes_1', 'dataset_produces_2', 'consume_1_or_2_with_dataset_expressions', 'consume_1_and_2_with_dataset_expressions', 'dataset_produces_1', 'dataset_consumes_unknown_never_scheduled', 'consume_1_or_both_2_and_3_with_dataset_expressions' retrieved from /home/airflow/.local/lib/python3.12/site-packages/airflow/example_dags/example_datasets.py
[2024-11-01T02:18:56.877+0000] {logging_mixin.py:190} INFO - [2024-11-01T02:18:56.876+0000] {dag.py:3239} INFO - Sync 10 DAGs
[2024-11-01T02:18:56.902+0000] {logging_mixin.py:190} INFO - [2024-11-01T02:18:56.902+0000] {dag.py:4180} INFO - Setting next_dagrun for conditional_dataset_and_time_based_timetable to 2024-10-30 01:00:00+00:00, run_after=2024-10-30 01:00:00+00:00
[2024-11-01T02:18:56.905+0000] {logging_mixin.py:190} INFO - [2024-11-01T02:18:56.905+0000] {dag.py:4180} INFO - Setting next_dagrun for consume_1_and_2_with_dataset_expressions to None, run_after=None
[2024-11-01T02:18:56.906+0000] {logging_mixin.py:190} INFO - [2024-11-01T02:18:56.906+0000] {dag.py:4180} INFO - Setting next_dagrun for consume_1_or_2_with_dataset_expressions to None, run_after=None
[2024-11-01T02:18:56.908+0000] {logging_mixin.py:190} INFO - [2024-11-01T02:18:56.908+0000] {dag.py:4180} INFO - Setting next_dagrun for consume_1_or_both_2_and_3_with_dataset_expressions to None, run_after=None
[2024-11-01T02:18:56.909+0000] {logging_mixin.py:190} INFO - [2024-11-01T02:18:56.909+0000] {dag.py:4180} INFO - Setting next_dagrun for dataset_consumes_1 to None, run_after=None
[2024-11-01T02:18:56.911+0000] {logging_mixin.py:190} INFO - [2024-11-01T02:18:56.911+0000] {dag.py:4180} INFO - Setting next_dagrun for dataset_consumes_1_and_2 to None, run_after=None
[2024-11-01T02:18:56.912+0000] {logging_mixin.py:190} INFO - [2024-11-01T02:18:56.912+0000] {dag.py:4180} INFO - Setting next_dagrun for dataset_consumes_1_never_scheduled to None, run_after=None
[2024-11-01T02:18:56.913+0000] {logging_mixin.py:190} INFO - [2024-11-01T02:18:56.913+0000] {dag.py:4180} INFO - Setting next_dagrun for dataset_consumes_unknown_never_scheduled to None, run_after=None
[2024-11-01T02:18:56.915+0000] {logging_mixin.py:190} INFO - [2024-11-01T02:18:56.915+0000] {dag.py:4180} INFO - Setting next_dagrun for dataset_produces_1 to 2024-10-31 00:00:00+00:00, run_after=2024-11-01 00:00:00+00:00
[2024-11-01T02:18:56.916+0000] {logging_mixin.py:190} INFO - [2024-11-01T02:18:56.916+0000] {dag.py:4180} INFO - Setting next_dagrun for dataset_produces_2 to None, run_after=None
[2024-11-01T02:18:56.947+0000] {processor.py:208} INFO - Processing /home/airflow/.local/lib/python3.12/site-packages/airflow/example_dags/example_datasets.py took 0.253 seconds
[2024-11-01T02:19:27.238+0000] {processor.py:186} INFO - Started process (PID=663) to work on /home/airflow/.local/lib/python3.12/site-packages/airflow/example_dags/example_datasets.py
[2024-11-01T02:19:27.239+0000] {processor.py:914} INFO - Processing file /home/airflow/.local/lib/python3.12/site-packages/airflow/example_dags/example_datasets.py for tasks to queue
[2024-11-01T02:19:27.241+0000] {logging_mixin.py:190} INFO - [2024-11-01T02:19:27.241+0000] {dagbag.py:588} INFO - Filling up the DagBag from /home/airflow/.local/lib/python3.12/site-packages/airflow/example_dags/example_datasets.py
[2024-11-01T02:19:27.373+0000] {processor.py:925} INFO - DAG(s) 'consume_1_or_2_with_dataset_expressions', 'dataset_consumes_unknown_never_scheduled', 'conditional_dataset_and_time_based_timetable', 'dataset_produces_1', 'dataset_consumes_1_and_2', 'consume_1_or_both_2_and_3_with_dataset_expressions', 'dataset_produces_2', 'dataset_consumes_1_never_scheduled', 'dataset_consumes_1', 'consume_1_and_2_with_dataset_expressions' retrieved from /home/airflow/.local/lib/python3.12/site-packages/airflow/example_dags/example_datasets.py
[2024-11-01T02:19:27.407+0000] {logging_mixin.py:190} INFO - [2024-11-01T02:19:27.407+0000] {dag.py:3239} INFO - Sync 10 DAGs
[2024-11-01T02:19:27.430+0000] {logging_mixin.py:190} INFO - [2024-11-01T02:19:27.430+0000] {dag.py:4180} INFO - Setting next_dagrun for conditional_dataset_and_time_based_timetable to 2024-10-30 01:00:00+00:00, run_after=2024-10-30 01:00:00+00:00
[2024-11-01T02:19:27.433+0000] {logging_mixin.py:190} INFO - [2024-11-01T02:19:27.433+0000] {dag.py:4180} INFO - Setting next_dagrun for consume_1_and_2_with_dataset_expressions to None, run_after=None
[2024-11-01T02:19:27.435+0000] {logging_mixin.py:190} INFO - [2024-11-01T02:19:27.434+0000] {dag.py:4180} INFO - Setting next_dagrun for consume_1_or_2_with_dataset_expressions to None, run_after=None
[2024-11-01T02:19:27.436+0000] {logging_mixin.py:190} INFO - [2024-11-01T02:19:27.436+0000] {dag.py:4180} INFO - Setting next_dagrun for consume_1_or_both_2_and_3_with_dataset_expressions to None, run_after=None
[2024-11-01T02:19:27.437+0000] {logging_mixin.py:190} INFO - [2024-11-01T02:19:27.437+0000] {dag.py:4180} INFO - Setting next_dagrun for dataset_consumes_1 to None, run_after=None
[2024-11-01T02:19:27.438+0000] {logging_mixin.py:190} INFO - [2024-11-01T02:19:27.438+0000] {dag.py:4180} INFO - Setting next_dagrun for dataset_consumes_1_and_2 to None, run_after=None
[2024-11-01T02:19:27.439+0000] {logging_mixin.py:190} INFO - [2024-11-01T02:19:27.439+0000] {dag.py:4180} INFO - Setting next_dagrun for dataset_consumes_1_never_scheduled to None, run_after=None
[2024-11-01T02:19:27.440+0000] {logging_mixin.py:190} INFO - [2024-11-01T02:19:27.440+0000] {dag.py:4180} INFO - Setting next_dagrun for dataset_consumes_unknown_never_scheduled to None, run_after=None
[2024-11-01T02:19:27.442+0000] {logging_mixin.py:190} INFO - [2024-11-01T02:19:27.442+0000] {dag.py:4180} INFO - Setting next_dagrun for dataset_produces_1 to 2024-10-31 00:00:00+00:00, run_after=2024-11-01 00:00:00+00:00
[2024-11-01T02:19:27.444+0000] {logging_mixin.py:190} INFO - [2024-11-01T02:19:27.443+0000] {dag.py:4180} INFO - Setting next_dagrun for dataset_produces_2 to None, run_after=None
[2024-11-01T02:19:27.471+0000] {processor.py:208} INFO - Processing /home/airflow/.local/lib/python3.12/site-packages/airflow/example_dags/example_datasets.py took 0.237 seconds
[2024-11-01T02:19:57.868+0000] {processor.py:186} INFO - Started process (PID=726) to work on /home/airflow/.local/lib/python3.12/site-packages/airflow/example_dags/example_datasets.py
[2024-11-01T02:19:57.869+0000] {processor.py:914} INFO - Processing file /home/airflow/.local/lib/python3.12/site-packages/airflow/example_dags/example_datasets.py for tasks to queue
[2024-11-01T02:19:57.871+0000] {logging_mixin.py:190} INFO - [2024-11-01T02:19:57.870+0000] {dagbag.py:588} INFO - Filling up the DagBag from /home/airflow/.local/lib/python3.12/site-packages/airflow/example_dags/example_datasets.py
[2024-11-01T02:19:58.007+0000] {processor.py:925} INFO - DAG(s) 'dataset_produces_1', 'dataset_consumes_1', 'conditional_dataset_and_time_based_timetable', 'dataset_produces_2', 'consume_1_or_both_2_and_3_with_dataset_expressions', 'consume_1_or_2_with_dataset_expressions', 'consume_1_and_2_with_dataset_expressions', 'dataset_consumes_1_and_2', 'dataset_consumes_unknown_never_scheduled', 'dataset_consumes_1_never_scheduled' retrieved from /home/airflow/.local/lib/python3.12/site-packages/airflow/example_dags/example_datasets.py
[2024-11-01T02:19:58.044+0000] {logging_mixin.py:190} INFO - [2024-11-01T02:19:58.044+0000] {dag.py:3239} INFO - Sync 10 DAGs
[2024-11-01T02:19:58.069+0000] {logging_mixin.py:190} INFO - [2024-11-01T02:19:58.069+0000] {dag.py:4180} INFO - Setting next_dagrun for conditional_dataset_and_time_based_timetable to 2024-10-30 01:00:00+00:00, run_after=2024-10-30 01:00:00+00:00
[2024-11-01T02:19:58.072+0000] {logging_mixin.py:190} INFO - [2024-11-01T02:19:58.072+0000] {dag.py:4180} INFO - Setting next_dagrun for consume_1_and_2_with_dataset_expressions to None, run_after=None
[2024-11-01T02:19:58.074+0000] {logging_mixin.py:190} INFO - [2024-11-01T02:19:58.074+0000] {dag.py:4180} INFO - Setting next_dagrun for consume_1_or_2_with_dataset_expressions to None, run_after=None
[2024-11-01T02:19:58.075+0000] {logging_mixin.py:190} INFO - [2024-11-01T02:19:58.075+0000] {dag.py:4180} INFO - Setting next_dagrun for consume_1_or_both_2_and_3_with_dataset_expressions to None, run_after=None
[2024-11-01T02:19:58.076+0000] {logging_mixin.py:190} INFO - [2024-11-01T02:19:58.076+0000] {dag.py:4180} INFO - Setting next_dagrun for dataset_consumes_1 to None, run_after=None
[2024-11-01T02:19:58.077+0000] {logging_mixin.py:190} INFO - [2024-11-01T02:19:58.077+0000] {dag.py:4180} INFO - Setting next_dagrun for dataset_consumes_1_and_2 to None, run_after=None
[2024-11-01T02:19:58.078+0000] {logging_mixin.py:190} INFO - [2024-11-01T02:19:58.078+0000] {dag.py:4180} INFO - Setting next_dagrun for dataset_consumes_1_never_scheduled to None, run_after=None
[2024-11-01T02:19:58.079+0000] {logging_mixin.py:190} INFO - [2024-11-01T02:19:58.079+0000] {dag.py:4180} INFO - Setting next_dagrun for dataset_consumes_unknown_never_scheduled to None, run_after=None
[2024-11-01T02:19:58.081+0000] {logging_mixin.py:190} INFO - [2024-11-01T02:19:58.081+0000] {dag.py:4180} INFO - Setting next_dagrun for dataset_produces_1 to 2024-10-31 00:00:00+00:00, run_after=2024-11-01 00:00:00+00:00
[2024-11-01T02:19:58.083+0000] {logging_mixin.py:190} INFO - [2024-11-01T02:19:58.082+0000] {dag.py:4180} INFO - Setting next_dagrun for dataset_produces_2 to None, run_after=None
[2024-11-01T02:19:58.117+0000] {processor.py:208} INFO - Processing /home/airflow/.local/lib/python3.12/site-packages/airflow/example_dags/example_datasets.py took 0.254 seconds
[2024-11-01T02:20:28.630+0000] {processor.py:186} INFO - Started process (PID=789) to work on /home/airflow/.local/lib/python3.12/site-packages/airflow/example_dags/example_datasets.py
[2024-11-01T02:20:28.631+0000] {processor.py:914} INFO - Processing file /home/airflow/.local/lib/python3.12/site-packages/airflow/example_dags/example_datasets.py for tasks to queue
[2024-11-01T02:20:28.633+0000] {logging_mixin.py:190} INFO - [2024-11-01T02:20:28.633+0000] {dagbag.py:588} INFO - Filling up the DagBag from /home/airflow/.local/lib/python3.12/site-packages/airflow/example_dags/example_datasets.py
[2024-11-01T02:20:28.775+0000] {processor.py:925} INFO - DAG(s) 'consume_1_and_2_with_dataset_expressions', 'consume_1_or_both_2_and_3_with_dataset_expressions', 'dataset_consumes_1', 'dataset_consumes_unknown_never_scheduled', 'consume_1_or_2_with_dataset_expressions', 'dataset_produces_1', 'conditional_dataset_and_time_based_timetable', 'dataset_consumes_1_never_scheduled', 'dataset_consumes_1_and_2', 'dataset_produces_2' retrieved from /home/airflow/.local/lib/python3.12/site-packages/airflow/example_dags/example_datasets.py
[2024-11-01T02:20:28.816+0000] {logging_mixin.py:190} INFO - [2024-11-01T02:20:28.816+0000] {dag.py:3239} INFO - Sync 10 DAGs
[2024-11-01T02:20:28.843+0000] {logging_mixin.py:190} INFO - [2024-11-01T02:20:28.843+0000] {dag.py:4180} INFO - Setting next_dagrun for conditional_dataset_and_time_based_timetable to 2024-10-30 01:00:00+00:00, run_after=2024-10-30 01:00:00+00:00
[2024-11-01T02:20:28.847+0000] {logging_mixin.py:190} INFO - [2024-11-01T02:20:28.847+0000] {dag.py:4180} INFO - Setting next_dagrun for consume_1_and_2_with_dataset_expressions to None, run_after=None
[2024-11-01T02:20:28.849+0000] {logging_mixin.py:190} INFO - [2024-11-01T02:20:28.848+0000] {dag.py:4180} INFO - Setting next_dagrun for consume_1_or_2_with_dataset_expressions to None, run_after=None
[2024-11-01T02:20:28.850+0000] {logging_mixin.py:190} INFO - [2024-11-01T02:20:28.850+0000] {dag.py:4180} INFO - Setting next_dagrun for consume_1_or_both_2_and_3_with_dataset_expressions to None, run_after=None
[2024-11-01T02:20:28.851+0000] {logging_mixin.py:190} INFO - [2024-11-01T02:20:28.851+0000] {dag.py:4180} INFO - Setting next_dagrun for dataset_consumes_1 to None, run_after=None
[2024-11-01T02:20:28.853+0000] {logging_mixin.py:190} INFO - [2024-11-01T02:20:28.852+0000] {dag.py:4180} INFO - Setting next_dagrun for dataset_consumes_1_and_2 to None, run_after=None
[2024-11-01T02:20:28.854+0000] {logging_mixin.py:190} INFO - [2024-11-01T02:20:28.853+0000] {dag.py:4180} INFO - Setting next_dagrun for dataset_consumes_1_never_scheduled to None, run_after=None
[2024-11-01T02:20:28.855+0000] {logging_mixin.py:190} INFO - [2024-11-01T02:20:28.855+0000] {dag.py:4180} INFO - Setting next_dagrun for dataset_consumes_unknown_never_scheduled to None, run_after=None
[2024-11-01T02:20:28.857+0000] {logging_mixin.py:190} INFO - [2024-11-01T02:20:28.857+0000] {dag.py:4180} INFO - Setting next_dagrun for dataset_produces_1 to 2024-10-31 00:00:00+00:00, run_after=2024-11-01 00:00:00+00:00
[2024-11-01T02:20:28.858+0000] {logging_mixin.py:190} INFO - [2024-11-01T02:20:28.858+0000] {dag.py:4180} INFO - Setting next_dagrun for dataset_produces_2 to None, run_after=None
[2024-11-01T02:20:28.890+0000] {processor.py:208} INFO - Processing /home/airflow/.local/lib/python3.12/site-packages/airflow/example_dags/example_datasets.py took 0.265 seconds
[2024-11-01T02:20:59.646+0000] {processor.py:186} INFO - Started process (PID=852) to work on /home/airflow/.local/lib/python3.12/site-packages/airflow/example_dags/example_datasets.py
[2024-11-01T02:20:59.647+0000] {processor.py:914} INFO - Processing file /home/airflow/.local/lib/python3.12/site-packages/airflow/example_dags/example_datasets.py for tasks to queue
[2024-11-01T02:20:59.649+0000] {logging_mixin.py:190} INFO - [2024-11-01T02:20:59.649+0000] {dagbag.py:588} INFO - Filling up the DagBag from /home/airflow/.local/lib/python3.12/site-packages/airflow/example_dags/example_datasets.py
[2024-11-01T02:20:59.788+0000] {processor.py:925} INFO - DAG(s) 'consume_1_and_2_with_dataset_expressions', 'dataset_consumes_1', 'consume_1_or_2_with_dataset_expressions', 'dataset_consumes_1_never_scheduled', 'consume_1_or_both_2_and_3_with_dataset_expressions', 'dataset_produces_1', 'dataset_produces_2', 'dataset_consumes_1_and_2', 'conditional_dataset_and_time_based_timetable', 'dataset_consumes_unknown_never_scheduled' retrieved from /home/airflow/.local/lib/python3.12/site-packages/airflow/example_dags/example_datasets.py
[2024-11-01T02:20:59.827+0000] {logging_mixin.py:190} INFO - [2024-11-01T02:20:59.827+0000] {dag.py:3239} INFO - Sync 10 DAGs
[2024-11-01T02:20:59.852+0000] {logging_mixin.py:190} INFO - [2024-11-01T02:20:59.851+0000] {dag.py:4180} INFO - Setting next_dagrun for conditional_dataset_and_time_based_timetable to 2024-10-30 01:00:00+00:00, run_after=2024-10-30 01:00:00+00:00
[2024-11-01T02:20:59.856+0000] {logging_mixin.py:190} INFO - [2024-11-01T02:20:59.855+0000] {dag.py:4180} INFO - Setting next_dagrun for consume_1_and_2_with_dataset_expressions to None, run_after=None
[2024-11-01T02:20:59.857+0000] {logging_mixin.py:190} INFO - [2024-11-01T02:20:59.857+0000] {dag.py:4180} INFO - Setting next_dagrun for consume_1_or_2_with_dataset_expressions to None, run_after=None
[2024-11-01T02:20:59.858+0000] {logging_mixin.py:190} INFO - [2024-11-01T02:20:59.858+0000] {dag.py:4180} INFO - Setting next_dagrun for consume_1_or_both_2_and_3_with_dataset_expressions to None, run_after=None
[2024-11-01T02:20:59.859+0000] {logging_mixin.py:190} INFO - [2024-11-01T02:20:59.859+0000] {dag.py:4180} INFO - Setting next_dagrun for dataset_consumes_1 to None, run_after=None
[2024-11-01T02:20:59.860+0000] {logging_mixin.py:190} INFO - [2024-11-01T02:20:59.860+0000] {dag.py:4180} INFO - Setting next_dagrun for dataset_consumes_1_and_2 to None, run_after=None
[2024-11-01T02:20:59.861+0000] {logging_mixin.py:190} INFO - [2024-11-01T02:20:59.861+0000] {dag.py:4180} INFO - Setting next_dagrun for dataset_consumes_1_never_scheduled to None, run_after=None
[2024-11-01T02:20:59.862+0000] {logging_mixin.py:190} INFO - [2024-11-01T02:20:59.862+0000] {dag.py:4180} INFO - Setting next_dagrun for dataset_consumes_unknown_never_scheduled to None, run_after=None
[2024-11-01T02:20:59.867+0000] {logging_mixin.py:190} INFO - [2024-11-01T02:20:59.866+0000] {dag.py:4180} INFO - Setting next_dagrun for dataset_produces_1 to 2024-10-31 00:00:00+00:00, run_after=2024-11-01 00:00:00+00:00
[2024-11-01T02:20:59.868+0000] {logging_mixin.py:190} INFO - [2024-11-01T02:20:59.868+0000] {dag.py:4180} INFO - Setting next_dagrun for dataset_produces_2 to None, run_after=None
[2024-11-01T02:20:59.900+0000] {processor.py:208} INFO - Processing /home/airflow/.local/lib/python3.12/site-packages/airflow/example_dags/example_datasets.py took 0.259 seconds
[2024-11-01T02:21:30.605+0000] {processor.py:186} INFO - Started process (PID=915) to work on /home/airflow/.local/lib/python3.12/site-packages/airflow/example_dags/example_datasets.py
[2024-11-01T02:21:30.606+0000] {processor.py:914} INFO - Processing file /home/airflow/.local/lib/python3.12/site-packages/airflow/example_dags/example_datasets.py for tasks to queue
[2024-11-01T02:21:30.608+0000] {logging_mixin.py:190} INFO - [2024-11-01T02:21:30.607+0000] {dagbag.py:588} INFO - Filling up the DagBag from /home/airflow/.local/lib/python3.12/site-packages/airflow/example_dags/example_datasets.py
[2024-11-01T02:21:30.741+0000] {processor.py:925} INFO - DAG(s) 'consume_1_and_2_with_dataset_expressions', 'consume_1_or_2_with_dataset_expressions', 'conditional_dataset_and_time_based_timetable', 'dataset_consumes_1_never_scheduled', 'dataset_produces_2', 'dataset_consumes_unknown_never_scheduled', 'dataset_consumes_1_and_2', 'consume_1_or_both_2_and_3_with_dataset_expressions', 'dataset_consumes_1', 'dataset_produces_1' retrieved from /home/airflow/.local/lib/python3.12/site-packages/airflow/example_dags/example_datasets.py
[2024-11-01T02:21:30.778+0000] {logging_mixin.py:190} INFO - [2024-11-01T02:21:30.778+0000] {dag.py:3239} INFO - Sync 10 DAGs
[2024-11-01T02:21:30.801+0000] {logging_mixin.py:190} INFO - [2024-11-01T02:21:30.800+0000] {dag.py:4180} INFO - Setting next_dagrun for conditional_dataset_and_time_based_timetable to 2024-10-30 01:00:00+00:00, run_after=2024-10-30 01:00:00+00:00
[2024-11-01T02:21:30.805+0000] {logging_mixin.py:190} INFO - [2024-11-01T02:21:30.805+0000] {dag.py:4180} INFO - Setting next_dagrun for consume_1_and_2_with_dataset_expressions to None, run_after=None
[2024-11-01T02:21:30.806+0000] {logging_mixin.py:190} INFO - [2024-11-01T02:21:30.806+0000] {dag.py:4180} INFO - Setting next_dagrun for consume_1_or_2_with_dataset_expressions to None, run_after=None
[2024-11-01T02:21:30.807+0000] {logging_mixin.py:190} INFO - [2024-11-01T02:21:30.807+0000] {dag.py:4180} INFO - Setting next_dagrun for consume_1_or_both_2_and_3_with_dataset_expressions to None, run_after=None
[2024-11-01T02:21:30.808+0000] {logging_mixin.py:190} INFO - [2024-11-01T02:21:30.808+0000] {dag.py:4180} INFO - Setting next_dagrun for dataset_consumes_1 to None, run_after=None
[2024-11-01T02:21:30.811+0000] {logging_mixin.py:190} INFO - [2024-11-01T02:21:30.811+0000] {dag.py:4180} INFO - Setting next_dagrun for dataset_consumes_1_and_2 to None, run_after=None
[2024-11-01T02:21:30.812+0000] {logging_mixin.py:190} INFO - [2024-11-01T02:21:30.812+0000] {dag.py:4180} INFO - Setting next_dagrun for dataset_consumes_1_never_scheduled to None, run_after=None
[2024-11-01T02:21:30.814+0000] {logging_mixin.py:190} INFO - [2024-11-01T02:21:30.813+0000] {dag.py:4180} INFO - Setting next_dagrun for dataset_consumes_unknown_never_scheduled to None, run_after=None
[2024-11-01T02:21:30.816+0000] {logging_mixin.py:190} INFO - [2024-11-01T02:21:30.816+0000] {dag.py:4180} INFO - Setting next_dagrun for dataset_produces_1 to 2024-10-31 00:00:00+00:00, run_after=2024-11-01 00:00:00+00:00
[2024-11-01T02:21:30.817+0000] {logging_mixin.py:190} INFO - [2024-11-01T02:21:30.817+0000] {dag.py:4180} INFO - Setting next_dagrun for dataset_produces_2 to None, run_after=None
[2024-11-01T02:21:30.846+0000] {processor.py:208} INFO - Processing /home/airflow/.local/lib/python3.12/site-packages/airflow/example_dags/example_datasets.py took 0.247 seconds
[2024-11-01T02:22:01.480+0000] {processor.py:186} INFO - Started process (PID=978) to work on /home/airflow/.local/lib/python3.12/site-packages/airflow/example_dags/example_datasets.py
[2024-11-01T02:22:01.481+0000] {processor.py:914} INFO - Processing file /home/airflow/.local/lib/python3.12/site-packages/airflow/example_dags/example_datasets.py for tasks to queue
[2024-11-01T02:22:01.483+0000] {logging_mixin.py:190} INFO - [2024-11-01T02:22:01.482+0000] {dagbag.py:588} INFO - Filling up the DagBag from /home/airflow/.local/lib/python3.12/site-packages/airflow/example_dags/example_datasets.py
[2024-11-01T02:22:01.619+0000] {processor.py:925} INFO - DAG(s) 'dataset_produces_2', 'conditional_dataset_and_time_based_timetable', 'dataset_produces_1', 'dataset_consumes_unknown_never_scheduled', 'consume_1_and_2_with_dataset_expressions', 'consume_1_or_2_with_dataset_expressions', 'dataset_consumes_1', 'consume_1_or_both_2_and_3_with_dataset_expressions', 'dataset_consumes_1_and_2', 'dataset_consumes_1_never_scheduled' retrieved from /home/airflow/.local/lib/python3.12/site-packages/airflow/example_dags/example_datasets.py
[2024-11-01T02:22:01.657+0000] {logging_mixin.py:190} INFO - [2024-11-01T02:22:01.656+0000] {dag.py:3239} INFO - Sync 10 DAGs
[2024-11-01T02:22:01.681+0000] {logging_mixin.py:190} INFO - [2024-11-01T02:22:01.681+0000] {dag.py:4180} INFO - Setting next_dagrun for conditional_dataset_and_time_based_timetable to 2024-10-30 01:00:00+00:00, run_after=2024-10-30 01:00:00+00:00
[2024-11-01T02:22:01.685+0000] {logging_mixin.py:190} INFO - [2024-11-01T02:22:01.685+0000] {dag.py:4180} INFO - Setting next_dagrun for consume_1_and_2_with_dataset_expressions to None, run_after=None
[2024-11-01T02:22:01.687+0000] {logging_mixin.py:190} INFO - [2024-11-01T02:22:01.686+0000] {dag.py:4180} INFO - Setting next_dagrun for consume_1_or_2_with_dataset_expressions to None, run_after=None
[2024-11-01T02:22:01.688+0000] {logging_mixin.py:190} INFO - [2024-11-01T02:22:01.688+0000] {dag.py:4180} INFO - Setting next_dagrun for consume_1_or_both_2_and_3_with_dataset_expressions to None, run_after=None
[2024-11-01T02:22:01.689+0000] {logging_mixin.py:190} INFO - [2024-11-01T02:22:01.689+0000] {dag.py:4180} INFO - Setting next_dagrun for dataset_consumes_1 to None, run_after=None
[2024-11-01T02:22:01.690+0000] {logging_mixin.py:190} INFO - [2024-11-01T02:22:01.690+0000] {dag.py:4180} INFO - Setting next_dagrun for dataset_consumes_1_and_2 to None, run_after=None
[2024-11-01T02:22:01.691+0000] {logging_mixin.py:190} INFO - [2024-11-01T02:22:01.691+0000] {dag.py:4180} INFO - Setting next_dagrun for dataset_consumes_1_never_scheduled to None, run_after=None
[2024-11-01T02:22:01.692+0000] {logging_mixin.py:190} INFO - [2024-11-01T02:22:01.692+0000] {dag.py:4180} INFO - Setting next_dagrun for dataset_consumes_unknown_never_scheduled to None, run_after=None
[2024-11-01T02:22:01.694+0000] {logging_mixin.py:190} INFO - [2024-11-01T02:22:01.694+0000] {dag.py:4180} INFO - Setting next_dagrun for dataset_produces_1 to 2024-10-31 00:00:00+00:00, run_after=2024-11-01 00:00:00+00:00
[2024-11-01T02:22:01.695+0000] {logging_mixin.py:190} INFO - [2024-11-01T02:22:01.695+0000] {dag.py:4180} INFO - Setting next_dagrun for dataset_produces_2 to None, run_after=None
[2024-11-01T02:22:01.727+0000] {processor.py:208} INFO - Processing /home/airflow/.local/lib/python3.12/site-packages/airflow/example_dags/example_datasets.py took 0.251 seconds
[2024-11-01T02:22:32.090+0000] {processor.py:186} INFO - Started process (PID=1041) to work on /home/airflow/.local/lib/python3.12/site-packages/airflow/example_dags/example_datasets.py
[2024-11-01T02:22:32.091+0000] {processor.py:914} INFO - Processing file /home/airflow/.local/lib/python3.12/site-packages/airflow/example_dags/example_datasets.py for tasks to queue
[2024-11-01T02:22:32.093+0000] {logging_mixin.py:190} INFO - [2024-11-01T02:22:32.093+0000] {dagbag.py:588} INFO - Filling up the DagBag from /home/airflow/.local/lib/python3.12/site-packages/airflow/example_dags/example_datasets.py
[2024-11-01T02:22:32.231+0000] {processor.py:925} INFO - DAG(s) 'dataset_produces_1', 'consume_1_and_2_with_dataset_expressions', 'dataset_consumes_1_never_scheduled', 'consume_1_or_2_with_dataset_expressions', 'dataset_produces_2', 'dataset_consumes_unknown_never_scheduled', 'conditional_dataset_and_time_based_timetable', 'dataset_consumes_1', 'consume_1_or_both_2_and_3_with_dataset_expressions', 'dataset_consumes_1_and_2' retrieved from /home/airflow/.local/lib/python3.12/site-packages/airflow/example_dags/example_datasets.py
[2024-11-01T02:22:32.271+0000] {logging_mixin.py:190} INFO - [2024-11-01T02:22:32.271+0000] {dag.py:3239} INFO - Sync 10 DAGs
[2024-11-01T02:22:32.295+0000] {logging_mixin.py:190} INFO - [2024-11-01T02:22:32.295+0000] {dag.py:4180} INFO - Setting next_dagrun for conditional_dataset_and_time_based_timetable to 2024-10-30 01:00:00+00:00, run_after=2024-10-30 01:00:00+00:00
[2024-11-01T02:22:32.298+0000] {logging_mixin.py:190} INFO - [2024-11-01T02:22:32.298+0000] {dag.py:4180} INFO - Setting next_dagrun for consume_1_and_2_with_dataset_expressions to None, run_after=None
[2024-11-01T02:22:32.300+0000] {logging_mixin.py:190} INFO - [2024-11-01T02:22:32.300+0000] {dag.py:4180} INFO - Setting next_dagrun for consume_1_or_2_with_dataset_expressions to None, run_after=None
[2024-11-01T02:22:32.301+0000] {logging_mixin.py:190} INFO - [2024-11-01T02:22:32.301+0000] {dag.py:4180} INFO - Setting next_dagrun for consume_1_or_both_2_and_3_with_dataset_expressions to None, run_after=None
[2024-11-01T02:22:32.303+0000] {logging_mixin.py:190} INFO - [2024-11-01T02:22:32.302+0000] {dag.py:4180} INFO - Setting next_dagrun for dataset_consumes_1 to None, run_after=None
[2024-11-01T02:22:32.305+0000] {logging_mixin.py:190} INFO - [2024-11-01T02:22:32.305+0000] {dag.py:4180} INFO - Setting next_dagrun for dataset_consumes_1_and_2 to None, run_after=None
[2024-11-01T02:22:32.306+0000] {logging_mixin.py:190} INFO - [2024-11-01T02:22:32.306+0000] {dag.py:4180} INFO - Setting next_dagrun for dataset_consumes_1_never_scheduled to None, run_after=None
[2024-11-01T02:22:32.307+0000] {logging_mixin.py:190} INFO - [2024-11-01T02:22:32.307+0000] {dag.py:4180} INFO - Setting next_dagrun for dataset_consumes_unknown_never_scheduled to None, run_after=None
[2024-11-01T02:22:32.309+0000] {logging_mixin.py:190} INFO - [2024-11-01T02:22:32.309+0000] {dag.py:4180} INFO - Setting next_dagrun for dataset_produces_1 to 2024-10-31 00:00:00+00:00, run_after=2024-11-01 00:00:00+00:00
[2024-11-01T02:22:32.310+0000] {logging_mixin.py:190} INFO - [2024-11-01T02:22:32.310+0000] {dag.py:4180} INFO - Setting next_dagrun for dataset_produces_2 to None, run_after=None
[2024-11-01T02:22:32.341+0000] {processor.py:208} INFO - Processing /home/airflow/.local/lib/python3.12/site-packages/airflow/example_dags/example_datasets.py took 0.257 seconds
[2024-11-01T02:23:02.908+0000] {processor.py:186} INFO - Started process (PID=1104) to work on /home/airflow/.local/lib/python3.12/site-packages/airflow/example_dags/example_datasets.py
[2024-11-01T02:23:02.909+0000] {processor.py:914} INFO - Processing file /home/airflow/.local/lib/python3.12/site-packages/airflow/example_dags/example_datasets.py for tasks to queue
[2024-11-01T02:23:02.911+0000] {logging_mixin.py:190} INFO - [2024-11-01T02:23:02.911+0000] {dagbag.py:588} INFO - Filling up the DagBag from /home/airflow/.local/lib/python3.12/site-packages/airflow/example_dags/example_datasets.py
[2024-11-01T02:23:03.063+0000] {processor.py:925} INFO - DAG(s) 'consume_1_and_2_with_dataset_expressions', 'dataset_produces_2', 'dataset_consumes_1_and_2', 'consume_1_or_both_2_and_3_with_dataset_expressions', 'dataset_produces_1', 'dataset_consumes_1_never_scheduled', 'conditional_dataset_and_time_based_timetable', 'dataset_consumes_unknown_never_scheduled', 'consume_1_or_2_with_dataset_expressions', 'dataset_consumes_1' retrieved from /home/airflow/.local/lib/python3.12/site-packages/airflow/example_dags/example_datasets.py
[2024-11-01T02:23:03.104+0000] {logging_mixin.py:190} INFO - [2024-11-01T02:23:03.104+0000] {dag.py:3239} INFO - Sync 10 DAGs
[2024-11-01T02:23:03.127+0000] {logging_mixin.py:190} INFO - [2024-11-01T02:23:03.127+0000] {dag.py:4180} INFO - Setting next_dagrun for conditional_dataset_and_time_based_timetable to 2024-10-30 01:00:00+00:00, run_after=2024-10-30 01:00:00+00:00
[2024-11-01T02:23:03.131+0000] {logging_mixin.py:190} INFO - [2024-11-01T02:23:03.131+0000] {dag.py:4180} INFO - Setting next_dagrun for consume_1_and_2_with_dataset_expressions to None, run_after=None
[2024-11-01T02:23:03.132+0000] {logging_mixin.py:190} INFO - [2024-11-01T02:23:03.132+0000] {dag.py:4180} INFO - Setting next_dagrun for consume_1_or_2_with_dataset_expressions to None, run_after=None
[2024-11-01T02:23:03.133+0000] {logging_mixin.py:190} INFO - [2024-11-01T02:23:03.133+0000] {dag.py:4180} INFO - Setting next_dagrun for consume_1_or_both_2_and_3_with_dataset_expressions to None, run_after=None
[2024-11-01T02:23:03.135+0000] {logging_mixin.py:190} INFO - [2024-11-01T02:23:03.135+0000] {dag.py:4180} INFO - Setting next_dagrun for dataset_consumes_1 to None, run_after=None
[2024-11-01T02:23:03.136+0000] {logging_mixin.py:190} INFO - [2024-11-01T02:23:03.136+0000] {dag.py:4180} INFO - Setting next_dagrun for dataset_consumes_1_and_2 to None, run_after=None
[2024-11-01T02:23:03.137+0000] {logging_mixin.py:190} INFO - [2024-11-01T02:23:03.137+0000] {dag.py:4180} INFO - Setting next_dagrun for dataset_consumes_1_never_scheduled to None, run_after=None
[2024-11-01T02:23:03.139+0000] {logging_mixin.py:190} INFO - [2024-11-01T02:23:03.138+0000] {dag.py:4180} INFO - Setting next_dagrun for dataset_consumes_unknown_never_scheduled to None, run_after=None
[2024-11-01T02:23:03.141+0000] {logging_mixin.py:190} INFO - [2024-11-01T02:23:03.140+0000] {dag.py:4180} INFO - Setting next_dagrun for dataset_produces_1 to 2024-10-31 00:00:00+00:00, run_after=2024-11-01 00:00:00+00:00
[2024-11-01T02:23:03.142+0000] {logging_mixin.py:190} INFO - [2024-11-01T02:23:03.142+0000] {dag.py:4180} INFO - Setting next_dagrun for dataset_produces_2 to None, run_after=None
[2024-11-01T02:23:03.171+0000] {processor.py:208} INFO - Processing /home/airflow/.local/lib/python3.12/site-packages/airflow/example_dags/example_datasets.py took 0.268 seconds
[2024-11-01T02:23:33.514+0000] {processor.py:186} INFO - Started process (PID=1167) to work on /home/airflow/.local/lib/python3.12/site-packages/airflow/example_dags/example_datasets.py
[2024-11-01T02:23:33.515+0000] {processor.py:914} INFO - Processing file /home/airflow/.local/lib/python3.12/site-packages/airflow/example_dags/example_datasets.py for tasks to queue
[2024-11-01T02:23:33.517+0000] {logging_mixin.py:190} INFO - [2024-11-01T02:23:33.516+0000] {dagbag.py:588} INFO - Filling up the DagBag from /home/airflow/.local/lib/python3.12/site-packages/airflow/example_dags/example_datasets.py
[2024-11-01T02:23:33.653+0000] {processor.py:925} INFO - DAG(s) 'dataset_consumes_1_never_scheduled', 'dataset_produces_2', 'dataset_consumes_unknown_never_scheduled', 'consume_1_or_both_2_and_3_with_dataset_expressions', 'consume_1_or_2_with_dataset_expressions', 'dataset_produces_1', 'conditional_dataset_and_time_based_timetable', 'dataset_consumes_1', 'consume_1_and_2_with_dataset_expressions', 'dataset_consumes_1_and_2' retrieved from /home/airflow/.local/lib/python3.12/site-packages/airflow/example_dags/example_datasets.py
[2024-11-01T02:23:33.693+0000] {logging_mixin.py:190} INFO - [2024-11-01T02:23:33.693+0000] {dag.py:3239} INFO - Sync 10 DAGs
[2024-11-01T02:23:33.716+0000] {logging_mixin.py:190} INFO - [2024-11-01T02:23:33.715+0000] {dag.py:4180} INFO - Setting next_dagrun for conditional_dataset_and_time_based_timetable to 2024-10-30 01:00:00+00:00, run_after=2024-10-30 01:00:00+00:00
[2024-11-01T02:23:33.719+0000] {logging_mixin.py:190} INFO - [2024-11-01T02:23:33.719+0000] {dag.py:4180} INFO - Setting next_dagrun for consume_1_and_2_with_dataset_expressions to None, run_after=None
[2024-11-01T02:23:33.721+0000] {logging_mixin.py:190} INFO - [2024-11-01T02:23:33.720+0000] {dag.py:4180} INFO - Setting next_dagrun for consume_1_or_2_with_dataset_expressions to None, run_after=None
[2024-11-01T02:23:33.724+0000] {logging_mixin.py:190} INFO - [2024-11-01T02:23:33.724+0000] {dag.py:4180} INFO - Setting next_dagrun for consume_1_or_both_2_and_3_with_dataset_expressions to None, run_after=None
[2024-11-01T02:23:33.725+0000] {logging_mixin.py:190} INFO - [2024-11-01T02:23:33.725+0000] {dag.py:4180} INFO - Setting next_dagrun for dataset_consumes_1 to None, run_after=None
[2024-11-01T02:23:33.726+0000] {logging_mixin.py:190} INFO - [2024-11-01T02:23:33.726+0000] {dag.py:4180} INFO - Setting next_dagrun for dataset_consumes_1_and_2 to None, run_after=None
[2024-11-01T02:23:33.727+0000] {logging_mixin.py:190} INFO - [2024-11-01T02:23:33.727+0000] {dag.py:4180} INFO - Setting next_dagrun for dataset_consumes_1_never_scheduled to None, run_after=None
[2024-11-01T02:23:33.728+0000] {logging_mixin.py:190} INFO - [2024-11-01T02:23:33.728+0000] {dag.py:4180} INFO - Setting next_dagrun for dataset_consumes_unknown_never_scheduled to None, run_after=None
[2024-11-01T02:23:33.731+0000] {logging_mixin.py:190} INFO - [2024-11-01T02:23:33.731+0000] {dag.py:4180} INFO - Setting next_dagrun for dataset_produces_1 to 2024-10-31 00:00:00+00:00, run_after=2024-11-01 00:00:00+00:00
[2024-11-01T02:23:33.732+0000] {logging_mixin.py:190} INFO - [2024-11-01T02:23:33.732+0000] {dag.py:4180} INFO - Setting next_dagrun for dataset_produces_2 to None, run_after=None
[2024-11-01T02:23:33.761+0000] {processor.py:208} INFO - Processing /home/airflow/.local/lib/python3.12/site-packages/airflow/example_dags/example_datasets.py took 0.252 seconds
