[2024-11-01T02:04:35.924+0000] {processor.py:186} INFO - Started process (PID=110) to work on /home/airflow/.local/lib/python3.12/site-packages/airflow/example_dags/example_subdag_operator.py
[2024-11-01T02:04:35.924+0000] {processor.py:914} INFO - Processing file /home/airflow/.local/lib/python3.12/site-packages/airflow/example_dags/example_subdag_operator.py for tasks to queue
[2024-11-01T02:04:35.926+0000] {logging_mixin.py:190} INFO - [2024-11-01T02:04:35.926+0000] {dagbag.py:588} INFO - Filling up the DagBag from /home/airflow/.local/lib/python3.12/site-packages/airflow/example_dags/example_subdag_operator.py
[2024-11-01T02:04:35.952+0000] {processor.py:925} INFO - DAG(s) 'example_subdag_operator.section-1', 'example_subdag_operator.section-2', 'example_subdag_operator' retrieved from /home/airflow/.local/lib/python3.12/site-packages/airflow/example_dags/example_subdag_operator.py
[2024-11-01T02:04:36.043+0000] {logging_mixin.py:190} INFO - [2024-11-01T02:04:36.043+0000] {override.py:1900} INFO - Created Permission View: can edit on DAG:example_subdag_operator
[2024-11-01T02:04:36.054+0000] {logging_mixin.py:190} INFO - [2024-11-01T02:04:36.054+0000] {override.py:1900} INFO - Created Permission View: can read on DAG:example_subdag_operator
[2024-11-01T02:04:36.062+0000] {logging_mixin.py:190} INFO - [2024-11-01T02:04:36.062+0000] {override.py:1900} INFO - Created Permission View: can delete on DAG:example_subdag_operator
[2024-11-01T02:04:36.070+0000] {logging_mixin.py:190} INFO - [2024-11-01T02:04:36.070+0000] {override.py:1900} INFO - Created Permission View: can delete on DAG Run:example_subdag_operator
[2024-11-01T02:04:36.076+0000] {logging_mixin.py:190} INFO - [2024-11-01T02:04:36.076+0000] {override.py:1900} INFO - Created Permission View: can read on DAG Run:example_subdag_operator
[2024-11-01T02:04:36.083+0000] {logging_mixin.py:190} INFO - [2024-11-01T02:04:36.083+0000] {override.py:1900} INFO - Created Permission View: can create on DAG Run:example_subdag_operator
[2024-11-01T02:04:36.089+0000] {logging_mixin.py:190} INFO - [2024-11-01T02:04:36.089+0000] {override.py:1900} INFO - Created Permission View: menu access on DAG Run:example_subdag_operator
[2024-11-01T02:04:36.090+0000] {logging_mixin.py:190} INFO - [2024-11-01T02:04:36.089+0000] {dag.py:3239} INFO - Sync 3 DAGs
[2024-11-01T02:04:36.101+0000] {logging_mixin.py:190} INFO - [2024-11-01T02:04:36.101+0000] {dag.py:3262} INFO - Creating ORM DAG for example_subdag_operator.section-2
[2024-11-01T02:04:36.102+0000] {logging_mixin.py:190} INFO - [2024-11-01T02:04:36.102+0000] {dag.py:3262} INFO - Creating ORM DAG for example_subdag_operator.section-1
[2024-11-01T02:04:36.103+0000] {logging_mixin.py:190} INFO - [2024-11-01T02:04:36.103+0000] {dag.py:3262} INFO - Creating ORM DAG for example_subdag_operator
[2024-11-01T02:04:36.111+0000] {logging_mixin.py:190} INFO - [2024-11-01T02:04:36.111+0000] {dag.py:4180} INFO - Setting next_dagrun for example_subdag_operator to 2022-01-01 00:00:00+00:00, run_after=2022-01-01 00:00:00+00:00
[2024-11-01T02:04:36.112+0000] {logging_mixin.py:190} INFO - [2024-11-01T02:04:36.112+0000] {dag.py:4180} INFO - Setting next_dagrun for example_subdag_operator.section-1 to None, run_after=None
[2024-11-01T02:04:36.112+0000] {logging_mixin.py:190} INFO - [2024-11-01T02:04:36.112+0000] {dag.py:4180} INFO - Setting next_dagrun for example_subdag_operator.section-2 to None, run_after=None
[2024-11-01T02:04:36.120+0000] {logging_mixin.py:190} INFO - [2024-11-01T02:04:36.120+0000] {dag.py:3239} INFO - Sync 2 DAGs
[2024-11-01T02:04:36.126+0000] {logging_mixin.py:190} INFO - [2024-11-01T02:04:36.126+0000] {dag.py:4180} INFO - Setting next_dagrun for example_subdag_operator.section-1 to None, run_after=None
[2024-11-01T02:04:36.129+0000] {logging_mixin.py:190} INFO - [2024-11-01T02:04:36.128+0000] {dag.py:4180} INFO - Setting next_dagrun for example_subdag_operator.section-2 to None, run_after=None
[2024-11-01T02:04:36.139+0000] {processor.py:208} INFO - Processing /home/airflow/.local/lib/python3.12/site-packages/airflow/example_dags/example_subdag_operator.py took 0.221 seconds
[2024-11-01T02:05:06.355+0000] {processor.py:186} INFO - Started process (PID=172) to work on /home/airflow/.local/lib/python3.12/site-packages/airflow/example_dags/example_subdag_operator.py
[2024-11-01T02:05:06.356+0000] {processor.py:914} INFO - Processing file /home/airflow/.local/lib/python3.12/site-packages/airflow/example_dags/example_subdag_operator.py for tasks to queue
[2024-11-01T02:05:06.358+0000] {logging_mixin.py:190} INFO - [2024-11-01T02:05:06.358+0000] {dagbag.py:588} INFO - Filling up the DagBag from /home/airflow/.local/lib/python3.12/site-packages/airflow/example_dags/example_subdag_operator.py
[2024-11-01T02:05:06.379+0000] {processor.py:925} INFO - DAG(s) 'example_subdag_operator.section-1', 'example_subdag_operator.section-2', 'example_subdag_operator' retrieved from /home/airflow/.local/lib/python3.12/site-packages/airflow/example_dags/example_subdag_operator.py
[2024-11-01T02:05:06.392+0000] {logging_mixin.py:190} INFO - [2024-11-01T02:05:06.391+0000] {dag.py:3239} INFO - Sync 3 DAGs
[2024-11-01T02:05:06.413+0000] {logging_mixin.py:190} INFO - [2024-11-01T02:05:06.413+0000] {dag.py:4180} INFO - Setting next_dagrun for example_subdag_operator to 2022-01-01 00:00:00+00:00, run_after=2022-01-01 00:00:00+00:00
[2024-11-01T02:05:06.416+0000] {logging_mixin.py:190} INFO - [2024-11-01T02:05:06.416+0000] {dag.py:4180} INFO - Setting next_dagrun for example_subdag_operator.section-1 to None, run_after=None
[2024-11-01T02:05:06.418+0000] {logging_mixin.py:190} INFO - [2024-11-01T02:05:06.418+0000] {dag.py:4180} INFO - Setting next_dagrun for example_subdag_operator.section-2 to None, run_after=None
[2024-11-01T02:05:06.424+0000] {logging_mixin.py:190} INFO - [2024-11-01T02:05:06.424+0000] {dag.py:3239} INFO - Sync 2 DAGs
[2024-11-01T02:05:06.429+0000] {logging_mixin.py:190} INFO - [2024-11-01T02:05:06.429+0000] {dag.py:4180} INFO - Setting next_dagrun for example_subdag_operator.section-1 to None, run_after=None
[2024-11-01T02:05:06.429+0000] {logging_mixin.py:190} INFO - [2024-11-01T02:05:06.429+0000] {dag.py:4180} INFO - Setting next_dagrun for example_subdag_operator.section-2 to None, run_after=None
[2024-11-01T02:05:06.440+0000] {processor.py:208} INFO - Processing /home/airflow/.local/lib/python3.12/site-packages/airflow/example_dags/example_subdag_operator.py took 0.090 seconds
[2024-11-01T02:05:36.965+0000] {processor.py:186} INFO - Started process (PID=234) to work on /home/airflow/.local/lib/python3.12/site-packages/airflow/example_dags/example_subdag_operator.py
[2024-11-01T02:05:36.966+0000] {processor.py:914} INFO - Processing file /home/airflow/.local/lib/python3.12/site-packages/airflow/example_dags/example_subdag_operator.py for tasks to queue
[2024-11-01T02:05:36.968+0000] {logging_mixin.py:190} INFO - [2024-11-01T02:05:36.968+0000] {dagbag.py:588} INFO - Filling up the DagBag from /home/airflow/.local/lib/python3.12/site-packages/airflow/example_dags/example_subdag_operator.py
[2024-11-01T02:05:36.989+0000] {processor.py:925} INFO - DAG(s) 'example_subdag_operator.section-1', 'example_subdag_operator.section-2', 'example_subdag_operator' retrieved from /home/airflow/.local/lib/python3.12/site-packages/airflow/example_dags/example_subdag_operator.py
[2024-11-01T02:05:37.004+0000] {logging_mixin.py:190} INFO - [2024-11-01T02:05:37.004+0000] {dag.py:3239} INFO - Sync 3 DAGs
[2024-11-01T02:05:37.029+0000] {logging_mixin.py:190} INFO - [2024-11-01T02:05:37.029+0000] {dag.py:4180} INFO - Setting next_dagrun for example_subdag_operator to 2022-01-01 00:00:00+00:00, run_after=2022-01-01 00:00:00+00:00
[2024-11-01T02:05:37.032+0000] {logging_mixin.py:190} INFO - [2024-11-01T02:05:37.032+0000] {dag.py:4180} INFO - Setting next_dagrun for example_subdag_operator.section-1 to None, run_after=None
[2024-11-01T02:05:37.034+0000] {logging_mixin.py:190} INFO - [2024-11-01T02:05:37.033+0000] {dag.py:4180} INFO - Setting next_dagrun for example_subdag_operator.section-2 to None, run_after=None
[2024-11-01T02:05:37.040+0000] {logging_mixin.py:190} INFO - [2024-11-01T02:05:37.040+0000] {dag.py:3239} INFO - Sync 2 DAGs
[2024-11-01T02:05:37.044+0000] {logging_mixin.py:190} INFO - [2024-11-01T02:05:37.044+0000] {dag.py:4180} INFO - Setting next_dagrun for example_subdag_operator.section-1 to None, run_after=None
[2024-11-01T02:05:37.045+0000] {logging_mixin.py:190} INFO - [2024-11-01T02:05:37.045+0000] {dag.py:4180} INFO - Setting next_dagrun for example_subdag_operator.section-2 to None, run_after=None
[2024-11-01T02:05:37.055+0000] {processor.py:208} INFO - Processing /home/airflow/.local/lib/python3.12/site-packages/airflow/example_dags/example_subdag_operator.py took 0.095 seconds
[2024-11-01T02:06:07.307+0000] {processor.py:186} INFO - Started process (PID=296) to work on /home/airflow/.local/lib/python3.12/site-packages/airflow/example_dags/example_subdag_operator.py
[2024-11-01T02:06:07.308+0000] {processor.py:914} INFO - Processing file /home/airflow/.local/lib/python3.12/site-packages/airflow/example_dags/example_subdag_operator.py for tasks to queue
[2024-11-01T02:06:07.310+0000] {logging_mixin.py:190} INFO - [2024-11-01T02:06:07.310+0000] {dagbag.py:588} INFO - Filling up the DagBag from /home/airflow/.local/lib/python3.12/site-packages/airflow/example_dags/example_subdag_operator.py
[2024-11-01T02:06:07.331+0000] {processor.py:925} INFO - DAG(s) 'example_subdag_operator.section-1', 'example_subdag_operator.section-2', 'example_subdag_operator' retrieved from /home/airflow/.local/lib/python3.12/site-packages/airflow/example_dags/example_subdag_operator.py
[2024-11-01T02:06:07.344+0000] {logging_mixin.py:190} INFO - [2024-11-01T02:06:07.344+0000] {dag.py:3239} INFO - Sync 3 DAGs
[2024-11-01T02:06:07.364+0000] {logging_mixin.py:190} INFO - [2024-11-01T02:06:07.364+0000] {dag.py:4180} INFO - Setting next_dagrun for example_subdag_operator to 2022-01-01 00:00:00+00:00, run_after=2022-01-01 00:00:00+00:00
[2024-11-01T02:06:07.368+0000] {logging_mixin.py:190} INFO - [2024-11-01T02:06:07.368+0000] {dag.py:4180} INFO - Setting next_dagrun for example_subdag_operator.section-1 to None, run_after=None
[2024-11-01T02:06:07.370+0000] {logging_mixin.py:190} INFO - [2024-11-01T02:06:07.370+0000] {dag.py:4180} INFO - Setting next_dagrun for example_subdag_operator.section-2 to None, run_after=None
[2024-11-01T02:06:07.376+0000] {logging_mixin.py:190} INFO - [2024-11-01T02:06:07.376+0000] {dag.py:3239} INFO - Sync 2 DAGs
[2024-11-01T02:06:07.381+0000] {logging_mixin.py:190} INFO - [2024-11-01T02:06:07.381+0000] {dag.py:4180} INFO - Setting next_dagrun for example_subdag_operator.section-1 to None, run_after=None
[2024-11-01T02:06:07.382+0000] {logging_mixin.py:190} INFO - [2024-11-01T02:06:07.382+0000] {dag.py:4180} INFO - Setting next_dagrun for example_subdag_operator.section-2 to None, run_after=None
[2024-11-01T02:06:07.392+0000] {processor.py:208} INFO - Processing /home/airflow/.local/lib/python3.12/site-packages/airflow/example_dags/example_subdag_operator.py took 0.090 seconds
[2024-11-01T02:14:53.377+0000] {processor.py:186} INFO - Started process (PID=106) to work on /home/airflow/.local/lib/python3.12/site-packages/airflow/example_dags/example_subdag_operator.py
[2024-11-01T02:14:53.378+0000] {processor.py:914} INFO - Processing file /home/airflow/.local/lib/python3.12/site-packages/airflow/example_dags/example_subdag_operator.py for tasks to queue
[2024-11-01T02:14:53.381+0000] {logging_mixin.py:190} INFO - [2024-11-01T02:14:53.381+0000] {dagbag.py:588} INFO - Filling up the DagBag from /home/airflow/.local/lib/python3.12/site-packages/airflow/example_dags/example_subdag_operator.py
[2024-11-01T02:14:53.412+0000] {processor.py:925} INFO - DAG(s) 'example_subdag_operator.section-1', 'example_subdag_operator.section-2', 'example_subdag_operator' retrieved from /home/airflow/.local/lib/python3.12/site-packages/airflow/example_dags/example_subdag_operator.py
[2024-11-01T02:14:53.428+0000] {logging_mixin.py:190} INFO - [2024-11-01T02:14:53.428+0000] {dag.py:3239} INFO - Sync 3 DAGs
[2024-11-01T02:14:53.456+0000] {logging_mixin.py:190} INFO - [2024-11-01T02:14:53.456+0000] {dag.py:4180} INFO - Setting next_dagrun for example_subdag_operator to 2022-01-01 00:00:00+00:00, run_after=2022-01-01 00:00:00+00:00
[2024-11-01T02:14:53.461+0000] {logging_mixin.py:190} INFO - [2024-11-01T02:14:53.461+0000] {dag.py:4180} INFO - Setting next_dagrun for example_subdag_operator.section-1 to None, run_after=None
[2024-11-01T02:14:53.463+0000] {logging_mixin.py:190} INFO - [2024-11-01T02:14:53.463+0000] {dag.py:4180} INFO - Setting next_dagrun for example_subdag_operator.section-2 to None, run_after=None
[2024-11-01T02:14:53.470+0000] {logging_mixin.py:190} INFO - [2024-11-01T02:14:53.470+0000] {dag.py:3239} INFO - Sync 2 DAGs
[2024-11-01T02:14:53.475+0000] {logging_mixin.py:190} INFO - [2024-11-01T02:14:53.475+0000] {dag.py:4180} INFO - Setting next_dagrun for example_subdag_operator.section-1 to None, run_after=None
[2024-11-01T02:14:53.476+0000] {logging_mixin.py:190} INFO - [2024-11-01T02:14:53.476+0000] {dag.py:4180} INFO - Setting next_dagrun for example_subdag_operator.section-2 to None, run_after=None
[2024-11-01T02:14:53.488+0000] {processor.py:208} INFO - Processing /home/airflow/.local/lib/python3.12/site-packages/airflow/example_dags/example_subdag_operator.py took 0.118 seconds
[2024-11-01T02:15:23.933+0000] {processor.py:186} INFO - Started process (PID=175) to work on /home/airflow/.local/lib/python3.12/site-packages/airflow/example_dags/example_subdag_operator.py
[2024-11-01T02:15:23.934+0000] {processor.py:914} INFO - Processing file /home/airflow/.local/lib/python3.12/site-packages/airflow/example_dags/example_subdag_operator.py for tasks to queue
[2024-11-01T02:15:23.936+0000] {logging_mixin.py:190} INFO - [2024-11-01T02:15:23.936+0000] {dagbag.py:588} INFO - Filling up the DagBag from /home/airflow/.local/lib/python3.12/site-packages/airflow/example_dags/example_subdag_operator.py
[2024-11-01T02:15:23.957+0000] {processor.py:925} INFO - DAG(s) 'example_subdag_operator.section-1', 'example_subdag_operator.section-2', 'example_subdag_operator' retrieved from /home/airflow/.local/lib/python3.12/site-packages/airflow/example_dags/example_subdag_operator.py
[2024-11-01T02:15:23.970+0000] {logging_mixin.py:190} INFO - [2024-11-01T02:15:23.969+0000] {dag.py:3239} INFO - Sync 3 DAGs
[2024-11-01T02:15:23.989+0000] {logging_mixin.py:190} INFO - [2024-11-01T02:15:23.989+0000] {dag.py:4180} INFO - Setting next_dagrun for example_subdag_operator to 2022-01-01 00:00:00+00:00, run_after=2022-01-01 00:00:00+00:00
[2024-11-01T02:15:23.992+0000] {logging_mixin.py:190} INFO - [2024-11-01T02:15:23.992+0000] {dag.py:4180} INFO - Setting next_dagrun for example_subdag_operator.section-1 to None, run_after=None
[2024-11-01T02:15:23.993+0000] {logging_mixin.py:190} INFO - [2024-11-01T02:15:23.993+0000] {dag.py:4180} INFO - Setting next_dagrun for example_subdag_operator.section-2 to None, run_after=None
[2024-11-01T02:15:23.999+0000] {logging_mixin.py:190} INFO - [2024-11-01T02:15:23.999+0000] {dag.py:3239} INFO - Sync 2 DAGs
[2024-11-01T02:15:24.003+0000] {logging_mixin.py:190} INFO - [2024-11-01T02:15:24.003+0000] {dag.py:4180} INFO - Setting next_dagrun for example_subdag_operator.section-1 to None, run_after=None
[2024-11-01T02:15:24.004+0000] {logging_mixin.py:190} INFO - [2024-11-01T02:15:24.004+0000] {dag.py:4180} INFO - Setting next_dagrun for example_subdag_operator.section-2 to None, run_after=None
[2024-11-01T02:15:24.014+0000] {processor.py:208} INFO - Processing /home/airflow/.local/lib/python3.12/site-packages/airflow/example_dags/example_subdag_operator.py took 0.085 seconds
[2024-11-01T02:15:54.402+0000] {processor.py:186} INFO - Started process (PID=238) to work on /home/airflow/.local/lib/python3.12/site-packages/airflow/example_dags/example_subdag_operator.py
[2024-11-01T02:15:54.403+0000] {processor.py:914} INFO - Processing file /home/airflow/.local/lib/python3.12/site-packages/airflow/example_dags/example_subdag_operator.py for tasks to queue
[2024-11-01T02:15:54.405+0000] {logging_mixin.py:190} INFO - [2024-11-01T02:15:54.405+0000] {dagbag.py:588} INFO - Filling up the DagBag from /home/airflow/.local/lib/python3.12/site-packages/airflow/example_dags/example_subdag_operator.py
[2024-11-01T02:15:54.427+0000] {processor.py:925} INFO - DAG(s) 'example_subdag_operator.section-1', 'example_subdag_operator.section-2', 'example_subdag_operator' retrieved from /home/airflow/.local/lib/python3.12/site-packages/airflow/example_dags/example_subdag_operator.py
[2024-11-01T02:15:54.441+0000] {logging_mixin.py:190} INFO - [2024-11-01T02:15:54.440+0000] {dag.py:3239} INFO - Sync 3 DAGs
[2024-11-01T02:15:54.462+0000] {logging_mixin.py:190} INFO - [2024-11-01T02:15:54.461+0000] {dag.py:4180} INFO - Setting next_dagrun for example_subdag_operator to 2022-01-01 00:00:00+00:00, run_after=2022-01-01 00:00:00+00:00
[2024-11-01T02:15:54.465+0000] {logging_mixin.py:190} INFO - [2024-11-01T02:15:54.464+0000] {dag.py:4180} INFO - Setting next_dagrun for example_subdag_operator.section-1 to None, run_after=None
[2024-11-01T02:15:54.466+0000] {logging_mixin.py:190} INFO - [2024-11-01T02:15:54.466+0000] {dag.py:4180} INFO - Setting next_dagrun for example_subdag_operator.section-2 to None, run_after=None
[2024-11-01T02:15:54.472+0000] {logging_mixin.py:190} INFO - [2024-11-01T02:15:54.472+0000] {dag.py:3239} INFO - Sync 2 DAGs
[2024-11-01T02:15:54.477+0000] {logging_mixin.py:190} INFO - [2024-11-01T02:15:54.477+0000] {dag.py:4180} INFO - Setting next_dagrun for example_subdag_operator.section-1 to None, run_after=None
[2024-11-01T02:15:54.477+0000] {logging_mixin.py:190} INFO - [2024-11-01T02:15:54.477+0000] {dag.py:4180} INFO - Setting next_dagrun for example_subdag_operator.section-2 to None, run_after=None
[2024-11-01T02:15:54.488+0000] {processor.py:208} INFO - Processing /home/airflow/.local/lib/python3.12/site-packages/airflow/example_dags/example_subdag_operator.py took 0.090 seconds
[2024-11-01T02:16:25.016+0000] {processor.py:186} INFO - Started process (PID=301) to work on /home/airflow/.local/lib/python3.12/site-packages/airflow/example_dags/example_subdag_operator.py
[2024-11-01T02:16:25.016+0000] {processor.py:914} INFO - Processing file /home/airflow/.local/lib/python3.12/site-packages/airflow/example_dags/example_subdag_operator.py for tasks to queue
[2024-11-01T02:16:25.018+0000] {logging_mixin.py:190} INFO - [2024-11-01T02:16:25.018+0000] {dagbag.py:588} INFO - Filling up the DagBag from /home/airflow/.local/lib/python3.12/site-packages/airflow/example_dags/example_subdag_operator.py
[2024-11-01T02:16:25.039+0000] {processor.py:925} INFO - DAG(s) 'example_subdag_operator.section-1', 'example_subdag_operator.section-2', 'example_subdag_operator' retrieved from /home/airflow/.local/lib/python3.12/site-packages/airflow/example_dags/example_subdag_operator.py
[2024-11-01T02:16:25.053+0000] {logging_mixin.py:190} INFO - [2024-11-01T02:16:25.053+0000] {dag.py:3239} INFO - Sync 3 DAGs
[2024-11-01T02:16:25.073+0000] {logging_mixin.py:190} INFO - [2024-11-01T02:16:25.073+0000] {dag.py:4180} INFO - Setting next_dagrun for example_subdag_operator to 2022-01-01 00:00:00+00:00, run_after=2022-01-01 00:00:00+00:00
[2024-11-01T02:16:25.076+0000] {logging_mixin.py:190} INFO - [2024-11-01T02:16:25.076+0000] {dag.py:4180} INFO - Setting next_dagrun for example_subdag_operator.section-1 to None, run_after=None
[2024-11-01T02:16:25.078+0000] {logging_mixin.py:190} INFO - [2024-11-01T02:16:25.077+0000] {dag.py:4180} INFO - Setting next_dagrun for example_subdag_operator.section-2 to None, run_after=None
[2024-11-01T02:16:25.083+0000] {logging_mixin.py:190} INFO - [2024-11-01T02:16:25.083+0000] {dag.py:3239} INFO - Sync 2 DAGs
[2024-11-01T02:16:25.088+0000] {logging_mixin.py:190} INFO - [2024-11-01T02:16:25.088+0000] {dag.py:4180} INFO - Setting next_dagrun for example_subdag_operator.section-1 to None, run_after=None
[2024-11-01T02:16:25.089+0000] {logging_mixin.py:190} INFO - [2024-11-01T02:16:25.089+0000] {dag.py:4180} INFO - Setting next_dagrun for example_subdag_operator.section-2 to None, run_after=None
[2024-11-01T02:16:25.098+0000] {processor.py:208} INFO - Processing /home/airflow/.local/lib/python3.12/site-packages/airflow/example_dags/example_subdag_operator.py took 0.087 seconds
[2024-11-01T02:16:55.718+0000] {processor.py:186} INFO - Started process (PID=364) to work on /home/airflow/.local/lib/python3.12/site-packages/airflow/example_dags/example_subdag_operator.py
[2024-11-01T02:16:55.719+0000] {processor.py:914} INFO - Processing file /home/airflow/.local/lib/python3.12/site-packages/airflow/example_dags/example_subdag_operator.py for tasks to queue
[2024-11-01T02:16:55.721+0000] {logging_mixin.py:190} INFO - [2024-11-01T02:16:55.721+0000] {dagbag.py:588} INFO - Filling up the DagBag from /home/airflow/.local/lib/python3.12/site-packages/airflow/example_dags/example_subdag_operator.py
[2024-11-01T02:16:55.744+0000] {processor.py:925} INFO - DAG(s) 'example_subdag_operator.section-1', 'example_subdag_operator.section-2', 'example_subdag_operator' retrieved from /home/airflow/.local/lib/python3.12/site-packages/airflow/example_dags/example_subdag_operator.py
[2024-11-01T02:16:55.758+0000] {logging_mixin.py:190} INFO - [2024-11-01T02:16:55.757+0000] {dag.py:3239} INFO - Sync 3 DAGs
[2024-11-01T02:16:55.780+0000] {logging_mixin.py:190} INFO - [2024-11-01T02:16:55.779+0000] {dag.py:4180} INFO - Setting next_dagrun for example_subdag_operator to 2022-01-01 00:00:00+00:00, run_after=2022-01-01 00:00:00+00:00
[2024-11-01T02:16:55.783+0000] {logging_mixin.py:190} INFO - [2024-11-01T02:16:55.783+0000] {dag.py:4180} INFO - Setting next_dagrun for example_subdag_operator.section-1 to None, run_after=None
[2024-11-01T02:16:55.785+0000] {logging_mixin.py:190} INFO - [2024-11-01T02:16:55.784+0000] {dag.py:4180} INFO - Setting next_dagrun for example_subdag_operator.section-2 to None, run_after=None
[2024-11-01T02:16:55.791+0000] {logging_mixin.py:190} INFO - [2024-11-01T02:16:55.791+0000] {dag.py:3239} INFO - Sync 2 DAGs
[2024-11-01T02:16:55.796+0000] {logging_mixin.py:190} INFO - [2024-11-01T02:16:55.796+0000] {dag.py:4180} INFO - Setting next_dagrun for example_subdag_operator.section-1 to None, run_after=None
[2024-11-01T02:16:55.796+0000] {logging_mixin.py:190} INFO - [2024-11-01T02:16:55.796+0000] {dag.py:4180} INFO - Setting next_dagrun for example_subdag_operator.section-2 to None, run_after=None
[2024-11-01T02:16:55.808+0000] {processor.py:208} INFO - Processing /home/airflow/.local/lib/python3.12/site-packages/airflow/example_dags/example_subdag_operator.py took 0.095 seconds
[2024-11-01T02:17:26.167+0000] {processor.py:186} INFO - Started process (PID=427) to work on /home/airflow/.local/lib/python3.12/site-packages/airflow/example_dags/example_subdag_operator.py
[2024-11-01T02:17:26.168+0000] {processor.py:914} INFO - Processing file /home/airflow/.local/lib/python3.12/site-packages/airflow/example_dags/example_subdag_operator.py for tasks to queue
[2024-11-01T02:17:26.171+0000] {logging_mixin.py:190} INFO - [2024-11-01T02:17:26.171+0000] {dagbag.py:588} INFO - Filling up the DagBag from /home/airflow/.local/lib/python3.12/site-packages/airflow/example_dags/example_subdag_operator.py
[2024-11-01T02:17:26.200+0000] {processor.py:925} INFO - DAG(s) 'example_subdag_operator.section-1', 'example_subdag_operator.section-2', 'example_subdag_operator' retrieved from /home/airflow/.local/lib/python3.12/site-packages/airflow/example_dags/example_subdag_operator.py
[2024-11-01T02:17:26.216+0000] {logging_mixin.py:190} INFO - [2024-11-01T02:17:26.216+0000] {dag.py:3239} INFO - Sync 3 DAGs
[2024-11-01T02:17:26.237+0000] {logging_mixin.py:190} INFO - [2024-11-01T02:17:26.237+0000] {dag.py:4180} INFO - Setting next_dagrun for example_subdag_operator to 2022-01-01 00:00:00+00:00, run_after=2022-01-01 00:00:00+00:00
[2024-11-01T02:17:26.241+0000] {logging_mixin.py:190} INFO - [2024-11-01T02:17:26.241+0000] {dag.py:4180} INFO - Setting next_dagrun for example_subdag_operator.section-1 to None, run_after=None
[2024-11-01T02:17:26.245+0000] {logging_mixin.py:190} INFO - [2024-11-01T02:17:26.244+0000] {dag.py:4180} INFO - Setting next_dagrun for example_subdag_operator.section-2 to None, run_after=None
[2024-11-01T02:17:26.252+0000] {logging_mixin.py:190} INFO - [2024-11-01T02:17:26.252+0000] {dag.py:3239} INFO - Sync 2 DAGs
[2024-11-01T02:17:26.258+0000] {logging_mixin.py:190} INFO - [2024-11-01T02:17:26.258+0000] {dag.py:4180} INFO - Setting next_dagrun for example_subdag_operator.section-1 to None, run_after=None
[2024-11-01T02:17:26.259+0000] {logging_mixin.py:190} INFO - [2024-11-01T02:17:26.258+0000] {dag.py:4180} INFO - Setting next_dagrun for example_subdag_operator.section-2 to None, run_after=None
[2024-11-01T02:17:26.270+0000] {processor.py:208} INFO - Processing /home/airflow/.local/lib/python3.12/site-packages/airflow/example_dags/example_subdag_operator.py took 0.109 seconds
[2024-11-01T02:17:56.669+0000] {processor.py:186} INFO - Started process (PID=490) to work on /home/airflow/.local/lib/python3.12/site-packages/airflow/example_dags/example_subdag_operator.py
[2024-11-01T02:17:56.670+0000] {processor.py:914} INFO - Processing file /home/airflow/.local/lib/python3.12/site-packages/airflow/example_dags/example_subdag_operator.py for tasks to queue
[2024-11-01T02:17:56.672+0000] {logging_mixin.py:190} INFO - [2024-11-01T02:17:56.672+0000] {dagbag.py:588} INFO - Filling up the DagBag from /home/airflow/.local/lib/python3.12/site-packages/airflow/example_dags/example_subdag_operator.py
[2024-11-01T02:17:56.694+0000] {processor.py:925} INFO - DAG(s) 'example_subdag_operator.section-1', 'example_subdag_operator.section-2', 'example_subdag_operator' retrieved from /home/airflow/.local/lib/python3.12/site-packages/airflow/example_dags/example_subdag_operator.py
[2024-11-01T02:17:56.707+0000] {logging_mixin.py:190} INFO - [2024-11-01T02:17:56.707+0000] {dag.py:3239} INFO - Sync 3 DAGs
[2024-11-01T02:17:56.728+0000] {logging_mixin.py:190} INFO - [2024-11-01T02:17:56.728+0000] {dag.py:4180} INFO - Setting next_dagrun for example_subdag_operator to 2022-01-01 00:00:00+00:00, run_after=2022-01-01 00:00:00+00:00
[2024-11-01T02:17:56.731+0000] {logging_mixin.py:190} INFO - [2024-11-01T02:17:56.731+0000] {dag.py:4180} INFO - Setting next_dagrun for example_subdag_operator.section-1 to None, run_after=None
[2024-11-01T02:17:56.733+0000] {logging_mixin.py:190} INFO - [2024-11-01T02:17:56.733+0000] {dag.py:4180} INFO - Setting next_dagrun for example_subdag_operator.section-2 to None, run_after=None
[2024-11-01T02:17:56.739+0000] {logging_mixin.py:190} INFO - [2024-11-01T02:17:56.739+0000] {dag.py:3239} INFO - Sync 2 DAGs
[2024-11-01T02:17:56.745+0000] {logging_mixin.py:190} INFO - [2024-11-01T02:17:56.745+0000] {dag.py:4180} INFO - Setting next_dagrun for example_subdag_operator.section-1 to None, run_after=None
[2024-11-01T02:17:56.745+0000] {logging_mixin.py:190} INFO - [2024-11-01T02:17:56.745+0000] {dag.py:4180} INFO - Setting next_dagrun for example_subdag_operator.section-2 to None, run_after=None
[2024-11-01T02:17:56.755+0000] {processor.py:208} INFO - Processing /home/airflow/.local/lib/python3.12/site-packages/airflow/example_dags/example_subdag_operator.py took 0.090 seconds
[2024-11-01T02:18:27.139+0000] {processor.py:186} INFO - Started process (PID=553) to work on /home/airflow/.local/lib/python3.12/site-packages/airflow/example_dags/example_subdag_operator.py
[2024-11-01T02:18:27.140+0000] {processor.py:914} INFO - Processing file /home/airflow/.local/lib/python3.12/site-packages/airflow/example_dags/example_subdag_operator.py for tasks to queue
[2024-11-01T02:18:27.142+0000] {logging_mixin.py:190} INFO - [2024-11-01T02:18:27.141+0000] {dagbag.py:588} INFO - Filling up the DagBag from /home/airflow/.local/lib/python3.12/site-packages/airflow/example_dags/example_subdag_operator.py
[2024-11-01T02:18:27.164+0000] {processor.py:925} INFO - DAG(s) 'example_subdag_operator.section-1', 'example_subdag_operator.section-2', 'example_subdag_operator' retrieved from /home/airflow/.local/lib/python3.12/site-packages/airflow/example_dags/example_subdag_operator.py
[2024-11-01T02:18:27.177+0000] {logging_mixin.py:190} INFO - [2024-11-01T02:18:27.176+0000] {dag.py:3239} INFO - Sync 3 DAGs
[2024-11-01T02:18:27.196+0000] {logging_mixin.py:190} INFO - [2024-11-01T02:18:27.196+0000] {dag.py:4180} INFO - Setting next_dagrun for example_subdag_operator to 2022-01-01 00:00:00+00:00, run_after=2022-01-01 00:00:00+00:00
[2024-11-01T02:18:27.199+0000] {logging_mixin.py:190} INFO - [2024-11-01T02:18:27.199+0000] {dag.py:4180} INFO - Setting next_dagrun for example_subdag_operator.section-1 to None, run_after=None
[2024-11-01T02:18:27.200+0000] {logging_mixin.py:190} INFO - [2024-11-01T02:18:27.200+0000] {dag.py:4180} INFO - Setting next_dagrun for example_subdag_operator.section-2 to None, run_after=None
[2024-11-01T02:18:27.206+0000] {logging_mixin.py:190} INFO - [2024-11-01T02:18:27.206+0000] {dag.py:3239} INFO - Sync 2 DAGs
[2024-11-01T02:18:27.211+0000] {logging_mixin.py:190} INFO - [2024-11-01T02:18:27.211+0000] {dag.py:4180} INFO - Setting next_dagrun for example_subdag_operator.section-1 to None, run_after=None
[2024-11-01T02:18:27.212+0000] {logging_mixin.py:190} INFO - [2024-11-01T02:18:27.212+0000] {dag.py:4180} INFO - Setting next_dagrun for example_subdag_operator.section-2 to None, run_after=None
[2024-11-01T02:18:27.236+0000] {processor.py:208} INFO - Processing /home/airflow/.local/lib/python3.12/site-packages/airflow/example_dags/example_subdag_operator.py took 0.101 seconds
[2024-11-01T02:18:57.806+0000] {processor.py:186} INFO - Started process (PID=616) to work on /home/airflow/.local/lib/python3.12/site-packages/airflow/example_dags/example_subdag_operator.py
[2024-11-01T02:18:57.807+0000] {processor.py:914} INFO - Processing file /home/airflow/.local/lib/python3.12/site-packages/airflow/example_dags/example_subdag_operator.py for tasks to queue
[2024-11-01T02:18:57.810+0000] {logging_mixin.py:190} INFO - [2024-11-01T02:18:57.810+0000] {dagbag.py:588} INFO - Filling up the DagBag from /home/airflow/.local/lib/python3.12/site-packages/airflow/example_dags/example_subdag_operator.py
[2024-11-01T02:18:57.832+0000] {processor.py:925} INFO - DAG(s) 'example_subdag_operator.section-1', 'example_subdag_operator.section-2', 'example_subdag_operator' retrieved from /home/airflow/.local/lib/python3.12/site-packages/airflow/example_dags/example_subdag_operator.py
[2024-11-01T02:18:57.847+0000] {logging_mixin.py:190} INFO - [2024-11-01T02:18:57.846+0000] {dag.py:3239} INFO - Sync 3 DAGs
[2024-11-01T02:18:57.868+0000] {logging_mixin.py:190} INFO - [2024-11-01T02:18:57.868+0000] {dag.py:4180} INFO - Setting next_dagrun for example_subdag_operator to 2022-01-01 00:00:00+00:00, run_after=2022-01-01 00:00:00+00:00
[2024-11-01T02:18:57.871+0000] {logging_mixin.py:190} INFO - [2024-11-01T02:18:57.871+0000] {dag.py:4180} INFO - Setting next_dagrun for example_subdag_operator.section-1 to None, run_after=None
[2024-11-01T02:18:57.873+0000] {logging_mixin.py:190} INFO - [2024-11-01T02:18:57.872+0000] {dag.py:4180} INFO - Setting next_dagrun for example_subdag_operator.section-2 to None, run_after=None
[2024-11-01T02:18:57.879+0000] {logging_mixin.py:190} INFO - [2024-11-01T02:18:57.879+0000] {dag.py:3239} INFO - Sync 2 DAGs
[2024-11-01T02:18:57.884+0000] {logging_mixin.py:190} INFO - [2024-11-01T02:18:57.884+0000] {dag.py:4180} INFO - Setting next_dagrun for example_subdag_operator.section-1 to None, run_after=None
[2024-11-01T02:18:57.885+0000] {logging_mixin.py:190} INFO - [2024-11-01T02:18:57.885+0000] {dag.py:4180} INFO - Setting next_dagrun for example_subdag_operator.section-2 to None, run_after=None
[2024-11-01T02:18:57.896+0000] {processor.py:208} INFO - Processing /home/airflow/.local/lib/python3.12/site-packages/airflow/example_dags/example_subdag_operator.py took 0.094 seconds
[2024-11-01T02:19:28.421+0000] {processor.py:186} INFO - Started process (PID=679) to work on /home/airflow/.local/lib/python3.12/site-packages/airflow/example_dags/example_subdag_operator.py
[2024-11-01T02:19:28.422+0000] {processor.py:914} INFO - Processing file /home/airflow/.local/lib/python3.12/site-packages/airflow/example_dags/example_subdag_operator.py for tasks to queue
[2024-11-01T02:19:28.426+0000] {logging_mixin.py:190} INFO - [2024-11-01T02:19:28.425+0000] {dagbag.py:588} INFO - Filling up the DagBag from /home/airflow/.local/lib/python3.12/site-packages/airflow/example_dags/example_subdag_operator.py
[2024-11-01T02:19:28.448+0000] {processor.py:925} INFO - DAG(s) 'example_subdag_operator.section-1', 'example_subdag_operator.section-2', 'example_subdag_operator' retrieved from /home/airflow/.local/lib/python3.12/site-packages/airflow/example_dags/example_subdag_operator.py
[2024-11-01T02:19:28.462+0000] {logging_mixin.py:190} INFO - [2024-11-01T02:19:28.462+0000] {dag.py:3239} INFO - Sync 3 DAGs
[2024-11-01T02:19:28.482+0000] {logging_mixin.py:190} INFO - [2024-11-01T02:19:28.481+0000] {dag.py:4180} INFO - Setting next_dagrun for example_subdag_operator to 2022-01-01 00:00:00+00:00, run_after=2022-01-01 00:00:00+00:00
[2024-11-01T02:19:28.485+0000] {logging_mixin.py:190} INFO - [2024-11-01T02:19:28.485+0000] {dag.py:4180} INFO - Setting next_dagrun for example_subdag_operator.section-1 to None, run_after=None
[2024-11-01T02:19:28.486+0000] {logging_mixin.py:190} INFO - [2024-11-01T02:19:28.486+0000] {dag.py:4180} INFO - Setting next_dagrun for example_subdag_operator.section-2 to None, run_after=None
[2024-11-01T02:19:28.493+0000] {logging_mixin.py:190} INFO - [2024-11-01T02:19:28.493+0000] {dag.py:3239} INFO - Sync 2 DAGs
[2024-11-01T02:19:28.498+0000] {logging_mixin.py:190} INFO - [2024-11-01T02:19:28.498+0000] {dag.py:4180} INFO - Setting next_dagrun for example_subdag_operator.section-1 to None, run_after=None
[2024-11-01T02:19:28.498+0000] {logging_mixin.py:190} INFO - [2024-11-01T02:19:28.498+0000] {dag.py:4180} INFO - Setting next_dagrun for example_subdag_operator.section-2 to None, run_after=None
[2024-11-01T02:19:28.508+0000] {processor.py:208} INFO - Processing /home/airflow/.local/lib/python3.12/site-packages/airflow/example_dags/example_subdag_operator.py took 0.092 seconds
[2024-11-01T02:19:58.994+0000] {processor.py:186} INFO - Started process (PID=742) to work on /home/airflow/.local/lib/python3.12/site-packages/airflow/example_dags/example_subdag_operator.py
[2024-11-01T02:19:58.995+0000] {processor.py:914} INFO - Processing file /home/airflow/.local/lib/python3.12/site-packages/airflow/example_dags/example_subdag_operator.py for tasks to queue
[2024-11-01T02:19:58.997+0000] {logging_mixin.py:190} INFO - [2024-11-01T02:19:58.996+0000] {dagbag.py:588} INFO - Filling up the DagBag from /home/airflow/.local/lib/python3.12/site-packages/airflow/example_dags/example_subdag_operator.py
[2024-11-01T02:19:59.018+0000] {processor.py:925} INFO - DAG(s) 'example_subdag_operator.section-1', 'example_subdag_operator.section-2', 'example_subdag_operator' retrieved from /home/airflow/.local/lib/python3.12/site-packages/airflow/example_dags/example_subdag_operator.py
[2024-11-01T02:19:59.032+0000] {logging_mixin.py:190} INFO - [2024-11-01T02:19:59.032+0000] {dag.py:3239} INFO - Sync 3 DAGs
[2024-11-01T02:19:59.053+0000] {logging_mixin.py:190} INFO - [2024-11-01T02:19:59.053+0000] {dag.py:4180} INFO - Setting next_dagrun for example_subdag_operator to 2022-01-01 00:00:00+00:00, run_after=2022-01-01 00:00:00+00:00
[2024-11-01T02:19:59.057+0000] {logging_mixin.py:190} INFO - [2024-11-01T02:19:59.057+0000] {dag.py:4180} INFO - Setting next_dagrun for example_subdag_operator.section-1 to None, run_after=None
[2024-11-01T02:19:59.058+0000] {logging_mixin.py:190} INFO - [2024-11-01T02:19:59.058+0000] {dag.py:4180} INFO - Setting next_dagrun for example_subdag_operator.section-2 to None, run_after=None
[2024-11-01T02:19:59.065+0000] {logging_mixin.py:190} INFO - [2024-11-01T02:19:59.064+0000] {dag.py:3239} INFO - Sync 2 DAGs
[2024-11-01T02:19:59.069+0000] {logging_mixin.py:190} INFO - [2024-11-01T02:19:59.069+0000] {dag.py:4180} INFO - Setting next_dagrun for example_subdag_operator.section-1 to None, run_after=None
[2024-11-01T02:19:59.070+0000] {logging_mixin.py:190} INFO - [2024-11-01T02:19:59.070+0000] {dag.py:4180} INFO - Setting next_dagrun for example_subdag_operator.section-2 to None, run_after=None
[2024-11-01T02:19:59.080+0000] {processor.py:208} INFO - Processing /home/airflow/.local/lib/python3.12/site-packages/airflow/example_dags/example_subdag_operator.py took 0.091 seconds
[2024-11-01T02:20:29.821+0000] {processor.py:186} INFO - Started process (PID=805) to work on /home/airflow/.local/lib/python3.12/site-packages/airflow/example_dags/example_subdag_operator.py
[2024-11-01T02:20:29.822+0000] {processor.py:914} INFO - Processing file /home/airflow/.local/lib/python3.12/site-packages/airflow/example_dags/example_subdag_operator.py for tasks to queue
[2024-11-01T02:20:29.824+0000] {logging_mixin.py:190} INFO - [2024-11-01T02:20:29.824+0000] {dagbag.py:588} INFO - Filling up the DagBag from /home/airflow/.local/lib/python3.12/site-packages/airflow/example_dags/example_subdag_operator.py
[2024-11-01T02:20:29.844+0000] {processor.py:925} INFO - DAG(s) 'example_subdag_operator.section-1', 'example_subdag_operator.section-2', 'example_subdag_operator' retrieved from /home/airflow/.local/lib/python3.12/site-packages/airflow/example_dags/example_subdag_operator.py
[2024-11-01T02:20:29.857+0000] {logging_mixin.py:190} INFO - [2024-11-01T02:20:29.857+0000] {dag.py:3239} INFO - Sync 3 DAGs
[2024-11-01T02:20:29.877+0000] {logging_mixin.py:190} INFO - [2024-11-01T02:20:29.876+0000] {dag.py:4180} INFO - Setting next_dagrun for example_subdag_operator to 2022-01-01 00:00:00+00:00, run_after=2022-01-01 00:00:00+00:00
[2024-11-01T02:20:29.880+0000] {logging_mixin.py:190} INFO - [2024-11-01T02:20:29.880+0000] {dag.py:4180} INFO - Setting next_dagrun for example_subdag_operator.section-1 to None, run_after=None
[2024-11-01T02:20:29.881+0000] {logging_mixin.py:190} INFO - [2024-11-01T02:20:29.881+0000] {dag.py:4180} INFO - Setting next_dagrun for example_subdag_operator.section-2 to None, run_after=None
[2024-11-01T02:20:29.887+0000] {logging_mixin.py:190} INFO - [2024-11-01T02:20:29.887+0000] {dag.py:3239} INFO - Sync 2 DAGs
[2024-11-01T02:20:29.893+0000] {logging_mixin.py:190} INFO - [2024-11-01T02:20:29.893+0000] {dag.py:4180} INFO - Setting next_dagrun for example_subdag_operator.section-1 to None, run_after=None
[2024-11-01T02:20:29.893+0000] {logging_mixin.py:190} INFO - [2024-11-01T02:20:29.893+0000] {dag.py:4180} INFO - Setting next_dagrun for example_subdag_operator.section-2 to None, run_after=None
[2024-11-01T02:20:29.904+0000] {processor.py:208} INFO - Processing /home/airflow/.local/lib/python3.12/site-packages/airflow/example_dags/example_subdag_operator.py took 0.088 seconds
[2024-11-01T02:21:01.022+0000] {processor.py:186} INFO - Started process (PID=868) to work on /home/airflow/.local/lib/python3.12/site-packages/airflow/example_dags/example_subdag_operator.py
[2024-11-01T02:21:01.023+0000] {processor.py:914} INFO - Processing file /home/airflow/.local/lib/python3.12/site-packages/airflow/example_dags/example_subdag_operator.py for tasks to queue
[2024-11-01T02:21:01.025+0000] {logging_mixin.py:190} INFO - [2024-11-01T02:21:01.025+0000] {dagbag.py:588} INFO - Filling up the DagBag from /home/airflow/.local/lib/python3.12/site-packages/airflow/example_dags/example_subdag_operator.py
[2024-11-01T02:21:01.047+0000] {processor.py:925} INFO - DAG(s) 'example_subdag_operator.section-1', 'example_subdag_operator.section-2', 'example_subdag_operator' retrieved from /home/airflow/.local/lib/python3.12/site-packages/airflow/example_dags/example_subdag_operator.py
[2024-11-01T02:21:01.062+0000] {logging_mixin.py:190} INFO - [2024-11-01T02:21:01.062+0000] {dag.py:3239} INFO - Sync 3 DAGs
[2024-11-01T02:21:01.085+0000] {logging_mixin.py:190} INFO - [2024-11-01T02:21:01.085+0000] {dag.py:4180} INFO - Setting next_dagrun for example_subdag_operator to 2022-01-01 00:00:00+00:00, run_after=2022-01-01 00:00:00+00:00
[2024-11-01T02:21:01.089+0000] {logging_mixin.py:190} INFO - [2024-11-01T02:21:01.089+0000] {dag.py:4180} INFO - Setting next_dagrun for example_subdag_operator.section-1 to None, run_after=None
[2024-11-01T02:21:01.091+0000] {logging_mixin.py:190} INFO - [2024-11-01T02:21:01.091+0000] {dag.py:4180} INFO - Setting next_dagrun for example_subdag_operator.section-2 to None, run_after=None
[2024-11-01T02:21:01.097+0000] {logging_mixin.py:190} INFO - [2024-11-01T02:21:01.097+0000] {dag.py:3239} INFO - Sync 2 DAGs
[2024-11-01T02:21:01.103+0000] {logging_mixin.py:190} INFO - [2024-11-01T02:21:01.103+0000] {dag.py:4180} INFO - Setting next_dagrun for example_subdag_operator.section-1 to None, run_after=None
[2024-11-01T02:21:01.104+0000] {logging_mixin.py:190} INFO - [2024-11-01T02:21:01.104+0000] {dag.py:4180} INFO - Setting next_dagrun for example_subdag_operator.section-2 to None, run_after=None
[2024-11-01T02:21:01.115+0000] {processor.py:208} INFO - Processing /home/airflow/.local/lib/python3.12/site-packages/airflow/example_dags/example_subdag_operator.py took 0.098 seconds
[2024-11-01T02:21:31.674+0000] {processor.py:186} INFO - Started process (PID=931) to work on /home/airflow/.local/lib/python3.12/site-packages/airflow/example_dags/example_subdag_operator.py
[2024-11-01T02:21:31.675+0000] {processor.py:914} INFO - Processing file /home/airflow/.local/lib/python3.12/site-packages/airflow/example_dags/example_subdag_operator.py for tasks to queue
[2024-11-01T02:21:31.677+0000] {logging_mixin.py:190} INFO - [2024-11-01T02:21:31.677+0000] {dagbag.py:588} INFO - Filling up the DagBag from /home/airflow/.local/lib/python3.12/site-packages/airflow/example_dags/example_subdag_operator.py
[2024-11-01T02:21:31.700+0000] {processor.py:925} INFO - DAG(s) 'example_subdag_operator.section-1', 'example_subdag_operator.section-2', 'example_subdag_operator' retrieved from /home/airflow/.local/lib/python3.12/site-packages/airflow/example_dags/example_subdag_operator.py
[2024-11-01T02:21:31.713+0000] {logging_mixin.py:190} INFO - [2024-11-01T02:21:31.713+0000] {dag.py:3239} INFO - Sync 3 DAGs
[2024-11-01T02:21:31.733+0000] {logging_mixin.py:190} INFO - [2024-11-01T02:21:31.733+0000] {dag.py:4180} INFO - Setting next_dagrun for example_subdag_operator to 2022-01-01 00:00:00+00:00, run_after=2022-01-01 00:00:00+00:00
[2024-11-01T02:21:31.737+0000] {logging_mixin.py:190} INFO - [2024-11-01T02:21:31.737+0000] {dag.py:4180} INFO - Setting next_dagrun for example_subdag_operator.section-1 to None, run_after=None
[2024-11-01T02:21:31.738+0000] {logging_mixin.py:190} INFO - [2024-11-01T02:21:31.738+0000] {dag.py:4180} INFO - Setting next_dagrun for example_subdag_operator.section-2 to None, run_after=None
[2024-11-01T02:21:31.744+0000] {logging_mixin.py:190} INFO - [2024-11-01T02:21:31.744+0000] {dag.py:3239} INFO - Sync 2 DAGs
[2024-11-01T02:21:31.749+0000] {logging_mixin.py:190} INFO - [2024-11-01T02:21:31.749+0000] {dag.py:4180} INFO - Setting next_dagrun for example_subdag_operator.section-1 to None, run_after=None
[2024-11-01T02:21:31.749+0000] {logging_mixin.py:190} INFO - [2024-11-01T02:21:31.749+0000] {dag.py:4180} INFO - Setting next_dagrun for example_subdag_operator.section-2 to None, run_after=None
[2024-11-01T02:21:31.759+0000] {processor.py:208} INFO - Processing /home/airflow/.local/lib/python3.12/site-packages/airflow/example_dags/example_subdag_operator.py took 0.089 seconds
[2024-11-01T02:22:02.496+0000] {processor.py:186} INFO - Started process (PID=994) to work on /home/airflow/.local/lib/python3.12/site-packages/airflow/example_dags/example_subdag_operator.py
[2024-11-01T02:22:02.497+0000] {processor.py:914} INFO - Processing file /home/airflow/.local/lib/python3.12/site-packages/airflow/example_dags/example_subdag_operator.py for tasks to queue
[2024-11-01T02:22:02.499+0000] {logging_mixin.py:190} INFO - [2024-11-01T02:22:02.499+0000] {dagbag.py:588} INFO - Filling up the DagBag from /home/airflow/.local/lib/python3.12/site-packages/airflow/example_dags/example_subdag_operator.py
[2024-11-01T02:22:02.521+0000] {processor.py:925} INFO - DAG(s) 'example_subdag_operator.section-1', 'example_subdag_operator.section-2', 'example_subdag_operator' retrieved from /home/airflow/.local/lib/python3.12/site-packages/airflow/example_dags/example_subdag_operator.py
[2024-11-01T02:22:02.535+0000] {logging_mixin.py:190} INFO - [2024-11-01T02:22:02.535+0000] {dag.py:3239} INFO - Sync 3 DAGs
[2024-11-01T02:22:02.556+0000] {logging_mixin.py:190} INFO - [2024-11-01T02:22:02.556+0000] {dag.py:4180} INFO - Setting next_dagrun for example_subdag_operator to 2022-01-01 00:00:00+00:00, run_after=2022-01-01 00:00:00+00:00
[2024-11-01T02:22:02.559+0000] {logging_mixin.py:190} INFO - [2024-11-01T02:22:02.559+0000] {dag.py:4180} INFO - Setting next_dagrun for example_subdag_operator.section-1 to None, run_after=None
[2024-11-01T02:22:02.561+0000] {logging_mixin.py:190} INFO - [2024-11-01T02:22:02.561+0000] {dag.py:4180} INFO - Setting next_dagrun for example_subdag_operator.section-2 to None, run_after=None
[2024-11-01T02:22:02.567+0000] {logging_mixin.py:190} INFO - [2024-11-01T02:22:02.566+0000] {dag.py:3239} INFO - Sync 2 DAGs
[2024-11-01T02:22:02.572+0000] {logging_mixin.py:190} INFO - [2024-11-01T02:22:02.572+0000] {dag.py:4180} INFO - Setting next_dagrun for example_subdag_operator.section-1 to None, run_after=None
[2024-11-01T02:22:02.573+0000] {logging_mixin.py:190} INFO - [2024-11-01T02:22:02.573+0000] {dag.py:4180} INFO - Setting next_dagrun for example_subdag_operator.section-2 to None, run_after=None
[2024-11-01T02:22:02.597+0000] {processor.py:208} INFO - Processing /home/airflow/.local/lib/python3.12/site-packages/airflow/example_dags/example_subdag_operator.py took 0.105 seconds
[2024-11-01T02:22:33.320+0000] {processor.py:186} INFO - Started process (PID=1057) to work on /home/airflow/.local/lib/python3.12/site-packages/airflow/example_dags/example_subdag_operator.py
[2024-11-01T02:22:33.321+0000] {processor.py:914} INFO - Processing file /home/airflow/.local/lib/python3.12/site-packages/airflow/example_dags/example_subdag_operator.py for tasks to queue
[2024-11-01T02:22:33.324+0000] {logging_mixin.py:190} INFO - [2024-11-01T02:22:33.323+0000] {dagbag.py:588} INFO - Filling up the DagBag from /home/airflow/.local/lib/python3.12/site-packages/airflow/example_dags/example_subdag_operator.py
[2024-11-01T02:22:33.346+0000] {processor.py:925} INFO - DAG(s) 'example_subdag_operator.section-1', 'example_subdag_operator.section-2', 'example_subdag_operator' retrieved from /home/airflow/.local/lib/python3.12/site-packages/airflow/example_dags/example_subdag_operator.py
[2024-11-01T02:22:33.361+0000] {logging_mixin.py:190} INFO - [2024-11-01T02:22:33.361+0000] {dag.py:3239} INFO - Sync 3 DAGs
[2024-11-01T02:22:33.382+0000] {logging_mixin.py:190} INFO - [2024-11-01T02:22:33.382+0000] {dag.py:4180} INFO - Setting next_dagrun for example_subdag_operator to 2022-01-01 00:00:00+00:00, run_after=2022-01-01 00:00:00+00:00
[2024-11-01T02:22:33.386+0000] {logging_mixin.py:190} INFO - [2024-11-01T02:22:33.386+0000] {dag.py:4180} INFO - Setting next_dagrun for example_subdag_operator.section-1 to None, run_after=None
[2024-11-01T02:22:33.388+0000] {logging_mixin.py:190} INFO - [2024-11-01T02:22:33.388+0000] {dag.py:4180} INFO - Setting next_dagrun for example_subdag_operator.section-2 to None, run_after=None
[2024-11-01T02:22:33.395+0000] {logging_mixin.py:190} INFO - [2024-11-01T02:22:33.395+0000] {dag.py:3239} INFO - Sync 2 DAGs
[2024-11-01T02:22:33.400+0000] {logging_mixin.py:190} INFO - [2024-11-01T02:22:33.400+0000] {dag.py:4180} INFO - Setting next_dagrun for example_subdag_operator.section-1 to None, run_after=None
[2024-11-01T02:22:33.401+0000] {logging_mixin.py:190} INFO - [2024-11-01T02:22:33.400+0000] {dag.py:4180} INFO - Setting next_dagrun for example_subdag_operator.section-2 to None, run_after=None
[2024-11-01T02:22:33.413+0000] {processor.py:208} INFO - Processing /home/airflow/.local/lib/python3.12/site-packages/airflow/example_dags/example_subdag_operator.py took 0.098 seconds
[2024-11-01T02:23:04.121+0000] {processor.py:186} INFO - Started process (PID=1120) to work on /home/airflow/.local/lib/python3.12/site-packages/airflow/example_dags/example_subdag_operator.py
[2024-11-01T02:23:04.122+0000] {processor.py:914} INFO - Processing file /home/airflow/.local/lib/python3.12/site-packages/airflow/example_dags/example_subdag_operator.py for tasks to queue
[2024-11-01T02:23:04.124+0000] {logging_mixin.py:190} INFO - [2024-11-01T02:23:04.124+0000] {dagbag.py:588} INFO - Filling up the DagBag from /home/airflow/.local/lib/python3.12/site-packages/airflow/example_dags/example_subdag_operator.py
[2024-11-01T02:23:04.145+0000] {processor.py:925} INFO - DAG(s) 'example_subdag_operator.section-1', 'example_subdag_operator.section-2', 'example_subdag_operator' retrieved from /home/airflow/.local/lib/python3.12/site-packages/airflow/example_dags/example_subdag_operator.py
[2024-11-01T02:23:04.158+0000] {logging_mixin.py:190} INFO - [2024-11-01T02:23:04.158+0000] {dag.py:3239} INFO - Sync 3 DAGs
[2024-11-01T02:23:04.177+0000] {logging_mixin.py:190} INFO - [2024-11-01T02:23:04.177+0000] {dag.py:4180} INFO - Setting next_dagrun for example_subdag_operator to 2022-01-01 00:00:00+00:00, run_after=2022-01-01 00:00:00+00:00
[2024-11-01T02:23:04.180+0000] {logging_mixin.py:190} INFO - [2024-11-01T02:23:04.180+0000] {dag.py:4180} INFO - Setting next_dagrun for example_subdag_operator.section-1 to None, run_after=None
[2024-11-01T02:23:04.181+0000] {logging_mixin.py:190} INFO - [2024-11-01T02:23:04.181+0000] {dag.py:4180} INFO - Setting next_dagrun for example_subdag_operator.section-2 to None, run_after=None
[2024-11-01T02:23:04.189+0000] {logging_mixin.py:190} INFO - [2024-11-01T02:23:04.189+0000] {dag.py:3239} INFO - Sync 2 DAGs
[2024-11-01T02:23:04.194+0000] {logging_mixin.py:190} INFO - [2024-11-01T02:23:04.193+0000] {dag.py:4180} INFO - Setting next_dagrun for example_subdag_operator.section-1 to None, run_after=None
[2024-11-01T02:23:04.194+0000] {logging_mixin.py:190} INFO - [2024-11-01T02:23:04.194+0000] {dag.py:4180} INFO - Setting next_dagrun for example_subdag_operator.section-2 to None, run_after=None
[2024-11-01T02:23:04.204+0000] {processor.py:208} INFO - Processing /home/airflow/.local/lib/python3.12/site-packages/airflow/example_dags/example_subdag_operator.py took 0.088 seconds
