[2024-11-01T02:04:31.904+0000] {processor.py:186} INFO - Started process (PID=85) to work on /home/airflow/.local/lib/python3.12/site-packages/airflow/example_dags/example_setup_teardown.py
[2024-11-01T02:04:31.905+0000] {processor.py:914} INFO - Processing file /home/airflow/.local/lib/python3.12/site-packages/airflow/example_dags/example_setup_teardown.py for tasks to queue
[2024-11-01T02:04:31.907+0000] {logging_mixin.py:190} INFO - [2024-11-01T02:04:31.907+0000] {dagbag.py:588} INFO - Filling up the DagBag from /home/airflow/.local/lib/python3.12/site-packages/airflow/example_dags/example_setup_teardown.py
[2024-11-01T02:04:31.914+0000] {processor.py:925} INFO - DAG(s) 'example_setup_teardown' retrieved from /home/airflow/.local/lib/python3.12/site-packages/airflow/example_dags/example_setup_teardown.py
[2024-11-01T02:04:32.007+0000] {logging_mixin.py:190} INFO - [2024-11-01T02:04:32.006+0000] {override.py:1900} INFO - Created Permission View: can edit on DAG:example_setup_teardown
[2024-11-01T02:04:32.015+0000] {logging_mixin.py:190} INFO - [2024-11-01T02:04:32.015+0000] {override.py:1900} INFO - Created Permission View: can read on DAG:example_setup_teardown
[2024-11-01T02:04:32.022+0000] {logging_mixin.py:190} INFO - [2024-11-01T02:04:32.022+0000] {override.py:1900} INFO - Created Permission View: can delete on DAG:example_setup_teardown
[2024-11-01T02:04:32.030+0000] {logging_mixin.py:190} INFO - [2024-11-01T02:04:32.030+0000] {override.py:1900} INFO - Created Permission View: can delete on DAG Run:example_setup_teardown
[2024-11-01T02:04:32.036+0000] {logging_mixin.py:190} INFO - [2024-11-01T02:04:32.036+0000] {override.py:1900} INFO - Created Permission View: can read on DAG Run:example_setup_teardown
[2024-11-01T02:04:32.043+0000] {logging_mixin.py:190} INFO - [2024-11-01T02:04:32.043+0000] {override.py:1900} INFO - Created Permission View: can create on DAG Run:example_setup_teardown
[2024-11-01T02:04:32.049+0000] {logging_mixin.py:190} INFO - [2024-11-01T02:04:32.049+0000] {override.py:1900} INFO - Created Permission View: menu access on DAG Run:example_setup_teardown
[2024-11-01T02:04:32.050+0000] {logging_mixin.py:190} INFO - [2024-11-01T02:04:32.050+0000] {dag.py:3239} INFO - Sync 1 DAGs
[2024-11-01T02:04:32.061+0000] {logging_mixin.py:190} INFO - [2024-11-01T02:04:32.061+0000] {dag.py:3262} INFO - Creating ORM DAG for example_setup_teardown
[2024-11-01T02:04:32.062+0000] {logging_mixin.py:190} INFO - [2024-11-01T02:04:32.062+0000] {dag.py:4180} INFO - Setting next_dagrun for example_setup_teardown to None, run_after=None
[2024-11-01T02:04:32.076+0000] {processor.py:208} INFO - Processing /home/airflow/.local/lib/python3.12/site-packages/airflow/example_dags/example_setup_teardown.py took 0.177 seconds
[2024-11-01T02:05:03.007+0000] {processor.py:186} INFO - Started process (PID=147) to work on /home/airflow/.local/lib/python3.12/site-packages/airflow/example_dags/example_setup_teardown.py
[2024-11-01T02:05:03.008+0000] {processor.py:914} INFO - Processing file /home/airflow/.local/lib/python3.12/site-packages/airflow/example_dags/example_setup_teardown.py for tasks to queue
[2024-11-01T02:05:03.010+0000] {logging_mixin.py:190} INFO - [2024-11-01T02:05:03.010+0000] {dagbag.py:588} INFO - Filling up the DagBag from /home/airflow/.local/lib/python3.12/site-packages/airflow/example_dags/example_setup_teardown.py
[2024-11-01T02:05:03.017+0000] {processor.py:925} INFO - DAG(s) 'example_setup_teardown' retrieved from /home/airflow/.local/lib/python3.12/site-packages/airflow/example_dags/example_setup_teardown.py
[2024-11-01T02:05:03.033+0000] {logging_mixin.py:190} INFO - [2024-11-01T02:05:03.033+0000] {dag.py:3239} INFO - Sync 1 DAGs
[2024-11-01T02:05:03.045+0000] {logging_mixin.py:190} INFO - [2024-11-01T02:05:03.045+0000] {dag.py:4180} INFO - Setting next_dagrun for example_setup_teardown to None, run_after=None
[2024-11-01T02:05:03.067+0000] {processor.py:208} INFO - Processing /home/airflow/.local/lib/python3.12/site-packages/airflow/example_dags/example_setup_teardown.py took 0.064 seconds
[2024-11-01T02:05:33.294+0000] {processor.py:186} INFO - Started process (PID=209) to work on /home/airflow/.local/lib/python3.12/site-packages/airflow/example_dags/example_setup_teardown.py
[2024-11-01T02:05:33.295+0000] {processor.py:914} INFO - Processing file /home/airflow/.local/lib/python3.12/site-packages/airflow/example_dags/example_setup_teardown.py for tasks to queue
[2024-11-01T02:05:33.297+0000] {logging_mixin.py:190} INFO - [2024-11-01T02:05:33.297+0000] {dagbag.py:588} INFO - Filling up the DagBag from /home/airflow/.local/lib/python3.12/site-packages/airflow/example_dags/example_setup_teardown.py
[2024-11-01T02:05:33.303+0000] {processor.py:925} INFO - DAG(s) 'example_setup_teardown' retrieved from /home/airflow/.local/lib/python3.12/site-packages/airflow/example_dags/example_setup_teardown.py
[2024-11-01T02:05:33.320+0000] {logging_mixin.py:190} INFO - [2024-11-01T02:05:33.320+0000] {dag.py:3239} INFO - Sync 1 DAGs
[2024-11-01T02:05:33.331+0000] {logging_mixin.py:190} INFO - [2024-11-01T02:05:33.331+0000] {dag.py:4180} INFO - Setting next_dagrun for example_setup_teardown to None, run_after=None
[2024-11-01T02:05:33.347+0000] {processor.py:208} INFO - Processing /home/airflow/.local/lib/python3.12/site-packages/airflow/example_dags/example_setup_teardown.py took 0.057 seconds
[2024-11-01T02:06:03.567+0000] {processor.py:186} INFO - Started process (PID=271) to work on /home/airflow/.local/lib/python3.12/site-packages/airflow/example_dags/example_setup_teardown.py
[2024-11-01T02:06:03.568+0000] {processor.py:914} INFO - Processing file /home/airflow/.local/lib/python3.12/site-packages/airflow/example_dags/example_setup_teardown.py for tasks to queue
[2024-11-01T02:06:03.570+0000] {logging_mixin.py:190} INFO - [2024-11-01T02:06:03.570+0000] {dagbag.py:588} INFO - Filling up the DagBag from /home/airflow/.local/lib/python3.12/site-packages/airflow/example_dags/example_setup_teardown.py
[2024-11-01T02:06:03.577+0000] {processor.py:925} INFO - DAG(s) 'example_setup_teardown' retrieved from /home/airflow/.local/lib/python3.12/site-packages/airflow/example_dags/example_setup_teardown.py
[2024-11-01T02:06:03.595+0000] {logging_mixin.py:190} INFO - [2024-11-01T02:06:03.595+0000] {dag.py:3239} INFO - Sync 1 DAGs
[2024-11-01T02:06:03.611+0000] {logging_mixin.py:190} INFO - [2024-11-01T02:06:03.611+0000] {dag.py:4180} INFO - Setting next_dagrun for example_setup_teardown to None, run_after=None
[2024-11-01T02:06:03.629+0000] {processor.py:208} INFO - Processing /home/airflow/.local/lib/python3.12/site-packages/airflow/example_dags/example_setup_teardown.py took 0.067 seconds
[2024-11-01T02:14:51.515+0000] {processor.py:186} INFO - Started process (PID=81) to work on /home/airflow/.local/lib/python3.12/site-packages/airflow/example_dags/example_setup_teardown.py
[2024-11-01T02:14:51.516+0000] {processor.py:914} INFO - Processing file /home/airflow/.local/lib/python3.12/site-packages/airflow/example_dags/example_setup_teardown.py for tasks to queue
[2024-11-01T02:14:51.518+0000] {logging_mixin.py:190} INFO - [2024-11-01T02:14:51.518+0000] {dagbag.py:588} INFO - Filling up the DagBag from /home/airflow/.local/lib/python3.12/site-packages/airflow/example_dags/example_setup_teardown.py
[2024-11-01T02:14:51.526+0000] {processor.py:925} INFO - DAG(s) 'example_setup_teardown' retrieved from /home/airflow/.local/lib/python3.12/site-packages/airflow/example_dags/example_setup_teardown.py
[2024-11-01T02:14:51.549+0000] {logging_mixin.py:190} INFO - [2024-11-01T02:14:51.549+0000] {dag.py:3239} INFO - Sync 1 DAGs
[2024-11-01T02:14:51.562+0000] {logging_mixin.py:190} INFO - [2024-11-01T02:14:51.562+0000] {dag.py:4180} INFO - Setting next_dagrun for example_setup_teardown to None, run_after=None
[2024-11-01T02:14:51.581+0000] {processor.py:208} INFO - Processing /home/airflow/.local/lib/python3.12/site-packages/airflow/example_dags/example_setup_teardown.py took 0.071 seconds
[2024-11-01T02:15:22.283+0000] {processor.py:186} INFO - Started process (PID=144) to work on /home/airflow/.local/lib/python3.12/site-packages/airflow/example_dags/example_setup_teardown.py
[2024-11-01T02:15:22.284+0000] {processor.py:914} INFO - Processing file /home/airflow/.local/lib/python3.12/site-packages/airflow/example_dags/example_setup_teardown.py for tasks to queue
[2024-11-01T02:15:22.286+0000] {logging_mixin.py:190} INFO - [2024-11-01T02:15:22.286+0000] {dagbag.py:588} INFO - Filling up the DagBag from /home/airflow/.local/lib/python3.12/site-packages/airflow/example_dags/example_setup_teardown.py
[2024-11-01T02:15:22.293+0000] {processor.py:925} INFO - DAG(s) 'example_setup_teardown' retrieved from /home/airflow/.local/lib/python3.12/site-packages/airflow/example_dags/example_setup_teardown.py
[2024-11-01T02:15:22.309+0000] {logging_mixin.py:190} INFO - [2024-11-01T02:15:22.309+0000] {dag.py:3239} INFO - Sync 1 DAGs
[2024-11-01T02:15:22.321+0000] {logging_mixin.py:190} INFO - [2024-11-01T02:15:22.321+0000] {dag.py:4180} INFO - Setting next_dagrun for example_setup_teardown to None, run_after=None
[2024-11-01T02:15:22.337+0000] {processor.py:208} INFO - Processing /home/airflow/.local/lib/python3.12/site-packages/airflow/example_dags/example_setup_teardown.py took 0.058 seconds
[2024-11-01T02:15:52.787+0000] {processor.py:186} INFO - Started process (PID=207) to work on /home/airflow/.local/lib/python3.12/site-packages/airflow/example_dags/example_setup_teardown.py
[2024-11-01T02:15:52.788+0000] {processor.py:914} INFO - Processing file /home/airflow/.local/lib/python3.12/site-packages/airflow/example_dags/example_setup_teardown.py for tasks to queue
[2024-11-01T02:15:52.790+0000] {logging_mixin.py:190} INFO - [2024-11-01T02:15:52.789+0000] {dagbag.py:588} INFO - Filling up the DagBag from /home/airflow/.local/lib/python3.12/site-packages/airflow/example_dags/example_setup_teardown.py
[2024-11-01T02:15:52.796+0000] {processor.py:925} INFO - DAG(s) 'example_setup_teardown' retrieved from /home/airflow/.local/lib/python3.12/site-packages/airflow/example_dags/example_setup_teardown.py
[2024-11-01T02:15:52.818+0000] {logging_mixin.py:190} INFO - [2024-11-01T02:15:52.818+0000] {dag.py:3239} INFO - Sync 1 DAGs
[2024-11-01T02:15:52.834+0000] {logging_mixin.py:190} INFO - [2024-11-01T02:15:52.834+0000] {dag.py:4180} INFO - Setting next_dagrun for example_setup_teardown to None, run_after=None
[2024-11-01T02:15:52.853+0000] {processor.py:208} INFO - Processing /home/airflow/.local/lib/python3.12/site-packages/airflow/example_dags/example_setup_teardown.py took 0.073 seconds
[2024-11-01T02:16:23.410+0000] {processor.py:186} INFO - Started process (PID=270) to work on /home/airflow/.local/lib/python3.12/site-packages/airflow/example_dags/example_setup_teardown.py
[2024-11-01T02:16:23.410+0000] {processor.py:914} INFO - Processing file /home/airflow/.local/lib/python3.12/site-packages/airflow/example_dags/example_setup_teardown.py for tasks to queue
[2024-11-01T02:16:23.413+0000] {logging_mixin.py:190} INFO - [2024-11-01T02:16:23.412+0000] {dagbag.py:588} INFO - Filling up the DagBag from /home/airflow/.local/lib/python3.12/site-packages/airflow/example_dags/example_setup_teardown.py
[2024-11-01T02:16:23.419+0000] {processor.py:925} INFO - DAG(s) 'example_setup_teardown' retrieved from /home/airflow/.local/lib/python3.12/site-packages/airflow/example_dags/example_setup_teardown.py
[2024-11-01T02:16:23.437+0000] {logging_mixin.py:190} INFO - [2024-11-01T02:16:23.437+0000] {dag.py:3239} INFO - Sync 1 DAGs
[2024-11-01T02:16:23.451+0000] {logging_mixin.py:190} INFO - [2024-11-01T02:16:23.451+0000] {dag.py:4180} INFO - Setting next_dagrun for example_setup_teardown to None, run_after=None
[2024-11-01T02:16:23.468+0000] {processor.py:208} INFO - Processing /home/airflow/.local/lib/python3.12/site-packages/airflow/example_dags/example_setup_teardown.py took 0.063 seconds
[2024-11-01T02:16:54.017+0000] {processor.py:186} INFO - Started process (PID=339) to work on /home/airflow/.local/lib/python3.12/site-packages/airflow/example_dags/example_setup_teardown.py
[2024-11-01T02:16:54.018+0000] {processor.py:914} INFO - Processing file /home/airflow/.local/lib/python3.12/site-packages/airflow/example_dags/example_setup_teardown.py for tasks to queue
[2024-11-01T02:16:54.020+0000] {logging_mixin.py:190} INFO - [2024-11-01T02:16:54.020+0000] {dagbag.py:588} INFO - Filling up the DagBag from /home/airflow/.local/lib/python3.12/site-packages/airflow/example_dags/example_setup_teardown.py
[2024-11-01T02:16:54.027+0000] {processor.py:925} INFO - DAG(s) 'example_setup_teardown' retrieved from /home/airflow/.local/lib/python3.12/site-packages/airflow/example_dags/example_setup_teardown.py
[2024-11-01T02:16:54.045+0000] {logging_mixin.py:190} INFO - [2024-11-01T02:16:54.045+0000] {dag.py:3239} INFO - Sync 1 DAGs
[2024-11-01T02:16:54.058+0000] {logging_mixin.py:190} INFO - [2024-11-01T02:16:54.057+0000] {dag.py:4180} INFO - Setting next_dagrun for example_setup_teardown to None, run_after=None
[2024-11-01T02:16:54.075+0000] {processor.py:208} INFO - Processing /home/airflow/.local/lib/python3.12/site-packages/airflow/example_dags/example_setup_teardown.py took 0.063 seconds
[2024-11-01T02:17:24.635+0000] {processor.py:186} INFO - Started process (PID=402) to work on /home/airflow/.local/lib/python3.12/site-packages/airflow/example_dags/example_setup_teardown.py
[2024-11-01T02:17:24.635+0000] {processor.py:914} INFO - Processing file /home/airflow/.local/lib/python3.12/site-packages/airflow/example_dags/example_setup_teardown.py for tasks to queue
[2024-11-01T02:17:24.637+0000] {logging_mixin.py:190} INFO - [2024-11-01T02:17:24.637+0000] {dagbag.py:588} INFO - Filling up the DagBag from /home/airflow/.local/lib/python3.12/site-packages/airflow/example_dags/example_setup_teardown.py
[2024-11-01T02:17:24.644+0000] {processor.py:925} INFO - DAG(s) 'example_setup_teardown' retrieved from /home/airflow/.local/lib/python3.12/site-packages/airflow/example_dags/example_setup_teardown.py
[2024-11-01T02:17:24.662+0000] {logging_mixin.py:190} INFO - [2024-11-01T02:17:24.662+0000] {dag.py:3239} INFO - Sync 1 DAGs
[2024-11-01T02:17:24.675+0000] {logging_mixin.py:190} INFO - [2024-11-01T02:17:24.674+0000] {dag.py:4180} INFO - Setting next_dagrun for example_setup_teardown to None, run_after=None
[2024-11-01T02:17:24.692+0000] {processor.py:208} INFO - Processing /home/airflow/.local/lib/python3.12/site-packages/airflow/example_dags/example_setup_teardown.py took 0.062 seconds
[2024-11-01T02:17:55.136+0000] {processor.py:186} INFO - Started process (PID=465) to work on /home/airflow/.local/lib/python3.12/site-packages/airflow/example_dags/example_setup_teardown.py
[2024-11-01T02:17:55.136+0000] {processor.py:914} INFO - Processing file /home/airflow/.local/lib/python3.12/site-packages/airflow/example_dags/example_setup_teardown.py for tasks to queue
[2024-11-01T02:17:55.138+0000] {logging_mixin.py:190} INFO - [2024-11-01T02:17:55.138+0000] {dagbag.py:588} INFO - Filling up the DagBag from /home/airflow/.local/lib/python3.12/site-packages/airflow/example_dags/example_setup_teardown.py
[2024-11-01T02:17:55.145+0000] {processor.py:925} INFO - DAG(s) 'example_setup_teardown' retrieved from /home/airflow/.local/lib/python3.12/site-packages/airflow/example_dags/example_setup_teardown.py
[2024-11-01T02:17:55.163+0000] {logging_mixin.py:190} INFO - [2024-11-01T02:17:55.162+0000] {dag.py:3239} INFO - Sync 1 DAGs
[2024-11-01T02:17:55.174+0000] {logging_mixin.py:190} INFO - [2024-11-01T02:17:55.174+0000] {dag.py:4180} INFO - Setting next_dagrun for example_setup_teardown to None, run_after=None
[2024-11-01T02:17:55.191+0000] {processor.py:208} INFO - Processing /home/airflow/.local/lib/python3.12/site-packages/airflow/example_dags/example_setup_teardown.py took 0.059 seconds
[2024-11-01T02:18:25.579+0000] {processor.py:186} INFO - Started process (PID=528) to work on /home/airflow/.local/lib/python3.12/site-packages/airflow/example_dags/example_setup_teardown.py
[2024-11-01T02:18:25.580+0000] {processor.py:914} INFO - Processing file /home/airflow/.local/lib/python3.12/site-packages/airflow/example_dags/example_setup_teardown.py for tasks to queue
[2024-11-01T02:18:25.582+0000] {logging_mixin.py:190} INFO - [2024-11-01T02:18:25.582+0000] {dagbag.py:588} INFO - Filling up the DagBag from /home/airflow/.local/lib/python3.12/site-packages/airflow/example_dags/example_setup_teardown.py
[2024-11-01T02:18:25.589+0000] {processor.py:925} INFO - DAG(s) 'example_setup_teardown' retrieved from /home/airflow/.local/lib/python3.12/site-packages/airflow/example_dags/example_setup_teardown.py
[2024-11-01T02:18:25.606+0000] {logging_mixin.py:190} INFO - [2024-11-01T02:18:25.606+0000] {dag.py:3239} INFO - Sync 1 DAGs
[2024-11-01T02:18:25.618+0000] {logging_mixin.py:190} INFO - [2024-11-01T02:18:25.618+0000] {dag.py:4180} INFO - Setting next_dagrun for example_setup_teardown to None, run_after=None
[2024-11-01T02:18:25.636+0000] {processor.py:208} INFO - Processing /home/airflow/.local/lib/python3.12/site-packages/airflow/example_dags/example_setup_teardown.py took 0.061 seconds
[2024-11-01T02:18:56.150+0000] {processor.py:186} INFO - Started process (PID=591) to work on /home/airflow/.local/lib/python3.12/site-packages/airflow/example_dags/example_setup_teardown.py
[2024-11-01T02:18:56.150+0000] {processor.py:914} INFO - Processing file /home/airflow/.local/lib/python3.12/site-packages/airflow/example_dags/example_setup_teardown.py for tasks to queue
[2024-11-01T02:18:56.152+0000] {logging_mixin.py:190} INFO - [2024-11-01T02:18:56.152+0000] {dagbag.py:588} INFO - Filling up the DagBag from /home/airflow/.local/lib/python3.12/site-packages/airflow/example_dags/example_setup_teardown.py
[2024-11-01T02:18:56.159+0000] {processor.py:925} INFO - DAG(s) 'example_setup_teardown' retrieved from /home/airflow/.local/lib/python3.12/site-packages/airflow/example_dags/example_setup_teardown.py
[2024-11-01T02:18:56.176+0000] {logging_mixin.py:190} INFO - [2024-11-01T02:18:56.176+0000] {dag.py:3239} INFO - Sync 1 DAGs
[2024-11-01T02:18:56.188+0000] {logging_mixin.py:190} INFO - [2024-11-01T02:18:56.188+0000] {dag.py:4180} INFO - Setting next_dagrun for example_setup_teardown to None, run_after=None
[2024-11-01T02:18:56.220+0000] {processor.py:208} INFO - Processing /home/airflow/.local/lib/python3.12/site-packages/airflow/example_dags/example_setup_teardown.py took 0.074 seconds
[2024-11-01T02:19:26.741+0000] {processor.py:186} INFO - Started process (PID=654) to work on /home/airflow/.local/lib/python3.12/site-packages/airflow/example_dags/example_setup_teardown.py
[2024-11-01T02:19:26.742+0000] {processor.py:914} INFO - Processing file /home/airflow/.local/lib/python3.12/site-packages/airflow/example_dags/example_setup_teardown.py for tasks to queue
[2024-11-01T02:19:26.744+0000] {logging_mixin.py:190} INFO - [2024-11-01T02:19:26.744+0000] {dagbag.py:588} INFO - Filling up the DagBag from /home/airflow/.local/lib/python3.12/site-packages/airflow/example_dags/example_setup_teardown.py
[2024-11-01T02:19:26.751+0000] {processor.py:925} INFO - DAG(s) 'example_setup_teardown' retrieved from /home/airflow/.local/lib/python3.12/site-packages/airflow/example_dags/example_setup_teardown.py
[2024-11-01T02:19:26.768+0000] {logging_mixin.py:190} INFO - [2024-11-01T02:19:26.767+0000] {dag.py:3239} INFO - Sync 1 DAGs
[2024-11-01T02:19:26.780+0000] {logging_mixin.py:190} INFO - [2024-11-01T02:19:26.780+0000] {dag.py:4180} INFO - Setting next_dagrun for example_setup_teardown to None, run_after=None
[2024-11-01T02:19:26.796+0000] {processor.py:208} INFO - Processing /home/airflow/.local/lib/python3.12/site-packages/airflow/example_dags/example_setup_teardown.py took 0.059 seconds
[2024-11-01T02:19:57.415+0000] {processor.py:186} INFO - Started process (PID=717) to work on /home/airflow/.local/lib/python3.12/site-packages/airflow/example_dags/example_setup_teardown.py
[2024-11-01T02:19:57.415+0000] {processor.py:914} INFO - Processing file /home/airflow/.local/lib/python3.12/site-packages/airflow/example_dags/example_setup_teardown.py for tasks to queue
[2024-11-01T02:19:57.417+0000] {logging_mixin.py:190} INFO - [2024-11-01T02:19:57.417+0000] {dagbag.py:588} INFO - Filling up the DagBag from /home/airflow/.local/lib/python3.12/site-packages/airflow/example_dags/example_setup_teardown.py
[2024-11-01T02:19:57.424+0000] {processor.py:925} INFO - DAG(s) 'example_setup_teardown' retrieved from /home/airflow/.local/lib/python3.12/site-packages/airflow/example_dags/example_setup_teardown.py
[2024-11-01T02:19:57.443+0000] {logging_mixin.py:190} INFO - [2024-11-01T02:19:57.442+0000] {dag.py:3239} INFO - Sync 1 DAGs
[2024-11-01T02:19:57.456+0000] {logging_mixin.py:190} INFO - [2024-11-01T02:19:57.456+0000] {dag.py:4180} INFO - Setting next_dagrun for example_setup_teardown to None, run_after=None
[2024-11-01T02:19:57.473+0000] {processor.py:208} INFO - Processing /home/airflow/.local/lib/python3.12/site-packages/airflow/example_dags/example_setup_teardown.py took 0.063 seconds
[2024-11-01T02:20:28.125+0000] {processor.py:186} INFO - Started process (PID=780) to work on /home/airflow/.local/lib/python3.12/site-packages/airflow/example_dags/example_setup_teardown.py
[2024-11-01T02:20:28.126+0000] {processor.py:914} INFO - Processing file /home/airflow/.local/lib/python3.12/site-packages/airflow/example_dags/example_setup_teardown.py for tasks to queue
[2024-11-01T02:20:28.128+0000] {logging_mixin.py:190} INFO - [2024-11-01T02:20:28.127+0000] {dagbag.py:588} INFO - Filling up the DagBag from /home/airflow/.local/lib/python3.12/site-packages/airflow/example_dags/example_setup_teardown.py
[2024-11-01T02:20:28.135+0000] {processor.py:925} INFO - DAG(s) 'example_setup_teardown' retrieved from /home/airflow/.local/lib/python3.12/site-packages/airflow/example_dags/example_setup_teardown.py
[2024-11-01T02:20:28.153+0000] {logging_mixin.py:190} INFO - [2024-11-01T02:20:28.153+0000] {dag.py:3239} INFO - Sync 1 DAGs
[2024-11-01T02:20:28.168+0000] {logging_mixin.py:190} INFO - [2024-11-01T02:20:28.168+0000] {dag.py:4180} INFO - Setting next_dagrun for example_setup_teardown to None, run_after=None
[2024-11-01T02:20:28.187+0000] {processor.py:208} INFO - Processing /home/airflow/.local/lib/python3.12/site-packages/airflow/example_dags/example_setup_teardown.py took 0.069 seconds
[2024-11-01T02:20:59.052+0000] {processor.py:186} INFO - Started process (PID=843) to work on /home/airflow/.local/lib/python3.12/site-packages/airflow/example_dags/example_setup_teardown.py
[2024-11-01T02:20:59.053+0000] {processor.py:914} INFO - Processing file /home/airflow/.local/lib/python3.12/site-packages/airflow/example_dags/example_setup_teardown.py for tasks to queue
[2024-11-01T02:20:59.056+0000] {logging_mixin.py:190} INFO - [2024-11-01T02:20:59.055+0000] {dagbag.py:588} INFO - Filling up the DagBag from /home/airflow/.local/lib/python3.12/site-packages/airflow/example_dags/example_setup_teardown.py
[2024-11-01T02:20:59.064+0000] {processor.py:925} INFO - DAG(s) 'example_setup_teardown' retrieved from /home/airflow/.local/lib/python3.12/site-packages/airflow/example_dags/example_setup_teardown.py
[2024-11-01T02:20:59.083+0000] {logging_mixin.py:190} INFO - [2024-11-01T02:20:59.083+0000] {dag.py:3239} INFO - Sync 1 DAGs
[2024-11-01T02:20:59.097+0000] {logging_mixin.py:190} INFO - [2024-11-01T02:20:59.097+0000] {dag.py:4180} INFO - Setting next_dagrun for example_setup_teardown to None, run_after=None
[2024-11-01T02:20:59.116+0000] {processor.py:208} INFO - Processing /home/airflow/.local/lib/python3.12/site-packages/airflow/example_dags/example_setup_teardown.py took 0.069 seconds
[2024-11-01T02:21:30.135+0000] {processor.py:186} INFO - Started process (PID=906) to work on /home/airflow/.local/lib/python3.12/site-packages/airflow/example_dags/example_setup_teardown.py
[2024-11-01T02:21:30.136+0000] {processor.py:914} INFO - Processing file /home/airflow/.local/lib/python3.12/site-packages/airflow/example_dags/example_setup_teardown.py for tasks to queue
[2024-11-01T02:21:30.139+0000] {logging_mixin.py:190} INFO - [2024-11-01T02:21:30.138+0000] {dagbag.py:588} INFO - Filling up the DagBag from /home/airflow/.local/lib/python3.12/site-packages/airflow/example_dags/example_setup_teardown.py
[2024-11-01T02:21:30.146+0000] {processor.py:925} INFO - DAG(s) 'example_setup_teardown' retrieved from /home/airflow/.local/lib/python3.12/site-packages/airflow/example_dags/example_setup_teardown.py
[2024-11-01T02:21:30.164+0000] {logging_mixin.py:190} INFO - [2024-11-01T02:21:30.163+0000] {dag.py:3239} INFO - Sync 1 DAGs
[2024-11-01T02:21:30.176+0000] {logging_mixin.py:190} INFO - [2024-11-01T02:21:30.176+0000] {dag.py:4180} INFO - Setting next_dagrun for example_setup_teardown to None, run_after=None
[2024-11-01T02:21:30.192+0000] {processor.py:208} INFO - Processing /home/airflow/.local/lib/python3.12/site-packages/airflow/example_dags/example_setup_teardown.py took 0.062 seconds
[2024-11-01T02:22:00.823+0000] {processor.py:186} INFO - Started process (PID=969) to work on /home/airflow/.local/lib/python3.12/site-packages/airflow/example_dags/example_setup_teardown.py
[2024-11-01T02:22:00.824+0000] {processor.py:914} INFO - Processing file /home/airflow/.local/lib/python3.12/site-packages/airflow/example_dags/example_setup_teardown.py for tasks to queue
[2024-11-01T02:22:00.826+0000] {logging_mixin.py:190} INFO - [2024-11-01T02:22:00.825+0000] {dagbag.py:588} INFO - Filling up the DagBag from /home/airflow/.local/lib/python3.12/site-packages/airflow/example_dags/example_setup_teardown.py
[2024-11-01T02:22:00.832+0000] {processor.py:925} INFO - DAG(s) 'example_setup_teardown' retrieved from /home/airflow/.local/lib/python3.12/site-packages/airflow/example_dags/example_setup_teardown.py
[2024-11-01T02:22:00.849+0000] {logging_mixin.py:190} INFO - [2024-11-01T02:22:00.849+0000] {dag.py:3239} INFO - Sync 1 DAGs
[2024-11-01T02:22:00.862+0000] {logging_mixin.py:190} INFO - [2024-11-01T02:22:00.862+0000] {dag.py:4180} INFO - Setting next_dagrun for example_setup_teardown to None, run_after=None
[2024-11-01T02:22:00.879+0000] {processor.py:208} INFO - Processing /home/airflow/.local/lib/python3.12/site-packages/airflow/example_dags/example_setup_teardown.py took 0.062 seconds
[2024-11-01T02:22:31.548+0000] {processor.py:186} INFO - Started process (PID=1032) to work on /home/airflow/.local/lib/python3.12/site-packages/airflow/example_dags/example_setup_teardown.py
[2024-11-01T02:22:31.549+0000] {processor.py:914} INFO - Processing file /home/airflow/.local/lib/python3.12/site-packages/airflow/example_dags/example_setup_teardown.py for tasks to queue
[2024-11-01T02:22:31.551+0000] {logging_mixin.py:190} INFO - [2024-11-01T02:22:31.551+0000] {dagbag.py:588} INFO - Filling up the DagBag from /home/airflow/.local/lib/python3.12/site-packages/airflow/example_dags/example_setup_teardown.py
[2024-11-01T02:22:31.558+0000] {processor.py:925} INFO - DAG(s) 'example_setup_teardown' retrieved from /home/airflow/.local/lib/python3.12/site-packages/airflow/example_dags/example_setup_teardown.py
[2024-11-01T02:22:31.575+0000] {logging_mixin.py:190} INFO - [2024-11-01T02:22:31.575+0000] {dag.py:3239} INFO - Sync 1 DAGs
[2024-11-01T02:22:31.592+0000] {logging_mixin.py:190} INFO - [2024-11-01T02:22:31.591+0000] {dag.py:4180} INFO - Setting next_dagrun for example_setup_teardown to None, run_after=None
[2024-11-01T02:22:31.611+0000] {processor.py:208} INFO - Processing /home/airflow/.local/lib/python3.12/site-packages/airflow/example_dags/example_setup_teardown.py took 0.067 seconds
[2024-11-01T02:23:02.448+0000] {processor.py:186} INFO - Started process (PID=1095) to work on /home/airflow/.local/lib/python3.12/site-packages/airflow/example_dags/example_setup_teardown.py
[2024-11-01T02:23:02.448+0000] {processor.py:914} INFO - Processing file /home/airflow/.local/lib/python3.12/site-packages/airflow/example_dags/example_setup_teardown.py for tasks to queue
[2024-11-01T02:23:02.450+0000] {logging_mixin.py:190} INFO - [2024-11-01T02:23:02.450+0000] {dagbag.py:588} INFO - Filling up the DagBag from /home/airflow/.local/lib/python3.12/site-packages/airflow/example_dags/example_setup_teardown.py
[2024-11-01T02:23:02.457+0000] {processor.py:925} INFO - DAG(s) 'example_setup_teardown' retrieved from /home/airflow/.local/lib/python3.12/site-packages/airflow/example_dags/example_setup_teardown.py
[2024-11-01T02:23:02.475+0000] {logging_mixin.py:190} INFO - [2024-11-01T02:23:02.474+0000] {dag.py:3239} INFO - Sync 1 DAGs
[2024-11-01T02:23:02.488+0000] {logging_mixin.py:190} INFO - [2024-11-01T02:23:02.488+0000] {dag.py:4180} INFO - Setting next_dagrun for example_setup_teardown to None, run_after=None
[2024-11-01T02:23:02.506+0000] {processor.py:208} INFO - Processing /home/airflow/.local/lib/python3.12/site-packages/airflow/example_dags/example_setup_teardown.py took 0.063 seconds
[2024-11-01T02:23:33.036+0000] {processor.py:186} INFO - Started process (PID=1158) to work on /home/airflow/.local/lib/python3.12/site-packages/airflow/example_dags/example_setup_teardown.py
[2024-11-01T02:23:33.037+0000] {processor.py:914} INFO - Processing file /home/airflow/.local/lib/python3.12/site-packages/airflow/example_dags/example_setup_teardown.py for tasks to queue
[2024-11-01T02:23:33.039+0000] {logging_mixin.py:190} INFO - [2024-11-01T02:23:33.039+0000] {dagbag.py:588} INFO - Filling up the DagBag from /home/airflow/.local/lib/python3.12/site-packages/airflow/example_dags/example_setup_teardown.py
[2024-11-01T02:23:33.046+0000] {processor.py:925} INFO - DAG(s) 'example_setup_teardown' retrieved from /home/airflow/.local/lib/python3.12/site-packages/airflow/example_dags/example_setup_teardown.py
[2024-11-01T02:23:33.064+0000] {logging_mixin.py:190} INFO - [2024-11-01T02:23:33.064+0000] {dag.py:3239} INFO - Sync 1 DAGs
[2024-11-01T02:23:33.077+0000] {logging_mixin.py:190} INFO - [2024-11-01T02:23:33.077+0000] {dag.py:4180} INFO - Setting next_dagrun for example_setup_teardown to None, run_after=None
[2024-11-01T02:23:33.095+0000] {processor.py:208} INFO - Processing /home/airflow/.local/lib/python3.12/site-packages/airflow/example_dags/example_setup_teardown.py took 0.064 seconds
