[2024-11-01T02:04:36.355+0000] {processor.py:186} INFO - Started process (PID=113) to work on /home/airflow/.local/lib/python3.12/site-packages/airflow/example_dags/example_nested_branch_dag.py
[2024-11-01T02:04:36.356+0000] {processor.py:914} INFO - Processing file /home/airflow/.local/lib/python3.12/site-packages/airflow/example_dags/example_nested_branch_dag.py for tasks to queue
[2024-11-01T02:04:36.358+0000] {logging_mixin.py:190} INFO - [2024-11-01T02:04:36.358+0000] {dagbag.py:588} INFO - Filling up the DagBag from /home/airflow/.local/lib/python3.12/site-packages/airflow/example_dags/example_nested_branch_dag.py
[2024-11-01T02:04:36.369+0000] {processor.py:925} INFO - DAG(s) 'example_nested_branch_dag' retrieved from /home/airflow/.local/lib/python3.12/site-packages/airflow/example_dags/example_nested_branch_dag.py
[2024-11-01T02:04:36.463+0000] {logging_mixin.py:190} INFO - [2024-11-01T02:04:36.462+0000] {override.py:1900} INFO - Created Permission View: can edit on DAG:example_nested_branch_dag
[2024-11-01T02:04:36.474+0000] {logging_mixin.py:190} INFO - [2024-11-01T02:04:36.474+0000] {override.py:1900} INFO - Created Permission View: can read on DAG:example_nested_branch_dag
[2024-11-01T02:04:36.481+0000] {logging_mixin.py:190} INFO - [2024-11-01T02:04:36.481+0000] {override.py:1900} INFO - Created Permission View: can delete on DAG:example_nested_branch_dag
[2024-11-01T02:04:36.490+0000] {logging_mixin.py:190} INFO - [2024-11-01T02:04:36.490+0000] {override.py:1900} INFO - Created Permission View: can delete on DAG Run:example_nested_branch_dag
[2024-11-01T02:04:36.496+0000] {logging_mixin.py:190} INFO - [2024-11-01T02:04:36.496+0000] {override.py:1900} INFO - Created Permission View: can read on DAG Run:example_nested_branch_dag
[2024-11-01T02:04:36.502+0000] {logging_mixin.py:190} INFO - [2024-11-01T02:04:36.502+0000] {override.py:1900} INFO - Created Permission View: can create on DAG Run:example_nested_branch_dag
[2024-11-01T02:04:36.508+0000] {logging_mixin.py:190} INFO - [2024-11-01T02:04:36.508+0000] {override.py:1900} INFO - Created Permission View: menu access on DAG Run:example_nested_branch_dag
[2024-11-01T02:04:36.509+0000] {logging_mixin.py:190} INFO - [2024-11-01T02:04:36.509+0000] {dag.py:3239} INFO - Sync 1 DAGs
[2024-11-01T02:04:36.520+0000] {logging_mixin.py:190} INFO - [2024-11-01T02:04:36.520+0000] {dag.py:3262} INFO - Creating ORM DAG for example_nested_branch_dag
[2024-11-01T02:04:36.529+0000] {logging_mixin.py:190} INFO - [2024-11-01T02:04:36.529+0000] {dag.py:4180} INFO - Setting next_dagrun for example_nested_branch_dag to 2024-10-31 00:00:00+00:00, run_after=2024-11-01 00:00:00+00:00
[2024-11-01T02:04:36.544+0000] {processor.py:208} INFO - Processing /home/airflow/.local/lib/python3.12/site-packages/airflow/example_dags/example_nested_branch_dag.py took 0.193 seconds
[2024-11-01T02:05:06.578+0000] {processor.py:186} INFO - Started process (PID=175) to work on /home/airflow/.local/lib/python3.12/site-packages/airflow/example_dags/example_nested_branch_dag.py
[2024-11-01T02:05:06.579+0000] {processor.py:914} INFO - Processing file /home/airflow/.local/lib/python3.12/site-packages/airflow/example_dags/example_nested_branch_dag.py for tasks to queue
[2024-11-01T02:05:06.581+0000] {logging_mixin.py:190} INFO - [2024-11-01T02:05:06.581+0000] {dagbag.py:588} INFO - Filling up the DagBag from /home/airflow/.local/lib/python3.12/site-packages/airflow/example_dags/example_nested_branch_dag.py
[2024-11-01T02:05:06.591+0000] {processor.py:925} INFO - DAG(s) 'example_nested_branch_dag' retrieved from /home/airflow/.local/lib/python3.12/site-packages/airflow/example_dags/example_nested_branch_dag.py
[2024-11-01T02:05:06.610+0000] {logging_mixin.py:190} INFO - [2024-11-01T02:05:06.610+0000] {dag.py:3239} INFO - Sync 1 DAGs
[2024-11-01T02:05:06.631+0000] {logging_mixin.py:190} INFO - [2024-11-01T02:05:06.631+0000] {dag.py:4180} INFO - Setting next_dagrun for example_nested_branch_dag to 2024-10-31 00:00:00+00:00, run_after=2024-11-01 00:00:00+00:00
[2024-11-01T02:05:06.649+0000] {processor.py:208} INFO - Processing /home/airflow/.local/lib/python3.12/site-packages/airflow/example_dags/example_nested_branch_dag.py took 0.076 seconds
[2024-11-01T02:05:37.116+0000] {processor.py:186} INFO - Started process (PID=237) to work on /home/airflow/.local/lib/python3.12/site-packages/airflow/example_dags/example_nested_branch_dag.py
[2024-11-01T02:05:37.116+0000] {processor.py:914} INFO - Processing file /home/airflow/.local/lib/python3.12/site-packages/airflow/example_dags/example_nested_branch_dag.py for tasks to queue
[2024-11-01T02:05:37.118+0000] {logging_mixin.py:190} INFO - [2024-11-01T02:05:37.118+0000] {dagbag.py:588} INFO - Filling up the DagBag from /home/airflow/.local/lib/python3.12/site-packages/airflow/example_dags/example_nested_branch_dag.py
[2024-11-01T02:05:37.127+0000] {processor.py:925} INFO - DAG(s) 'example_nested_branch_dag' retrieved from /home/airflow/.local/lib/python3.12/site-packages/airflow/example_dags/example_nested_branch_dag.py
[2024-11-01T02:05:37.145+0000] {logging_mixin.py:190} INFO - [2024-11-01T02:05:37.144+0000] {dag.py:3239} INFO - Sync 1 DAGs
[2024-11-01T02:05:37.165+0000] {logging_mixin.py:190} INFO - [2024-11-01T02:05:37.165+0000] {dag.py:4180} INFO - Setting next_dagrun for example_nested_branch_dag to 2024-10-31 00:00:00+00:00, run_after=2024-11-01 00:00:00+00:00
[2024-11-01T02:05:37.181+0000] {processor.py:208} INFO - Processing /home/airflow/.local/lib/python3.12/site-packages/airflow/example_dags/example_nested_branch_dag.py took 0.070 seconds
[2024-11-01T02:06:07.473+0000] {processor.py:186} INFO - Started process (PID=299) to work on /home/airflow/.local/lib/python3.12/site-packages/airflow/example_dags/example_nested_branch_dag.py
[2024-11-01T02:06:07.473+0000] {processor.py:914} INFO - Processing file /home/airflow/.local/lib/python3.12/site-packages/airflow/example_dags/example_nested_branch_dag.py for tasks to queue
[2024-11-01T02:06:07.475+0000] {logging_mixin.py:190} INFO - [2024-11-01T02:06:07.475+0000] {dagbag.py:588} INFO - Filling up the DagBag from /home/airflow/.local/lib/python3.12/site-packages/airflow/example_dags/example_nested_branch_dag.py
[2024-11-01T02:06:07.485+0000] {processor.py:925} INFO - DAG(s) 'example_nested_branch_dag' retrieved from /home/airflow/.local/lib/python3.12/site-packages/airflow/example_dags/example_nested_branch_dag.py
[2024-11-01T02:06:07.503+0000] {logging_mixin.py:190} INFO - [2024-11-01T02:06:07.502+0000] {dag.py:3239} INFO - Sync 1 DAGs
[2024-11-01T02:06:07.525+0000] {logging_mixin.py:190} INFO - [2024-11-01T02:06:07.524+0000] {dag.py:4180} INFO - Setting next_dagrun for example_nested_branch_dag to 2024-10-31 00:00:00+00:00, run_after=2024-11-01 00:00:00+00:00
[2024-11-01T02:06:07.541+0000] {processor.py:208} INFO - Processing /home/airflow/.local/lib/python3.12/site-packages/airflow/example_dags/example_nested_branch_dag.py took 0.074 seconds
[2024-11-01T02:14:53.534+0000] {processor.py:186} INFO - Started process (PID=115) to work on /home/airflow/.local/lib/python3.12/site-packages/airflow/example_dags/example_nested_branch_dag.py
[2024-11-01T02:14:53.536+0000] {processor.py:914} INFO - Processing file /home/airflow/.local/lib/python3.12/site-packages/airflow/example_dags/example_nested_branch_dag.py for tasks to queue
[2024-11-01T02:14:53.538+0000] {logging_mixin.py:190} INFO - [2024-11-01T02:14:53.537+0000] {dagbag.py:588} INFO - Filling up the DagBag from /home/airflow/.local/lib/python3.12/site-packages/airflow/example_dags/example_nested_branch_dag.py
[2024-11-01T02:14:53.547+0000] {processor.py:925} INFO - DAG(s) 'example_nested_branch_dag' retrieved from /home/airflow/.local/lib/python3.12/site-packages/airflow/example_dags/example_nested_branch_dag.py
[2024-11-01T02:14:53.567+0000] {logging_mixin.py:190} INFO - [2024-11-01T02:14:53.566+0000] {dag.py:3239} INFO - Sync 1 DAGs
[2024-11-01T02:14:53.588+0000] {logging_mixin.py:190} INFO - [2024-11-01T02:14:53.588+0000] {dag.py:4180} INFO - Setting next_dagrun for example_nested_branch_dag to 2024-10-31 00:00:00+00:00, run_after=2024-11-01 00:00:00+00:00
[2024-11-01T02:14:53.607+0000] {processor.py:208} INFO - Processing /home/airflow/.local/lib/python3.12/site-packages/airflow/example_dags/example_nested_branch_dag.py took 0.078 seconds
[2024-11-01T02:15:24.086+0000] {processor.py:186} INFO - Started process (PID=178) to work on /home/airflow/.local/lib/python3.12/site-packages/airflow/example_dags/example_nested_branch_dag.py
[2024-11-01T02:15:24.086+0000] {processor.py:914} INFO - Processing file /home/airflow/.local/lib/python3.12/site-packages/airflow/example_dags/example_nested_branch_dag.py for tasks to queue
[2024-11-01T02:15:24.088+0000] {logging_mixin.py:190} INFO - [2024-11-01T02:15:24.088+0000] {dagbag.py:588} INFO - Filling up the DagBag from /home/airflow/.local/lib/python3.12/site-packages/airflow/example_dags/example_nested_branch_dag.py
[2024-11-01T02:15:24.097+0000] {processor.py:925} INFO - DAG(s) 'example_nested_branch_dag' retrieved from /home/airflow/.local/lib/python3.12/site-packages/airflow/example_dags/example_nested_branch_dag.py
[2024-11-01T02:15:24.115+0000] {logging_mixin.py:190} INFO - [2024-11-01T02:15:24.115+0000] {dag.py:3239} INFO - Sync 1 DAGs
[2024-11-01T02:15:24.136+0000] {logging_mixin.py:190} INFO - [2024-11-01T02:15:24.135+0000] {dag.py:4180} INFO - Setting next_dagrun for example_nested_branch_dag to 2024-10-31 00:00:00+00:00, run_after=2024-11-01 00:00:00+00:00
[2024-11-01T02:15:24.173+0000] {processor.py:208} INFO - Processing /home/airflow/.local/lib/python3.12/site-packages/airflow/example_dags/example_nested_branch_dag.py took 0.092 seconds
[2024-11-01T02:15:54.546+0000] {processor.py:186} INFO - Started process (PID=241) to work on /home/airflow/.local/lib/python3.12/site-packages/airflow/example_dags/example_nested_branch_dag.py
[2024-11-01T02:15:54.546+0000] {processor.py:914} INFO - Processing file /home/airflow/.local/lib/python3.12/site-packages/airflow/example_dags/example_nested_branch_dag.py for tasks to queue
[2024-11-01T02:15:54.548+0000] {logging_mixin.py:190} INFO - [2024-11-01T02:15:54.548+0000] {dagbag.py:588} INFO - Filling up the DagBag from /home/airflow/.local/lib/python3.12/site-packages/airflow/example_dags/example_nested_branch_dag.py
[2024-11-01T02:15:54.557+0000] {processor.py:925} INFO - DAG(s) 'example_nested_branch_dag' retrieved from /home/airflow/.local/lib/python3.12/site-packages/airflow/example_dags/example_nested_branch_dag.py
[2024-11-01T02:15:54.575+0000] {logging_mixin.py:190} INFO - [2024-11-01T02:15:54.574+0000] {dag.py:3239} INFO - Sync 1 DAGs
[2024-11-01T02:15:54.596+0000] {logging_mixin.py:190} INFO - [2024-11-01T02:15:54.595+0000] {dag.py:4180} INFO - Setting next_dagrun for example_nested_branch_dag to 2024-10-31 00:00:00+00:00, run_after=2024-11-01 00:00:00+00:00
[2024-11-01T02:15:54.612+0000] {processor.py:208} INFO - Processing /home/airflow/.local/lib/python3.12/site-packages/airflow/example_dags/example_nested_branch_dag.py took 0.071 seconds
[2024-11-01T02:16:25.167+0000] {processor.py:186} INFO - Started process (PID=304) to work on /home/airflow/.local/lib/python3.12/site-packages/airflow/example_dags/example_nested_branch_dag.py
[2024-11-01T02:16:25.168+0000] {processor.py:914} INFO - Processing file /home/airflow/.local/lib/python3.12/site-packages/airflow/example_dags/example_nested_branch_dag.py for tasks to queue
[2024-11-01T02:16:25.170+0000] {logging_mixin.py:190} INFO - [2024-11-01T02:16:25.170+0000] {dagbag.py:588} INFO - Filling up the DagBag from /home/airflow/.local/lib/python3.12/site-packages/airflow/example_dags/example_nested_branch_dag.py
[2024-11-01T02:16:25.179+0000] {processor.py:925} INFO - DAG(s) 'example_nested_branch_dag' retrieved from /home/airflow/.local/lib/python3.12/site-packages/airflow/example_dags/example_nested_branch_dag.py
[2024-11-01T02:16:25.197+0000] {logging_mixin.py:190} INFO - [2024-11-01T02:16:25.197+0000] {dag.py:3239} INFO - Sync 1 DAGs
[2024-11-01T02:16:25.220+0000] {logging_mixin.py:190} INFO - [2024-11-01T02:16:25.219+0000] {dag.py:4180} INFO - Setting next_dagrun for example_nested_branch_dag to 2024-10-31 00:00:00+00:00, run_after=2024-11-01 00:00:00+00:00
[2024-11-01T02:16:25.236+0000] {processor.py:208} INFO - Processing /home/airflow/.local/lib/python3.12/site-packages/airflow/example_dags/example_nested_branch_dag.py took 0.073 seconds
[2024-11-01T02:16:55.864+0000] {processor.py:186} INFO - Started process (PID=367) to work on /home/airflow/.local/lib/python3.12/site-packages/airflow/example_dags/example_nested_branch_dag.py
[2024-11-01T02:16:55.865+0000] {processor.py:914} INFO - Processing file /home/airflow/.local/lib/python3.12/site-packages/airflow/example_dags/example_nested_branch_dag.py for tasks to queue
[2024-11-01T02:16:55.868+0000] {logging_mixin.py:190} INFO - [2024-11-01T02:16:55.867+0000] {dagbag.py:588} INFO - Filling up the DagBag from /home/airflow/.local/lib/python3.12/site-packages/airflow/example_dags/example_nested_branch_dag.py
[2024-11-01T02:16:55.877+0000] {processor.py:925} INFO - DAG(s) 'example_nested_branch_dag' retrieved from /home/airflow/.local/lib/python3.12/site-packages/airflow/example_dags/example_nested_branch_dag.py
[2024-11-01T02:16:55.898+0000] {logging_mixin.py:190} INFO - [2024-11-01T02:16:55.898+0000] {dag.py:3239} INFO - Sync 1 DAGs
[2024-11-01T02:16:55.921+0000] {logging_mixin.py:190} INFO - [2024-11-01T02:16:55.920+0000] {dag.py:4180} INFO - Setting next_dagrun for example_nested_branch_dag to 2024-10-31 00:00:00+00:00, run_after=2024-11-01 00:00:00+00:00
[2024-11-01T02:16:55.940+0000] {processor.py:208} INFO - Processing /home/airflow/.local/lib/python3.12/site-packages/airflow/example_dags/example_nested_branch_dag.py took 0.081 seconds
[2024-11-01T02:17:26.428+0000] {processor.py:186} INFO - Started process (PID=430) to work on /home/airflow/.local/lib/python3.12/site-packages/airflow/example_dags/example_nested_branch_dag.py
[2024-11-01T02:17:26.430+0000] {processor.py:914} INFO - Processing file /home/airflow/.local/lib/python3.12/site-packages/airflow/example_dags/example_nested_branch_dag.py for tasks to queue
[2024-11-01T02:17:26.432+0000] {logging_mixin.py:190} INFO - [2024-11-01T02:17:26.432+0000] {dagbag.py:588} INFO - Filling up the DagBag from /home/airflow/.local/lib/python3.12/site-packages/airflow/example_dags/example_nested_branch_dag.py
[2024-11-01T02:17:26.444+0000] {processor.py:925} INFO - DAG(s) 'example_nested_branch_dag' retrieved from /home/airflow/.local/lib/python3.12/site-packages/airflow/example_dags/example_nested_branch_dag.py
[2024-11-01T02:17:26.466+0000] {logging_mixin.py:190} INFO - [2024-11-01T02:17:26.465+0000] {dag.py:3239} INFO - Sync 1 DAGs
[2024-11-01T02:17:26.488+0000] {logging_mixin.py:190} INFO - [2024-11-01T02:17:26.487+0000] {dag.py:4180} INFO - Setting next_dagrun for example_nested_branch_dag to 2024-10-31 00:00:00+00:00, run_after=2024-11-01 00:00:00+00:00
[2024-11-01T02:17:26.507+0000] {processor.py:208} INFO - Processing /home/airflow/.local/lib/python3.12/site-packages/airflow/example_dags/example_nested_branch_dag.py took 0.085 seconds
[2024-11-01T02:17:56.844+0000] {processor.py:186} INFO - Started process (PID=493) to work on /home/airflow/.local/lib/python3.12/site-packages/airflow/example_dags/example_nested_branch_dag.py
[2024-11-01T02:17:56.845+0000] {processor.py:914} INFO - Processing file /home/airflow/.local/lib/python3.12/site-packages/airflow/example_dags/example_nested_branch_dag.py for tasks to queue
[2024-11-01T02:17:56.847+0000] {logging_mixin.py:190} INFO - [2024-11-01T02:17:56.846+0000] {dagbag.py:588} INFO - Filling up the DagBag from /home/airflow/.local/lib/python3.12/site-packages/airflow/example_dags/example_nested_branch_dag.py
[2024-11-01T02:17:56.856+0000] {processor.py:925} INFO - DAG(s) 'example_nested_branch_dag' retrieved from /home/airflow/.local/lib/python3.12/site-packages/airflow/example_dags/example_nested_branch_dag.py
[2024-11-01T02:17:56.875+0000] {logging_mixin.py:190} INFO - [2024-11-01T02:17:56.874+0000] {dag.py:3239} INFO - Sync 1 DAGs
[2024-11-01T02:17:56.898+0000] {logging_mixin.py:190} INFO - [2024-11-01T02:17:56.898+0000] {dag.py:4180} INFO - Setting next_dagrun for example_nested_branch_dag to 2024-10-31 00:00:00+00:00, run_after=2024-11-01 00:00:00+00:00
[2024-11-01T02:17:56.917+0000] {processor.py:208} INFO - Processing /home/airflow/.local/lib/python3.12/site-packages/airflow/example_dags/example_nested_branch_dag.py took 0.079 seconds
[2024-11-01T02:18:27.373+0000] {processor.py:186} INFO - Started process (PID=556) to work on /home/airflow/.local/lib/python3.12/site-packages/airflow/example_dags/example_nested_branch_dag.py
[2024-11-01T02:18:27.374+0000] {processor.py:914} INFO - Processing file /home/airflow/.local/lib/python3.12/site-packages/airflow/example_dags/example_nested_branch_dag.py for tasks to queue
[2024-11-01T02:18:27.376+0000] {logging_mixin.py:190} INFO - [2024-11-01T02:18:27.375+0000] {dagbag.py:588} INFO - Filling up the DagBag from /home/airflow/.local/lib/python3.12/site-packages/airflow/example_dags/example_nested_branch_dag.py
[2024-11-01T02:18:27.385+0000] {processor.py:925} INFO - DAG(s) 'example_nested_branch_dag' retrieved from /home/airflow/.local/lib/python3.12/site-packages/airflow/example_dags/example_nested_branch_dag.py
[2024-11-01T02:18:27.402+0000] {logging_mixin.py:190} INFO - [2024-11-01T02:18:27.402+0000] {dag.py:3239} INFO - Sync 1 DAGs
[2024-11-01T02:18:27.422+0000] {logging_mixin.py:190} INFO - [2024-11-01T02:18:27.422+0000] {dag.py:4180} INFO - Setting next_dagrun for example_nested_branch_dag to 2024-10-31 00:00:00+00:00, run_after=2024-11-01 00:00:00+00:00
[2024-11-01T02:18:27.439+0000] {processor.py:208} INFO - Processing /home/airflow/.local/lib/python3.12/site-packages/airflow/example_dags/example_nested_branch_dag.py took 0.071 seconds
[2024-11-01T02:18:57.948+0000] {processor.py:186} INFO - Started process (PID=619) to work on /home/airflow/.local/lib/python3.12/site-packages/airflow/example_dags/example_nested_branch_dag.py
[2024-11-01T02:18:57.949+0000] {processor.py:914} INFO - Processing file /home/airflow/.local/lib/python3.12/site-packages/airflow/example_dags/example_nested_branch_dag.py for tasks to queue
[2024-11-01T02:18:57.951+0000] {logging_mixin.py:190} INFO - [2024-11-01T02:18:57.951+0000] {dagbag.py:588} INFO - Filling up the DagBag from /home/airflow/.local/lib/python3.12/site-packages/airflow/example_dags/example_nested_branch_dag.py
[2024-11-01T02:18:57.960+0000] {processor.py:925} INFO - DAG(s) 'example_nested_branch_dag' retrieved from /home/airflow/.local/lib/python3.12/site-packages/airflow/example_dags/example_nested_branch_dag.py
[2024-11-01T02:18:57.979+0000] {logging_mixin.py:190} INFO - [2024-11-01T02:18:57.979+0000] {dag.py:3239} INFO - Sync 1 DAGs
[2024-11-01T02:18:57.999+0000] {logging_mixin.py:190} INFO - [2024-11-01T02:18:57.999+0000] {dag.py:4180} INFO - Setting next_dagrun for example_nested_branch_dag to 2024-10-31 00:00:00+00:00, run_after=2024-11-01 00:00:00+00:00
[2024-11-01T02:18:58.018+0000] {processor.py:208} INFO - Processing /home/airflow/.local/lib/python3.12/site-packages/airflow/example_dags/example_nested_branch_dag.py took 0.074 seconds
[2024-11-01T02:19:28.643+0000] {processor.py:186} INFO - Started process (PID=682) to work on /home/airflow/.local/lib/python3.12/site-packages/airflow/example_dags/example_nested_branch_dag.py
[2024-11-01T02:19:28.644+0000] {processor.py:914} INFO - Processing file /home/airflow/.local/lib/python3.12/site-packages/airflow/example_dags/example_nested_branch_dag.py for tasks to queue
[2024-11-01T02:19:28.646+0000] {logging_mixin.py:190} INFO - [2024-11-01T02:19:28.645+0000] {dagbag.py:588} INFO - Filling up the DagBag from /home/airflow/.local/lib/python3.12/site-packages/airflow/example_dags/example_nested_branch_dag.py
[2024-11-01T02:19:28.655+0000] {processor.py:925} INFO - DAG(s) 'example_nested_branch_dag' retrieved from /home/airflow/.local/lib/python3.12/site-packages/airflow/example_dags/example_nested_branch_dag.py
[2024-11-01T02:19:28.672+0000] {logging_mixin.py:190} INFO - [2024-11-01T02:19:28.672+0000] {dag.py:3239} INFO - Sync 1 DAGs
[2024-11-01T02:19:28.694+0000] {logging_mixin.py:190} INFO - [2024-11-01T02:19:28.693+0000] {dag.py:4180} INFO - Setting next_dagrun for example_nested_branch_dag to 2024-10-31 00:00:00+00:00, run_after=2024-11-01 00:00:00+00:00
[2024-11-01T02:19:28.712+0000] {processor.py:208} INFO - Processing /home/airflow/.local/lib/python3.12/site-packages/airflow/example_dags/example_nested_branch_dag.py took 0.075 seconds
[2024-11-01T02:19:59.144+0000] {processor.py:186} INFO - Started process (PID=745) to work on /home/airflow/.local/lib/python3.12/site-packages/airflow/example_dags/example_nested_branch_dag.py
[2024-11-01T02:19:59.145+0000] {processor.py:914} INFO - Processing file /home/airflow/.local/lib/python3.12/site-packages/airflow/example_dags/example_nested_branch_dag.py for tasks to queue
[2024-11-01T02:19:59.147+0000] {logging_mixin.py:190} INFO - [2024-11-01T02:19:59.147+0000] {dagbag.py:588} INFO - Filling up the DagBag from /home/airflow/.local/lib/python3.12/site-packages/airflow/example_dags/example_nested_branch_dag.py
[2024-11-01T02:19:59.156+0000] {processor.py:925} INFO - DAG(s) 'example_nested_branch_dag' retrieved from /home/airflow/.local/lib/python3.12/site-packages/airflow/example_dags/example_nested_branch_dag.py
[2024-11-01T02:19:59.174+0000] {logging_mixin.py:190} INFO - [2024-11-01T02:19:59.174+0000] {dag.py:3239} INFO - Sync 1 DAGs
[2024-11-01T02:19:59.196+0000] {logging_mixin.py:190} INFO - [2024-11-01T02:19:59.195+0000] {dag.py:4180} INFO - Setting next_dagrun for example_nested_branch_dag to 2024-10-31 00:00:00+00:00, run_after=2024-11-01 00:00:00+00:00
[2024-11-01T02:19:59.212+0000] {processor.py:208} INFO - Processing /home/airflow/.local/lib/python3.12/site-packages/airflow/example_dags/example_nested_branch_dag.py took 0.072 seconds
[2024-11-01T02:20:29.936+0000] {processor.py:186} INFO - Started process (PID=808) to work on /home/airflow/.local/lib/python3.12/site-packages/airflow/example_dags/example_nested_branch_dag.py
[2024-11-01T02:20:29.937+0000] {processor.py:914} INFO - Processing file /home/airflow/.local/lib/python3.12/site-packages/airflow/example_dags/example_nested_branch_dag.py for tasks to queue
[2024-11-01T02:20:29.940+0000] {logging_mixin.py:190} INFO - [2024-11-01T02:20:29.939+0000] {dagbag.py:588} INFO - Filling up the DagBag from /home/airflow/.local/lib/python3.12/site-packages/airflow/example_dags/example_nested_branch_dag.py
[2024-11-01T02:20:29.949+0000] {processor.py:925} INFO - DAG(s) 'example_nested_branch_dag' retrieved from /home/airflow/.local/lib/python3.12/site-packages/airflow/example_dags/example_nested_branch_dag.py
[2024-11-01T02:20:29.967+0000] {logging_mixin.py:190} INFO - [2024-11-01T02:20:29.967+0000] {dag.py:3239} INFO - Sync 1 DAGs
[2024-11-01T02:20:29.988+0000] {logging_mixin.py:190} INFO - [2024-11-01T02:20:29.988+0000] {dag.py:4180} INFO - Setting next_dagrun for example_nested_branch_dag to 2024-10-31 00:00:00+00:00, run_after=2024-11-01 00:00:00+00:00
[2024-11-01T02:20:30.009+0000] {processor.py:208} INFO - Processing /home/airflow/.local/lib/python3.12/site-packages/airflow/example_dags/example_nested_branch_dag.py took 0.078 seconds
[2024-11-01T02:21:01.149+0000] {processor.py:186} INFO - Started process (PID=871) to work on /home/airflow/.local/lib/python3.12/site-packages/airflow/example_dags/example_nested_branch_dag.py
[2024-11-01T02:21:01.150+0000] {processor.py:914} INFO - Processing file /home/airflow/.local/lib/python3.12/site-packages/airflow/example_dags/example_nested_branch_dag.py for tasks to queue
[2024-11-01T02:21:01.152+0000] {logging_mixin.py:190} INFO - [2024-11-01T02:21:01.152+0000] {dagbag.py:588} INFO - Filling up the DagBag from /home/airflow/.local/lib/python3.12/site-packages/airflow/example_dags/example_nested_branch_dag.py
[2024-11-01T02:21:01.162+0000] {processor.py:925} INFO - DAG(s) 'example_nested_branch_dag' retrieved from /home/airflow/.local/lib/python3.12/site-packages/airflow/example_dags/example_nested_branch_dag.py
[2024-11-01T02:21:01.183+0000] {logging_mixin.py:190} INFO - [2024-11-01T02:21:01.182+0000] {dag.py:3239} INFO - Sync 1 DAGs
[2024-11-01T02:21:01.208+0000] {logging_mixin.py:190} INFO - [2024-11-01T02:21:01.208+0000] {dag.py:4180} INFO - Setting next_dagrun for example_nested_branch_dag to 2024-10-31 00:00:00+00:00, run_after=2024-11-01 00:00:00+00:00
[2024-11-01T02:21:01.227+0000] {processor.py:208} INFO - Processing /home/airflow/.local/lib/python3.12/site-packages/airflow/example_dags/example_nested_branch_dag.py took 0.083 seconds
[2024-11-01T02:21:31.895+0000] {processor.py:186} INFO - Started process (PID=934) to work on /home/airflow/.local/lib/python3.12/site-packages/airflow/example_dags/example_nested_branch_dag.py
[2024-11-01T02:21:31.896+0000] {processor.py:914} INFO - Processing file /home/airflow/.local/lib/python3.12/site-packages/airflow/example_dags/example_nested_branch_dag.py for tasks to queue
[2024-11-01T02:21:31.898+0000] {logging_mixin.py:190} INFO - [2024-11-01T02:21:31.898+0000] {dagbag.py:588} INFO - Filling up the DagBag from /home/airflow/.local/lib/python3.12/site-packages/airflow/example_dags/example_nested_branch_dag.py
[2024-11-01T02:21:31.907+0000] {processor.py:925} INFO - DAG(s) 'example_nested_branch_dag' retrieved from /home/airflow/.local/lib/python3.12/site-packages/airflow/example_dags/example_nested_branch_dag.py
[2024-11-01T02:21:31.924+0000] {logging_mixin.py:190} INFO - [2024-11-01T02:21:31.924+0000] {dag.py:3239} INFO - Sync 1 DAGs
[2024-11-01T02:21:31.945+0000] {logging_mixin.py:190} INFO - [2024-11-01T02:21:31.945+0000] {dag.py:4180} INFO - Setting next_dagrun for example_nested_branch_dag to 2024-10-31 00:00:00+00:00, run_after=2024-11-01 00:00:00+00:00
[2024-11-01T02:21:31.962+0000] {processor.py:208} INFO - Processing /home/airflow/.local/lib/python3.12/site-packages/airflow/example_dags/example_nested_branch_dag.py took 0.072 seconds
[2024-11-01T02:22:02.660+0000] {processor.py:186} INFO - Started process (PID=997) to work on /home/airflow/.local/lib/python3.12/site-packages/airflow/example_dags/example_nested_branch_dag.py
[2024-11-01T02:22:02.661+0000] {processor.py:914} INFO - Processing file /home/airflow/.local/lib/python3.12/site-packages/airflow/example_dags/example_nested_branch_dag.py for tasks to queue
[2024-11-01T02:22:02.663+0000] {logging_mixin.py:190} INFO - [2024-11-01T02:22:02.662+0000] {dagbag.py:588} INFO - Filling up the DagBag from /home/airflow/.local/lib/python3.12/site-packages/airflow/example_dags/example_nested_branch_dag.py
[2024-11-01T02:22:02.672+0000] {processor.py:925} INFO - DAG(s) 'example_nested_branch_dag' retrieved from /home/airflow/.local/lib/python3.12/site-packages/airflow/example_dags/example_nested_branch_dag.py
[2024-11-01T02:22:02.695+0000] {logging_mixin.py:190} INFO - [2024-11-01T02:22:02.694+0000] {dag.py:3239} INFO - Sync 1 DAGs
[2024-11-01T02:22:02.728+0000] {logging_mixin.py:190} INFO - [2024-11-01T02:22:02.728+0000] {dag.py:4180} INFO - Setting next_dagrun for example_nested_branch_dag to 2024-10-31 00:00:00+00:00, run_after=2024-11-01 00:00:00+00:00
[2024-11-01T02:22:02.752+0000] {processor.py:208} INFO - Processing /home/airflow/.local/lib/python3.12/site-packages/airflow/example_dags/example_nested_branch_dag.py took 0.097 seconds
[2024-11-01T02:22:33.446+0000] {processor.py:186} INFO - Started process (PID=1060) to work on /home/airflow/.local/lib/python3.12/site-packages/airflow/example_dags/example_nested_branch_dag.py
[2024-11-01T02:22:33.446+0000] {processor.py:914} INFO - Processing file /home/airflow/.local/lib/python3.12/site-packages/airflow/example_dags/example_nested_branch_dag.py for tasks to queue
[2024-11-01T02:22:33.448+0000] {logging_mixin.py:190} INFO - [2024-11-01T02:22:33.448+0000] {dagbag.py:588} INFO - Filling up the DagBag from /home/airflow/.local/lib/python3.12/site-packages/airflow/example_dags/example_nested_branch_dag.py
[2024-11-01T02:22:33.459+0000] {processor.py:925} INFO - DAG(s) 'example_nested_branch_dag' retrieved from /home/airflow/.local/lib/python3.12/site-packages/airflow/example_dags/example_nested_branch_dag.py
[2024-11-01T02:22:33.478+0000] {logging_mixin.py:190} INFO - [2024-11-01T02:22:33.478+0000] {dag.py:3239} INFO - Sync 1 DAGs
[2024-11-01T02:22:33.504+0000] {logging_mixin.py:190} INFO - [2024-11-01T02:22:33.504+0000] {dag.py:4180} INFO - Setting next_dagrun for example_nested_branch_dag to 2024-10-31 00:00:00+00:00, run_after=2024-11-01 00:00:00+00:00
[2024-11-01T02:22:33.524+0000] {processor.py:208} INFO - Processing /home/airflow/.local/lib/python3.12/site-packages/airflow/example_dags/example_nested_branch_dag.py took 0.084 seconds
[2024-11-01T02:23:04.236+0000] {processor.py:186} INFO - Started process (PID=1123) to work on /home/airflow/.local/lib/python3.12/site-packages/airflow/example_dags/example_nested_branch_dag.py
[2024-11-01T02:23:04.237+0000] {processor.py:914} INFO - Processing file /home/airflow/.local/lib/python3.12/site-packages/airflow/example_dags/example_nested_branch_dag.py for tasks to queue
[2024-11-01T02:23:04.239+0000] {logging_mixin.py:190} INFO - [2024-11-01T02:23:04.238+0000] {dagbag.py:588} INFO - Filling up the DagBag from /home/airflow/.local/lib/python3.12/site-packages/airflow/example_dags/example_nested_branch_dag.py
[2024-11-01T02:23:04.247+0000] {processor.py:925} INFO - DAG(s) 'example_nested_branch_dag' retrieved from /home/airflow/.local/lib/python3.12/site-packages/airflow/example_dags/example_nested_branch_dag.py
[2024-11-01T02:23:04.266+0000] {logging_mixin.py:190} INFO - [2024-11-01T02:23:04.266+0000] {dag.py:3239} INFO - Sync 1 DAGs
[2024-11-01T02:23:04.287+0000] {logging_mixin.py:190} INFO - [2024-11-01T02:23:04.286+0000] {dag.py:4180} INFO - Setting next_dagrun for example_nested_branch_dag to 2024-10-31 00:00:00+00:00, run_after=2024-11-01 00:00:00+00:00
[2024-11-01T02:23:04.305+0000] {processor.py:208} INFO - Processing /home/airflow/.local/lib/python3.12/site-packages/airflow/example_dags/example_nested_branch_dag.py took 0.074 seconds
