[2024-11-01T02:04:29.837+0000] {processor.py:186} INFO - Started process (PID=70) to work on /home/airflow/.local/lib/python3.12/site-packages/airflow/example_dags/example_short_circuit_operator.py
[2024-11-01T02:04:29.838+0000] {processor.py:914} INFO - Processing file /home/airflow/.local/lib/python3.12/site-packages/airflow/example_dags/example_short_circuit_operator.py for tasks to queue
[2024-11-01T02:04:29.840+0000] {logging_mixin.py:190} INFO - [2024-11-01T02:04:29.840+0000] {dagbag.py:588} INFO - Filling up the DagBag from /home/airflow/.local/lib/python3.12/site-packages/airflow/example_dags/example_short_circuit_operator.py
[2024-11-01T02:04:29.849+0000] {processor.py:925} INFO - DAG(s) 'example_short_circuit_operator' retrieved from /home/airflow/.local/lib/python3.12/site-packages/airflow/example_dags/example_short_circuit_operator.py
[2024-11-01T02:04:29.954+0000] {logging_mixin.py:190} INFO - [2024-11-01T02:04:29.954+0000] {override.py:1900} INFO - Created Permission View: can edit on DAG:example_short_circuit_operator
[2024-11-01T02:04:29.964+0000] {logging_mixin.py:190} INFO - [2024-11-01T02:04:29.964+0000] {override.py:1900} INFO - Created Permission View: can read on DAG:example_short_circuit_operator
[2024-11-01T02:04:29.971+0000] {logging_mixin.py:190} INFO - [2024-11-01T02:04:29.971+0000] {override.py:1900} INFO - Created Permission View: can delete on DAG:example_short_circuit_operator
[2024-11-01T02:04:29.979+0000] {logging_mixin.py:190} INFO - [2024-11-01T02:04:29.979+0000] {override.py:1900} INFO - Created Permission View: can delete on DAG Run:example_short_circuit_operator
[2024-11-01T02:04:29.985+0000] {logging_mixin.py:190} INFO - [2024-11-01T02:04:29.985+0000] {override.py:1900} INFO - Created Permission View: can read on DAG Run:example_short_circuit_operator
[2024-11-01T02:04:29.991+0000] {logging_mixin.py:190} INFO - [2024-11-01T02:04:29.991+0000] {override.py:1900} INFO - Created Permission View: can create on DAG Run:example_short_circuit_operator
[2024-11-01T02:04:29.997+0000] {logging_mixin.py:190} INFO - [2024-11-01T02:04:29.997+0000] {override.py:1900} INFO - Created Permission View: menu access on DAG Run:example_short_circuit_operator
[2024-11-01T02:04:29.998+0000] {logging_mixin.py:190} INFO - [2024-11-01T02:04:29.998+0000] {dag.py:3239} INFO - Sync 1 DAGs
[2024-11-01T02:04:30.009+0000] {logging_mixin.py:190} INFO - [2024-11-01T02:04:30.009+0000] {dag.py:3262} INFO - Creating ORM DAG for example_short_circuit_operator
[2024-11-01T02:04:30.010+0000] {logging_mixin.py:190} INFO - [2024-11-01T02:04:30.009+0000] {dag.py:4180} INFO - Setting next_dagrun for example_short_circuit_operator to None, run_after=None
[2024-11-01T02:04:30.026+0000] {processor.py:208} INFO - Processing /home/airflow/.local/lib/python3.12/site-packages/airflow/example_dags/example_short_circuit_operator.py took 0.194 seconds
[2024-11-01T02:05:00.131+0000] {processor.py:186} INFO - Started process (PID=131) to work on /home/airflow/.local/lib/python3.12/site-packages/airflow/example_dags/example_short_circuit_operator.py
[2024-11-01T02:05:00.132+0000] {processor.py:914} INFO - Processing file /home/airflow/.local/lib/python3.12/site-packages/airflow/example_dags/example_short_circuit_operator.py for tasks to queue
[2024-11-01T02:05:00.134+0000] {logging_mixin.py:190} INFO - [2024-11-01T02:05:00.134+0000] {dagbag.py:588} INFO - Filling up the DagBag from /home/airflow/.local/lib/python3.12/site-packages/airflow/example_dags/example_short_circuit_operator.py
[2024-11-01T02:05:00.141+0000] {processor.py:925} INFO - DAG(s) 'example_short_circuit_operator' retrieved from /home/airflow/.local/lib/python3.12/site-packages/airflow/example_dags/example_short_circuit_operator.py
[2024-11-01T02:05:00.162+0000] {logging_mixin.py:190} INFO - [2024-11-01T02:05:00.162+0000] {dag.py:3239} INFO - Sync 1 DAGs
[2024-11-01T02:05:00.176+0000] {logging_mixin.py:190} INFO - [2024-11-01T02:05:00.176+0000] {dag.py:4180} INFO - Setting next_dagrun for example_short_circuit_operator to None, run_after=None
[2024-11-01T02:05:00.195+0000] {processor.py:208} INFO - Processing /home/airflow/.local/lib/python3.12/site-packages/airflow/example_dags/example_short_circuit_operator.py took 0.069 seconds
[2024-11-01T02:05:30.260+0000] {processor.py:186} INFO - Started process (PID=193) to work on /home/airflow/.local/lib/python3.12/site-packages/airflow/example_dags/example_short_circuit_operator.py
[2024-11-01T02:05:30.261+0000] {processor.py:914} INFO - Processing file /home/airflow/.local/lib/python3.12/site-packages/airflow/example_dags/example_short_circuit_operator.py for tasks to queue
[2024-11-01T02:05:30.263+0000] {logging_mixin.py:190} INFO - [2024-11-01T02:05:30.262+0000] {dagbag.py:588} INFO - Filling up the DagBag from /home/airflow/.local/lib/python3.12/site-packages/airflow/example_dags/example_short_circuit_operator.py
[2024-11-01T02:05:30.269+0000] {processor.py:925} INFO - DAG(s) 'example_short_circuit_operator' retrieved from /home/airflow/.local/lib/python3.12/site-packages/airflow/example_dags/example_short_circuit_operator.py
[2024-11-01T02:05:30.288+0000] {logging_mixin.py:190} INFO - [2024-11-01T02:05:30.288+0000] {dag.py:3239} INFO - Sync 1 DAGs
[2024-11-01T02:05:30.300+0000] {logging_mixin.py:190} INFO - [2024-11-01T02:05:30.300+0000] {dag.py:4180} INFO - Setting next_dagrun for example_short_circuit_operator to None, run_after=None
[2024-11-01T02:05:30.316+0000] {processor.py:208} INFO - Processing /home/airflow/.local/lib/python3.12/site-packages/airflow/example_dags/example_short_circuit_operator.py took 0.061 seconds
[2024-11-01T02:06:00.768+0000] {processor.py:186} INFO - Started process (PID=255) to work on /home/airflow/.local/lib/python3.12/site-packages/airflow/example_dags/example_short_circuit_operator.py
[2024-11-01T02:06:00.768+0000] {processor.py:914} INFO - Processing file /home/airflow/.local/lib/python3.12/site-packages/airflow/example_dags/example_short_circuit_operator.py for tasks to queue
[2024-11-01T02:06:00.770+0000] {logging_mixin.py:190} INFO - [2024-11-01T02:06:00.770+0000] {dagbag.py:588} INFO - Filling up the DagBag from /home/airflow/.local/lib/python3.12/site-packages/airflow/example_dags/example_short_circuit_operator.py
[2024-11-01T02:06:00.778+0000] {processor.py:925} INFO - DAG(s) 'example_short_circuit_operator' retrieved from /home/airflow/.local/lib/python3.12/site-packages/airflow/example_dags/example_short_circuit_operator.py
[2024-11-01T02:06:00.797+0000] {logging_mixin.py:190} INFO - [2024-11-01T02:06:00.797+0000] {dag.py:3239} INFO - Sync 1 DAGs
[2024-11-01T02:06:00.810+0000] {logging_mixin.py:190} INFO - [2024-11-01T02:06:00.809+0000] {dag.py:4180} INFO - Setting next_dagrun for example_short_circuit_operator to None, run_after=None
[2024-11-01T02:06:00.824+0000] {processor.py:208} INFO - Processing /home/airflow/.local/lib/python3.12/site-packages/airflow/example_dags/example_short_circuit_operator.py took 0.062 seconds
[2024-11-01T02:14:50.232+0000] {processor.py:186} INFO - Started process (PID=66) to work on /home/airflow/.local/lib/python3.12/site-packages/airflow/example_dags/example_short_circuit_operator.py
[2024-11-01T02:14:50.233+0000] {processor.py:914} INFO - Processing file /home/airflow/.local/lib/python3.12/site-packages/airflow/example_dags/example_short_circuit_operator.py for tasks to queue
[2024-11-01T02:14:50.235+0000] {logging_mixin.py:190} INFO - [2024-11-01T02:14:50.235+0000] {dagbag.py:588} INFO - Filling up the DagBag from /home/airflow/.local/lib/python3.12/site-packages/airflow/example_dags/example_short_circuit_operator.py
[2024-11-01T02:14:50.246+0000] {processor.py:925} INFO - DAG(s) 'example_short_circuit_operator' retrieved from /home/airflow/.local/lib/python3.12/site-packages/airflow/example_dags/example_short_circuit_operator.py
[2024-11-01T02:14:50.273+0000] {logging_mixin.py:190} INFO - [2024-11-01T02:14:50.273+0000] {dag.py:3239} INFO - Sync 1 DAGs
[2024-11-01T02:14:50.286+0000] {logging_mixin.py:190} INFO - [2024-11-01T02:14:50.286+0000] {dag.py:4180} INFO - Setting next_dagrun for example_short_circuit_operator to None, run_after=None
[2024-11-01T02:14:50.304+0000] {processor.py:208} INFO - Processing /home/airflow/.local/lib/python3.12/site-packages/airflow/example_dags/example_short_circuit_operator.py took 0.078 seconds
[2024-11-01T02:15:20.368+0000] {processor.py:186} INFO - Started process (PID=128) to work on /home/airflow/.local/lib/python3.12/site-packages/airflow/example_dags/example_short_circuit_operator.py
[2024-11-01T02:15:20.369+0000] {processor.py:914} INFO - Processing file /home/airflow/.local/lib/python3.12/site-packages/airflow/example_dags/example_short_circuit_operator.py for tasks to queue
[2024-11-01T02:15:20.371+0000] {logging_mixin.py:190} INFO - [2024-11-01T02:15:20.370+0000] {dagbag.py:588} INFO - Filling up the DagBag from /home/airflow/.local/lib/python3.12/site-packages/airflow/example_dags/example_short_circuit_operator.py
[2024-11-01T02:15:20.378+0000] {processor.py:925} INFO - DAG(s) 'example_short_circuit_operator' retrieved from /home/airflow/.local/lib/python3.12/site-packages/airflow/example_dags/example_short_circuit_operator.py
[2024-11-01T02:15:20.397+0000] {logging_mixin.py:190} INFO - [2024-11-01T02:15:20.397+0000] {dag.py:3239} INFO - Sync 1 DAGs
[2024-11-01T02:15:20.408+0000] {logging_mixin.py:190} INFO - [2024-11-01T02:15:20.408+0000] {dag.py:4180} INFO - Setting next_dagrun for example_short_circuit_operator to None, run_after=None
[2024-11-01T02:15:20.424+0000] {processor.py:208} INFO - Processing /home/airflow/.local/lib/python3.12/site-packages/airflow/example_dags/example_short_circuit_operator.py took 0.060 seconds
[2024-11-01T02:15:50.892+0000] {processor.py:186} INFO - Started process (PID=191) to work on /home/airflow/.local/lib/python3.12/site-packages/airflow/example_dags/example_short_circuit_operator.py
[2024-11-01T02:15:50.892+0000] {processor.py:914} INFO - Processing file /home/airflow/.local/lib/python3.12/site-packages/airflow/example_dags/example_short_circuit_operator.py for tasks to queue
[2024-11-01T02:15:50.894+0000] {logging_mixin.py:190} INFO - [2024-11-01T02:15:50.894+0000] {dagbag.py:588} INFO - Filling up the DagBag from /home/airflow/.local/lib/python3.12/site-packages/airflow/example_dags/example_short_circuit_operator.py
[2024-11-01T02:15:50.902+0000] {processor.py:925} INFO - DAG(s) 'example_short_circuit_operator' retrieved from /home/airflow/.local/lib/python3.12/site-packages/airflow/example_dags/example_short_circuit_operator.py
[2024-11-01T02:15:50.921+0000] {logging_mixin.py:190} INFO - [2024-11-01T02:15:50.921+0000] {dag.py:3239} INFO - Sync 1 DAGs
[2024-11-01T02:15:50.934+0000] {logging_mixin.py:190} INFO - [2024-11-01T02:15:50.934+0000] {dag.py:4180} INFO - Setting next_dagrun for example_short_circuit_operator to None, run_after=None
[2024-11-01T02:15:50.951+0000] {processor.py:208} INFO - Processing /home/airflow/.local/lib/python3.12/site-packages/airflow/example_dags/example_short_circuit_operator.py took 0.066 seconds
[2024-11-01T02:16:21.379+0000] {processor.py:186} INFO - Started process (PID=254) to work on /home/airflow/.local/lib/python3.12/site-packages/airflow/example_dags/example_short_circuit_operator.py
[2024-11-01T02:16:21.379+0000] {processor.py:914} INFO - Processing file /home/airflow/.local/lib/python3.12/site-packages/airflow/example_dags/example_short_circuit_operator.py for tasks to queue
[2024-11-01T02:16:21.382+0000] {logging_mixin.py:190} INFO - [2024-11-01T02:16:21.382+0000] {dagbag.py:588} INFO - Filling up the DagBag from /home/airflow/.local/lib/python3.12/site-packages/airflow/example_dags/example_short_circuit_operator.py
[2024-11-01T02:16:21.390+0000] {processor.py:925} INFO - DAG(s) 'example_short_circuit_operator' retrieved from /home/airflow/.local/lib/python3.12/site-packages/airflow/example_dags/example_short_circuit_operator.py
[2024-11-01T02:16:21.409+0000] {logging_mixin.py:190} INFO - [2024-11-01T02:16:21.409+0000] {dag.py:3239} INFO - Sync 1 DAGs
[2024-11-01T02:16:21.421+0000] {logging_mixin.py:190} INFO - [2024-11-01T02:16:21.421+0000] {dag.py:4180} INFO - Setting next_dagrun for example_short_circuit_operator to None, run_after=None
[2024-11-01T02:16:21.437+0000] {processor.py:208} INFO - Processing /home/airflow/.local/lib/python3.12/site-packages/airflow/example_dags/example_short_circuit_operator.py took 0.064 seconds
[2024-11-01T02:16:51.892+0000] {processor.py:186} INFO - Started process (PID=317) to work on /home/airflow/.local/lib/python3.12/site-packages/airflow/example_dags/example_short_circuit_operator.py
[2024-11-01T02:16:51.892+0000] {processor.py:914} INFO - Processing file /home/airflow/.local/lib/python3.12/site-packages/airflow/example_dags/example_short_circuit_operator.py for tasks to queue
[2024-11-01T02:16:51.895+0000] {logging_mixin.py:190} INFO - [2024-11-01T02:16:51.894+0000] {dagbag.py:588} INFO - Filling up the DagBag from /home/airflow/.local/lib/python3.12/site-packages/airflow/example_dags/example_short_circuit_operator.py
[2024-11-01T02:16:51.902+0000] {processor.py:925} INFO - DAG(s) 'example_short_circuit_operator' retrieved from /home/airflow/.local/lib/python3.12/site-packages/airflow/example_dags/example_short_circuit_operator.py
[2024-11-01T02:16:51.923+0000] {logging_mixin.py:190} INFO - [2024-11-01T02:16:51.923+0000] {dag.py:3239} INFO - Sync 1 DAGs
[2024-11-01T02:16:51.936+0000] {logging_mixin.py:190} INFO - [2024-11-01T02:16:51.936+0000] {dag.py:4180} INFO - Setting next_dagrun for example_short_circuit_operator to None, run_after=None
[2024-11-01T02:16:51.954+0000] {processor.py:208} INFO - Processing /home/airflow/.local/lib/python3.12/site-packages/airflow/example_dags/example_short_circuit_operator.py took 0.067 seconds
[2024-11-01T02:17:22.740+0000] {processor.py:186} INFO - Started process (PID=380) to work on /home/airflow/.local/lib/python3.12/site-packages/airflow/example_dags/example_short_circuit_operator.py
[2024-11-01T02:17:22.741+0000] {processor.py:914} INFO - Processing file /home/airflow/.local/lib/python3.12/site-packages/airflow/example_dags/example_short_circuit_operator.py for tasks to queue
[2024-11-01T02:17:22.743+0000] {logging_mixin.py:190} INFO - [2024-11-01T02:17:22.743+0000] {dagbag.py:588} INFO - Filling up the DagBag from /home/airflow/.local/lib/python3.12/site-packages/airflow/example_dags/example_short_circuit_operator.py
[2024-11-01T02:17:22.751+0000] {processor.py:925} INFO - DAG(s) 'example_short_circuit_operator' retrieved from /home/airflow/.local/lib/python3.12/site-packages/airflow/example_dags/example_short_circuit_operator.py
[2024-11-01T02:17:22.773+0000] {logging_mixin.py:190} INFO - [2024-11-01T02:17:22.773+0000] {dag.py:3239} INFO - Sync 1 DAGs
[2024-11-01T02:17:22.786+0000] {logging_mixin.py:190} INFO - [2024-11-01T02:17:22.786+0000] {dag.py:4180} INFO - Setting next_dagrun for example_short_circuit_operator to None, run_after=None
[2024-11-01T02:17:22.802+0000] {processor.py:208} INFO - Processing /home/airflow/.local/lib/python3.12/site-packages/airflow/example_dags/example_short_circuit_operator.py took 0.067 seconds
[2024-11-01T02:17:53.232+0000] {processor.py:186} INFO - Started process (PID=443) to work on /home/airflow/.local/lib/python3.12/site-packages/airflow/example_dags/example_short_circuit_operator.py
[2024-11-01T02:17:53.233+0000] {processor.py:914} INFO - Processing file /home/airflow/.local/lib/python3.12/site-packages/airflow/example_dags/example_short_circuit_operator.py for tasks to queue
[2024-11-01T02:17:53.235+0000] {logging_mixin.py:190} INFO - [2024-11-01T02:17:53.235+0000] {dagbag.py:588} INFO - Filling up the DagBag from /home/airflow/.local/lib/python3.12/site-packages/airflow/example_dags/example_short_circuit_operator.py
[2024-11-01T02:17:53.242+0000] {processor.py:925} INFO - DAG(s) 'example_short_circuit_operator' retrieved from /home/airflow/.local/lib/python3.12/site-packages/airflow/example_dags/example_short_circuit_operator.py
[2024-11-01T02:17:53.261+0000] {logging_mixin.py:190} INFO - [2024-11-01T02:17:53.260+0000] {dag.py:3239} INFO - Sync 1 DAGs
[2024-11-01T02:17:53.273+0000] {logging_mixin.py:190} INFO - [2024-11-01T02:17:53.273+0000] {dag.py:4180} INFO - Setting next_dagrun for example_short_circuit_operator to None, run_after=None
[2024-11-01T02:17:53.289+0000] {processor.py:208} INFO - Processing /home/airflow/.local/lib/python3.12/site-packages/airflow/example_dags/example_short_circuit_operator.py took 0.061 seconds
[2024-11-01T02:18:23.639+0000] {processor.py:186} INFO - Started process (PID=509) to work on /home/airflow/.local/lib/python3.12/site-packages/airflow/example_dags/example_short_circuit_operator.py
[2024-11-01T02:18:23.640+0000] {processor.py:914} INFO - Processing file /home/airflow/.local/lib/python3.12/site-packages/airflow/example_dags/example_short_circuit_operator.py for tasks to queue
[2024-11-01T02:18:23.642+0000] {logging_mixin.py:190} INFO - [2024-11-01T02:18:23.642+0000] {dagbag.py:588} INFO - Filling up the DagBag from /home/airflow/.local/lib/python3.12/site-packages/airflow/example_dags/example_short_circuit_operator.py
[2024-11-01T02:18:23.650+0000] {processor.py:925} INFO - DAG(s) 'example_short_circuit_operator' retrieved from /home/airflow/.local/lib/python3.12/site-packages/airflow/example_dags/example_short_circuit_operator.py
[2024-11-01T02:18:23.669+0000] {logging_mixin.py:190} INFO - [2024-11-01T02:18:23.669+0000] {dag.py:3239} INFO - Sync 1 DAGs
[2024-11-01T02:18:23.681+0000] {logging_mixin.py:190} INFO - [2024-11-01T02:18:23.681+0000] {dag.py:4180} INFO - Setting next_dagrun for example_short_circuit_operator to None, run_after=None
[2024-11-01T02:18:23.698+0000] {processor.py:208} INFO - Processing /home/airflow/.local/lib/python3.12/site-packages/airflow/example_dags/example_short_circuit_operator.py took 0.064 seconds
[2024-11-01T02:18:54.133+0000] {processor.py:186} INFO - Started process (PID=575) to work on /home/airflow/.local/lib/python3.12/site-packages/airflow/example_dags/example_short_circuit_operator.py
[2024-11-01T02:18:54.134+0000] {processor.py:914} INFO - Processing file /home/airflow/.local/lib/python3.12/site-packages/airflow/example_dags/example_short_circuit_operator.py for tasks to queue
[2024-11-01T02:18:54.136+0000] {logging_mixin.py:190} INFO - [2024-11-01T02:18:54.136+0000] {dagbag.py:588} INFO - Filling up the DagBag from /home/airflow/.local/lib/python3.12/site-packages/airflow/example_dags/example_short_circuit_operator.py
[2024-11-01T02:18:54.146+0000] {processor.py:925} INFO - DAG(s) 'example_short_circuit_operator' retrieved from /home/airflow/.local/lib/python3.12/site-packages/airflow/example_dags/example_short_circuit_operator.py
[2024-11-01T02:18:54.167+0000] {logging_mixin.py:190} INFO - [2024-11-01T02:18:54.166+0000] {dag.py:3239} INFO - Sync 1 DAGs
[2024-11-01T02:18:54.179+0000] {logging_mixin.py:190} INFO - [2024-11-01T02:18:54.179+0000] {dag.py:4180} INFO - Setting next_dagrun for example_short_circuit_operator to None, run_after=None
[2024-11-01T02:18:54.198+0000] {processor.py:208} INFO - Processing /home/airflow/.local/lib/python3.12/site-packages/airflow/example_dags/example_short_circuit_operator.py took 0.071 seconds
[2024-11-01T02:19:24.763+0000] {processor.py:186} INFO - Started process (PID=638) to work on /home/airflow/.local/lib/python3.12/site-packages/airflow/example_dags/example_short_circuit_operator.py
[2024-11-01T02:19:24.764+0000] {processor.py:914} INFO - Processing file /home/airflow/.local/lib/python3.12/site-packages/airflow/example_dags/example_short_circuit_operator.py for tasks to queue
[2024-11-01T02:19:24.767+0000] {logging_mixin.py:190} INFO - [2024-11-01T02:19:24.766+0000] {dagbag.py:588} INFO - Filling up the DagBag from /home/airflow/.local/lib/python3.12/site-packages/airflow/example_dags/example_short_circuit_operator.py
[2024-11-01T02:19:24.774+0000] {processor.py:925} INFO - DAG(s) 'example_short_circuit_operator' retrieved from /home/airflow/.local/lib/python3.12/site-packages/airflow/example_dags/example_short_circuit_operator.py
[2024-11-01T02:19:24.794+0000] {logging_mixin.py:190} INFO - [2024-11-01T02:19:24.793+0000] {dag.py:3239} INFO - Sync 1 DAGs
[2024-11-01T02:19:24.805+0000] {logging_mixin.py:190} INFO - [2024-11-01T02:19:24.804+0000] {dag.py:4180} INFO - Setting next_dagrun for example_short_circuit_operator to None, run_after=None
[2024-11-01T02:19:24.822+0000] {processor.py:208} INFO - Processing /home/airflow/.local/lib/python3.12/site-packages/airflow/example_dags/example_short_circuit_operator.py took 0.065 seconds
[2024-11-01T02:19:55.353+0000] {processor.py:186} INFO - Started process (PID=701) to work on /home/airflow/.local/lib/python3.12/site-packages/airflow/example_dags/example_short_circuit_operator.py
[2024-11-01T02:19:55.354+0000] {processor.py:914} INFO - Processing file /home/airflow/.local/lib/python3.12/site-packages/airflow/example_dags/example_short_circuit_operator.py for tasks to queue
[2024-11-01T02:19:55.356+0000] {logging_mixin.py:190} INFO - [2024-11-01T02:19:55.356+0000] {dagbag.py:588} INFO - Filling up the DagBag from /home/airflow/.local/lib/python3.12/site-packages/airflow/example_dags/example_short_circuit_operator.py
[2024-11-01T02:19:55.363+0000] {processor.py:925} INFO - DAG(s) 'example_short_circuit_operator' retrieved from /home/airflow/.local/lib/python3.12/site-packages/airflow/example_dags/example_short_circuit_operator.py
[2024-11-01T02:19:55.383+0000] {logging_mixin.py:190} INFO - [2024-11-01T02:19:55.383+0000] {dag.py:3239} INFO - Sync 1 DAGs
[2024-11-01T02:19:55.396+0000] {logging_mixin.py:190} INFO - [2024-11-01T02:19:55.396+0000] {dag.py:4180} INFO - Setting next_dagrun for example_short_circuit_operator to None, run_after=None
[2024-11-01T02:19:55.413+0000] {processor.py:208} INFO - Processing /home/airflow/.local/lib/python3.12/site-packages/airflow/example_dags/example_short_circuit_operator.py took 0.065 seconds
[2024-11-01T02:20:25.965+0000] {processor.py:186} INFO - Started process (PID=764) to work on /home/airflow/.local/lib/python3.12/site-packages/airflow/example_dags/example_short_circuit_operator.py
[2024-11-01T02:20:25.966+0000] {processor.py:914} INFO - Processing file /home/airflow/.local/lib/python3.12/site-packages/airflow/example_dags/example_short_circuit_operator.py for tasks to queue
[2024-11-01T02:20:25.968+0000] {logging_mixin.py:190} INFO - [2024-11-01T02:20:25.968+0000] {dagbag.py:588} INFO - Filling up the DagBag from /home/airflow/.local/lib/python3.12/site-packages/airflow/example_dags/example_short_circuit_operator.py
[2024-11-01T02:20:25.975+0000] {processor.py:925} INFO - DAG(s) 'example_short_circuit_operator' retrieved from /home/airflow/.local/lib/python3.12/site-packages/airflow/example_dags/example_short_circuit_operator.py
[2024-11-01T02:20:25.995+0000] {logging_mixin.py:190} INFO - [2024-11-01T02:20:25.995+0000] {dag.py:3239} INFO - Sync 1 DAGs
[2024-11-01T02:20:26.009+0000] {logging_mixin.py:190} INFO - [2024-11-01T02:20:26.009+0000] {dag.py:4180} INFO - Setting next_dagrun for example_short_circuit_operator to None, run_after=None
[2024-11-01T02:20:26.027+0000] {processor.py:208} INFO - Processing /home/airflow/.local/lib/python3.12/site-packages/airflow/example_dags/example_short_circuit_operator.py took 0.067 seconds
[2024-11-01T02:20:56.887+0000] {processor.py:186} INFO - Started process (PID=827) to work on /home/airflow/.local/lib/python3.12/site-packages/airflow/example_dags/example_short_circuit_operator.py
[2024-11-01T02:20:56.889+0000] {processor.py:914} INFO - Processing file /home/airflow/.local/lib/python3.12/site-packages/airflow/example_dags/example_short_circuit_operator.py for tasks to queue
[2024-11-01T02:20:56.891+0000] {logging_mixin.py:190} INFO - [2024-11-01T02:20:56.891+0000] {dagbag.py:588} INFO - Filling up the DagBag from /home/airflow/.local/lib/python3.12/site-packages/airflow/example_dags/example_short_circuit_operator.py
[2024-11-01T02:20:56.898+0000] {processor.py:925} INFO - DAG(s) 'example_short_circuit_operator' retrieved from /home/airflow/.local/lib/python3.12/site-packages/airflow/example_dags/example_short_circuit_operator.py
[2024-11-01T02:20:56.919+0000] {logging_mixin.py:190} INFO - [2024-11-01T02:20:56.919+0000] {dag.py:3239} INFO - Sync 1 DAGs
[2024-11-01T02:20:56.932+0000] {logging_mixin.py:190} INFO - [2024-11-01T02:20:56.932+0000] {dag.py:4180} INFO - Setting next_dagrun for example_short_circuit_operator to None, run_after=None
[2024-11-01T02:20:56.949+0000] {processor.py:208} INFO - Processing /home/airflow/.local/lib/python3.12/site-packages/airflow/example_dags/example_short_circuit_operator.py took 0.067 seconds
[2024-11-01T02:21:27.943+0000] {processor.py:186} INFO - Started process (PID=890) to work on /home/airflow/.local/lib/python3.12/site-packages/airflow/example_dags/example_short_circuit_operator.py
[2024-11-01T02:21:27.944+0000] {processor.py:914} INFO - Processing file /home/airflow/.local/lib/python3.12/site-packages/airflow/example_dags/example_short_circuit_operator.py for tasks to queue
[2024-11-01T02:21:27.946+0000] {logging_mixin.py:190} INFO - [2024-11-01T02:21:27.945+0000] {dagbag.py:588} INFO - Filling up the DagBag from /home/airflow/.local/lib/python3.12/site-packages/airflow/example_dags/example_short_circuit_operator.py
[2024-11-01T02:21:27.952+0000] {processor.py:925} INFO - DAG(s) 'example_short_circuit_operator' retrieved from /home/airflow/.local/lib/python3.12/site-packages/airflow/example_dags/example_short_circuit_operator.py
[2024-11-01T02:21:27.972+0000] {logging_mixin.py:190} INFO - [2024-11-01T02:21:27.972+0000] {dag.py:3239} INFO - Sync 1 DAGs
[2024-11-01T02:21:27.984+0000] {logging_mixin.py:190} INFO - [2024-11-01T02:21:27.984+0000] {dag.py:4180} INFO - Setting next_dagrun for example_short_circuit_operator to None, run_after=None
[2024-11-01T02:21:28.017+0000] {processor.py:208} INFO - Processing /home/airflow/.local/lib/python3.12/site-packages/airflow/example_dags/example_short_circuit_operator.py took 0.079 seconds
[2024-11-01T02:21:58.663+0000] {processor.py:186} INFO - Started process (PID=953) to work on /home/airflow/.local/lib/python3.12/site-packages/airflow/example_dags/example_short_circuit_operator.py
[2024-11-01T02:21:58.664+0000] {processor.py:914} INFO - Processing file /home/airflow/.local/lib/python3.12/site-packages/airflow/example_dags/example_short_circuit_operator.py for tasks to queue
[2024-11-01T02:21:58.666+0000] {logging_mixin.py:190} INFO - [2024-11-01T02:21:58.666+0000] {dagbag.py:588} INFO - Filling up the DagBag from /home/airflow/.local/lib/python3.12/site-packages/airflow/example_dags/example_short_circuit_operator.py
[2024-11-01T02:21:58.673+0000] {processor.py:925} INFO - DAG(s) 'example_short_circuit_operator' retrieved from /home/airflow/.local/lib/python3.12/site-packages/airflow/example_dags/example_short_circuit_operator.py
[2024-11-01T02:21:58.693+0000] {logging_mixin.py:190} INFO - [2024-11-01T02:21:58.692+0000] {dag.py:3239} INFO - Sync 1 DAGs
[2024-11-01T02:21:58.705+0000] {logging_mixin.py:190} INFO - [2024-11-01T02:21:58.705+0000] {dag.py:4180} INFO - Setting next_dagrun for example_short_circuit_operator to None, run_after=None
[2024-11-01T02:21:58.721+0000] {processor.py:208} INFO - Processing /home/airflow/.local/lib/python3.12/site-packages/airflow/example_dags/example_short_circuit_operator.py took 0.063 seconds
[2024-11-01T02:22:29.677+0000] {processor.py:186} INFO - Started process (PID=1017) to work on /home/airflow/.local/lib/python3.12/site-packages/airflow/example_dags/example_short_circuit_operator.py
[2024-11-01T02:22:29.678+0000] {processor.py:914} INFO - Processing file /home/airflow/.local/lib/python3.12/site-packages/airflow/example_dags/example_short_circuit_operator.py for tasks to queue
[2024-11-01T02:22:29.680+0000] {logging_mixin.py:190} INFO - [2024-11-01T02:22:29.680+0000] {dagbag.py:588} INFO - Filling up the DagBag from /home/airflow/.local/lib/python3.12/site-packages/airflow/example_dags/example_short_circuit_operator.py
[2024-11-01T02:22:29.688+0000] {processor.py:925} INFO - DAG(s) 'example_short_circuit_operator' retrieved from /home/airflow/.local/lib/python3.12/site-packages/airflow/example_dags/example_short_circuit_operator.py
[2024-11-01T02:22:29.709+0000] {logging_mixin.py:190} INFO - [2024-11-01T02:22:29.709+0000] {dag.py:3239} INFO - Sync 1 DAGs
[2024-11-01T02:22:29.722+0000] {logging_mixin.py:190} INFO - [2024-11-01T02:22:29.722+0000] {dag.py:4180} INFO - Setting next_dagrun for example_short_circuit_operator to None, run_after=None
[2024-11-01T02:22:29.739+0000] {processor.py:208} INFO - Processing /home/airflow/.local/lib/python3.12/site-packages/airflow/example_dags/example_short_circuit_operator.py took 0.067 seconds
[2024-11-01T02:23:00.451+0000] {processor.py:186} INFO - Started process (PID=1080) to work on /home/airflow/.local/lib/python3.12/site-packages/airflow/example_dags/example_short_circuit_operator.py
[2024-11-01T02:23:00.452+0000] {processor.py:914} INFO - Processing file /home/airflow/.local/lib/python3.12/site-packages/airflow/example_dags/example_short_circuit_operator.py for tasks to queue
[2024-11-01T02:23:00.453+0000] {logging_mixin.py:190} INFO - [2024-11-01T02:23:00.453+0000] {dagbag.py:588} INFO - Filling up the DagBag from /home/airflow/.local/lib/python3.12/site-packages/airflow/example_dags/example_short_circuit_operator.py
[2024-11-01T02:23:00.461+0000] {processor.py:925} INFO - DAG(s) 'example_short_circuit_operator' retrieved from /home/airflow/.local/lib/python3.12/site-packages/airflow/example_dags/example_short_circuit_operator.py
[2024-11-01T02:23:00.482+0000] {logging_mixin.py:190} INFO - [2024-11-01T02:23:00.482+0000] {dag.py:3239} INFO - Sync 1 DAGs
[2024-11-01T02:23:00.495+0000] {logging_mixin.py:190} INFO - [2024-11-01T02:23:00.495+0000] {dag.py:4180} INFO - Setting next_dagrun for example_short_circuit_operator to None, run_after=None
[2024-11-01T02:23:00.513+0000] {processor.py:208} INFO - Processing /home/airflow/.local/lib/python3.12/site-packages/airflow/example_dags/example_short_circuit_operator.py took 0.067 seconds
[2024-11-01T02:23:31.179+0000] {processor.py:186} INFO - Started process (PID=1143) to work on /home/airflow/.local/lib/python3.12/site-packages/airflow/example_dags/example_short_circuit_operator.py
[2024-11-01T02:23:31.179+0000] {processor.py:914} INFO - Processing file /home/airflow/.local/lib/python3.12/site-packages/airflow/example_dags/example_short_circuit_operator.py for tasks to queue
[2024-11-01T02:23:31.181+0000] {logging_mixin.py:190} INFO - [2024-11-01T02:23:31.181+0000] {dagbag.py:588} INFO - Filling up the DagBag from /home/airflow/.local/lib/python3.12/site-packages/airflow/example_dags/example_short_circuit_operator.py
[2024-11-01T02:23:31.188+0000] {processor.py:925} INFO - DAG(s) 'example_short_circuit_operator' retrieved from /home/airflow/.local/lib/python3.12/site-packages/airflow/example_dags/example_short_circuit_operator.py
[2024-11-01T02:23:31.207+0000] {logging_mixin.py:190} INFO - [2024-11-01T02:23:31.207+0000] {dag.py:3239} INFO - Sync 1 DAGs
[2024-11-01T02:23:31.220+0000] {logging_mixin.py:190} INFO - [2024-11-01T02:23:31.220+0000] {dag.py:4180} INFO - Setting next_dagrun for example_short_circuit_operator to None, run_after=None
[2024-11-01T02:23:31.236+0000] {processor.py:208} INFO - Processing /home/airflow/.local/lib/python3.12/site-packages/airflow/example_dags/example_short_circuit_operator.py took 0.062 seconds
