[2024-11-01T02:04:34.278+0000] {processor.py:186} INFO - Started process (PID=99) to work on /home/airflow/.local/lib/python3.12/site-packages/airflow/example_dags/example_sensor_decorator.py
[2024-11-01T02:04:34.279+0000] {processor.py:914} INFO - Processing file /home/airflow/.local/lib/python3.12/site-packages/airflow/example_dags/example_sensor_decorator.py for tasks to queue
[2024-11-01T02:04:34.282+0000] {logging_mixin.py:190} INFO - [2024-11-01T02:04:34.281+0000] {dagbag.py:588} INFO - Filling up the DagBag from /home/airflow/.local/lib/python3.12/site-packages/airflow/example_dags/example_sensor_decorator.py
[2024-11-01T02:04:34.291+0000] {processor.py:925} INFO - DAG(s) 'example_sensor_decorator' retrieved from /home/airflow/.local/lib/python3.12/site-packages/airflow/example_dags/example_sensor_decorator.py
[2024-11-01T02:04:34.382+0000] {logging_mixin.py:190} INFO - [2024-11-01T02:04:34.381+0000] {override.py:1900} INFO - Created Permission View: can edit on DAG:example_sensor_decorator
[2024-11-01T02:04:34.392+0000] {logging_mixin.py:190} INFO - [2024-11-01T02:04:34.392+0000] {override.py:1900} INFO - Created Permission View: can read on DAG:example_sensor_decorator
[2024-11-01T02:04:34.399+0000] {logging_mixin.py:190} INFO - [2024-11-01T02:04:34.399+0000] {override.py:1900} INFO - Created Permission View: can delete on DAG:example_sensor_decorator
[2024-11-01T02:04:34.408+0000] {logging_mixin.py:190} INFO - [2024-11-01T02:04:34.408+0000] {override.py:1900} INFO - Created Permission View: can delete on DAG Run:example_sensor_decorator
[2024-11-01T02:04:34.415+0000] {logging_mixin.py:190} INFO - [2024-11-01T02:04:34.415+0000] {override.py:1900} INFO - Created Permission View: can read on DAG Run:example_sensor_decorator
[2024-11-01T02:04:34.422+0000] {logging_mixin.py:190} INFO - [2024-11-01T02:04:34.421+0000] {override.py:1900} INFO - Created Permission View: can create on DAG Run:example_sensor_decorator
[2024-11-01T02:04:34.429+0000] {logging_mixin.py:190} INFO - [2024-11-01T02:04:34.428+0000] {override.py:1900} INFO - Created Permission View: menu access on DAG Run:example_sensor_decorator
[2024-11-01T02:04:34.430+0000] {logging_mixin.py:190} INFO - [2024-11-01T02:04:34.430+0000] {dag.py:3239} INFO - Sync 1 DAGs
[2024-11-01T02:04:34.449+0000] {logging_mixin.py:190} INFO - [2024-11-01T02:04:34.448+0000] {dag.py:3262} INFO - Creating ORM DAG for example_sensor_decorator
[2024-11-01T02:04:34.450+0000] {logging_mixin.py:190} INFO - [2024-11-01T02:04:34.450+0000] {dag.py:4180} INFO - Setting next_dagrun for example_sensor_decorator to None, run_after=None
[2024-11-01T02:04:34.467+0000] {processor.py:208} INFO - Processing /home/airflow/.local/lib/python3.12/site-packages/airflow/example_dags/example_sensor_decorator.py took 0.193 seconds
[2024-11-01T02:05:05.086+0000] {processor.py:186} INFO - Started process (PID=161) to work on /home/airflow/.local/lib/python3.12/site-packages/airflow/example_dags/example_sensor_decorator.py
[2024-11-01T02:05:05.087+0000] {processor.py:914} INFO - Processing file /home/airflow/.local/lib/python3.12/site-packages/airflow/example_dags/example_sensor_decorator.py for tasks to queue
[2024-11-01T02:05:05.089+0000] {logging_mixin.py:190} INFO - [2024-11-01T02:05:05.089+0000] {dagbag.py:588} INFO - Filling up the DagBag from /home/airflow/.local/lib/python3.12/site-packages/airflow/example_dags/example_sensor_decorator.py
[2024-11-01T02:05:05.096+0000] {processor.py:925} INFO - DAG(s) 'example_sensor_decorator' retrieved from /home/airflow/.local/lib/python3.12/site-packages/airflow/example_dags/example_sensor_decorator.py
[2024-11-01T02:05:05.113+0000] {logging_mixin.py:190} INFO - [2024-11-01T02:05:05.112+0000] {dag.py:3239} INFO - Sync 1 DAGs
[2024-11-01T02:05:05.126+0000] {logging_mixin.py:190} INFO - [2024-11-01T02:05:05.126+0000] {dag.py:4180} INFO - Setting next_dagrun for example_sensor_decorator to None, run_after=None
[2024-11-01T02:05:05.249+0000] {processor.py:208} INFO - Processing /home/airflow/.local/lib/python3.12/site-packages/airflow/example_dags/example_sensor_decorator.py took 0.169 seconds
[2024-11-01T02:05:35.339+0000] {processor.py:186} INFO - Started process (PID=223) to work on /home/airflow/.local/lib/python3.12/site-packages/airflow/example_dags/example_sensor_decorator.py
[2024-11-01T02:05:35.340+0000] {processor.py:914} INFO - Processing file /home/airflow/.local/lib/python3.12/site-packages/airflow/example_dags/example_sensor_decorator.py for tasks to queue
[2024-11-01T02:05:35.342+0000] {logging_mixin.py:190} INFO - [2024-11-01T02:05:35.342+0000] {dagbag.py:588} INFO - Filling up the DagBag from /home/airflow/.local/lib/python3.12/site-packages/airflow/example_dags/example_sensor_decorator.py
[2024-11-01T02:05:35.350+0000] {processor.py:925} INFO - DAG(s) 'example_sensor_decorator' retrieved from /home/airflow/.local/lib/python3.12/site-packages/airflow/example_dags/example_sensor_decorator.py
[2024-11-01T02:05:35.368+0000] {logging_mixin.py:190} INFO - [2024-11-01T02:05:35.368+0000] {dag.py:3239} INFO - Sync 1 DAGs
[2024-11-01T02:05:35.381+0000] {logging_mixin.py:190} INFO - [2024-11-01T02:05:35.381+0000] {dag.py:4180} INFO - Setting next_dagrun for example_sensor_decorator to None, run_after=None
[2024-11-01T02:05:35.398+0000] {processor.py:208} INFO - Processing /home/airflow/.local/lib/python3.12/site-packages/airflow/example_dags/example_sensor_decorator.py took 0.064 seconds
[2024-11-01T02:06:05.800+0000] {processor.py:186} INFO - Started process (PID=285) to work on /home/airflow/.local/lib/python3.12/site-packages/airflow/example_dags/example_sensor_decorator.py
[2024-11-01T02:06:05.801+0000] {processor.py:914} INFO - Processing file /home/airflow/.local/lib/python3.12/site-packages/airflow/example_dags/example_sensor_decorator.py for tasks to queue
[2024-11-01T02:06:05.804+0000] {logging_mixin.py:190} INFO - [2024-11-01T02:06:05.803+0000] {dagbag.py:588} INFO - Filling up the DagBag from /home/airflow/.local/lib/python3.12/site-packages/airflow/example_dags/example_sensor_decorator.py
[2024-11-01T02:06:05.811+0000] {processor.py:925} INFO - DAG(s) 'example_sensor_decorator' retrieved from /home/airflow/.local/lib/python3.12/site-packages/airflow/example_dags/example_sensor_decorator.py
[2024-11-01T02:06:05.827+0000] {logging_mixin.py:190} INFO - [2024-11-01T02:06:05.827+0000] {dag.py:3239} INFO - Sync 1 DAGs
[2024-11-01T02:06:05.839+0000] {logging_mixin.py:190} INFO - [2024-11-01T02:06:05.839+0000] {dag.py:4180} INFO - Setting next_dagrun for example_sensor_decorator to None, run_after=None
[2024-11-01T02:06:05.855+0000] {processor.py:208} INFO - Processing /home/airflow/.local/lib/python3.12/site-packages/airflow/example_dags/example_sensor_decorator.py took 0.061 seconds
[2024-11-01T02:14:52.701+0000] {processor.py:186} INFO - Started process (PID=95) to work on /home/airflow/.local/lib/python3.12/site-packages/airflow/example_dags/example_sensor_decorator.py
[2024-11-01T02:14:52.702+0000] {processor.py:914} INFO - Processing file /home/airflow/.local/lib/python3.12/site-packages/airflow/example_dags/example_sensor_decorator.py for tasks to queue
[2024-11-01T02:14:52.704+0000] {logging_mixin.py:190} INFO - [2024-11-01T02:14:52.703+0000] {dagbag.py:588} INFO - Filling up the DagBag from /home/airflow/.local/lib/python3.12/site-packages/airflow/example_dags/example_sensor_decorator.py
[2024-11-01T02:14:52.711+0000] {processor.py:925} INFO - DAG(s) 'example_sensor_decorator' retrieved from /home/airflow/.local/lib/python3.12/site-packages/airflow/example_dags/example_sensor_decorator.py
[2024-11-01T02:14:52.729+0000] {logging_mixin.py:190} INFO - [2024-11-01T02:14:52.728+0000] {dag.py:3239} INFO - Sync 1 DAGs
[2024-11-01T02:14:52.745+0000] {logging_mixin.py:190} INFO - [2024-11-01T02:14:52.744+0000] {dag.py:4180} INFO - Setting next_dagrun for example_sensor_decorator to None, run_after=None
[2024-11-01T02:14:52.763+0000] {processor.py:208} INFO - Processing /home/airflow/.local/lib/python3.12/site-packages/airflow/example_dags/example_sensor_decorator.py took 0.067 seconds
[2024-11-01T02:15:23.351+0000] {processor.py:186} INFO - Started process (PID=158) to work on /home/airflow/.local/lib/python3.12/site-packages/airflow/example_dags/example_sensor_decorator.py
[2024-11-01T02:15:23.352+0000] {processor.py:914} INFO - Processing file /home/airflow/.local/lib/python3.12/site-packages/airflow/example_dags/example_sensor_decorator.py for tasks to queue
[2024-11-01T02:15:23.354+0000] {logging_mixin.py:190} INFO - [2024-11-01T02:15:23.354+0000] {dagbag.py:588} INFO - Filling up the DagBag from /home/airflow/.local/lib/python3.12/site-packages/airflow/example_dags/example_sensor_decorator.py
[2024-11-01T02:15:23.360+0000] {processor.py:925} INFO - DAG(s) 'example_sensor_decorator' retrieved from /home/airflow/.local/lib/python3.12/site-packages/airflow/example_dags/example_sensor_decorator.py
[2024-11-01T02:15:23.377+0000] {logging_mixin.py:190} INFO - [2024-11-01T02:15:23.377+0000] {dag.py:3239} INFO - Sync 1 DAGs
[2024-11-01T02:15:23.389+0000] {logging_mixin.py:190} INFO - [2024-11-01T02:15:23.389+0000] {dag.py:4180} INFO - Setting next_dagrun for example_sensor_decorator to None, run_after=None
[2024-11-01T02:15:23.406+0000] {processor.py:208} INFO - Processing /home/airflow/.local/lib/python3.12/site-packages/airflow/example_dags/example_sensor_decorator.py took 0.060 seconds
[2024-11-01T02:15:53.657+0000] {processor.py:186} INFO - Started process (PID=227) to work on /home/airflow/.local/lib/python3.12/site-packages/airflow/example_dags/example_sensor_decorator.py
[2024-11-01T02:15:53.658+0000] {processor.py:914} INFO - Processing file /home/airflow/.local/lib/python3.12/site-packages/airflow/example_dags/example_sensor_decorator.py for tasks to queue
[2024-11-01T02:15:53.660+0000] {logging_mixin.py:190} INFO - [2024-11-01T02:15:53.659+0000] {dagbag.py:588} INFO - Filling up the DagBag from /home/airflow/.local/lib/python3.12/site-packages/airflow/example_dags/example_sensor_decorator.py
[2024-11-01T02:15:53.666+0000] {processor.py:925} INFO - DAG(s) 'example_sensor_decorator' retrieved from /home/airflow/.local/lib/python3.12/site-packages/airflow/example_dags/example_sensor_decorator.py
[2024-11-01T02:15:53.683+0000] {logging_mixin.py:190} INFO - [2024-11-01T02:15:53.683+0000] {dag.py:3239} INFO - Sync 1 DAGs
[2024-11-01T02:15:53.695+0000] {logging_mixin.py:190} INFO - [2024-11-01T02:15:53.695+0000] {dag.py:4180} INFO - Setting next_dagrun for example_sensor_decorator to None, run_after=None
[2024-11-01T02:15:53.713+0000] {processor.py:208} INFO - Processing /home/airflow/.local/lib/python3.12/site-packages/airflow/example_dags/example_sensor_decorator.py took 0.061 seconds
[2024-11-01T02:16:24.443+0000] {processor.py:186} INFO - Started process (PID=290) to work on /home/airflow/.local/lib/python3.12/site-packages/airflow/example_dags/example_sensor_decorator.py
[2024-11-01T02:16:24.444+0000] {processor.py:914} INFO - Processing file /home/airflow/.local/lib/python3.12/site-packages/airflow/example_dags/example_sensor_decorator.py for tasks to queue
[2024-11-01T02:16:24.446+0000] {logging_mixin.py:190} INFO - [2024-11-01T02:16:24.446+0000] {dagbag.py:588} INFO - Filling up the DagBag from /home/airflow/.local/lib/python3.12/site-packages/airflow/example_dags/example_sensor_decorator.py
[2024-11-01T02:16:24.452+0000] {processor.py:925} INFO - DAG(s) 'example_sensor_decorator' retrieved from /home/airflow/.local/lib/python3.12/site-packages/airflow/example_dags/example_sensor_decorator.py
[2024-11-01T02:16:24.469+0000] {logging_mixin.py:190} INFO - [2024-11-01T02:16:24.469+0000] {dag.py:3239} INFO - Sync 1 DAGs
[2024-11-01T02:16:24.482+0000] {logging_mixin.py:190} INFO - [2024-11-01T02:16:24.482+0000] {dag.py:4180} INFO - Setting next_dagrun for example_sensor_decorator to None, run_after=None
[2024-11-01T02:16:24.500+0000] {processor.py:208} INFO - Processing /home/airflow/.local/lib/python3.12/site-packages/airflow/example_dags/example_sensor_decorator.py took 0.061 seconds
[2024-11-01T02:16:54.933+0000] {processor.py:186} INFO - Started process (PID=353) to work on /home/airflow/.local/lib/python3.12/site-packages/airflow/example_dags/example_sensor_decorator.py
[2024-11-01T02:16:54.934+0000] {processor.py:914} INFO - Processing file /home/airflow/.local/lib/python3.12/site-packages/airflow/example_dags/example_sensor_decorator.py for tasks to queue
[2024-11-01T02:16:54.936+0000] {logging_mixin.py:190} INFO - [2024-11-01T02:16:54.936+0000] {dagbag.py:588} INFO - Filling up the DagBag from /home/airflow/.local/lib/python3.12/site-packages/airflow/example_dags/example_sensor_decorator.py
[2024-11-01T02:16:54.946+0000] {processor.py:925} INFO - DAG(s) 'example_sensor_decorator' retrieved from /home/airflow/.local/lib/python3.12/site-packages/airflow/example_dags/example_sensor_decorator.py
[2024-11-01T02:16:54.964+0000] {logging_mixin.py:190} INFO - [2024-11-01T02:16:54.964+0000] {dag.py:3239} INFO - Sync 1 DAGs
[2024-11-01T02:16:54.979+0000] {logging_mixin.py:190} INFO - [2024-11-01T02:16:54.978+0000] {dag.py:4180} INFO - Setting next_dagrun for example_sensor_decorator to None, run_after=None
[2024-11-01T02:16:54.999+0000] {processor.py:208} INFO - Processing /home/airflow/.local/lib/python3.12/site-packages/airflow/example_dags/example_sensor_decorator.py took 0.072 seconds
[2024-11-01T02:17:25.566+0000] {processor.py:186} INFO - Started process (PID=416) to work on /home/airflow/.local/lib/python3.12/site-packages/airflow/example_dags/example_sensor_decorator.py
[2024-11-01T02:17:25.566+0000] {processor.py:914} INFO - Processing file /home/airflow/.local/lib/python3.12/site-packages/airflow/example_dags/example_sensor_decorator.py for tasks to queue
[2024-11-01T02:17:25.568+0000] {logging_mixin.py:190} INFO - [2024-11-01T02:17:25.568+0000] {dagbag.py:588} INFO - Filling up the DagBag from /home/airflow/.local/lib/python3.12/site-packages/airflow/example_dags/example_sensor_decorator.py
[2024-11-01T02:17:25.575+0000] {processor.py:925} INFO - DAG(s) 'example_sensor_decorator' retrieved from /home/airflow/.local/lib/python3.12/site-packages/airflow/example_dags/example_sensor_decorator.py
[2024-11-01T02:17:25.591+0000] {logging_mixin.py:190} INFO - [2024-11-01T02:17:25.591+0000] {dag.py:3239} INFO - Sync 1 DAGs
[2024-11-01T02:17:25.604+0000] {logging_mixin.py:190} INFO - [2024-11-01T02:17:25.603+0000] {dag.py:4180} INFO - Setting next_dagrun for example_sensor_decorator to None, run_after=None
[2024-11-01T02:17:25.621+0000] {processor.py:208} INFO - Processing /home/airflow/.local/lib/python3.12/site-packages/airflow/example_dags/example_sensor_decorator.py took 0.060 seconds
[2024-11-01T02:17:56.063+0000] {processor.py:186} INFO - Started process (PID=479) to work on /home/airflow/.local/lib/python3.12/site-packages/airflow/example_dags/example_sensor_decorator.py
[2024-11-01T02:17:56.064+0000] {processor.py:914} INFO - Processing file /home/airflow/.local/lib/python3.12/site-packages/airflow/example_dags/example_sensor_decorator.py for tasks to queue
[2024-11-01T02:17:56.066+0000] {logging_mixin.py:190} INFO - [2024-11-01T02:17:56.065+0000] {dagbag.py:588} INFO - Filling up the DagBag from /home/airflow/.local/lib/python3.12/site-packages/airflow/example_dags/example_sensor_decorator.py
[2024-11-01T02:17:56.072+0000] {processor.py:925} INFO - DAG(s) 'example_sensor_decorator' retrieved from /home/airflow/.local/lib/python3.12/site-packages/airflow/example_dags/example_sensor_decorator.py
[2024-11-01T02:17:56.089+0000] {logging_mixin.py:190} INFO - [2024-11-01T02:17:56.089+0000] {dag.py:3239} INFO - Sync 1 DAGs
[2024-11-01T02:17:56.102+0000] {logging_mixin.py:190} INFO - [2024-11-01T02:17:56.102+0000] {dag.py:4180} INFO - Setting next_dagrun for example_sensor_decorator to None, run_after=None
[2024-11-01T02:17:56.119+0000] {processor.py:208} INFO - Processing /home/airflow/.local/lib/python3.12/site-packages/airflow/example_dags/example_sensor_decorator.py took 0.061 seconds
[2024-11-01T02:18:26.557+0000] {processor.py:186} INFO - Started process (PID=542) to work on /home/airflow/.local/lib/python3.12/site-packages/airflow/example_dags/example_sensor_decorator.py
[2024-11-01T02:18:26.558+0000] {processor.py:914} INFO - Processing file /home/airflow/.local/lib/python3.12/site-packages/airflow/example_dags/example_sensor_decorator.py for tasks to queue
[2024-11-01T02:18:26.560+0000] {logging_mixin.py:190} INFO - [2024-11-01T02:18:26.559+0000] {dagbag.py:588} INFO - Filling up the DagBag from /home/airflow/.local/lib/python3.12/site-packages/airflow/example_dags/example_sensor_decorator.py
[2024-11-01T02:18:26.566+0000] {processor.py:925} INFO - DAG(s) 'example_sensor_decorator' retrieved from /home/airflow/.local/lib/python3.12/site-packages/airflow/example_dags/example_sensor_decorator.py
[2024-11-01T02:18:26.584+0000] {logging_mixin.py:190} INFO - [2024-11-01T02:18:26.584+0000] {dag.py:3239} INFO - Sync 1 DAGs
[2024-11-01T02:18:26.598+0000] {logging_mixin.py:190} INFO - [2024-11-01T02:18:26.597+0000] {dag.py:4180} INFO - Setting next_dagrun for example_sensor_decorator to None, run_after=None
[2024-11-01T02:18:26.616+0000] {processor.py:208} INFO - Processing /home/airflow/.local/lib/python3.12/site-packages/airflow/example_dags/example_sensor_decorator.py took 0.063 seconds
[2024-11-01T02:18:57.177+0000] {processor.py:186} INFO - Started process (PID=605) to work on /home/airflow/.local/lib/python3.12/site-packages/airflow/example_dags/example_sensor_decorator.py
[2024-11-01T02:18:57.178+0000] {processor.py:914} INFO - Processing file /home/airflow/.local/lib/python3.12/site-packages/airflow/example_dags/example_sensor_decorator.py for tasks to queue
[2024-11-01T02:18:57.180+0000] {logging_mixin.py:190} INFO - [2024-11-01T02:18:57.180+0000] {dagbag.py:588} INFO - Filling up the DagBag from /home/airflow/.local/lib/python3.12/site-packages/airflow/example_dags/example_sensor_decorator.py
[2024-11-01T02:18:57.186+0000] {processor.py:925} INFO - DAG(s) 'example_sensor_decorator' retrieved from /home/airflow/.local/lib/python3.12/site-packages/airflow/example_dags/example_sensor_decorator.py
[2024-11-01T02:18:57.203+0000] {logging_mixin.py:190} INFO - [2024-11-01T02:18:57.203+0000] {dag.py:3239} INFO - Sync 1 DAGs
[2024-11-01T02:18:57.215+0000] {logging_mixin.py:190} INFO - [2024-11-01T02:18:57.215+0000] {dag.py:4180} INFO - Setting next_dagrun for example_sensor_decorator to None, run_after=None
[2024-11-01T02:18:57.232+0000] {processor.py:208} INFO - Processing /home/airflow/.local/lib/python3.12/site-packages/airflow/example_dags/example_sensor_decorator.py took 0.061 seconds
[2024-11-01T02:19:27.597+0000] {processor.py:186} INFO - Started process (PID=668) to work on /home/airflow/.local/lib/python3.12/site-packages/airflow/example_dags/example_sensor_decorator.py
[2024-11-01T02:19:27.598+0000] {processor.py:914} INFO - Processing file /home/airflow/.local/lib/python3.12/site-packages/airflow/example_dags/example_sensor_decorator.py for tasks to queue
[2024-11-01T02:19:27.600+0000] {logging_mixin.py:190} INFO - [2024-11-01T02:19:27.600+0000] {dagbag.py:588} INFO - Filling up the DagBag from /home/airflow/.local/lib/python3.12/site-packages/airflow/example_dags/example_sensor_decorator.py
[2024-11-01T02:19:27.606+0000] {processor.py:925} INFO - DAG(s) 'example_sensor_decorator' retrieved from /home/airflow/.local/lib/python3.12/site-packages/airflow/example_dags/example_sensor_decorator.py
[2024-11-01T02:19:27.622+0000] {logging_mixin.py:190} INFO - [2024-11-01T02:19:27.621+0000] {dag.py:3239} INFO - Sync 1 DAGs
[2024-11-01T02:19:27.634+0000] {logging_mixin.py:190} INFO - [2024-11-01T02:19:27.633+0000] {dag.py:4180} INFO - Setting next_dagrun for example_sensor_decorator to None, run_after=None
[2024-11-01T02:19:27.650+0000] {processor.py:208} INFO - Processing /home/airflow/.local/lib/python3.12/site-packages/airflow/example_dags/example_sensor_decorator.py took 0.057 seconds
[2024-11-01T02:19:58.256+0000] {processor.py:186} INFO - Started process (PID=731) to work on /home/airflow/.local/lib/python3.12/site-packages/airflow/example_dags/example_sensor_decorator.py
[2024-11-01T02:19:58.257+0000] {processor.py:914} INFO - Processing file /home/airflow/.local/lib/python3.12/site-packages/airflow/example_dags/example_sensor_decorator.py for tasks to queue
[2024-11-01T02:19:58.259+0000] {logging_mixin.py:190} INFO - [2024-11-01T02:19:58.259+0000] {dagbag.py:588} INFO - Filling up the DagBag from /home/airflow/.local/lib/python3.12/site-packages/airflow/example_dags/example_sensor_decorator.py
[2024-11-01T02:19:58.266+0000] {processor.py:925} INFO - DAG(s) 'example_sensor_decorator' retrieved from /home/airflow/.local/lib/python3.12/site-packages/airflow/example_dags/example_sensor_decorator.py
[2024-11-01T02:19:58.283+0000] {logging_mixin.py:190} INFO - [2024-11-01T02:19:58.282+0000] {dag.py:3239} INFO - Sync 1 DAGs
[2024-11-01T02:19:58.295+0000] {logging_mixin.py:190} INFO - [2024-11-01T02:19:58.295+0000] {dag.py:4180} INFO - Setting next_dagrun for example_sensor_decorator to None, run_after=None
[2024-11-01T02:19:58.312+0000] {processor.py:208} INFO - Processing /home/airflow/.local/lib/python3.12/site-packages/airflow/example_dags/example_sensor_decorator.py took 0.061 seconds
[2024-11-01T02:20:29.032+0000] {processor.py:186} INFO - Started process (PID=794) to work on /home/airflow/.local/lib/python3.12/site-packages/airflow/example_dags/example_sensor_decorator.py
[2024-11-01T02:20:29.032+0000] {processor.py:914} INFO - Processing file /home/airflow/.local/lib/python3.12/site-packages/airflow/example_dags/example_sensor_decorator.py for tasks to queue
[2024-11-01T02:20:29.034+0000] {logging_mixin.py:190} INFO - [2024-11-01T02:20:29.034+0000] {dagbag.py:588} INFO - Filling up the DagBag from /home/airflow/.local/lib/python3.12/site-packages/airflow/example_dags/example_sensor_decorator.py
[2024-11-01T02:20:29.041+0000] {processor.py:925} INFO - DAG(s) 'example_sensor_decorator' retrieved from /home/airflow/.local/lib/python3.12/site-packages/airflow/example_dags/example_sensor_decorator.py
[2024-11-01T02:20:29.058+0000] {logging_mixin.py:190} INFO - [2024-11-01T02:20:29.058+0000] {dag.py:3239} INFO - Sync 1 DAGs
[2024-11-01T02:20:29.070+0000] {logging_mixin.py:190} INFO - [2024-11-01T02:20:29.070+0000] {dag.py:4180} INFO - Setting next_dagrun for example_sensor_decorator to None, run_after=None
[2024-11-01T02:20:29.089+0000] {processor.py:208} INFO - Processing /home/airflow/.local/lib/python3.12/site-packages/airflow/example_dags/example_sensor_decorator.py took 0.062 seconds
[2024-11-01T02:21:00.176+0000] {processor.py:186} INFO - Started process (PID=857) to work on /home/airflow/.local/lib/python3.12/site-packages/airflow/example_dags/example_sensor_decorator.py
[2024-11-01T02:21:00.177+0000] {processor.py:914} INFO - Processing file /home/airflow/.local/lib/python3.12/site-packages/airflow/example_dags/example_sensor_decorator.py for tasks to queue
[2024-11-01T02:21:00.179+0000] {logging_mixin.py:190} INFO - [2024-11-01T02:21:00.179+0000] {dagbag.py:588} INFO - Filling up the DagBag from /home/airflow/.local/lib/python3.12/site-packages/airflow/example_dags/example_sensor_decorator.py
[2024-11-01T02:21:00.185+0000] {processor.py:925} INFO - DAG(s) 'example_sensor_decorator' retrieved from /home/airflow/.local/lib/python3.12/site-packages/airflow/example_dags/example_sensor_decorator.py
[2024-11-01T02:21:00.202+0000] {logging_mixin.py:190} INFO - [2024-11-01T02:21:00.202+0000] {dag.py:3239} INFO - Sync 1 DAGs
[2024-11-01T02:21:00.214+0000] {logging_mixin.py:190} INFO - [2024-11-01T02:21:00.214+0000] {dag.py:4180} INFO - Setting next_dagrun for example_sensor_decorator to None, run_after=None
[2024-11-01T02:21:00.232+0000] {processor.py:208} INFO - Processing /home/airflow/.local/lib/python3.12/site-packages/airflow/example_dags/example_sensor_decorator.py took 0.061 seconds
[2024-11-01T02:21:31.090+0000] {processor.py:186} INFO - Started process (PID=920) to work on /home/airflow/.local/lib/python3.12/site-packages/airflow/example_dags/example_sensor_decorator.py
[2024-11-01T02:21:31.091+0000] {processor.py:914} INFO - Processing file /home/airflow/.local/lib/python3.12/site-packages/airflow/example_dags/example_sensor_decorator.py for tasks to queue
[2024-11-01T02:21:31.093+0000] {logging_mixin.py:190} INFO - [2024-11-01T02:21:31.093+0000] {dagbag.py:588} INFO - Filling up the DagBag from /home/airflow/.local/lib/python3.12/site-packages/airflow/example_dags/example_sensor_decorator.py
[2024-11-01T02:21:31.100+0000] {processor.py:925} INFO - DAG(s) 'example_sensor_decorator' retrieved from /home/airflow/.local/lib/python3.12/site-packages/airflow/example_dags/example_sensor_decorator.py
[2024-11-01T02:21:31.116+0000] {logging_mixin.py:190} INFO - [2024-11-01T02:21:31.115+0000] {dag.py:3239} INFO - Sync 1 DAGs
[2024-11-01T02:21:31.129+0000] {logging_mixin.py:190} INFO - [2024-11-01T02:21:31.128+0000] {dag.py:4180} INFO - Setting next_dagrun for example_sensor_decorator to None, run_after=None
[2024-11-01T02:21:31.145+0000] {processor.py:208} INFO - Processing /home/airflow/.local/lib/python3.12/site-packages/airflow/example_dags/example_sensor_decorator.py took 0.060 seconds
[2024-11-01T02:22:01.906+0000] {processor.py:186} INFO - Started process (PID=983) to work on /home/airflow/.local/lib/python3.12/site-packages/airflow/example_dags/example_sensor_decorator.py
[2024-11-01T02:22:01.907+0000] {processor.py:914} INFO - Processing file /home/airflow/.local/lib/python3.12/site-packages/airflow/example_dags/example_sensor_decorator.py for tasks to queue
[2024-11-01T02:22:01.909+0000] {logging_mixin.py:190} INFO - [2024-11-01T02:22:01.909+0000] {dagbag.py:588} INFO - Filling up the DagBag from /home/airflow/.local/lib/python3.12/site-packages/airflow/example_dags/example_sensor_decorator.py
[2024-11-01T02:22:01.916+0000] {processor.py:925} INFO - DAG(s) 'example_sensor_decorator' retrieved from /home/airflow/.local/lib/python3.12/site-packages/airflow/example_dags/example_sensor_decorator.py
[2024-11-01T02:22:01.932+0000] {logging_mixin.py:190} INFO - [2024-11-01T02:22:01.932+0000] {dag.py:3239} INFO - Sync 1 DAGs
[2024-11-01T02:22:01.945+0000] {logging_mixin.py:190} INFO - [2024-11-01T02:22:01.945+0000] {dag.py:4180} INFO - Setting next_dagrun for example_sensor_decorator to None, run_after=None
[2024-11-01T02:22:01.962+0000] {processor.py:208} INFO - Processing /home/airflow/.local/lib/python3.12/site-packages/airflow/example_dags/example_sensor_decorator.py took 0.061 seconds
[2024-11-01T02:22:32.477+0000] {processor.py:186} INFO - Started process (PID=1046) to work on /home/airflow/.local/lib/python3.12/site-packages/airflow/example_dags/example_sensor_decorator.py
[2024-11-01T02:22:32.478+0000] {processor.py:914} INFO - Processing file /home/airflow/.local/lib/python3.12/site-packages/airflow/example_dags/example_sensor_decorator.py for tasks to queue
[2024-11-01T02:22:32.480+0000] {logging_mixin.py:190} INFO - [2024-11-01T02:22:32.480+0000] {dagbag.py:588} INFO - Filling up the DagBag from /home/airflow/.local/lib/python3.12/site-packages/airflow/example_dags/example_sensor_decorator.py
[2024-11-01T02:22:32.487+0000] {processor.py:925} INFO - DAG(s) 'example_sensor_decorator' retrieved from /home/airflow/.local/lib/python3.12/site-packages/airflow/example_dags/example_sensor_decorator.py
[2024-11-01T02:22:32.503+0000] {logging_mixin.py:190} INFO - [2024-11-01T02:22:32.502+0000] {dag.py:3239} INFO - Sync 1 DAGs
[2024-11-01T02:22:32.515+0000] {logging_mixin.py:190} INFO - [2024-11-01T02:22:32.515+0000] {dag.py:4180} INFO - Setting next_dagrun for example_sensor_decorator to None, run_after=None
[2024-11-01T02:22:32.532+0000] {processor.py:208} INFO - Processing /home/airflow/.local/lib/python3.12/site-packages/airflow/example_dags/example_sensor_decorator.py took 0.060 seconds
[2024-11-01T02:23:03.319+0000] {processor.py:186} INFO - Started process (PID=1109) to work on /home/airflow/.local/lib/python3.12/site-packages/airflow/example_dags/example_sensor_decorator.py
[2024-11-01T02:23:03.319+0000] {processor.py:914} INFO - Processing file /home/airflow/.local/lib/python3.12/site-packages/airflow/example_dags/example_sensor_decorator.py for tasks to queue
[2024-11-01T02:23:03.321+0000] {logging_mixin.py:190} INFO - [2024-11-01T02:23:03.321+0000] {dagbag.py:588} INFO - Filling up the DagBag from /home/airflow/.local/lib/python3.12/site-packages/airflow/example_dags/example_sensor_decorator.py
[2024-11-01T02:23:03.328+0000] {processor.py:925} INFO - DAG(s) 'example_sensor_decorator' retrieved from /home/airflow/.local/lib/python3.12/site-packages/airflow/example_dags/example_sensor_decorator.py
[2024-11-01T02:23:03.344+0000] {logging_mixin.py:190} INFO - [2024-11-01T02:23:03.344+0000] {dag.py:3239} INFO - Sync 1 DAGs
[2024-11-01T02:23:03.357+0000] {logging_mixin.py:190} INFO - [2024-11-01T02:23:03.356+0000] {dag.py:4180} INFO - Setting next_dagrun for example_sensor_decorator to None, run_after=None
[2024-11-01T02:23:03.373+0000] {processor.py:208} INFO - Processing /home/airflow/.local/lib/python3.12/site-packages/airflow/example_dags/example_sensor_decorator.py took 0.060 seconds
[2024-11-01T02:23:33.889+0000] {processor.py:186} INFO - Started process (PID=1172) to work on /home/airflow/.local/lib/python3.12/site-packages/airflow/example_dags/example_sensor_decorator.py
[2024-11-01T02:23:33.890+0000] {processor.py:914} INFO - Processing file /home/airflow/.local/lib/python3.12/site-packages/airflow/example_dags/example_sensor_decorator.py for tasks to queue
[2024-11-01T02:23:33.892+0000] {logging_mixin.py:190} INFO - [2024-11-01T02:23:33.891+0000] {dagbag.py:588} INFO - Filling up the DagBag from /home/airflow/.local/lib/python3.12/site-packages/airflow/example_dags/example_sensor_decorator.py
[2024-11-01T02:23:33.898+0000] {processor.py:925} INFO - DAG(s) 'example_sensor_decorator' retrieved from /home/airflow/.local/lib/python3.12/site-packages/airflow/example_dags/example_sensor_decorator.py
[2024-11-01T02:23:33.915+0000] {logging_mixin.py:190} INFO - [2024-11-01T02:23:33.915+0000] {dag.py:3239} INFO - Sync 1 DAGs
[2024-11-01T02:23:33.928+0000] {logging_mixin.py:190} INFO - [2024-11-01T02:23:33.928+0000] {dag.py:4180} INFO - Setting next_dagrun for example_sensor_decorator to None, run_after=None
[2024-11-01T02:23:33.945+0000] {processor.py:208} INFO - Processing /home/airflow/.local/lib/python3.12/site-packages/airflow/example_dags/example_sensor_decorator.py took 0.061 seconds
