[2024-11-01T02:04:31.433+0000] {processor.py:186} INFO - Started process (PID=82) to work on /home/airflow/.local/lib/python3.12/site-packages/airflow/example_dags/example_xcom.py
[2024-11-01T02:04:31.434+0000] {processor.py:914} INFO - Processing file /home/airflow/.local/lib/python3.12/site-packages/airflow/example_dags/example_xcom.py for tasks to queue
[2024-11-01T02:04:31.436+0000] {logging_mixin.py:190} INFO - [2024-11-01T02:04:31.435+0000] {dagbag.py:588} INFO - Filling up the DagBag from /home/airflow/.local/lib/python3.12/site-packages/airflow/example_dags/example_xcom.py
[2024-11-01T02:04:31.444+0000] {processor.py:925} INFO - DAG(s) 'example_xcom' retrieved from /home/airflow/.local/lib/python3.12/site-packages/airflow/example_dags/example_xcom.py
[2024-11-01T02:04:31.540+0000] {logging_mixin.py:190} INFO - [2024-11-01T02:04:31.540+0000] {override.py:1900} INFO - Created Permission View: can edit on DAG:example_xcom
[2024-11-01T02:04:31.550+0000] {logging_mixin.py:190} INFO - [2024-11-01T02:04:31.549+0000] {override.py:1900} INFO - Created Permission View: can read on DAG:example_xcom
[2024-11-01T02:04:31.556+0000] {logging_mixin.py:190} INFO - [2024-11-01T02:04:31.555+0000] {override.py:1900} INFO - Created Permission View: can delete on DAG:example_xcom
[2024-11-01T02:04:31.564+0000] {logging_mixin.py:190} INFO - [2024-11-01T02:04:31.564+0000] {override.py:1900} INFO - Created Permission View: can delete on DAG Run:example_xcom
[2024-11-01T02:04:31.570+0000] {logging_mixin.py:190} INFO - [2024-11-01T02:04:31.570+0000] {override.py:1900} INFO - Created Permission View: can read on DAG Run:example_xcom
[2024-11-01T02:04:31.577+0000] {logging_mixin.py:190} INFO - [2024-11-01T02:04:31.576+0000] {override.py:1900} INFO - Created Permission View: can create on DAG Run:example_xcom
[2024-11-01T02:04:31.583+0000] {logging_mixin.py:190} INFO - [2024-11-01T02:04:31.583+0000] {override.py:1900} INFO - Created Permission View: menu access on DAG Run:example_xcom
[2024-11-01T02:04:31.584+0000] {logging_mixin.py:190} INFO - [2024-11-01T02:04:31.584+0000] {dag.py:3239} INFO - Sync 1 DAGs
[2024-11-01T02:04:31.596+0000] {logging_mixin.py:190} INFO - [2024-11-01T02:04:31.596+0000] {dag.py:3262} INFO - Creating ORM DAG for example_xcom
[2024-11-01T02:04:31.605+0000] {logging_mixin.py:190} INFO - [2024-11-01T02:04:31.605+0000] {dag.py:4180} INFO - Setting next_dagrun for example_xcom to 2021-01-01 00:00:00+00:00, run_after=2021-01-01 00:00:00+00:00
[2024-11-01T02:04:31.621+0000] {processor.py:208} INFO - Processing /home/airflow/.local/lib/python3.12/site-packages/airflow/example_dags/example_xcom.py took 0.193 seconds
[2024-11-01T02:05:01.799+0000] {processor.py:186} INFO - Started process (PID=144) to work on /home/airflow/.local/lib/python3.12/site-packages/airflow/example_dags/example_xcom.py
[2024-11-01T02:05:01.800+0000] {processor.py:914} INFO - Processing file /home/airflow/.local/lib/python3.12/site-packages/airflow/example_dags/example_xcom.py for tasks to queue
[2024-11-01T02:05:01.801+0000] {logging_mixin.py:190} INFO - [2024-11-01T02:05:01.801+0000] {dagbag.py:588} INFO - Filling up the DagBag from /home/airflow/.local/lib/python3.12/site-packages/airflow/example_dags/example_xcom.py
[2024-11-01T02:05:01.809+0000] {processor.py:925} INFO - DAG(s) 'example_xcom' retrieved from /home/airflow/.local/lib/python3.12/site-packages/airflow/example_dags/example_xcom.py
[2024-11-01T02:05:01.829+0000] {logging_mixin.py:190} INFO - [2024-11-01T02:05:01.829+0000] {dag.py:3239} INFO - Sync 1 DAGs
[2024-11-01T02:05:01.852+0000] {logging_mixin.py:190} INFO - [2024-11-01T02:05:01.852+0000] {dag.py:4180} INFO - Setting next_dagrun for example_xcom to 2021-01-01 00:00:00+00:00, run_after=2021-01-01 00:00:00+00:00
[2024-11-01T02:05:01.871+0000] {processor.py:208} INFO - Processing /home/airflow/.local/lib/python3.12/site-packages/airflow/example_dags/example_xcom.py took 0.077 seconds
[2024-11-01T02:05:32.093+0000] {processor.py:186} INFO - Started process (PID=205) to work on /home/airflow/.local/lib/python3.12/site-packages/airflow/example_dags/example_xcom.py
[2024-11-01T02:05:32.094+0000] {processor.py:914} INFO - Processing file /home/airflow/.local/lib/python3.12/site-packages/airflow/example_dags/example_xcom.py for tasks to queue
[2024-11-01T02:05:32.096+0000] {logging_mixin.py:190} INFO - [2024-11-01T02:05:32.096+0000] {dagbag.py:588} INFO - Filling up the DagBag from /home/airflow/.local/lib/python3.12/site-packages/airflow/example_dags/example_xcom.py
[2024-11-01T02:05:32.103+0000] {processor.py:925} INFO - DAG(s) 'example_xcom' retrieved from /home/airflow/.local/lib/python3.12/site-packages/airflow/example_dags/example_xcom.py
[2024-11-01T02:05:32.121+0000] {logging_mixin.py:190} INFO - [2024-11-01T02:05:32.121+0000] {dag.py:3239} INFO - Sync 1 DAGs
[2024-11-01T02:05:32.141+0000] {logging_mixin.py:190} INFO - [2024-11-01T02:05:32.140+0000] {dag.py:4180} INFO - Setting next_dagrun for example_xcom to 2021-01-01 00:00:00+00:00, run_after=2021-01-01 00:00:00+00:00
[2024-11-01T02:05:32.156+0000] {processor.py:208} INFO - Processing /home/airflow/.local/lib/python3.12/site-packages/airflow/example_dags/example_xcom.py took 0.067 seconds
[2024-11-01T02:06:02.396+0000] {processor.py:186} INFO - Started process (PID=267) to work on /home/airflow/.local/lib/python3.12/site-packages/airflow/example_dags/example_xcom.py
[2024-11-01T02:06:02.397+0000] {processor.py:914} INFO - Processing file /home/airflow/.local/lib/python3.12/site-packages/airflow/example_dags/example_xcom.py for tasks to queue
[2024-11-01T02:06:02.399+0000] {logging_mixin.py:190} INFO - [2024-11-01T02:06:02.399+0000] {dagbag.py:588} INFO - Filling up the DagBag from /home/airflow/.local/lib/python3.12/site-packages/airflow/example_dags/example_xcom.py
[2024-11-01T02:06:02.406+0000] {processor.py:925} INFO - DAG(s) 'example_xcom' retrieved from /home/airflow/.local/lib/python3.12/site-packages/airflow/example_dags/example_xcom.py
[2024-11-01T02:06:02.425+0000] {logging_mixin.py:190} INFO - [2024-11-01T02:06:02.425+0000] {dag.py:3239} INFO - Sync 1 DAGs
[2024-11-01T02:06:02.447+0000] {logging_mixin.py:190} INFO - [2024-11-01T02:06:02.447+0000] {dag.py:4180} INFO - Setting next_dagrun for example_xcom to 2021-01-01 00:00:00+00:00, run_after=2021-01-01 00:00:00+00:00
[2024-11-01T02:06:02.464+0000] {processor.py:208} INFO - Processing /home/airflow/.local/lib/python3.12/site-packages/airflow/example_dags/example_xcom.py took 0.073 seconds
[2024-11-01T02:14:51.304+0000] {processor.py:186} INFO - Started process (PID=78) to work on /home/airflow/.local/lib/python3.12/site-packages/airflow/example_dags/example_xcom.py
[2024-11-01T02:14:51.305+0000] {processor.py:914} INFO - Processing file /home/airflow/.local/lib/python3.12/site-packages/airflow/example_dags/example_xcom.py for tasks to queue
[2024-11-01T02:14:51.307+0000] {logging_mixin.py:190} INFO - [2024-11-01T02:14:51.307+0000] {dagbag.py:588} INFO - Filling up the DagBag from /home/airflow/.local/lib/python3.12/site-packages/airflow/example_dags/example_xcom.py
[2024-11-01T02:14:51.315+0000] {processor.py:925} INFO - DAG(s) 'example_xcom' retrieved from /home/airflow/.local/lib/python3.12/site-packages/airflow/example_dags/example_xcom.py
[2024-11-01T02:14:51.339+0000] {logging_mixin.py:190} INFO - [2024-11-01T02:14:51.339+0000] {dag.py:3239} INFO - Sync 1 DAGs
[2024-11-01T02:14:51.361+0000] {logging_mixin.py:190} INFO - [2024-11-01T02:14:51.360+0000] {dag.py:4180} INFO - Setting next_dagrun for example_xcom to 2021-01-01 00:00:00+00:00, run_after=2021-01-01 00:00:00+00:00
[2024-11-01T02:14:51.379+0000] {processor.py:208} INFO - Processing /home/airflow/.local/lib/python3.12/site-packages/airflow/example_dags/example_xcom.py took 0.079 seconds
[2024-11-01T02:15:21.986+0000] {processor.py:186} INFO - Started process (PID=141) to work on /home/airflow/.local/lib/python3.12/site-packages/airflow/example_dags/example_xcom.py
[2024-11-01T02:15:21.987+0000] {processor.py:914} INFO - Processing file /home/airflow/.local/lib/python3.12/site-packages/airflow/example_dags/example_xcom.py for tasks to queue
[2024-11-01T02:15:21.989+0000] {logging_mixin.py:190} INFO - [2024-11-01T02:15:21.989+0000] {dagbag.py:588} INFO - Filling up the DagBag from /home/airflow/.local/lib/python3.12/site-packages/airflow/example_dags/example_xcom.py
[2024-11-01T02:15:21.996+0000] {processor.py:925} INFO - DAG(s) 'example_xcom' retrieved from /home/airflow/.local/lib/python3.12/site-packages/airflow/example_dags/example_xcom.py
[2024-11-01T02:15:22.014+0000] {logging_mixin.py:190} INFO - [2024-11-01T02:15:22.014+0000] {dag.py:3239} INFO - Sync 1 DAGs
[2024-11-01T02:15:22.034+0000] {logging_mixin.py:190} INFO - [2024-11-01T02:15:22.034+0000] {dag.py:4180} INFO - Setting next_dagrun for example_xcom to 2021-01-01 00:00:00+00:00, run_after=2021-01-01 00:00:00+00:00
[2024-11-01T02:15:22.050+0000] {processor.py:208} INFO - Processing /home/airflow/.local/lib/python3.12/site-packages/airflow/example_dags/example_xcom.py took 0.068 seconds
[2024-11-01T02:15:52.589+0000] {processor.py:186} INFO - Started process (PID=204) to work on /home/airflow/.local/lib/python3.12/site-packages/airflow/example_dags/example_xcom.py
[2024-11-01T02:15:52.590+0000] {processor.py:914} INFO - Processing file /home/airflow/.local/lib/python3.12/site-packages/airflow/example_dags/example_xcom.py for tasks to queue
[2024-11-01T02:15:52.592+0000] {logging_mixin.py:190} INFO - [2024-11-01T02:15:52.592+0000] {dagbag.py:588} INFO - Filling up the DagBag from /home/airflow/.local/lib/python3.12/site-packages/airflow/example_dags/example_xcom.py
[2024-11-01T02:15:52.601+0000] {processor.py:925} INFO - DAG(s) 'example_xcom' retrieved from /home/airflow/.local/lib/python3.12/site-packages/airflow/example_dags/example_xcom.py
[2024-11-01T02:15:52.623+0000] {logging_mixin.py:190} INFO - [2024-11-01T02:15:52.622+0000] {dag.py:3239} INFO - Sync 1 DAGs
[2024-11-01T02:15:52.644+0000] {logging_mixin.py:190} INFO - [2024-11-01T02:15:52.644+0000] {dag.py:4180} INFO - Setting next_dagrun for example_xcom to 2021-01-01 00:00:00+00:00, run_after=2021-01-01 00:00:00+00:00
[2024-11-01T02:15:52.662+0000] {processor.py:208} INFO - Processing /home/airflow/.local/lib/python3.12/site-packages/airflow/example_dags/example_xcom.py took 0.078 seconds
[2024-11-01T02:16:23.180+0000] {processor.py:186} INFO - Started process (PID=267) to work on /home/airflow/.local/lib/python3.12/site-packages/airflow/example_dags/example_xcom.py
[2024-11-01T02:16:23.180+0000] {processor.py:914} INFO - Processing file /home/airflow/.local/lib/python3.12/site-packages/airflow/example_dags/example_xcom.py for tasks to queue
[2024-11-01T02:16:23.186+0000] {logging_mixin.py:190} INFO - [2024-11-01T02:16:23.185+0000] {dagbag.py:588} INFO - Filling up the DagBag from /home/airflow/.local/lib/python3.12/site-packages/airflow/example_dags/example_xcom.py
[2024-11-01T02:16:23.197+0000] {processor.py:925} INFO - DAG(s) 'example_xcom' retrieved from /home/airflow/.local/lib/python3.12/site-packages/airflow/example_dags/example_xcom.py
[2024-11-01T02:16:23.221+0000] {logging_mixin.py:190} INFO - [2024-11-01T02:16:23.221+0000] {dag.py:3239} INFO - Sync 1 DAGs
[2024-11-01T02:16:23.242+0000] {logging_mixin.py:190} INFO - [2024-11-01T02:16:23.242+0000] {dag.py:4180} INFO - Setting next_dagrun for example_xcom to 2021-01-01 00:00:00+00:00, run_after=2021-01-01 00:00:00+00:00
[2024-11-01T02:16:23.261+0000] {processor.py:208} INFO - Processing /home/airflow/.local/lib/python3.12/site-packages/airflow/example_dags/example_xcom.py took 0.088 seconds
[2024-11-01T02:16:53.709+0000] {processor.py:186} INFO - Started process (PID=336) to work on /home/airflow/.local/lib/python3.12/site-packages/airflow/example_dags/example_xcom.py
[2024-11-01T02:16:53.710+0000] {processor.py:914} INFO - Processing file /home/airflow/.local/lib/python3.12/site-packages/airflow/example_dags/example_xcom.py for tasks to queue
[2024-11-01T02:16:53.712+0000] {logging_mixin.py:190} INFO - [2024-11-01T02:16:53.712+0000] {dagbag.py:588} INFO - Filling up the DagBag from /home/airflow/.local/lib/python3.12/site-packages/airflow/example_dags/example_xcom.py
[2024-11-01T02:16:53.719+0000] {processor.py:925} INFO - DAG(s) 'example_xcom' retrieved from /home/airflow/.local/lib/python3.12/site-packages/airflow/example_dags/example_xcom.py
[2024-11-01T02:16:53.737+0000] {logging_mixin.py:190} INFO - [2024-11-01T02:16:53.737+0000] {dag.py:3239} INFO - Sync 1 DAGs
[2024-11-01T02:16:53.756+0000] {logging_mixin.py:190} INFO - [2024-11-01T02:16:53.756+0000] {dag.py:4180} INFO - Setting next_dagrun for example_xcom to 2021-01-01 00:00:00+00:00, run_after=2021-01-01 00:00:00+00:00
[2024-11-01T02:16:53.773+0000] {processor.py:208} INFO - Processing /home/airflow/.local/lib/python3.12/site-packages/airflow/example_dags/example_xcom.py took 0.069 seconds
[2024-11-01T02:17:24.442+0000] {processor.py:186} INFO - Started process (PID=399) to work on /home/airflow/.local/lib/python3.12/site-packages/airflow/example_dags/example_xcom.py
[2024-11-01T02:17:24.443+0000] {processor.py:914} INFO - Processing file /home/airflow/.local/lib/python3.12/site-packages/airflow/example_dags/example_xcom.py for tasks to queue
[2024-11-01T02:17:24.445+0000] {logging_mixin.py:190} INFO - [2024-11-01T02:17:24.445+0000] {dagbag.py:588} INFO - Filling up the DagBag from /home/airflow/.local/lib/python3.12/site-packages/airflow/example_dags/example_xcom.py
[2024-11-01T02:17:24.453+0000] {processor.py:925} INFO - DAG(s) 'example_xcom' retrieved from /home/airflow/.local/lib/python3.12/site-packages/airflow/example_dags/example_xcom.py
[2024-11-01T02:17:24.471+0000] {logging_mixin.py:190} INFO - [2024-11-01T02:17:24.471+0000] {dag.py:3239} INFO - Sync 1 DAGs
[2024-11-01T02:17:24.490+0000] {logging_mixin.py:190} INFO - [2024-11-01T02:17:24.490+0000] {dag.py:4180} INFO - Setting next_dagrun for example_xcom to 2021-01-01 00:00:00+00:00, run_after=2021-01-01 00:00:00+00:00
[2024-11-01T02:17:24.506+0000] {processor.py:208} INFO - Processing /home/airflow/.local/lib/python3.12/site-packages/airflow/example_dags/example_xcom.py took 0.068 seconds
[2024-11-01T02:17:54.930+0000] {processor.py:186} INFO - Started process (PID=462) to work on /home/airflow/.local/lib/python3.12/site-packages/airflow/example_dags/example_xcom.py
[2024-11-01T02:17:54.931+0000] {processor.py:914} INFO - Processing file /home/airflow/.local/lib/python3.12/site-packages/airflow/example_dags/example_xcom.py for tasks to queue
[2024-11-01T02:17:54.933+0000] {logging_mixin.py:190} INFO - [2024-11-01T02:17:54.933+0000] {dagbag.py:588} INFO - Filling up the DagBag from /home/airflow/.local/lib/python3.12/site-packages/airflow/example_dags/example_xcom.py
[2024-11-01T02:17:54.940+0000] {processor.py:925} INFO - DAG(s) 'example_xcom' retrieved from /home/airflow/.local/lib/python3.12/site-packages/airflow/example_dags/example_xcom.py
[2024-11-01T02:17:54.958+0000] {logging_mixin.py:190} INFO - [2024-11-01T02:17:54.958+0000] {dag.py:3239} INFO - Sync 1 DAGs
[2024-11-01T02:17:54.978+0000] {logging_mixin.py:190} INFO - [2024-11-01T02:17:54.978+0000] {dag.py:4180} INFO - Setting next_dagrun for example_xcom to 2021-01-01 00:00:00+00:00, run_after=2021-01-01 00:00:00+00:00
[2024-11-01T02:17:54.994+0000] {processor.py:208} INFO - Processing /home/airflow/.local/lib/python3.12/site-packages/airflow/example_dags/example_xcom.py took 0.068 seconds
[2024-11-01T02:18:25.370+0000] {processor.py:186} INFO - Started process (PID=525) to work on /home/airflow/.local/lib/python3.12/site-packages/airflow/example_dags/example_xcom.py
[2024-11-01T02:18:25.371+0000] {processor.py:914} INFO - Processing file /home/airflow/.local/lib/python3.12/site-packages/airflow/example_dags/example_xcom.py for tasks to queue
[2024-11-01T02:18:25.373+0000] {logging_mixin.py:190} INFO - [2024-11-01T02:18:25.373+0000] {dagbag.py:588} INFO - Filling up the DagBag from /home/airflow/.local/lib/python3.12/site-packages/airflow/example_dags/example_xcom.py
[2024-11-01T02:18:25.380+0000] {processor.py:925} INFO - DAG(s) 'example_xcom' retrieved from /home/airflow/.local/lib/python3.12/site-packages/airflow/example_dags/example_xcom.py
[2024-11-01T02:18:25.398+0000] {logging_mixin.py:190} INFO - [2024-11-01T02:18:25.398+0000] {dag.py:3239} INFO - Sync 1 DAGs
[2024-11-01T02:18:25.419+0000] {logging_mixin.py:190} INFO - [2024-11-01T02:18:25.419+0000] {dag.py:4180} INFO - Setting next_dagrun for example_xcom to 2021-01-01 00:00:00+00:00, run_after=2021-01-01 00:00:00+00:00
[2024-11-01T02:18:25.436+0000] {processor.py:208} INFO - Processing /home/airflow/.local/lib/python3.12/site-packages/airflow/example_dags/example_xcom.py took 0.070 seconds
[2024-11-01T02:18:55.944+0000] {processor.py:186} INFO - Started process (PID=588) to work on /home/airflow/.local/lib/python3.12/site-packages/airflow/example_dags/example_xcom.py
[2024-11-01T02:18:55.945+0000] {processor.py:914} INFO - Processing file /home/airflow/.local/lib/python3.12/site-packages/airflow/example_dags/example_xcom.py for tasks to queue
[2024-11-01T02:18:55.947+0000] {logging_mixin.py:190} INFO - [2024-11-01T02:18:55.947+0000] {dagbag.py:588} INFO - Filling up the DagBag from /home/airflow/.local/lib/python3.12/site-packages/airflow/example_dags/example_xcom.py
[2024-11-01T02:18:55.954+0000] {processor.py:925} INFO - DAG(s) 'example_xcom' retrieved from /home/airflow/.local/lib/python3.12/site-packages/airflow/example_dags/example_xcom.py
[2024-11-01T02:18:55.972+0000] {logging_mixin.py:190} INFO - [2024-11-01T02:18:55.972+0000] {dag.py:3239} INFO - Sync 1 DAGs
[2024-11-01T02:18:55.993+0000] {logging_mixin.py:190} INFO - [2024-11-01T02:18:55.992+0000] {dag.py:4180} INFO - Setting next_dagrun for example_xcom to 2021-01-01 00:00:00+00:00, run_after=2021-01-01 00:00:00+00:00
[2024-11-01T02:18:56.010+0000] {processor.py:208} INFO - Processing /home/airflow/.local/lib/python3.12/site-packages/airflow/example_dags/example_xcom.py took 0.071 seconds
[2024-11-01T02:19:26.543+0000] {processor.py:186} INFO - Started process (PID=651) to work on /home/airflow/.local/lib/python3.12/site-packages/airflow/example_dags/example_xcom.py
[2024-11-01T02:19:26.544+0000] {processor.py:914} INFO - Processing file /home/airflow/.local/lib/python3.12/site-packages/airflow/example_dags/example_xcom.py for tasks to queue
[2024-11-01T02:19:26.545+0000] {logging_mixin.py:190} INFO - [2024-11-01T02:19:26.545+0000] {dagbag.py:588} INFO - Filling up the DagBag from /home/airflow/.local/lib/python3.12/site-packages/airflow/example_dags/example_xcom.py
[2024-11-01T02:19:26.552+0000] {processor.py:925} INFO - DAG(s) 'example_xcom' retrieved from /home/airflow/.local/lib/python3.12/site-packages/airflow/example_dags/example_xcom.py
[2024-11-01T02:19:26.569+0000] {logging_mixin.py:190} INFO - [2024-11-01T02:19:26.568+0000] {dag.py:3239} INFO - Sync 1 DAGs
[2024-11-01T02:19:26.588+0000] {logging_mixin.py:190} INFO - [2024-11-01T02:19:26.588+0000] {dag.py:4180} INFO - Setting next_dagrun for example_xcom to 2021-01-01 00:00:00+00:00, run_after=2021-01-01 00:00:00+00:00
[2024-11-01T02:19:26.604+0000] {processor.py:208} INFO - Processing /home/airflow/.local/lib/python3.12/site-packages/airflow/example_dags/example_xcom.py took 0.066 seconds
[2024-11-01T02:19:57.264+0000] {processor.py:186} INFO - Started process (PID=714) to work on /home/airflow/.local/lib/python3.12/site-packages/airflow/example_dags/example_xcom.py
[2024-11-01T02:19:57.264+0000] {processor.py:914} INFO - Processing file /home/airflow/.local/lib/python3.12/site-packages/airflow/example_dags/example_xcom.py for tasks to queue
[2024-11-01T02:19:57.266+0000] {logging_mixin.py:190} INFO - [2024-11-01T02:19:57.266+0000] {dagbag.py:588} INFO - Filling up the DagBag from /home/airflow/.local/lib/python3.12/site-packages/airflow/example_dags/example_xcom.py
[2024-11-01T02:19:57.274+0000] {processor.py:925} INFO - DAG(s) 'example_xcom' retrieved from /home/airflow/.local/lib/python3.12/site-packages/airflow/example_dags/example_xcom.py
[2024-11-01T02:19:57.292+0000] {logging_mixin.py:190} INFO - [2024-11-01T02:19:57.292+0000] {dag.py:3239} INFO - Sync 1 DAGs
[2024-11-01T02:19:57.313+0000] {logging_mixin.py:190} INFO - [2024-11-01T02:19:57.312+0000] {dag.py:4180} INFO - Setting next_dagrun for example_xcom to 2021-01-01 00:00:00+00:00, run_after=2021-01-01 00:00:00+00:00
[2024-11-01T02:19:57.329+0000] {processor.py:208} INFO - Processing /home/airflow/.local/lib/python3.12/site-packages/airflow/example_dags/example_xcom.py took 0.071 seconds
[2024-11-01T02:20:27.947+0000] {processor.py:186} INFO - Started process (PID=777) to work on /home/airflow/.local/lib/python3.12/site-packages/airflow/example_dags/example_xcom.py
[2024-11-01T02:20:27.948+0000] {processor.py:914} INFO - Processing file /home/airflow/.local/lib/python3.12/site-packages/airflow/example_dags/example_xcom.py for tasks to queue
[2024-11-01T02:20:27.950+0000] {logging_mixin.py:190} INFO - [2024-11-01T02:20:27.950+0000] {dagbag.py:588} INFO - Filling up the DagBag from /home/airflow/.local/lib/python3.12/site-packages/airflow/example_dags/example_xcom.py
[2024-11-01T02:20:27.958+0000] {processor.py:925} INFO - DAG(s) 'example_xcom' retrieved from /home/airflow/.local/lib/python3.12/site-packages/airflow/example_dags/example_xcom.py
[2024-11-01T02:20:27.978+0000] {logging_mixin.py:190} INFO - [2024-11-01T02:20:27.978+0000] {dag.py:3239} INFO - Sync 1 DAGs
[2024-11-01T02:20:28.001+0000] {logging_mixin.py:190} INFO - [2024-11-01T02:20:28.001+0000] {dag.py:4180} INFO - Setting next_dagrun for example_xcom to 2021-01-01 00:00:00+00:00, run_after=2021-01-01 00:00:00+00:00
[2024-11-01T02:20:28.020+0000] {processor.py:208} INFO - Processing /home/airflow/.local/lib/python3.12/site-packages/airflow/example_dags/example_xcom.py took 0.078 seconds
[2024-11-01T02:20:58.845+0000] {processor.py:186} INFO - Started process (PID=840) to work on /home/airflow/.local/lib/python3.12/site-packages/airflow/example_dags/example_xcom.py
[2024-11-01T02:20:58.846+0000] {processor.py:914} INFO - Processing file /home/airflow/.local/lib/python3.12/site-packages/airflow/example_dags/example_xcom.py for tasks to queue
[2024-11-01T02:20:58.849+0000] {logging_mixin.py:190} INFO - [2024-11-01T02:20:58.848+0000] {dagbag.py:588} INFO - Filling up the DagBag from /home/airflow/.local/lib/python3.12/site-packages/airflow/example_dags/example_xcom.py
[2024-11-01T02:20:58.858+0000] {processor.py:925} INFO - DAG(s) 'example_xcom' retrieved from /home/airflow/.local/lib/python3.12/site-packages/airflow/example_dags/example_xcom.py
[2024-11-01T02:20:58.877+0000] {logging_mixin.py:190} INFO - [2024-11-01T02:20:58.877+0000] {dag.py:3239} INFO - Sync 1 DAGs
[2024-11-01T02:20:58.898+0000] {logging_mixin.py:190} INFO - [2024-11-01T02:20:58.898+0000] {dag.py:4180} INFO - Setting next_dagrun for example_xcom to 2021-01-01 00:00:00+00:00, run_after=2021-01-01 00:00:00+00:00
[2024-11-01T02:20:58.916+0000] {processor.py:208} INFO - Processing /home/airflow/.local/lib/python3.12/site-packages/airflow/example_dags/example_xcom.py took 0.076 seconds
[2024-11-01T02:21:29.881+0000] {processor.py:186} INFO - Started process (PID=903) to work on /home/airflow/.local/lib/python3.12/site-packages/airflow/example_dags/example_xcom.py
[2024-11-01T02:21:29.882+0000] {processor.py:914} INFO - Processing file /home/airflow/.local/lib/python3.12/site-packages/airflow/example_dags/example_xcom.py for tasks to queue
[2024-11-01T02:21:29.883+0000] {logging_mixin.py:190} INFO - [2024-11-01T02:21:29.883+0000] {dagbag.py:588} INFO - Filling up the DagBag from /home/airflow/.local/lib/python3.12/site-packages/airflow/example_dags/example_xcom.py
[2024-11-01T02:21:29.891+0000] {processor.py:925} INFO - DAG(s) 'example_xcom' retrieved from /home/airflow/.local/lib/python3.12/site-packages/airflow/example_dags/example_xcom.py
[2024-11-01T02:21:29.909+0000] {logging_mixin.py:190} INFO - [2024-11-01T02:21:29.908+0000] {dag.py:3239} INFO - Sync 1 DAGs
[2024-11-01T02:21:29.929+0000] {logging_mixin.py:190} INFO - [2024-11-01T02:21:29.928+0000] {dag.py:4180} INFO - Setting next_dagrun for example_xcom to 2021-01-01 00:00:00+00:00, run_after=2021-01-01 00:00:00+00:00
[2024-11-01T02:21:29.947+0000] {processor.py:208} INFO - Processing /home/airflow/.local/lib/python3.12/site-packages/airflow/example_dags/example_xcom.py took 0.070 seconds
[2024-11-01T02:22:00.479+0000] {processor.py:186} INFO - Started process (PID=966) to work on /home/airflow/.local/lib/python3.12/site-packages/airflow/example_dags/example_xcom.py
[2024-11-01T02:22:00.480+0000] {processor.py:914} INFO - Processing file /home/airflow/.local/lib/python3.12/site-packages/airflow/example_dags/example_xcom.py for tasks to queue
[2024-11-01T02:22:00.482+0000] {logging_mixin.py:190} INFO - [2024-11-01T02:22:00.481+0000] {dagbag.py:588} INFO - Filling up the DagBag from /home/airflow/.local/lib/python3.12/site-packages/airflow/example_dags/example_xcom.py
[2024-11-01T02:22:00.489+0000] {processor.py:925} INFO - DAG(s) 'example_xcom' retrieved from /home/airflow/.local/lib/python3.12/site-packages/airflow/example_dags/example_xcom.py
[2024-11-01T02:22:00.508+0000] {logging_mixin.py:190} INFO - [2024-11-01T02:22:00.507+0000] {dag.py:3239} INFO - Sync 1 DAGs
[2024-11-01T02:22:00.527+0000] {logging_mixin.py:190} INFO - [2024-11-01T02:22:00.527+0000] {dag.py:4180} INFO - Setting next_dagrun for example_xcom to 2021-01-01 00:00:00+00:00, run_after=2021-01-01 00:00:00+00:00
[2024-11-01T02:22:00.544+0000] {processor.py:208} INFO - Processing /home/airflow/.local/lib/python3.12/site-packages/airflow/example_dags/example_xcom.py took 0.069 seconds
[2024-11-01T02:22:31.310+0000] {processor.py:186} INFO - Started process (PID=1029) to work on /home/airflow/.local/lib/python3.12/site-packages/airflow/example_dags/example_xcom.py
[2024-11-01T02:22:31.311+0000] {processor.py:914} INFO - Processing file /home/airflow/.local/lib/python3.12/site-packages/airflow/example_dags/example_xcom.py for tasks to queue
[2024-11-01T02:22:31.312+0000] {logging_mixin.py:190} INFO - [2024-11-01T02:22:31.312+0000] {dagbag.py:588} INFO - Filling up the DagBag from /home/airflow/.local/lib/python3.12/site-packages/airflow/example_dags/example_xcom.py
[2024-11-01T02:22:31.319+0000] {processor.py:925} INFO - DAG(s) 'example_xcom' retrieved from /home/airflow/.local/lib/python3.12/site-packages/airflow/example_dags/example_xcom.py
[2024-11-01T02:22:31.337+0000] {logging_mixin.py:190} INFO - [2024-11-01T02:22:31.337+0000] {dag.py:3239} INFO - Sync 1 DAGs
[2024-11-01T02:22:31.357+0000] {logging_mixin.py:190} INFO - [2024-11-01T02:22:31.356+0000] {dag.py:4180} INFO - Setting next_dagrun for example_xcom to 2021-01-01 00:00:00+00:00, run_after=2021-01-01 00:00:00+00:00
[2024-11-01T02:22:31.377+0000] {processor.py:208} INFO - Processing /home/airflow/.local/lib/python3.12/site-packages/airflow/example_dags/example_xcom.py took 0.072 seconds
[2024-11-01T02:23:02.203+0000] {processor.py:186} INFO - Started process (PID=1092) to work on /home/airflow/.local/lib/python3.12/site-packages/airflow/example_dags/example_xcom.py
[2024-11-01T02:23:02.203+0000] {processor.py:914} INFO - Processing file /home/airflow/.local/lib/python3.12/site-packages/airflow/example_dags/example_xcom.py for tasks to queue
[2024-11-01T02:23:02.205+0000] {logging_mixin.py:190} INFO - [2024-11-01T02:23:02.205+0000] {dagbag.py:588} INFO - Filling up the DagBag from /home/airflow/.local/lib/python3.12/site-packages/airflow/example_dags/example_xcom.py
[2024-11-01T02:23:02.212+0000] {processor.py:925} INFO - DAG(s) 'example_xcom' retrieved from /home/airflow/.local/lib/python3.12/site-packages/airflow/example_dags/example_xcom.py
[2024-11-01T02:23:02.230+0000] {logging_mixin.py:190} INFO - [2024-11-01T02:23:02.230+0000] {dag.py:3239} INFO - Sync 1 DAGs
[2024-11-01T02:23:02.249+0000] {logging_mixin.py:190} INFO - [2024-11-01T02:23:02.249+0000] {dag.py:4180} INFO - Setting next_dagrun for example_xcom to 2021-01-01 00:00:00+00:00, run_after=2021-01-01 00:00:00+00:00
[2024-11-01T02:23:02.266+0000] {processor.py:208} INFO - Processing /home/airflow/.local/lib/python3.12/site-packages/airflow/example_dags/example_xcom.py took 0.068 seconds
[2024-11-01T02:23:32.789+0000] {processor.py:186} INFO - Started process (PID=1155) to work on /home/airflow/.local/lib/python3.12/site-packages/airflow/example_dags/example_xcom.py
[2024-11-01T02:23:32.790+0000] {processor.py:914} INFO - Processing file /home/airflow/.local/lib/python3.12/site-packages/airflow/example_dags/example_xcom.py for tasks to queue
[2024-11-01T02:23:32.792+0000] {logging_mixin.py:190} INFO - [2024-11-01T02:23:32.792+0000] {dagbag.py:588} INFO - Filling up the DagBag from /home/airflow/.local/lib/python3.12/site-packages/airflow/example_dags/example_xcom.py
[2024-11-01T02:23:32.799+0000] {processor.py:925} INFO - DAG(s) 'example_xcom' retrieved from /home/airflow/.local/lib/python3.12/site-packages/airflow/example_dags/example_xcom.py
[2024-11-01T02:23:32.818+0000] {logging_mixin.py:190} INFO - [2024-11-01T02:23:32.818+0000] {dag.py:3239} INFO - Sync 1 DAGs
[2024-11-01T02:23:32.838+0000] {logging_mixin.py:190} INFO - [2024-11-01T02:23:32.838+0000] {dag.py:4180} INFO - Setting next_dagrun for example_xcom to 2021-01-01 00:00:00+00:00, run_after=2021-01-01 00:00:00+00:00
[2024-11-01T02:23:32.855+0000] {processor.py:208} INFO - Processing /home/airflow/.local/lib/python3.12/site-packages/airflow/example_dags/example_xcom.py took 0.070 seconds
