[2024-11-01T02:04:32.850+0000] {processor.py:186} INFO - Started process (PID=92) to work on /home/airflow/.local/lib/python3.12/site-packages/airflow/example_dags/example_branch_operator.py
[2024-11-01T02:04:32.851+0000] {processor.py:914} INFO - Processing file /home/airflow/.local/lib/python3.12/site-packages/airflow/example_dags/example_branch_operator.py for tasks to queue
[2024-11-01T02:04:32.853+0000] {logging_mixin.py:190} INFO - [2024-11-01T02:04:32.852+0000] {dagbag.py:588} INFO - Filling up the DagBag from /home/airflow/.local/lib/python3.12/site-packages/airflow/example_dags/example_branch_operator.py
[2024-11-01T02:04:32.868+0000] {processor.py:925} INFO - DAG(s) 'example_branch_operator' retrieved from /home/airflow/.local/lib/python3.12/site-packages/airflow/example_dags/example_branch_operator.py
[2024-11-01T02:04:32.971+0000] {logging_mixin.py:190} INFO - [2024-11-01T02:04:32.970+0000] {override.py:1900} INFO - Created Permission View: can edit on DAG:example_branch_operator
[2024-11-01T02:04:32.981+0000] {logging_mixin.py:190} INFO - [2024-11-01T02:04:32.981+0000] {override.py:1900} INFO - Created Permission View: can read on DAG:example_branch_operator
[2024-11-01T02:04:32.988+0000] {logging_mixin.py:190} INFO - [2024-11-01T02:04:32.987+0000] {override.py:1900} INFO - Created Permission View: can delete on DAG:example_branch_operator
[2024-11-01T02:04:32.996+0000] {logging_mixin.py:190} INFO - [2024-11-01T02:04:32.996+0000] {override.py:1900} INFO - Created Permission View: can delete on DAG Run:example_branch_operator
[2024-11-01T02:04:33.003+0000] {logging_mixin.py:190} INFO - [2024-11-01T02:04:33.003+0000] {override.py:1900} INFO - Created Permission View: can read on DAG Run:example_branch_operator
[2024-11-01T02:04:33.010+0000] {logging_mixin.py:190} INFO - [2024-11-01T02:04:33.009+0000] {override.py:1900} INFO - Created Permission View: can create on DAG Run:example_branch_operator
[2024-11-01T02:04:33.017+0000] {logging_mixin.py:190} INFO - [2024-11-01T02:04:33.016+0000] {override.py:1900} INFO - Created Permission View: menu access on DAG Run:example_branch_operator
[2024-11-01T02:04:33.017+0000] {logging_mixin.py:190} INFO - [2024-11-01T02:04:33.017+0000] {dag.py:3239} INFO - Sync 1 DAGs
[2024-11-01T02:04:33.031+0000] {logging_mixin.py:190} INFO - [2024-11-01T02:04:33.030+0000] {dag.py:3262} INFO - Creating ORM DAG for example_branch_operator
[2024-11-01T02:04:33.042+0000] {logging_mixin.py:190} INFO - [2024-11-01T02:04:33.042+0000] {dag.py:4180} INFO - Setting next_dagrun for example_branch_operator to 2024-10-31 00:00:00+00:00, run_after=2024-11-01 00:00:00+00:00
[2024-11-01T02:04:33.059+0000] {processor.py:208} INFO - Processing /home/airflow/.local/lib/python3.12/site-packages/airflow/example_dags/example_branch_operator.py took 0.213 seconds
[2024-11-01T02:05:03.442+0000] {processor.py:186} INFO - Started process (PID=154) to work on /home/airflow/.local/lib/python3.12/site-packages/airflow/example_dags/example_branch_operator.py
[2024-11-01T02:05:03.443+0000] {processor.py:914} INFO - Processing file /home/airflow/.local/lib/python3.12/site-packages/airflow/example_dags/example_branch_operator.py for tasks to queue
[2024-11-01T02:05:03.445+0000] {logging_mixin.py:190} INFO - [2024-11-01T02:05:03.445+0000] {dagbag.py:588} INFO - Filling up the DagBag from /home/airflow/.local/lib/python3.12/site-packages/airflow/example_dags/example_branch_operator.py
[2024-11-01T02:05:03.459+0000] {processor.py:925} INFO - DAG(s) 'example_branch_operator' retrieved from /home/airflow/.local/lib/python3.12/site-packages/airflow/example_dags/example_branch_operator.py
[2024-11-01T02:05:03.484+0000] {logging_mixin.py:190} INFO - [2024-11-01T02:05:03.484+0000] {dag.py:3239} INFO - Sync 1 DAGs
[2024-11-01T02:05:03.507+0000] {logging_mixin.py:190} INFO - [2024-11-01T02:05:03.507+0000] {dag.py:4180} INFO - Setting next_dagrun for example_branch_operator to 2024-10-31 00:00:00+00:00, run_after=2024-11-01 00:00:00+00:00
[2024-11-01T02:05:03.525+0000] {processor.py:208} INFO - Processing /home/airflow/.local/lib/python3.12/site-packages/airflow/example_dags/example_branch_operator.py took 0.087 seconds
[2024-11-01T02:05:33.793+0000] {processor.py:186} INFO - Started process (PID=216) to work on /home/airflow/.local/lib/python3.12/site-packages/airflow/example_dags/example_branch_operator.py
[2024-11-01T02:05:33.793+0000] {processor.py:914} INFO - Processing file /home/airflow/.local/lib/python3.12/site-packages/airflow/example_dags/example_branch_operator.py for tasks to queue
[2024-11-01T02:05:33.796+0000] {logging_mixin.py:190} INFO - [2024-11-01T02:05:33.795+0000] {dagbag.py:588} INFO - Filling up the DagBag from /home/airflow/.local/lib/python3.12/site-packages/airflow/example_dags/example_branch_operator.py
[2024-11-01T02:05:33.810+0000] {processor.py:925} INFO - DAG(s) 'example_branch_operator' retrieved from /home/airflow/.local/lib/python3.12/site-packages/airflow/example_dags/example_branch_operator.py
[2024-11-01T02:05:33.840+0000] {logging_mixin.py:190} INFO - [2024-11-01T02:05:33.839+0000] {dag.py:3239} INFO - Sync 1 DAGs
[2024-11-01T02:05:33.862+0000] {logging_mixin.py:190} INFO - [2024-11-01T02:05:33.861+0000] {dag.py:4180} INFO - Setting next_dagrun for example_branch_operator to 2024-10-31 00:00:00+00:00, run_after=2024-11-01 00:00:00+00:00
[2024-11-01T02:05:33.882+0000] {processor.py:208} INFO - Processing /home/airflow/.local/lib/python3.12/site-packages/airflow/example_dags/example_branch_operator.py took 0.094 seconds
[2024-11-01T02:06:03.989+0000] {processor.py:186} INFO - Started process (PID=278) to work on /home/airflow/.local/lib/python3.12/site-packages/airflow/example_dags/example_branch_operator.py
[2024-11-01T02:06:03.990+0000] {processor.py:914} INFO - Processing file /home/airflow/.local/lib/python3.12/site-packages/airflow/example_dags/example_branch_operator.py for tasks to queue
[2024-11-01T02:06:03.992+0000] {logging_mixin.py:190} INFO - [2024-11-01T02:06:03.992+0000] {dagbag.py:588} INFO - Filling up the DagBag from /home/airflow/.local/lib/python3.12/site-packages/airflow/example_dags/example_branch_operator.py
[2024-11-01T02:06:04.008+0000] {processor.py:925} INFO - DAG(s) 'example_branch_operator' retrieved from /home/airflow/.local/lib/python3.12/site-packages/airflow/example_dags/example_branch_operator.py
[2024-11-01T02:06:04.034+0000] {logging_mixin.py:190} INFO - [2024-11-01T02:06:04.033+0000] {dag.py:3239} INFO - Sync 1 DAGs
[2024-11-01T02:06:04.055+0000] {logging_mixin.py:190} INFO - [2024-11-01T02:06:04.055+0000] {dag.py:4180} INFO - Setting next_dagrun for example_branch_operator to 2024-10-31 00:00:00+00:00, run_after=2024-11-01 00:00:00+00:00
[2024-11-01T02:06:04.071+0000] {processor.py:208} INFO - Processing /home/airflow/.local/lib/python3.12/site-packages/airflow/example_dags/example_branch_operator.py took 0.086 seconds
[2024-11-01T02:14:51.949+0000] {processor.py:186} INFO - Started process (PID=88) to work on /home/airflow/.local/lib/python3.12/site-packages/airflow/example_dags/example_branch_operator.py
[2024-11-01T02:14:51.950+0000] {processor.py:914} INFO - Processing file /home/airflow/.local/lib/python3.12/site-packages/airflow/example_dags/example_branch_operator.py for tasks to queue
[2024-11-01T02:14:51.952+0000] {logging_mixin.py:190} INFO - [2024-11-01T02:14:51.952+0000] {dagbag.py:588} INFO - Filling up the DagBag from /home/airflow/.local/lib/python3.12/site-packages/airflow/example_dags/example_branch_operator.py
[2024-11-01T02:14:51.969+0000] {processor.py:925} INFO - DAG(s) 'example_branch_operator' retrieved from /home/airflow/.local/lib/python3.12/site-packages/airflow/example_dags/example_branch_operator.py
[2024-11-01T02:14:52.078+0000] {logging_mixin.py:190} INFO - [2024-11-01T02:14:52.077+0000] {dag.py:3239} INFO - Sync 1 DAGs
[2024-11-01T02:14:52.098+0000] {logging_mixin.py:190} INFO - [2024-11-01T02:14:52.098+0000] {dag.py:4180} INFO - Setting next_dagrun for example_branch_operator to 2024-10-31 00:00:00+00:00, run_after=2024-11-01 00:00:00+00:00
[2024-11-01T02:14:52.117+0000] {processor.py:208} INFO - Processing /home/airflow/.local/lib/python3.12/site-packages/airflow/example_dags/example_branch_operator.py took 0.173 seconds
[2024-11-01T02:15:22.672+0000] {processor.py:186} INFO - Started process (PID=151) to work on /home/airflow/.local/lib/python3.12/site-packages/airflow/example_dags/example_branch_operator.py
[2024-11-01T02:15:22.674+0000] {processor.py:914} INFO - Processing file /home/airflow/.local/lib/python3.12/site-packages/airflow/example_dags/example_branch_operator.py for tasks to queue
[2024-11-01T02:15:22.676+0000] {logging_mixin.py:190} INFO - [2024-11-01T02:15:22.676+0000] {dagbag.py:588} INFO - Filling up the DagBag from /home/airflow/.local/lib/python3.12/site-packages/airflow/example_dags/example_branch_operator.py
[2024-11-01T02:15:22.691+0000] {processor.py:925} INFO - DAG(s) 'example_branch_operator' retrieved from /home/airflow/.local/lib/python3.12/site-packages/airflow/example_dags/example_branch_operator.py
[2024-11-01T02:15:22.720+0000] {logging_mixin.py:190} INFO - [2024-11-01T02:15:22.720+0000] {dag.py:3239} INFO - Sync 1 DAGs
[2024-11-01T02:15:22.745+0000] {logging_mixin.py:190} INFO - [2024-11-01T02:15:22.744+0000] {dag.py:4180} INFO - Setting next_dagrun for example_branch_operator to 2024-10-31 00:00:00+00:00, run_after=2024-11-01 00:00:00+00:00
[2024-11-01T02:15:22.761+0000] {processor.py:208} INFO - Processing /home/airflow/.local/lib/python3.12/site-packages/airflow/example_dags/example_branch_operator.py took 0.095 seconds
[2024-11-01T02:15:53.146+0000] {processor.py:186} INFO - Started process (PID=214) to work on /home/airflow/.local/lib/python3.12/site-packages/airflow/example_dags/example_branch_operator.py
[2024-11-01T02:15:53.147+0000] {processor.py:914} INFO - Processing file /home/airflow/.local/lib/python3.12/site-packages/airflow/example_dags/example_branch_operator.py for tasks to queue
[2024-11-01T02:15:53.149+0000] {logging_mixin.py:190} INFO - [2024-11-01T02:15:53.148+0000] {dagbag.py:588} INFO - Filling up the DagBag from /home/airflow/.local/lib/python3.12/site-packages/airflow/example_dags/example_branch_operator.py
[2024-11-01T02:15:53.163+0000] {processor.py:925} INFO - DAG(s) 'example_branch_operator' retrieved from /home/airflow/.local/lib/python3.12/site-packages/airflow/example_dags/example_branch_operator.py
[2024-11-01T02:15:53.188+0000] {logging_mixin.py:190} INFO - [2024-11-01T02:15:53.188+0000] {dag.py:3239} INFO - Sync 1 DAGs
[2024-11-01T02:15:53.217+0000] {logging_mixin.py:190} INFO - [2024-11-01T02:15:53.216+0000] {dag.py:4180} INFO - Setting next_dagrun for example_branch_operator to 2024-10-31 00:00:00+00:00, run_after=2024-11-01 00:00:00+00:00
[2024-11-01T02:15:53.238+0000] {processor.py:208} INFO - Processing /home/airflow/.local/lib/python3.12/site-packages/airflow/example_dags/example_branch_operator.py took 0.097 seconds
[2024-11-01T02:16:23.809+0000] {processor.py:186} INFO - Started process (PID=283) to work on /home/airflow/.local/lib/python3.12/site-packages/airflow/example_dags/example_branch_operator.py
[2024-11-01T02:16:23.810+0000] {processor.py:914} INFO - Processing file /home/airflow/.local/lib/python3.12/site-packages/airflow/example_dags/example_branch_operator.py for tasks to queue
[2024-11-01T02:16:23.813+0000] {logging_mixin.py:190} INFO - [2024-11-01T02:16:23.812+0000] {dagbag.py:588} INFO - Filling up the DagBag from /home/airflow/.local/lib/python3.12/site-packages/airflow/example_dags/example_branch_operator.py
[2024-11-01T02:16:23.834+0000] {processor.py:925} INFO - DAG(s) 'example_branch_operator' retrieved from /home/airflow/.local/lib/python3.12/site-packages/airflow/example_dags/example_branch_operator.py
[2024-11-01T02:16:23.858+0000] {logging_mixin.py:190} INFO - [2024-11-01T02:16:23.858+0000] {dag.py:3239} INFO - Sync 1 DAGs
[2024-11-01T02:16:23.880+0000] {logging_mixin.py:190} INFO - [2024-11-01T02:16:23.879+0000] {dag.py:4180} INFO - Setting next_dagrun for example_branch_operator to 2024-10-31 00:00:00+00:00, run_after=2024-11-01 00:00:00+00:00
[2024-11-01T02:16:23.897+0000] {processor.py:208} INFO - Processing /home/airflow/.local/lib/python3.12/site-packages/airflow/example_dags/example_branch_operator.py took 0.093 seconds
[2024-11-01T02:16:54.446+0000] {processor.py:186} INFO - Started process (PID=346) to work on /home/airflow/.local/lib/python3.12/site-packages/airflow/example_dags/example_branch_operator.py
[2024-11-01T02:16:54.447+0000] {processor.py:914} INFO - Processing file /home/airflow/.local/lib/python3.12/site-packages/airflow/example_dags/example_branch_operator.py for tasks to queue
[2024-11-01T02:16:54.449+0000] {logging_mixin.py:190} INFO - [2024-11-01T02:16:54.448+0000] {dagbag.py:588} INFO - Filling up the DagBag from /home/airflow/.local/lib/python3.12/site-packages/airflow/example_dags/example_branch_operator.py
[2024-11-01T02:16:54.463+0000] {processor.py:925} INFO - DAG(s) 'example_branch_operator' retrieved from /home/airflow/.local/lib/python3.12/site-packages/airflow/example_dags/example_branch_operator.py
[2024-11-01T02:16:54.488+0000] {logging_mixin.py:190} INFO - [2024-11-01T02:16:54.488+0000] {dag.py:3239} INFO - Sync 1 DAGs
[2024-11-01T02:16:54.509+0000] {logging_mixin.py:190} INFO - [2024-11-01T02:16:54.508+0000] {dag.py:4180} INFO - Setting next_dagrun for example_branch_operator to 2024-10-31 00:00:00+00:00, run_after=2024-11-01 00:00:00+00:00
[2024-11-01T02:16:54.526+0000] {processor.py:208} INFO - Processing /home/airflow/.local/lib/python3.12/site-packages/airflow/example_dags/example_branch_operator.py took 0.085 seconds
[2024-11-01T02:17:24.979+0000] {processor.py:186} INFO - Started process (PID=409) to work on /home/airflow/.local/lib/python3.12/site-packages/airflow/example_dags/example_branch_operator.py
[2024-11-01T02:17:24.980+0000] {processor.py:914} INFO - Processing file /home/airflow/.local/lib/python3.12/site-packages/airflow/example_dags/example_branch_operator.py for tasks to queue
[2024-11-01T02:17:24.982+0000] {logging_mixin.py:190} INFO - [2024-11-01T02:17:24.982+0000] {dagbag.py:588} INFO - Filling up the DagBag from /home/airflow/.local/lib/python3.12/site-packages/airflow/example_dags/example_branch_operator.py
[2024-11-01T02:17:24.997+0000] {processor.py:925} INFO - DAG(s) 'example_branch_operator' retrieved from /home/airflow/.local/lib/python3.12/site-packages/airflow/example_dags/example_branch_operator.py
[2024-11-01T02:17:25.022+0000] {logging_mixin.py:190} INFO - [2024-11-01T02:17:25.022+0000] {dag.py:3239} INFO - Sync 1 DAGs
[2024-11-01T02:17:25.043+0000] {logging_mixin.py:190} INFO - [2024-11-01T02:17:25.043+0000] {dag.py:4180} INFO - Setting next_dagrun for example_branch_operator to 2024-10-31 00:00:00+00:00, run_after=2024-11-01 00:00:00+00:00
[2024-11-01T02:17:25.060+0000] {processor.py:208} INFO - Processing /home/airflow/.local/lib/python3.12/site-packages/airflow/example_dags/example_branch_operator.py took 0.086 seconds
[2024-11-01T02:17:55.552+0000] {processor.py:186} INFO - Started process (PID=472) to work on /home/airflow/.local/lib/python3.12/site-packages/airflow/example_dags/example_branch_operator.py
[2024-11-01T02:17:55.553+0000] {processor.py:914} INFO - Processing file /home/airflow/.local/lib/python3.12/site-packages/airflow/example_dags/example_branch_operator.py for tasks to queue
[2024-11-01T02:17:55.555+0000] {logging_mixin.py:190} INFO - [2024-11-01T02:17:55.555+0000] {dagbag.py:588} INFO - Filling up the DagBag from /home/airflow/.local/lib/python3.12/site-packages/airflow/example_dags/example_branch_operator.py
[2024-11-01T02:17:55.571+0000] {processor.py:925} INFO - DAG(s) 'example_branch_operator' retrieved from /home/airflow/.local/lib/python3.12/site-packages/airflow/example_dags/example_branch_operator.py
[2024-11-01T02:17:55.596+0000] {logging_mixin.py:190} INFO - [2024-11-01T02:17:55.596+0000] {dag.py:3239} INFO - Sync 1 DAGs
[2024-11-01T02:17:55.617+0000] {logging_mixin.py:190} INFO - [2024-11-01T02:17:55.617+0000] {dag.py:4180} INFO - Setting next_dagrun for example_branch_operator to 2024-10-31 00:00:00+00:00, run_after=2024-11-01 00:00:00+00:00
[2024-11-01T02:17:55.657+0000] {processor.py:208} INFO - Processing /home/airflow/.local/lib/python3.12/site-packages/airflow/example_dags/example_branch_operator.py took 0.110 seconds
[2024-11-01T02:18:25.962+0000] {processor.py:186} INFO - Started process (PID=535) to work on /home/airflow/.local/lib/python3.12/site-packages/airflow/example_dags/example_branch_operator.py
[2024-11-01T02:18:25.963+0000] {processor.py:914} INFO - Processing file /home/airflow/.local/lib/python3.12/site-packages/airflow/example_dags/example_branch_operator.py for tasks to queue
[2024-11-01T02:18:25.965+0000] {logging_mixin.py:190} INFO - [2024-11-01T02:18:25.964+0000] {dagbag.py:588} INFO - Filling up the DagBag from /home/airflow/.local/lib/python3.12/site-packages/airflow/example_dags/example_branch_operator.py
[2024-11-01T02:18:25.979+0000] {processor.py:925} INFO - DAG(s) 'example_branch_operator' retrieved from /home/airflow/.local/lib/python3.12/site-packages/airflow/example_dags/example_branch_operator.py
[2024-11-01T02:18:26.004+0000] {logging_mixin.py:190} INFO - [2024-11-01T02:18:26.003+0000] {dag.py:3239} INFO - Sync 1 DAGs
[2024-11-01T02:18:26.025+0000] {logging_mixin.py:190} INFO - [2024-11-01T02:18:26.025+0000] {dag.py:4180} INFO - Setting next_dagrun for example_branch_operator to 2024-10-31 00:00:00+00:00, run_after=2024-11-01 00:00:00+00:00
[2024-11-01T02:18:26.042+0000] {processor.py:208} INFO - Processing /home/airflow/.local/lib/python3.12/site-packages/airflow/example_dags/example_branch_operator.py took 0.085 seconds
[2024-11-01T02:18:56.585+0000] {processor.py:186} INFO - Started process (PID=598) to work on /home/airflow/.local/lib/python3.12/site-packages/airflow/example_dags/example_branch_operator.py
[2024-11-01T02:18:56.586+0000] {processor.py:914} INFO - Processing file /home/airflow/.local/lib/python3.12/site-packages/airflow/example_dags/example_branch_operator.py for tasks to queue
[2024-11-01T02:18:56.587+0000] {logging_mixin.py:190} INFO - [2024-11-01T02:18:56.587+0000] {dagbag.py:588} INFO - Filling up the DagBag from /home/airflow/.local/lib/python3.12/site-packages/airflow/example_dags/example_branch_operator.py
[2024-11-01T02:18:56.602+0000] {processor.py:925} INFO - DAG(s) 'example_branch_operator' retrieved from /home/airflow/.local/lib/python3.12/site-packages/airflow/example_dags/example_branch_operator.py
[2024-11-01T02:18:56.628+0000] {logging_mixin.py:190} INFO - [2024-11-01T02:18:56.628+0000] {dag.py:3239} INFO - Sync 1 DAGs
[2024-11-01T02:18:56.649+0000] {logging_mixin.py:190} INFO - [2024-11-01T02:18:56.649+0000] {dag.py:4180} INFO - Setting next_dagrun for example_branch_operator to 2024-10-31 00:00:00+00:00, run_after=2024-11-01 00:00:00+00:00
[2024-11-01T02:18:56.665+0000] {processor.py:208} INFO - Processing /home/airflow/.local/lib/python3.12/site-packages/airflow/example_dags/example_branch_operator.py took 0.085 seconds
[2024-11-01T02:19:27.127+0000] {processor.py:186} INFO - Started process (PID=661) to work on /home/airflow/.local/lib/python3.12/site-packages/airflow/example_dags/example_branch_operator.py
[2024-11-01T02:19:27.128+0000] {processor.py:914} INFO - Processing file /home/airflow/.local/lib/python3.12/site-packages/airflow/example_dags/example_branch_operator.py for tasks to queue
[2024-11-01T02:19:27.130+0000] {logging_mixin.py:190} INFO - [2024-11-01T02:19:27.130+0000] {dagbag.py:588} INFO - Filling up the DagBag from /home/airflow/.local/lib/python3.12/site-packages/airflow/example_dags/example_branch_operator.py
[2024-11-01T02:19:27.145+0000] {processor.py:925} INFO - DAG(s) 'example_branch_operator' retrieved from /home/airflow/.local/lib/python3.12/site-packages/airflow/example_dags/example_branch_operator.py
[2024-11-01T02:19:27.169+0000] {logging_mixin.py:190} INFO - [2024-11-01T02:19:27.169+0000] {dag.py:3239} INFO - Sync 1 DAGs
[2024-11-01T02:19:27.190+0000] {logging_mixin.py:190} INFO - [2024-11-01T02:19:27.189+0000] {dag.py:4180} INFO - Setting next_dagrun for example_branch_operator to 2024-10-31 00:00:00+00:00, run_after=2024-11-01 00:00:00+00:00
[2024-11-01T02:19:27.206+0000] {processor.py:208} INFO - Processing /home/airflow/.local/lib/python3.12/site-packages/airflow/example_dags/example_branch_operator.py took 0.083 seconds
[2024-11-01T02:19:57.757+0000] {processor.py:186} INFO - Started process (PID=724) to work on /home/airflow/.local/lib/python3.12/site-packages/airflow/example_dags/example_branch_operator.py
[2024-11-01T02:19:57.758+0000] {processor.py:914} INFO - Processing file /home/airflow/.local/lib/python3.12/site-packages/airflow/example_dags/example_branch_operator.py for tasks to queue
[2024-11-01T02:19:57.760+0000] {logging_mixin.py:190} INFO - [2024-11-01T02:19:57.759+0000] {dagbag.py:588} INFO - Filling up the DagBag from /home/airflow/.local/lib/python3.12/site-packages/airflow/example_dags/example_branch_operator.py
[2024-11-01T02:19:57.775+0000] {processor.py:925} INFO - DAG(s) 'example_branch_operator' retrieved from /home/airflow/.local/lib/python3.12/site-packages/airflow/example_dags/example_branch_operator.py
[2024-11-01T02:19:57.800+0000] {logging_mixin.py:190} INFO - [2024-11-01T02:19:57.800+0000] {dag.py:3239} INFO - Sync 1 DAGs
[2024-11-01T02:19:57.822+0000] {logging_mixin.py:190} INFO - [2024-11-01T02:19:57.821+0000] {dag.py:4180} INFO - Setting next_dagrun for example_branch_operator to 2024-10-31 00:00:00+00:00, run_after=2024-11-01 00:00:00+00:00
[2024-11-01T02:19:57.838+0000] {processor.py:208} INFO - Processing /home/airflow/.local/lib/python3.12/site-packages/airflow/example_dags/example_branch_operator.py took 0.086 seconds
[2024-11-01T02:20:28.507+0000] {processor.py:186} INFO - Started process (PID=787) to work on /home/airflow/.local/lib/python3.12/site-packages/airflow/example_dags/example_branch_operator.py
[2024-11-01T02:20:28.508+0000] {processor.py:914} INFO - Processing file /home/airflow/.local/lib/python3.12/site-packages/airflow/example_dags/example_branch_operator.py for tasks to queue
[2024-11-01T02:20:28.510+0000] {logging_mixin.py:190} INFO - [2024-11-01T02:20:28.510+0000] {dagbag.py:588} INFO - Filling up the DagBag from /home/airflow/.local/lib/python3.12/site-packages/airflow/example_dags/example_branch_operator.py
[2024-11-01T02:20:28.526+0000] {processor.py:925} INFO - DAG(s) 'example_branch_operator' retrieved from /home/airflow/.local/lib/python3.12/site-packages/airflow/example_dags/example_branch_operator.py
[2024-11-01T02:20:28.553+0000] {logging_mixin.py:190} INFO - [2024-11-01T02:20:28.553+0000] {dag.py:3239} INFO - Sync 1 DAGs
[2024-11-01T02:20:28.575+0000] {logging_mixin.py:190} INFO - [2024-11-01T02:20:28.575+0000] {dag.py:4180} INFO - Setting next_dagrun for example_branch_operator to 2024-10-31 00:00:00+00:00, run_after=2024-11-01 00:00:00+00:00
[2024-11-01T02:20:28.593+0000] {processor.py:208} INFO - Processing /home/airflow/.local/lib/python3.12/site-packages/airflow/example_dags/example_branch_operator.py took 0.091 seconds
[2024-11-01T02:20:59.522+0000] {processor.py:186} INFO - Started process (PID=850) to work on /home/airflow/.local/lib/python3.12/site-packages/airflow/example_dags/example_branch_operator.py
[2024-11-01T02:20:59.523+0000] {processor.py:914} INFO - Processing file /home/airflow/.local/lib/python3.12/site-packages/airflow/example_dags/example_branch_operator.py for tasks to queue
[2024-11-01T02:20:59.525+0000] {logging_mixin.py:190} INFO - [2024-11-01T02:20:59.525+0000] {dagbag.py:588} INFO - Filling up the DagBag from /home/airflow/.local/lib/python3.12/site-packages/airflow/example_dags/example_branch_operator.py
[2024-11-01T02:20:59.542+0000] {processor.py:925} INFO - DAG(s) 'example_branch_operator' retrieved from /home/airflow/.local/lib/python3.12/site-packages/airflow/example_dags/example_branch_operator.py
[2024-11-01T02:20:59.570+0000] {logging_mixin.py:190} INFO - [2024-11-01T02:20:59.569+0000] {dag.py:3239} INFO - Sync 1 DAGs
[2024-11-01T02:20:59.594+0000] {logging_mixin.py:190} INFO - [2024-11-01T02:20:59.594+0000] {dag.py:4180} INFO - Setting next_dagrun for example_branch_operator to 2024-10-31 00:00:00+00:00, run_after=2024-11-01 00:00:00+00:00
[2024-11-01T02:20:59.612+0000] {processor.py:208} INFO - Processing /home/airflow/.local/lib/python3.12/site-packages/airflow/example_dags/example_branch_operator.py took 0.097 seconds
[2024-11-01T02:21:30.490+0000] {processor.py:186} INFO - Started process (PID=913) to work on /home/airflow/.local/lib/python3.12/site-packages/airflow/example_dags/example_branch_operator.py
[2024-11-01T02:21:30.491+0000] {processor.py:914} INFO - Processing file /home/airflow/.local/lib/python3.12/site-packages/airflow/example_dags/example_branch_operator.py for tasks to queue
[2024-11-01T02:21:30.493+0000] {logging_mixin.py:190} INFO - [2024-11-01T02:21:30.493+0000] {dagbag.py:588} INFO - Filling up the DagBag from /home/airflow/.local/lib/python3.12/site-packages/airflow/example_dags/example_branch_operator.py
[2024-11-01T02:21:30.508+0000] {processor.py:925} INFO - DAG(s) 'example_branch_operator' retrieved from /home/airflow/.local/lib/python3.12/site-packages/airflow/example_dags/example_branch_operator.py
[2024-11-01T02:21:30.533+0000] {logging_mixin.py:190} INFO - [2024-11-01T02:21:30.533+0000] {dag.py:3239} INFO - Sync 1 DAGs
[2024-11-01T02:21:30.555+0000] {logging_mixin.py:190} INFO - [2024-11-01T02:21:30.555+0000] {dag.py:4180} INFO - Setting next_dagrun for example_branch_operator to 2024-10-31 00:00:00+00:00, run_after=2024-11-01 00:00:00+00:00
[2024-11-01T02:21:30.572+0000] {processor.py:208} INFO - Processing /home/airflow/.local/lib/python3.12/site-packages/airflow/example_dags/example_branch_operator.py took 0.087 seconds
[2024-11-01T02:22:01.345+0000] {processor.py:186} INFO - Started process (PID=976) to work on /home/airflow/.local/lib/python3.12/site-packages/airflow/example_dags/example_branch_operator.py
[2024-11-01T02:22:01.346+0000] {processor.py:914} INFO - Processing file /home/airflow/.local/lib/python3.12/site-packages/airflow/example_dags/example_branch_operator.py for tasks to queue
[2024-11-01T02:22:01.348+0000] {logging_mixin.py:190} INFO - [2024-11-01T02:22:01.348+0000] {dagbag.py:588} INFO - Filling up the DagBag from /home/airflow/.local/lib/python3.12/site-packages/airflow/example_dags/example_branch_operator.py
[2024-11-01T02:22:01.363+0000] {processor.py:925} INFO - DAG(s) 'example_branch_operator' retrieved from /home/airflow/.local/lib/python3.12/site-packages/airflow/example_dags/example_branch_operator.py
[2024-11-01T02:22:01.395+0000] {logging_mixin.py:190} INFO - [2024-11-01T02:22:01.394+0000] {dag.py:3239} INFO - Sync 1 DAGs
[2024-11-01T02:22:01.418+0000] {logging_mixin.py:190} INFO - [2024-11-01T02:22:01.418+0000] {dag.py:4180} INFO - Setting next_dagrun for example_branch_operator to 2024-10-31 00:00:00+00:00, run_after=2024-11-01 00:00:00+00:00
[2024-11-01T02:22:01.440+0000] {processor.py:208} INFO - Processing /home/airflow/.local/lib/python3.12/site-packages/airflow/example_dags/example_branch_operator.py took 0.099 seconds
[2024-11-01T02:22:31.966+0000] {processor.py:186} INFO - Started process (PID=1039) to work on /home/airflow/.local/lib/python3.12/site-packages/airflow/example_dags/example_branch_operator.py
[2024-11-01T02:22:31.967+0000] {processor.py:914} INFO - Processing file /home/airflow/.local/lib/python3.12/site-packages/airflow/example_dags/example_branch_operator.py for tasks to queue
[2024-11-01T02:22:31.969+0000] {logging_mixin.py:190} INFO - [2024-11-01T02:22:31.969+0000] {dagbag.py:588} INFO - Filling up the DagBag from /home/airflow/.local/lib/python3.12/site-packages/airflow/example_dags/example_branch_operator.py
[2024-11-01T02:22:31.986+0000] {processor.py:925} INFO - DAG(s) 'example_branch_operator' retrieved from /home/airflow/.local/lib/python3.12/site-packages/airflow/example_dags/example_branch_operator.py
[2024-11-01T02:22:32.014+0000] {logging_mixin.py:190} INFO - [2024-11-01T02:22:32.013+0000] {dag.py:3239} INFO - Sync 1 DAGs
[2024-11-01T02:22:32.036+0000] {logging_mixin.py:190} INFO - [2024-11-01T02:22:32.036+0000] {dag.py:4180} INFO - Setting next_dagrun for example_branch_operator to 2024-10-31 00:00:00+00:00, run_after=2024-11-01 00:00:00+00:00
[2024-11-01T02:22:32.056+0000] {processor.py:208} INFO - Processing /home/airflow/.local/lib/python3.12/site-packages/airflow/example_dags/example_branch_operator.py took 0.095 seconds
[2024-11-01T02:23:02.791+0000] {processor.py:186} INFO - Started process (PID=1102) to work on /home/airflow/.local/lib/python3.12/site-packages/airflow/example_dags/example_branch_operator.py
[2024-11-01T02:23:02.792+0000] {processor.py:914} INFO - Processing file /home/airflow/.local/lib/python3.12/site-packages/airflow/example_dags/example_branch_operator.py for tasks to queue
[2024-11-01T02:23:02.794+0000] {logging_mixin.py:190} INFO - [2024-11-01T02:23:02.794+0000] {dagbag.py:588} INFO - Filling up the DagBag from /home/airflow/.local/lib/python3.12/site-packages/airflow/example_dags/example_branch_operator.py
[2024-11-01T02:23:02.809+0000] {processor.py:925} INFO - DAG(s) 'example_branch_operator' retrieved from /home/airflow/.local/lib/python3.12/site-packages/airflow/example_dags/example_branch_operator.py
[2024-11-01T02:23:02.834+0000] {logging_mixin.py:190} INFO - [2024-11-01T02:23:02.833+0000] {dag.py:3239} INFO - Sync 1 DAGs
[2024-11-01T02:23:02.855+0000] {logging_mixin.py:190} INFO - [2024-11-01T02:23:02.855+0000] {dag.py:4180} INFO - Setting next_dagrun for example_branch_operator to 2024-10-31 00:00:00+00:00, run_after=2024-11-01 00:00:00+00:00
[2024-11-01T02:23:02.872+0000] {processor.py:208} INFO - Processing /home/airflow/.local/lib/python3.12/site-packages/airflow/example_dags/example_branch_operator.py took 0.086 seconds
[2024-11-01T02:23:33.395+0000] {processor.py:186} INFO - Started process (PID=1165) to work on /home/airflow/.local/lib/python3.12/site-packages/airflow/example_dags/example_branch_operator.py
[2024-11-01T02:23:33.396+0000] {processor.py:914} INFO - Processing file /home/airflow/.local/lib/python3.12/site-packages/airflow/example_dags/example_branch_operator.py for tasks to queue
[2024-11-01T02:23:33.398+0000] {logging_mixin.py:190} INFO - [2024-11-01T02:23:33.398+0000] {dagbag.py:588} INFO - Filling up the DagBag from /home/airflow/.local/lib/python3.12/site-packages/airflow/example_dags/example_branch_operator.py
[2024-11-01T02:23:33.413+0000] {processor.py:925} INFO - DAG(s) 'example_branch_operator' retrieved from /home/airflow/.local/lib/python3.12/site-packages/airflow/example_dags/example_branch_operator.py
[2024-11-01T02:23:33.439+0000] {logging_mixin.py:190} INFO - [2024-11-01T02:23:33.439+0000] {dag.py:3239} INFO - Sync 1 DAGs
[2024-11-01T02:23:33.461+0000] {logging_mixin.py:190} INFO - [2024-11-01T02:23:33.461+0000] {dag.py:4180} INFO - Setting next_dagrun for example_branch_operator to 2024-10-31 00:00:00+00:00, run_after=2024-11-01 00:00:00+00:00
[2024-11-01T02:23:33.478+0000] {processor.py:208} INFO - Processing /home/airflow/.local/lib/python3.12/site-packages/airflow/example_dags/example_branch_operator.py took 0.087 seconds
