[2024-11-01T02:04:30.756+0000] {processor.py:186} INFO - Started process (PID=77) to work on /home/airflow/.local/lib/python3.12/site-packages/airflow/example_dags/example_branch_labels.py
[2024-11-01T02:04:30.757+0000] {processor.py:914} INFO - Processing file /home/airflow/.local/lib/python3.12/site-packages/airflow/example_dags/example_branch_labels.py for tasks to queue
[2024-11-01T02:04:30.759+0000] {logging_mixin.py:190} INFO - [2024-11-01T02:04:30.758+0000] {dagbag.py:588} INFO - Filling up the DagBag from /home/airflow/.local/lib/python3.12/site-packages/airflow/example_dags/example_branch_labels.py
[2024-11-01T02:04:30.771+0000] {processor.py:925} INFO - DAG(s) 'example_branch_labels' retrieved from /home/airflow/.local/lib/python3.12/site-packages/airflow/example_dags/example_branch_labels.py
[2024-11-01T02:04:30.867+0000] {logging_mixin.py:190} INFO - [2024-11-01T02:04:30.867+0000] {override.py:1900} INFO - Created Permission View: can edit on DAG:example_branch_labels
[2024-11-01T02:04:30.876+0000] {logging_mixin.py:190} INFO - [2024-11-01T02:04:30.876+0000] {override.py:1900} INFO - Created Permission View: can read on DAG:example_branch_labels
[2024-11-01T02:04:30.883+0000] {logging_mixin.py:190} INFO - [2024-11-01T02:04:30.883+0000] {override.py:1900} INFO - Created Permission View: can delete on DAG:example_branch_labels
[2024-11-01T02:04:30.893+0000] {logging_mixin.py:190} INFO - [2024-11-01T02:04:30.892+0000] {override.py:1900} INFO - Created Permission View: can delete on DAG Run:example_branch_labels
[2024-11-01T02:04:30.900+0000] {logging_mixin.py:190} INFO - [2024-11-01T02:04:30.900+0000] {override.py:1900} INFO - Created Permission View: can read on DAG Run:example_branch_labels
[2024-11-01T02:04:30.907+0000] {logging_mixin.py:190} INFO - [2024-11-01T02:04:30.907+0000] {override.py:1900} INFO - Created Permission View: can create on DAG Run:example_branch_labels
[2024-11-01T02:04:30.913+0000] {logging_mixin.py:190} INFO - [2024-11-01T02:04:30.913+0000] {override.py:1900} INFO - Created Permission View: menu access on DAG Run:example_branch_labels
[2024-11-01T02:04:30.914+0000] {logging_mixin.py:190} INFO - [2024-11-01T02:04:30.914+0000] {dag.py:3239} INFO - Sync 1 DAGs
[2024-11-01T02:04:30.925+0000] {logging_mixin.py:190} INFO - [2024-11-01T02:04:30.925+0000] {dag.py:3262} INFO - Creating ORM DAG for example_branch_labels
[2024-11-01T02:04:30.934+0000] {logging_mixin.py:190} INFO - [2024-11-01T02:04:30.934+0000] {dag.py:4180} INFO - Setting next_dagrun for example_branch_labels to 2024-10-31 00:00:00+00:00, run_after=2024-11-01 00:00:00+00:00
[2024-11-01T02:04:30.947+0000] {processor.py:208} INFO - Processing /home/airflow/.local/lib/python3.12/site-packages/airflow/example_dags/example_branch_labels.py took 0.196 seconds
[2024-11-01T02:05:01.575+0000] {processor.py:186} INFO - Started process (PID=139) to work on /home/airflow/.local/lib/python3.12/site-packages/airflow/example_dags/example_branch_labels.py
[2024-11-01T02:05:01.576+0000] {processor.py:914} INFO - Processing file /home/airflow/.local/lib/python3.12/site-packages/airflow/example_dags/example_branch_labels.py for tasks to queue
[2024-11-01T02:05:01.578+0000] {logging_mixin.py:190} INFO - [2024-11-01T02:05:01.578+0000] {dagbag.py:588} INFO - Filling up the DagBag from /home/airflow/.local/lib/python3.12/site-packages/airflow/example_dags/example_branch_labels.py
[2024-11-01T02:05:01.586+0000] {processor.py:925} INFO - DAG(s) 'example_branch_labels' retrieved from /home/airflow/.local/lib/python3.12/site-packages/airflow/example_dags/example_branch_labels.py
[2024-11-01T02:05:01.604+0000] {logging_mixin.py:190} INFO - [2024-11-01T02:05:01.604+0000] {dag.py:3239} INFO - Sync 1 DAGs
[2024-11-01T02:05:01.625+0000] {logging_mixin.py:190} INFO - [2024-11-01T02:05:01.625+0000] {dag.py:4180} INFO - Setting next_dagrun for example_branch_labels to 2024-10-31 00:00:00+00:00, run_after=2024-11-01 00:00:00+00:00
[2024-11-01T02:05:01.640+0000] {processor.py:208} INFO - Processing /home/airflow/.local/lib/python3.12/site-packages/airflow/example_dags/example_branch_labels.py took 0.069 seconds
[2024-11-01T02:05:31.910+0000] {processor.py:186} INFO - Started process (PID=201) to work on /home/airflow/.local/lib/python3.12/site-packages/airflow/example_dags/example_branch_labels.py
[2024-11-01T02:05:31.911+0000] {processor.py:914} INFO - Processing file /home/airflow/.local/lib/python3.12/site-packages/airflow/example_dags/example_branch_labels.py for tasks to queue
[2024-11-01T02:05:31.913+0000] {logging_mixin.py:190} INFO - [2024-11-01T02:05:31.913+0000] {dagbag.py:588} INFO - Filling up the DagBag from /home/airflow/.local/lib/python3.12/site-packages/airflow/example_dags/example_branch_labels.py
[2024-11-01T02:05:31.921+0000] {processor.py:925} INFO - DAG(s) 'example_branch_labels' retrieved from /home/airflow/.local/lib/python3.12/site-packages/airflow/example_dags/example_branch_labels.py
[2024-11-01T02:05:31.938+0000] {logging_mixin.py:190} INFO - [2024-11-01T02:05:31.938+0000] {dag.py:3239} INFO - Sync 1 DAGs
[2024-11-01T02:05:31.960+0000] {logging_mixin.py:190} INFO - [2024-11-01T02:05:31.960+0000] {dag.py:4180} INFO - Setting next_dagrun for example_branch_labels to 2024-10-31 00:00:00+00:00, run_after=2024-11-01 00:00:00+00:00
[2024-11-01T02:05:31.981+0000] {processor.py:208} INFO - Processing /home/airflow/.local/lib/python3.12/site-packages/airflow/example_dags/example_branch_labels.py took 0.076 seconds
[2024-11-01T02:06:02.217+0000] {processor.py:186} INFO - Started process (PID=263) to work on /home/airflow/.local/lib/python3.12/site-packages/airflow/example_dags/example_branch_labels.py
[2024-11-01T02:06:02.218+0000] {processor.py:914} INFO - Processing file /home/airflow/.local/lib/python3.12/site-packages/airflow/example_dags/example_branch_labels.py for tasks to queue
[2024-11-01T02:06:02.220+0000] {logging_mixin.py:190} INFO - [2024-11-01T02:06:02.219+0000] {dagbag.py:588} INFO - Filling up the DagBag from /home/airflow/.local/lib/python3.12/site-packages/airflow/example_dags/example_branch_labels.py
[2024-11-01T02:06:02.228+0000] {processor.py:925} INFO - DAG(s) 'example_branch_labels' retrieved from /home/airflow/.local/lib/python3.12/site-packages/airflow/example_dags/example_branch_labels.py
[2024-11-01T02:06:02.245+0000] {logging_mixin.py:190} INFO - [2024-11-01T02:06:02.245+0000] {dag.py:3239} INFO - Sync 1 DAGs
[2024-11-01T02:06:02.265+0000] {logging_mixin.py:190} INFO - [2024-11-01T02:06:02.264+0000] {dag.py:4180} INFO - Setting next_dagrun for example_branch_labels to 2024-10-31 00:00:00+00:00, run_after=2024-11-01 00:00:00+00:00
[2024-11-01T02:06:02.280+0000] {processor.py:208} INFO - Processing /home/airflow/.local/lib/python3.12/site-packages/airflow/example_dags/example_branch_labels.py took 0.068 seconds
[2024-11-01T02:14:50.964+0000] {processor.py:186} INFO - Started process (PID=73) to work on /home/airflow/.local/lib/python3.12/site-packages/airflow/example_dags/example_branch_labels.py
[2024-11-01T02:14:50.965+0000] {processor.py:914} INFO - Processing file /home/airflow/.local/lib/python3.12/site-packages/airflow/example_dags/example_branch_labels.py for tasks to queue
[2024-11-01T02:14:50.967+0000] {logging_mixin.py:190} INFO - [2024-11-01T02:14:50.967+0000] {dagbag.py:588} INFO - Filling up the DagBag from /home/airflow/.local/lib/python3.12/site-packages/airflow/example_dags/example_branch_labels.py
[2024-11-01T02:14:50.976+0000] {processor.py:925} INFO - DAG(s) 'example_branch_labels' retrieved from /home/airflow/.local/lib/python3.12/site-packages/airflow/example_dags/example_branch_labels.py
[2024-11-01T02:14:51.000+0000] {logging_mixin.py:190} INFO - [2024-11-01T02:14:51.000+0000] {dag.py:3239} INFO - Sync 1 DAGs
[2024-11-01T02:14:51.020+0000] {logging_mixin.py:190} INFO - [2024-11-01T02:14:51.020+0000] {dag.py:4180} INFO - Setting next_dagrun for example_branch_labels to 2024-10-31 00:00:00+00:00, run_after=2024-11-01 00:00:00+00:00
[2024-11-01T02:14:51.036+0000] {processor.py:208} INFO - Processing /home/airflow/.local/lib/python3.12/site-packages/airflow/example_dags/example_branch_labels.py took 0.077 seconds
[2024-11-01T02:15:21.758+0000] {processor.py:186} INFO - Started process (PID=136) to work on /home/airflow/.local/lib/python3.12/site-packages/airflow/example_dags/example_branch_labels.py
[2024-11-01T02:15:21.759+0000] {processor.py:914} INFO - Processing file /home/airflow/.local/lib/python3.12/site-packages/airflow/example_dags/example_branch_labels.py for tasks to queue
[2024-11-01T02:15:21.761+0000] {logging_mixin.py:190} INFO - [2024-11-01T02:15:21.761+0000] {dagbag.py:588} INFO - Filling up the DagBag from /home/airflow/.local/lib/python3.12/site-packages/airflow/example_dags/example_branch_labels.py
[2024-11-01T02:15:21.768+0000] {processor.py:925} INFO - DAG(s) 'example_branch_labels' retrieved from /home/airflow/.local/lib/python3.12/site-packages/airflow/example_dags/example_branch_labels.py
[2024-11-01T02:15:21.788+0000] {logging_mixin.py:190} INFO - [2024-11-01T02:15:21.788+0000] {dag.py:3239} INFO - Sync 1 DAGs
[2024-11-01T02:15:21.808+0000] {logging_mixin.py:190} INFO - [2024-11-01T02:15:21.808+0000] {dag.py:4180} INFO - Setting next_dagrun for example_branch_labels to 2024-10-31 00:00:00+00:00, run_after=2024-11-01 00:00:00+00:00
[2024-11-01T02:15:21.824+0000] {processor.py:208} INFO - Processing /home/airflow/.local/lib/python3.12/site-packages/airflow/example_dags/example_branch_labels.py took 0.071 seconds
[2024-11-01T02:15:52.296+0000] {processor.py:186} INFO - Started process (PID=199) to work on /home/airflow/.local/lib/python3.12/site-packages/airflow/example_dags/example_branch_labels.py
[2024-11-01T02:15:52.297+0000] {processor.py:914} INFO - Processing file /home/airflow/.local/lib/python3.12/site-packages/airflow/example_dags/example_branch_labels.py for tasks to queue
[2024-11-01T02:15:52.299+0000] {logging_mixin.py:190} INFO - [2024-11-01T02:15:52.299+0000] {dagbag.py:588} INFO - Filling up the DagBag from /home/airflow/.local/lib/python3.12/site-packages/airflow/example_dags/example_branch_labels.py
[2024-11-01T02:15:52.306+0000] {processor.py:925} INFO - DAG(s) 'example_branch_labels' retrieved from /home/airflow/.local/lib/python3.12/site-packages/airflow/example_dags/example_branch_labels.py
[2024-11-01T02:15:52.323+0000] {logging_mixin.py:190} INFO - [2024-11-01T02:15:52.323+0000] {dag.py:3239} INFO - Sync 1 DAGs
[2024-11-01T02:15:52.343+0000] {logging_mixin.py:190} INFO - [2024-11-01T02:15:52.343+0000] {dag.py:4180} INFO - Setting next_dagrun for example_branch_labels to 2024-10-31 00:00:00+00:00, run_after=2024-11-01 00:00:00+00:00
[2024-11-01T02:15:52.360+0000] {processor.py:208} INFO - Processing /home/airflow/.local/lib/python3.12/site-packages/airflow/example_dags/example_branch_labels.py took 0.068 seconds
[2024-11-01T02:16:22.856+0000] {processor.py:186} INFO - Started process (PID=262) to work on /home/airflow/.local/lib/python3.12/site-packages/airflow/example_dags/example_branch_labels.py
[2024-11-01T02:16:22.857+0000] {processor.py:914} INFO - Processing file /home/airflow/.local/lib/python3.12/site-packages/airflow/example_dags/example_branch_labels.py for tasks to queue
[2024-11-01T02:16:22.859+0000] {logging_mixin.py:190} INFO - [2024-11-01T02:16:22.859+0000] {dagbag.py:588} INFO - Filling up the DagBag from /home/airflow/.local/lib/python3.12/site-packages/airflow/example_dags/example_branch_labels.py
[2024-11-01T02:16:22.869+0000] {processor.py:925} INFO - DAG(s) 'example_branch_labels' retrieved from /home/airflow/.local/lib/python3.12/site-packages/airflow/example_dags/example_branch_labels.py
[2024-11-01T02:16:22.890+0000] {logging_mixin.py:190} INFO - [2024-11-01T02:16:22.890+0000] {dag.py:3239} INFO - Sync 1 DAGs
[2024-11-01T02:16:22.913+0000] {logging_mixin.py:190} INFO - [2024-11-01T02:16:22.912+0000] {dag.py:4180} INFO - Setting next_dagrun for example_branch_labels to 2024-10-31 00:00:00+00:00, run_after=2024-11-01 00:00:00+00:00
[2024-11-01T02:16:22.931+0000] {processor.py:208} INFO - Processing /home/airflow/.local/lib/python3.12/site-packages/airflow/example_dags/example_branch_labels.py took 0.082 seconds
[2024-11-01T02:16:53.417+0000] {processor.py:186} INFO - Started process (PID=325) to work on /home/airflow/.local/lib/python3.12/site-packages/airflow/example_dags/example_branch_labels.py
[2024-11-01T02:16:53.418+0000] {processor.py:914} INFO - Processing file /home/airflow/.local/lib/python3.12/site-packages/airflow/example_dags/example_branch_labels.py for tasks to queue
[2024-11-01T02:16:53.420+0000] {logging_mixin.py:190} INFO - [2024-11-01T02:16:53.419+0000] {dagbag.py:588} INFO - Filling up the DagBag from /home/airflow/.local/lib/python3.12/site-packages/airflow/example_dags/example_branch_labels.py
[2024-11-01T02:16:53.430+0000] {processor.py:925} INFO - DAG(s) 'example_branch_labels' retrieved from /home/airflow/.local/lib/python3.12/site-packages/airflow/example_dags/example_branch_labels.py
[2024-11-01T02:16:53.448+0000] {logging_mixin.py:190} INFO - [2024-11-01T02:16:53.448+0000] {dag.py:3239} INFO - Sync 1 DAGs
[2024-11-01T02:16:53.469+0000] {logging_mixin.py:190} INFO - [2024-11-01T02:16:53.469+0000] {dag.py:4180} INFO - Setting next_dagrun for example_branch_labels to 2024-10-31 00:00:00+00:00, run_after=2024-11-01 00:00:00+00:00
[2024-11-01T02:16:53.485+0000] {processor.py:208} INFO - Processing /home/airflow/.local/lib/python3.12/site-packages/airflow/example_dags/example_branch_labels.py took 0.074 seconds
[2024-11-01T02:17:24.176+0000] {processor.py:186} INFO - Started process (PID=394) to work on /home/airflow/.local/lib/python3.12/site-packages/airflow/example_dags/example_branch_labels.py
[2024-11-01T02:17:24.177+0000] {processor.py:914} INFO - Processing file /home/airflow/.local/lib/python3.12/site-packages/airflow/example_dags/example_branch_labels.py for tasks to queue
[2024-11-01T02:17:24.180+0000] {logging_mixin.py:190} INFO - [2024-11-01T02:17:24.180+0000] {dagbag.py:588} INFO - Filling up the DagBag from /home/airflow/.local/lib/python3.12/site-packages/airflow/example_dags/example_branch_labels.py
[2024-11-01T02:17:24.189+0000] {processor.py:925} INFO - DAG(s) 'example_branch_labels' retrieved from /home/airflow/.local/lib/python3.12/site-packages/airflow/example_dags/example_branch_labels.py
[2024-11-01T02:17:24.207+0000] {logging_mixin.py:190} INFO - [2024-11-01T02:17:24.207+0000] {dag.py:3239} INFO - Sync 1 DAGs
[2024-11-01T02:17:24.227+0000] {logging_mixin.py:190} INFO - [2024-11-01T02:17:24.227+0000] {dag.py:4180} INFO - Setting next_dagrun for example_branch_labels to 2024-10-31 00:00:00+00:00, run_after=2024-11-01 00:00:00+00:00
[2024-11-01T02:17:24.244+0000] {processor.py:208} INFO - Processing /home/airflow/.local/lib/python3.12/site-packages/airflow/example_dags/example_branch_labels.py took 0.074 seconds
[2024-11-01T02:17:54.639+0000] {processor.py:186} INFO - Started process (PID=457) to work on /home/airflow/.local/lib/python3.12/site-packages/airflow/example_dags/example_branch_labels.py
[2024-11-01T02:17:54.640+0000] {processor.py:914} INFO - Processing file /home/airflow/.local/lib/python3.12/site-packages/airflow/example_dags/example_branch_labels.py for tasks to queue
[2024-11-01T02:17:54.642+0000] {logging_mixin.py:190} INFO - [2024-11-01T02:17:54.642+0000] {dagbag.py:588} INFO - Filling up the DagBag from /home/airflow/.local/lib/python3.12/site-packages/airflow/example_dags/example_branch_labels.py
[2024-11-01T02:17:54.650+0000] {processor.py:925} INFO - DAG(s) 'example_branch_labels' retrieved from /home/airflow/.local/lib/python3.12/site-packages/airflow/example_dags/example_branch_labels.py
[2024-11-01T02:17:54.668+0000] {logging_mixin.py:190} INFO - [2024-11-01T02:17:54.668+0000] {dag.py:3239} INFO - Sync 1 DAGs
[2024-11-01T02:17:54.689+0000] {logging_mixin.py:190} INFO - [2024-11-01T02:17:54.689+0000] {dag.py:4180} INFO - Setting next_dagrun for example_branch_labels to 2024-10-31 00:00:00+00:00, run_after=2024-11-01 00:00:00+00:00
[2024-11-01T02:17:54.706+0000] {processor.py:208} INFO - Processing /home/airflow/.local/lib/python3.12/site-packages/airflow/example_dags/example_branch_labels.py took 0.072 seconds
[2024-11-01T02:18:25.087+0000] {processor.py:186} INFO - Started process (PID=520) to work on /home/airflow/.local/lib/python3.12/site-packages/airflow/example_dags/example_branch_labels.py
[2024-11-01T02:18:25.087+0000] {processor.py:914} INFO - Processing file /home/airflow/.local/lib/python3.12/site-packages/airflow/example_dags/example_branch_labels.py for tasks to queue
[2024-11-01T02:18:25.090+0000] {logging_mixin.py:190} INFO - [2024-11-01T02:18:25.089+0000] {dagbag.py:588} INFO - Filling up the DagBag from /home/airflow/.local/lib/python3.12/site-packages/airflow/example_dags/example_branch_labels.py
[2024-11-01T02:18:25.098+0000] {processor.py:925} INFO - DAG(s) 'example_branch_labels' retrieved from /home/airflow/.local/lib/python3.12/site-packages/airflow/example_dags/example_branch_labels.py
[2024-11-01T02:18:25.116+0000] {logging_mixin.py:190} INFO - [2024-11-01T02:18:25.115+0000] {dag.py:3239} INFO - Sync 1 DAGs
[2024-11-01T02:18:25.136+0000] {logging_mixin.py:190} INFO - [2024-11-01T02:18:25.136+0000] {dag.py:4180} INFO - Setting next_dagrun for example_branch_labels to 2024-10-31 00:00:00+00:00, run_after=2024-11-01 00:00:00+00:00
[2024-11-01T02:18:25.152+0000] {processor.py:208} INFO - Processing /home/airflow/.local/lib/python3.12/site-packages/airflow/example_dags/example_branch_labels.py took 0.071 seconds
[2024-11-01T02:18:55.605+0000] {processor.py:186} INFO - Started process (PID=583) to work on /home/airflow/.local/lib/python3.12/site-packages/airflow/example_dags/example_branch_labels.py
[2024-11-01T02:18:55.606+0000] {processor.py:914} INFO - Processing file /home/airflow/.local/lib/python3.12/site-packages/airflow/example_dags/example_branch_labels.py for tasks to queue
[2024-11-01T02:18:55.608+0000] {logging_mixin.py:190} INFO - [2024-11-01T02:18:55.608+0000] {dagbag.py:588} INFO - Filling up the DagBag from /home/airflow/.local/lib/python3.12/site-packages/airflow/example_dags/example_branch_labels.py
[2024-11-01T02:18:55.616+0000] {processor.py:925} INFO - DAG(s) 'example_branch_labels' retrieved from /home/airflow/.local/lib/python3.12/site-packages/airflow/example_dags/example_branch_labels.py
[2024-11-01T02:18:55.634+0000] {logging_mixin.py:190} INFO - [2024-11-01T02:18:55.634+0000] {dag.py:3239} INFO - Sync 1 DAGs
[2024-11-01T02:18:55.659+0000] {logging_mixin.py:190} INFO - [2024-11-01T02:18:55.658+0000] {dag.py:4180} INFO - Setting next_dagrun for example_branch_labels to 2024-10-31 00:00:00+00:00, run_after=2024-11-01 00:00:00+00:00
[2024-11-01T02:18:55.678+0000] {processor.py:208} INFO - Processing /home/airflow/.local/lib/python3.12/site-packages/airflow/example_dags/example_branch_labels.py took 0.078 seconds
[2024-11-01T02:19:26.235+0000] {processor.py:186} INFO - Started process (PID=646) to work on /home/airflow/.local/lib/python3.12/site-packages/airflow/example_dags/example_branch_labels.py
[2024-11-01T02:19:26.236+0000] {processor.py:914} INFO - Processing file /home/airflow/.local/lib/python3.12/site-packages/airflow/example_dags/example_branch_labels.py for tasks to queue
[2024-11-01T02:19:26.238+0000] {logging_mixin.py:190} INFO - [2024-11-01T02:19:26.238+0000] {dagbag.py:588} INFO - Filling up the DagBag from /home/airflow/.local/lib/python3.12/site-packages/airflow/example_dags/example_branch_labels.py
[2024-11-01T02:19:26.246+0000] {processor.py:925} INFO - DAG(s) 'example_branch_labels' retrieved from /home/airflow/.local/lib/python3.12/site-packages/airflow/example_dags/example_branch_labels.py
[2024-11-01T02:19:26.264+0000] {logging_mixin.py:190} INFO - [2024-11-01T02:19:26.264+0000] {dag.py:3239} INFO - Sync 1 DAGs
[2024-11-01T02:19:26.284+0000] {logging_mixin.py:190} INFO - [2024-11-01T02:19:26.284+0000] {dag.py:4180} INFO - Setting next_dagrun for example_branch_labels to 2024-10-31 00:00:00+00:00, run_after=2024-11-01 00:00:00+00:00
[2024-11-01T02:19:26.301+0000] {processor.py:208} INFO - Processing /home/airflow/.local/lib/python3.12/site-packages/airflow/example_dags/example_branch_labels.py took 0.070 seconds
[2024-11-01T02:19:56.869+0000] {processor.py:186} INFO - Started process (PID=709) to work on /home/airflow/.local/lib/python3.12/site-packages/airflow/example_dags/example_branch_labels.py
[2024-11-01T02:19:56.870+0000] {processor.py:914} INFO - Processing file /home/airflow/.local/lib/python3.12/site-packages/airflow/example_dags/example_branch_labels.py for tasks to queue
[2024-11-01T02:19:56.871+0000] {logging_mixin.py:190} INFO - [2024-11-01T02:19:56.871+0000] {dagbag.py:588} INFO - Filling up the DagBag from /home/airflow/.local/lib/python3.12/site-packages/airflow/example_dags/example_branch_labels.py
[2024-11-01T02:19:56.880+0000] {processor.py:925} INFO - DAG(s) 'example_branch_labels' retrieved from /home/airflow/.local/lib/python3.12/site-packages/airflow/example_dags/example_branch_labels.py
[2024-11-01T02:19:56.896+0000] {logging_mixin.py:190} INFO - [2024-11-01T02:19:56.896+0000] {dag.py:3239} INFO - Sync 1 DAGs
[2024-11-01T02:19:56.916+0000] {logging_mixin.py:190} INFO - [2024-11-01T02:19:56.916+0000] {dag.py:4180} INFO - Setting next_dagrun for example_branch_labels to 2024-10-31 00:00:00+00:00, run_after=2024-11-01 00:00:00+00:00
[2024-11-01T02:19:56.933+0000] {processor.py:208} INFO - Processing /home/airflow/.local/lib/python3.12/site-packages/airflow/example_dags/example_branch_labels.py took 0.068 seconds
[2024-11-01T02:20:27.520+0000] {processor.py:186} INFO - Started process (PID=772) to work on /home/airflow/.local/lib/python3.12/site-packages/airflow/example_dags/example_branch_labels.py
[2024-11-01T02:20:27.521+0000] {processor.py:914} INFO - Processing file /home/airflow/.local/lib/python3.12/site-packages/airflow/example_dags/example_branch_labels.py for tasks to queue
[2024-11-01T02:20:27.523+0000] {logging_mixin.py:190} INFO - [2024-11-01T02:20:27.523+0000] {dagbag.py:588} INFO - Filling up the DagBag from /home/airflow/.local/lib/python3.12/site-packages/airflow/example_dags/example_branch_labels.py
[2024-11-01T02:20:27.531+0000] {processor.py:925} INFO - DAG(s) 'example_branch_labels' retrieved from /home/airflow/.local/lib/python3.12/site-packages/airflow/example_dags/example_branch_labels.py
[2024-11-01T02:20:27.547+0000] {logging_mixin.py:190} INFO - [2024-11-01T02:20:27.547+0000] {dag.py:3239} INFO - Sync 1 DAGs
[2024-11-01T02:20:27.567+0000] {logging_mixin.py:190} INFO - [2024-11-01T02:20:27.567+0000] {dag.py:4180} INFO - Setting next_dagrun for example_branch_labels to 2024-10-31 00:00:00+00:00, run_after=2024-11-01 00:00:00+00:00
[2024-11-01T02:20:27.584+0000] {processor.py:208} INFO - Processing /home/airflow/.local/lib/python3.12/site-packages/airflow/example_dags/example_branch_labels.py took 0.069 seconds
[2024-11-01T02:20:58.434+0000] {processor.py:186} INFO - Started process (PID=835) to work on /home/airflow/.local/lib/python3.12/site-packages/airflow/example_dags/example_branch_labels.py
[2024-11-01T02:20:58.435+0000] {processor.py:914} INFO - Processing file /home/airflow/.local/lib/python3.12/site-packages/airflow/example_dags/example_branch_labels.py for tasks to queue
[2024-11-01T02:20:58.437+0000] {logging_mixin.py:190} INFO - [2024-11-01T02:20:58.437+0000] {dagbag.py:588} INFO - Filling up the DagBag from /home/airflow/.local/lib/python3.12/site-packages/airflow/example_dags/example_branch_labels.py
[2024-11-01T02:20:58.445+0000] {processor.py:925} INFO - DAG(s) 'example_branch_labels' retrieved from /home/airflow/.local/lib/python3.12/site-packages/airflow/example_dags/example_branch_labels.py
[2024-11-01T02:20:58.463+0000] {logging_mixin.py:190} INFO - [2024-11-01T02:20:58.463+0000] {dag.py:3239} INFO - Sync 1 DAGs
[2024-11-01T02:20:58.483+0000] {logging_mixin.py:190} INFO - [2024-11-01T02:20:58.482+0000] {dag.py:4180} INFO - Setting next_dagrun for example_branch_labels to 2024-10-31 00:00:00+00:00, run_after=2024-11-01 00:00:00+00:00
[2024-11-01T02:20:58.498+0000] {processor.py:208} INFO - Processing /home/airflow/.local/lib/python3.12/site-packages/airflow/example_dags/example_branch_labels.py took 0.068 seconds
[2024-11-01T02:21:28.651+0000] {processor.py:186} INFO - Started process (PID=898) to work on /home/airflow/.local/lib/python3.12/site-packages/airflow/example_dags/example_branch_labels.py
[2024-11-01T02:21:28.651+0000] {processor.py:914} INFO - Processing file /home/airflow/.local/lib/python3.12/site-packages/airflow/example_dags/example_branch_labels.py for tasks to queue
[2024-11-01T02:21:28.654+0000] {logging_mixin.py:190} INFO - [2024-11-01T02:21:28.653+0000] {dagbag.py:588} INFO - Filling up the DagBag from /home/airflow/.local/lib/python3.12/site-packages/airflow/example_dags/example_branch_labels.py
[2024-11-01T02:21:28.661+0000] {processor.py:925} INFO - DAG(s) 'example_branch_labels' retrieved from /home/airflow/.local/lib/python3.12/site-packages/airflow/example_dags/example_branch_labels.py
[2024-11-01T02:21:28.679+0000] {logging_mixin.py:190} INFO - [2024-11-01T02:21:28.678+0000] {dag.py:3239} INFO - Sync 1 DAGs
[2024-11-01T02:21:28.698+0000] {logging_mixin.py:190} INFO - [2024-11-01T02:21:28.698+0000] {dag.py:4180} INFO - Setting next_dagrun for example_branch_labels to 2024-10-31 00:00:00+00:00, run_after=2024-11-01 00:00:00+00:00
[2024-11-01T02:21:28.714+0000] {processor.py:208} INFO - Processing /home/airflow/.local/lib/python3.12/site-packages/airflow/example_dags/example_branch_labels.py took 0.069 seconds
[2024-11-01T02:21:59.231+0000] {processor.py:186} INFO - Started process (PID=961) to work on /home/airflow/.local/lib/python3.12/site-packages/airflow/example_dags/example_branch_labels.py
[2024-11-01T02:21:59.232+0000] {processor.py:914} INFO - Processing file /home/airflow/.local/lib/python3.12/site-packages/airflow/example_dags/example_branch_labels.py for tasks to queue
[2024-11-01T02:21:59.234+0000] {logging_mixin.py:190} INFO - [2024-11-01T02:21:59.233+0000] {dagbag.py:588} INFO - Filling up the DagBag from /home/airflow/.local/lib/python3.12/site-packages/airflow/example_dags/example_branch_labels.py
[2024-11-01T02:21:59.242+0000] {processor.py:925} INFO - DAG(s) 'example_branch_labels' retrieved from /home/airflow/.local/lib/python3.12/site-packages/airflow/example_dags/example_branch_labels.py
[2024-11-01T02:21:59.260+0000] {logging_mixin.py:190} INFO - [2024-11-01T02:21:59.259+0000] {dag.py:3239} INFO - Sync 1 DAGs
[2024-11-01T02:21:59.281+0000] {logging_mixin.py:190} INFO - [2024-11-01T02:21:59.280+0000] {dag.py:4180} INFO - Setting next_dagrun for example_branch_labels to 2024-10-31 00:00:00+00:00, run_after=2024-11-01 00:00:00+00:00
[2024-11-01T02:21:59.310+0000] {processor.py:208} INFO - Processing /home/airflow/.local/lib/python3.12/site-packages/airflow/example_dags/example_branch_labels.py took 0.084 seconds
[2024-11-01T02:22:30.100+0000] {processor.py:186} INFO - Started process (PID=1024) to work on /home/airflow/.local/lib/python3.12/site-packages/airflow/example_dags/example_branch_labels.py
[2024-11-01T02:22:30.101+0000] {processor.py:914} INFO - Processing file /home/airflow/.local/lib/python3.12/site-packages/airflow/example_dags/example_branch_labels.py for tasks to queue
[2024-11-01T02:22:30.104+0000] {logging_mixin.py:190} INFO - [2024-11-01T02:22:30.103+0000] {dagbag.py:588} INFO - Filling up the DagBag from /home/airflow/.local/lib/python3.12/site-packages/airflow/example_dags/example_branch_labels.py
[2024-11-01T02:22:30.112+0000] {processor.py:925} INFO - DAG(s) 'example_branch_labels' retrieved from /home/airflow/.local/lib/python3.12/site-packages/airflow/example_dags/example_branch_labels.py
[2024-11-01T02:22:30.130+0000] {logging_mixin.py:190} INFO - [2024-11-01T02:22:30.130+0000] {dag.py:3239} INFO - Sync 1 DAGs
[2024-11-01T02:22:30.151+0000] {logging_mixin.py:190} INFO - [2024-11-01T02:22:30.151+0000] {dag.py:4180} INFO - Setting next_dagrun for example_branch_labels to 2024-10-31 00:00:00+00:00, run_after=2024-11-01 00:00:00+00:00
[2024-11-01T02:22:30.168+0000] {processor.py:208} INFO - Processing /home/airflow/.local/lib/python3.12/site-packages/airflow/example_dags/example_branch_labels.py took 0.072 seconds
[2024-11-01T02:23:00.954+0000] {processor.py:186} INFO - Started process (PID=1087) to work on /home/airflow/.local/lib/python3.12/site-packages/airflow/example_dags/example_branch_labels.py
[2024-11-01T02:23:00.955+0000] {processor.py:914} INFO - Processing file /home/airflow/.local/lib/python3.12/site-packages/airflow/example_dags/example_branch_labels.py for tasks to queue
[2024-11-01T02:23:00.958+0000] {logging_mixin.py:190} INFO - [2024-11-01T02:23:00.957+0000] {dagbag.py:588} INFO - Filling up the DagBag from /home/airflow/.local/lib/python3.12/site-packages/airflow/example_dags/example_branch_labels.py
[2024-11-01T02:23:00.966+0000] {processor.py:925} INFO - DAG(s) 'example_branch_labels' retrieved from /home/airflow/.local/lib/python3.12/site-packages/airflow/example_dags/example_branch_labels.py
[2024-11-01T02:23:00.984+0000] {logging_mixin.py:190} INFO - [2024-11-01T02:23:00.984+0000] {dag.py:3239} INFO - Sync 1 DAGs
[2024-11-01T02:23:01.006+0000] {logging_mixin.py:190} INFO - [2024-11-01T02:23:01.006+0000] {dag.py:4180} INFO - Setting next_dagrun for example_branch_labels to 2024-10-31 00:00:00+00:00, run_after=2024-11-01 00:00:00+00:00
[2024-11-01T02:23:01.024+0000] {processor.py:208} INFO - Processing /home/airflow/.local/lib/python3.12/site-packages/airflow/example_dags/example_branch_labels.py took 0.076 seconds
[2024-11-01T02:23:31.565+0000] {processor.py:186} INFO - Started process (PID=1150) to work on /home/airflow/.local/lib/python3.12/site-packages/airflow/example_dags/example_branch_labels.py
[2024-11-01T02:23:31.565+0000] {processor.py:914} INFO - Processing file /home/airflow/.local/lib/python3.12/site-packages/airflow/example_dags/example_branch_labels.py for tasks to queue
[2024-11-01T02:23:31.568+0000] {logging_mixin.py:190} INFO - [2024-11-01T02:23:31.567+0000] {dagbag.py:588} INFO - Filling up the DagBag from /home/airflow/.local/lib/python3.12/site-packages/airflow/example_dags/example_branch_labels.py
[2024-11-01T02:23:31.575+0000] {processor.py:925} INFO - DAG(s) 'example_branch_labels' retrieved from /home/airflow/.local/lib/python3.12/site-packages/airflow/example_dags/example_branch_labels.py
[2024-11-01T02:23:31.593+0000] {logging_mixin.py:190} INFO - [2024-11-01T02:23:31.593+0000] {dag.py:3239} INFO - Sync 1 DAGs
[2024-11-01T02:23:31.614+0000] {logging_mixin.py:190} INFO - [2024-11-01T02:23:31.614+0000] {dag.py:4180} INFO - Setting next_dagrun for example_branch_labels to 2024-10-31 00:00:00+00:00, run_after=2024-11-01 00:00:00+00:00
[2024-11-01T02:23:31.630+0000] {processor.py:208} INFO - Processing /home/airflow/.local/lib/python3.12/site-packages/airflow/example_dags/example_branch_labels.py took 0.070 seconds
