[2024-11-01T02:04:34.743+0000] {processor.py:186} INFO - Started process (PID=102) to work on /home/airflow/.local/lib/python3.12/site-packages/airflow/example_dags/example_workday_timetable.py
[2024-11-01T02:04:34.743+0000] {processor.py:914} INFO - Processing file /home/airflow/.local/lib/python3.12/site-packages/airflow/example_dags/example_workday_timetable.py for tasks to queue
[2024-11-01T02:04:34.746+0000] {logging_mixin.py:190} INFO - [2024-11-01T02:04:34.745+0000] {dagbag.py:588} INFO - Filling up the DagBag from /home/airflow/.local/lib/python3.12/site-packages/airflow/example_dags/example_workday_timetable.py
[2024-11-01T02:04:34.753+0000] {processor.py:925} INFO - DAG(s) 'example_workday_timetable' retrieved from /home/airflow/.local/lib/python3.12/site-packages/airflow/example_dags/example_workday_timetable.py
[2024-11-01T02:04:34.850+0000] {logging_mixin.py:190} INFO - [2024-11-01T02:04:34.849+0000] {override.py:1900} INFO - Created Permission View: can edit on DAG:example_workday_timetable
[2024-11-01T02:04:34.859+0000] {logging_mixin.py:190} INFO - [2024-11-01T02:04:34.859+0000] {override.py:1900} INFO - Created Permission View: can read on DAG:example_workday_timetable
[2024-11-01T02:04:34.866+0000] {logging_mixin.py:190} INFO - [2024-11-01T02:04:34.866+0000] {override.py:1900} INFO - Created Permission View: can delete on DAG:example_workday_timetable
[2024-11-01T02:04:34.875+0000] {logging_mixin.py:190} INFO - [2024-11-01T02:04:34.875+0000] {override.py:1900} INFO - Created Permission View: can delete on DAG Run:example_workday_timetable
[2024-11-01T02:04:34.882+0000] {logging_mixin.py:190} INFO - [2024-11-01T02:04:34.882+0000] {override.py:1900} INFO - Created Permission View: can read on DAG Run:example_workday_timetable
[2024-11-01T02:04:34.890+0000] {logging_mixin.py:190} INFO - [2024-11-01T02:04:34.889+0000] {override.py:1900} INFO - Created Permission View: can create on DAG Run:example_workday_timetable
[2024-11-01T02:04:34.898+0000] {logging_mixin.py:190} INFO - [2024-11-01T02:04:34.898+0000] {override.py:1900} INFO - Created Permission View: menu access on DAG Run:example_workday_timetable
[2024-11-01T02:04:34.899+0000] {logging_mixin.py:190} INFO - [2024-11-01T02:04:34.899+0000] {dag.py:3239} INFO - Sync 1 DAGs
[2024-11-01T02:04:34.913+0000] {logging_mixin.py:190} INFO - [2024-11-01T02:04:34.913+0000] {dag.py:3262} INFO - Creating ORM DAG for example_workday_timetable
[2024-11-01T02:04:34.979+0000] {logging_mixin.py:190} INFO - [2024-11-01T02:04:34.979+0000] {dag.py:4180} INFO - Setting next_dagrun for example_workday_timetable to 2021-01-04 00:00:00+00:00, run_after=2021-01-05 00:00:00+00:00
[2024-11-01T02:04:34.996+0000] {processor.py:208} INFO - Processing /home/airflow/.local/lib/python3.12/site-packages/airflow/example_dags/example_workday_timetable.py took 0.258 seconds
[2024-11-01T02:05:05.650+0000] {processor.py:186} INFO - Started process (PID=164) to work on /home/airflow/.local/lib/python3.12/site-packages/airflow/example_dags/example_workday_timetable.py
[2024-11-01T02:05:05.651+0000] {processor.py:914} INFO - Processing file /home/airflow/.local/lib/python3.12/site-packages/airflow/example_dags/example_workday_timetable.py for tasks to queue
[2024-11-01T02:05:05.653+0000] {logging_mixin.py:190} INFO - [2024-11-01T02:05:05.652+0000] {dagbag.py:588} INFO - Filling up the DagBag from /home/airflow/.local/lib/python3.12/site-packages/airflow/example_dags/example_workday_timetable.py
[2024-11-01T02:05:05.658+0000] {processor.py:925} INFO - DAG(s) 'example_workday_timetable' retrieved from /home/airflow/.local/lib/python3.12/site-packages/airflow/example_dags/example_workday_timetable.py
[2024-11-01T02:05:05.674+0000] {logging_mixin.py:190} INFO - [2024-11-01T02:05:05.674+0000] {dag.py:3239} INFO - Sync 1 DAGs
[2024-11-01T02:05:05.728+0000] {logging_mixin.py:190} INFO - [2024-11-01T02:05:05.728+0000] {dag.py:4180} INFO - Setting next_dagrun for example_workday_timetable to 2021-01-04 00:00:00+00:00, run_after=2021-01-05 00:00:00+00:00
[2024-11-01T02:05:05.831+0000] {processor.py:208} INFO - Processing /home/airflow/.local/lib/python3.12/site-packages/airflow/example_dags/example_workday_timetable.py took 0.186 seconds
[2024-11-01T02:05:36.540+0000] {processor.py:186} INFO - Started process (PID=226) to work on /home/airflow/.local/lib/python3.12/site-packages/airflow/example_dags/example_workday_timetable.py
[2024-11-01T02:05:36.541+0000] {processor.py:914} INFO - Processing file /home/airflow/.local/lib/python3.12/site-packages/airflow/example_dags/example_workday_timetable.py for tasks to queue
[2024-11-01T02:05:36.543+0000] {logging_mixin.py:190} INFO - [2024-11-01T02:05:36.543+0000] {dagbag.py:588} INFO - Filling up the DagBag from /home/airflow/.local/lib/python3.12/site-packages/airflow/example_dags/example_workday_timetable.py
[2024-11-01T02:05:36.549+0000] {processor.py:925} INFO - DAG(s) 'example_workday_timetable' retrieved from /home/airflow/.local/lib/python3.12/site-packages/airflow/example_dags/example_workday_timetable.py
[2024-11-01T02:05:36.566+0000] {logging_mixin.py:190} INFO - [2024-11-01T02:05:36.565+0000] {dag.py:3239} INFO - Sync 1 DAGs
[2024-11-01T02:05:36.622+0000] {logging_mixin.py:190} INFO - [2024-11-01T02:05:36.622+0000] {dag.py:4180} INFO - Setting next_dagrun for example_workday_timetable to 2021-01-04 00:00:00+00:00, run_after=2021-01-05 00:00:00+00:00
[2024-11-01T02:05:36.642+0000] {processor.py:208} INFO - Processing /home/airflow/.local/lib/python3.12/site-packages/airflow/example_dags/example_workday_timetable.py took 0.107 seconds
[2024-11-01T02:06:06.903+0000] {processor.py:186} INFO - Started process (PID=288) to work on /home/airflow/.local/lib/python3.12/site-packages/airflow/example_dags/example_workday_timetable.py
[2024-11-01T02:06:06.903+0000] {processor.py:914} INFO - Processing file /home/airflow/.local/lib/python3.12/site-packages/airflow/example_dags/example_workday_timetable.py for tasks to queue
[2024-11-01T02:06:06.905+0000] {logging_mixin.py:190} INFO - [2024-11-01T02:06:06.905+0000] {dagbag.py:588} INFO - Filling up the DagBag from /home/airflow/.local/lib/python3.12/site-packages/airflow/example_dags/example_workday_timetable.py
[2024-11-01T02:06:06.910+0000] {processor.py:925} INFO - DAG(s) 'example_workday_timetable' retrieved from /home/airflow/.local/lib/python3.12/site-packages/airflow/example_dags/example_workday_timetable.py
[2024-11-01T02:06:06.926+0000] {logging_mixin.py:190} INFO - [2024-11-01T02:06:06.926+0000] {dag.py:3239} INFO - Sync 1 DAGs
[2024-11-01T02:06:06.978+0000] {logging_mixin.py:190} INFO - [2024-11-01T02:06:06.978+0000] {dag.py:4180} INFO - Setting next_dagrun for example_workday_timetable to 2021-01-04 00:00:00+00:00, run_after=2021-01-05 00:00:00+00:00
[2024-11-01T02:06:06.994+0000] {processor.py:208} INFO - Processing /home/airflow/.local/lib/python3.12/site-packages/airflow/example_dags/example_workday_timetable.py took 0.096 seconds
[2024-11-01T02:14:52.892+0000] {processor.py:186} INFO - Started process (PID=98) to work on /home/airflow/.local/lib/python3.12/site-packages/airflow/example_dags/example_workday_timetable.py
[2024-11-01T02:14:52.893+0000] {processor.py:914} INFO - Processing file /home/airflow/.local/lib/python3.12/site-packages/airflow/example_dags/example_workday_timetable.py for tasks to queue
[2024-11-01T02:14:52.896+0000] {logging_mixin.py:190} INFO - [2024-11-01T02:14:52.895+0000] {dagbag.py:588} INFO - Filling up the DagBag from /home/airflow/.local/lib/python3.12/site-packages/airflow/example_dags/example_workday_timetable.py
[2024-11-01T02:14:52.900+0000] {processor.py:925} INFO - DAG(s) 'example_workday_timetable' retrieved from /home/airflow/.local/lib/python3.12/site-packages/airflow/example_dags/example_workday_timetable.py
[2024-11-01T02:14:52.916+0000] {logging_mixin.py:190} INFO - [2024-11-01T02:14:52.916+0000] {dag.py:3239} INFO - Sync 1 DAGs
[2024-11-01T02:14:52.975+0000] {logging_mixin.py:190} INFO - [2024-11-01T02:14:52.975+0000] {dag.py:4180} INFO - Setting next_dagrun for example_workday_timetable to 2021-01-04 00:00:00+00:00, run_after=2021-01-05 00:00:00+00:00
[2024-11-01T02:14:52.996+0000] {processor.py:208} INFO - Processing /home/airflow/.local/lib/python3.12/site-packages/airflow/example_dags/example_workday_timetable.py took 0.109 seconds
[2024-11-01T02:15:23.530+0000] {processor.py:186} INFO - Started process (PID=167) to work on /home/airflow/.local/lib/python3.12/site-packages/airflow/example_dags/example_workday_timetable.py
[2024-11-01T02:15:23.531+0000] {processor.py:914} INFO - Processing file /home/airflow/.local/lib/python3.12/site-packages/airflow/example_dags/example_workday_timetable.py for tasks to queue
[2024-11-01T02:15:23.533+0000] {logging_mixin.py:190} INFO - [2024-11-01T02:15:23.532+0000] {dagbag.py:588} INFO - Filling up the DagBag from /home/airflow/.local/lib/python3.12/site-packages/airflow/example_dags/example_workday_timetable.py
[2024-11-01T02:15:23.538+0000] {processor.py:925} INFO - DAG(s) 'example_workday_timetable' retrieved from /home/airflow/.local/lib/python3.12/site-packages/airflow/example_dags/example_workday_timetable.py
[2024-11-01T02:15:23.554+0000] {logging_mixin.py:190} INFO - [2024-11-01T02:15:23.554+0000] {dag.py:3239} INFO - Sync 1 DAGs
[2024-11-01T02:15:23.610+0000] {logging_mixin.py:190} INFO - [2024-11-01T02:15:23.610+0000] {dag.py:4180} INFO - Setting next_dagrun for example_workday_timetable to 2021-01-04 00:00:00+00:00, run_after=2021-01-05 00:00:00+00:00
[2024-11-01T02:15:23.628+0000] {processor.py:208} INFO - Processing /home/airflow/.local/lib/python3.12/site-packages/airflow/example_dags/example_workday_timetable.py took 0.103 seconds
[2024-11-01T02:15:53.989+0000] {processor.py:186} INFO - Started process (PID=230) to work on /home/airflow/.local/lib/python3.12/site-packages/airflow/example_dags/example_workday_timetable.py
[2024-11-01T02:15:53.990+0000] {processor.py:914} INFO - Processing file /home/airflow/.local/lib/python3.12/site-packages/airflow/example_dags/example_workday_timetable.py for tasks to queue
[2024-11-01T02:15:53.992+0000] {logging_mixin.py:190} INFO - [2024-11-01T02:15:53.992+0000] {dagbag.py:588} INFO - Filling up the DagBag from /home/airflow/.local/lib/python3.12/site-packages/airflow/example_dags/example_workday_timetable.py
[2024-11-01T02:15:53.997+0000] {processor.py:925} INFO - DAG(s) 'example_workday_timetable' retrieved from /home/airflow/.local/lib/python3.12/site-packages/airflow/example_dags/example_workday_timetable.py
[2024-11-01T02:15:54.012+0000] {logging_mixin.py:190} INFO - [2024-11-01T02:15:54.012+0000] {dag.py:3239} INFO - Sync 1 DAGs
[2024-11-01T02:15:54.070+0000] {logging_mixin.py:190} INFO - [2024-11-01T02:15:54.070+0000] {dag.py:4180} INFO - Setting next_dagrun for example_workday_timetable to 2021-01-04 00:00:00+00:00, run_after=2021-01-05 00:00:00+00:00
[2024-11-01T02:15:54.089+0000] {processor.py:208} INFO - Processing /home/airflow/.local/lib/python3.12/site-packages/airflow/example_dags/example_workday_timetable.py took 0.105 seconds
[2024-11-01T02:16:24.619+0000] {processor.py:186} INFO - Started process (PID=293) to work on /home/airflow/.local/lib/python3.12/site-packages/airflow/example_dags/example_workday_timetable.py
[2024-11-01T02:16:24.620+0000] {processor.py:914} INFO - Processing file /home/airflow/.local/lib/python3.12/site-packages/airflow/example_dags/example_workday_timetable.py for tasks to queue
[2024-11-01T02:16:24.622+0000] {logging_mixin.py:190} INFO - [2024-11-01T02:16:24.622+0000] {dagbag.py:588} INFO - Filling up the DagBag from /home/airflow/.local/lib/python3.12/site-packages/airflow/example_dags/example_workday_timetable.py
[2024-11-01T02:16:24.627+0000] {processor.py:925} INFO - DAG(s) 'example_workday_timetable' retrieved from /home/airflow/.local/lib/python3.12/site-packages/airflow/example_dags/example_workday_timetable.py
[2024-11-01T02:16:24.641+0000] {logging_mixin.py:190} INFO - [2024-11-01T02:16:24.641+0000] {dag.py:3239} INFO - Sync 1 DAGs
[2024-11-01T02:16:24.693+0000] {logging_mixin.py:190} INFO - [2024-11-01T02:16:24.693+0000] {dag.py:4180} INFO - Setting next_dagrun for example_workday_timetable to 2021-01-04 00:00:00+00:00, run_after=2021-01-05 00:00:00+00:00
[2024-11-01T02:16:24.710+0000] {processor.py:208} INFO - Processing /home/airflow/.local/lib/python3.12/site-packages/airflow/example_dags/example_workday_timetable.py took 0.096 seconds
[2024-11-01T02:16:55.291+0000] {processor.py:186} INFO - Started process (PID=356) to work on /home/airflow/.local/lib/python3.12/site-packages/airflow/example_dags/example_workday_timetable.py
[2024-11-01T02:16:55.291+0000] {processor.py:914} INFO - Processing file /home/airflow/.local/lib/python3.12/site-packages/airflow/example_dags/example_workday_timetable.py for tasks to queue
[2024-11-01T02:16:55.294+0000] {logging_mixin.py:190} INFO - [2024-11-01T02:16:55.293+0000] {dagbag.py:588} INFO - Filling up the DagBag from /home/airflow/.local/lib/python3.12/site-packages/airflow/example_dags/example_workday_timetable.py
[2024-11-01T02:16:55.299+0000] {processor.py:925} INFO - DAG(s) 'example_workday_timetable' retrieved from /home/airflow/.local/lib/python3.12/site-packages/airflow/example_dags/example_workday_timetable.py
[2024-11-01T02:16:55.318+0000] {logging_mixin.py:190} INFO - [2024-11-01T02:16:55.317+0000] {dag.py:3239} INFO - Sync 1 DAGs
[2024-11-01T02:16:55.380+0000] {logging_mixin.py:190} INFO - [2024-11-01T02:16:55.380+0000] {dag.py:4180} INFO - Setting next_dagrun for example_workday_timetable to 2021-01-04 00:00:00+00:00, run_after=2021-01-05 00:00:00+00:00
[2024-11-01T02:16:55.401+0000] {processor.py:208} INFO - Processing /home/airflow/.local/lib/python3.12/site-packages/airflow/example_dags/example_workday_timetable.py took 0.115 seconds
[2024-11-01T02:17:25.742+0000] {processor.py:186} INFO - Started process (PID=419) to work on /home/airflow/.local/lib/python3.12/site-packages/airflow/example_dags/example_workday_timetable.py
[2024-11-01T02:17:25.743+0000] {processor.py:914} INFO - Processing file /home/airflow/.local/lib/python3.12/site-packages/airflow/example_dags/example_workday_timetable.py for tasks to queue
[2024-11-01T02:17:25.745+0000] {logging_mixin.py:190} INFO - [2024-11-01T02:17:25.745+0000] {dagbag.py:588} INFO - Filling up the DagBag from /home/airflow/.local/lib/python3.12/site-packages/airflow/example_dags/example_workday_timetable.py
[2024-11-01T02:17:25.750+0000] {processor.py:925} INFO - DAG(s) 'example_workday_timetable' retrieved from /home/airflow/.local/lib/python3.12/site-packages/airflow/example_dags/example_workday_timetable.py
[2024-11-01T02:17:25.765+0000] {logging_mixin.py:190} INFO - [2024-11-01T02:17:25.765+0000] {dag.py:3239} INFO - Sync 1 DAGs
[2024-11-01T02:17:25.820+0000] {logging_mixin.py:190} INFO - [2024-11-01T02:17:25.820+0000] {dag.py:4180} INFO - Setting next_dagrun for example_workday_timetable to 2021-01-04 00:00:00+00:00, run_after=2021-01-05 00:00:00+00:00
[2024-11-01T02:17:25.837+0000] {processor.py:208} INFO - Processing /home/airflow/.local/lib/python3.12/site-packages/airflow/example_dags/example_workday_timetable.py took 0.099 seconds
[2024-11-01T02:17:56.248+0000] {processor.py:186} INFO - Started process (PID=482) to work on /home/airflow/.local/lib/python3.12/site-packages/airflow/example_dags/example_workday_timetable.py
[2024-11-01T02:17:56.249+0000] {processor.py:914} INFO - Processing file /home/airflow/.local/lib/python3.12/site-packages/airflow/example_dags/example_workday_timetable.py for tasks to queue
[2024-11-01T02:17:56.251+0000] {logging_mixin.py:190} INFO - [2024-11-01T02:17:56.251+0000] {dagbag.py:588} INFO - Filling up the DagBag from /home/airflow/.local/lib/python3.12/site-packages/airflow/example_dags/example_workday_timetable.py
[2024-11-01T02:17:56.256+0000] {processor.py:925} INFO - DAG(s) 'example_workday_timetable' retrieved from /home/airflow/.local/lib/python3.12/site-packages/airflow/example_dags/example_workday_timetable.py
[2024-11-01T02:17:56.273+0000] {logging_mixin.py:190} INFO - [2024-11-01T02:17:56.272+0000] {dag.py:3239} INFO - Sync 1 DAGs
[2024-11-01T02:17:56.325+0000] {logging_mixin.py:190} INFO - [2024-11-01T02:17:56.325+0000] {dag.py:4180} INFO - Setting next_dagrun for example_workday_timetable to 2021-01-04 00:00:00+00:00, run_after=2021-01-05 00:00:00+00:00
[2024-11-01T02:17:56.343+0000] {processor.py:208} INFO - Processing /home/airflow/.local/lib/python3.12/site-packages/airflow/example_dags/example_workday_timetable.py took 0.101 seconds
[2024-11-01T02:18:26.738+0000] {processor.py:186} INFO - Started process (PID=545) to work on /home/airflow/.local/lib/python3.12/site-packages/airflow/example_dags/example_workday_timetable.py
[2024-11-01T02:18:26.739+0000] {processor.py:914} INFO - Processing file /home/airflow/.local/lib/python3.12/site-packages/airflow/example_dags/example_workday_timetable.py for tasks to queue
[2024-11-01T02:18:26.742+0000] {logging_mixin.py:190} INFO - [2024-11-01T02:18:26.741+0000] {dagbag.py:588} INFO - Filling up the DagBag from /home/airflow/.local/lib/python3.12/site-packages/airflow/example_dags/example_workday_timetable.py
[2024-11-01T02:18:26.747+0000] {processor.py:925} INFO - DAG(s) 'example_workday_timetable' retrieved from /home/airflow/.local/lib/python3.12/site-packages/airflow/example_dags/example_workday_timetable.py
[2024-11-01T02:18:26.763+0000] {logging_mixin.py:190} INFO - [2024-11-01T02:18:26.763+0000] {dag.py:3239} INFO - Sync 1 DAGs
[2024-11-01T02:18:26.819+0000] {logging_mixin.py:190} INFO - [2024-11-01T02:18:26.818+0000] {dag.py:4180} INFO - Setting next_dagrun for example_workday_timetable to 2021-01-04 00:00:00+00:00, run_after=2021-01-05 00:00:00+00:00
[2024-11-01T02:18:26.836+0000] {processor.py:208} INFO - Processing /home/airflow/.local/lib/python3.12/site-packages/airflow/example_dags/example_workday_timetable.py took 0.102 seconds
[2024-11-01T02:18:57.366+0000] {processor.py:186} INFO - Started process (PID=608) to work on /home/airflow/.local/lib/python3.12/site-packages/airflow/example_dags/example_workday_timetable.py
[2024-11-01T02:18:57.367+0000] {processor.py:914} INFO - Processing file /home/airflow/.local/lib/python3.12/site-packages/airflow/example_dags/example_workday_timetable.py for tasks to queue
[2024-11-01T02:18:57.369+0000] {logging_mixin.py:190} INFO - [2024-11-01T02:18:57.369+0000] {dagbag.py:588} INFO - Filling up the DagBag from /home/airflow/.local/lib/python3.12/site-packages/airflow/example_dags/example_workday_timetable.py
[2024-11-01T02:18:57.375+0000] {processor.py:925} INFO - DAG(s) 'example_workday_timetable' retrieved from /home/airflow/.local/lib/python3.12/site-packages/airflow/example_dags/example_workday_timetable.py
[2024-11-01T02:18:57.391+0000] {logging_mixin.py:190} INFO - [2024-11-01T02:18:57.391+0000] {dag.py:3239} INFO - Sync 1 DAGs
[2024-11-01T02:18:57.442+0000] {logging_mixin.py:190} INFO - [2024-11-01T02:18:57.442+0000] {dag.py:4180} INFO - Setting next_dagrun for example_workday_timetable to 2021-01-04 00:00:00+00:00, run_after=2021-01-05 00:00:00+00:00
[2024-11-01T02:18:57.458+0000] {processor.py:208} INFO - Processing /home/airflow/.local/lib/python3.12/site-packages/airflow/example_dags/example_workday_timetable.py took 0.097 seconds
[2024-11-01T02:19:27.769+0000] {processor.py:186} INFO - Started process (PID=671) to work on /home/airflow/.local/lib/python3.12/site-packages/airflow/example_dags/example_workday_timetable.py
[2024-11-01T02:19:27.770+0000] {processor.py:914} INFO - Processing file /home/airflow/.local/lib/python3.12/site-packages/airflow/example_dags/example_workday_timetable.py for tasks to queue
[2024-11-01T02:19:27.772+0000] {logging_mixin.py:190} INFO - [2024-11-01T02:19:27.771+0000] {dagbag.py:588} INFO - Filling up the DagBag from /home/airflow/.local/lib/python3.12/site-packages/airflow/example_dags/example_workday_timetable.py
[2024-11-01T02:19:27.777+0000] {processor.py:925} INFO - DAG(s) 'example_workday_timetable' retrieved from /home/airflow/.local/lib/python3.12/site-packages/airflow/example_dags/example_workday_timetable.py
[2024-11-01T02:19:27.792+0000] {logging_mixin.py:190} INFO - [2024-11-01T02:19:27.792+0000] {dag.py:3239} INFO - Sync 1 DAGs
[2024-11-01T02:19:27.843+0000] {logging_mixin.py:190} INFO - [2024-11-01T02:19:27.842+0000] {dag.py:4180} INFO - Setting next_dagrun for example_workday_timetable to 2021-01-04 00:00:00+00:00, run_after=2021-01-05 00:00:00+00:00
[2024-11-01T02:19:27.859+0000] {processor.py:208} INFO - Processing /home/airflow/.local/lib/python3.12/site-packages/airflow/example_dags/example_workday_timetable.py took 0.095 seconds
[2024-11-01T02:19:58.577+0000] {processor.py:186} INFO - Started process (PID=734) to work on /home/airflow/.local/lib/python3.12/site-packages/airflow/example_dags/example_workday_timetable.py
[2024-11-01T02:19:58.578+0000] {processor.py:914} INFO - Processing file /home/airflow/.local/lib/python3.12/site-packages/airflow/example_dags/example_workday_timetable.py for tasks to queue
[2024-11-01T02:19:58.580+0000] {logging_mixin.py:190} INFO - [2024-11-01T02:19:58.579+0000] {dagbag.py:588} INFO - Filling up the DagBag from /home/airflow/.local/lib/python3.12/site-packages/airflow/example_dags/example_workday_timetable.py
[2024-11-01T02:19:58.584+0000] {processor.py:925} INFO - DAG(s) 'example_workday_timetable' retrieved from /home/airflow/.local/lib/python3.12/site-packages/airflow/example_dags/example_workday_timetable.py
[2024-11-01T02:19:58.600+0000] {logging_mixin.py:190} INFO - [2024-11-01T02:19:58.600+0000] {dag.py:3239} INFO - Sync 1 DAGs
[2024-11-01T02:19:58.652+0000] {logging_mixin.py:190} INFO - [2024-11-01T02:19:58.652+0000] {dag.py:4180} INFO - Setting next_dagrun for example_workday_timetable to 2021-01-04 00:00:00+00:00, run_after=2021-01-05 00:00:00+00:00
[2024-11-01T02:19:58.669+0000] {processor.py:208} INFO - Processing /home/airflow/.local/lib/python3.12/site-packages/airflow/example_dags/example_workday_timetable.py took 0.097 seconds
[2024-11-01T02:20:29.215+0000] {processor.py:186} INFO - Started process (PID=797) to work on /home/airflow/.local/lib/python3.12/site-packages/airflow/example_dags/example_workday_timetable.py
[2024-11-01T02:20:29.216+0000] {processor.py:914} INFO - Processing file /home/airflow/.local/lib/python3.12/site-packages/airflow/example_dags/example_workday_timetable.py for tasks to queue
[2024-11-01T02:20:29.217+0000] {logging_mixin.py:190} INFO - [2024-11-01T02:20:29.217+0000] {dagbag.py:588} INFO - Filling up the DagBag from /home/airflow/.local/lib/python3.12/site-packages/airflow/example_dags/example_workday_timetable.py
[2024-11-01T02:20:29.222+0000] {processor.py:925} INFO - DAG(s) 'example_workday_timetable' retrieved from /home/airflow/.local/lib/python3.12/site-packages/airflow/example_dags/example_workday_timetable.py
[2024-11-01T02:20:29.237+0000] {logging_mixin.py:190} INFO - [2024-11-01T02:20:29.237+0000] {dag.py:3239} INFO - Sync 1 DAGs
[2024-11-01T02:20:29.291+0000] {logging_mixin.py:190} INFO - [2024-11-01T02:20:29.291+0000] {dag.py:4180} INFO - Setting next_dagrun for example_workday_timetable to 2021-01-04 00:00:00+00:00, run_after=2021-01-05 00:00:00+00:00
[2024-11-01T02:20:29.307+0000] {processor.py:208} INFO - Processing /home/airflow/.local/lib/python3.12/site-packages/airflow/example_dags/example_workday_timetable.py took 0.097 seconds
[2024-11-01T02:21:00.378+0000] {processor.py:186} INFO - Started process (PID=860) to work on /home/airflow/.local/lib/python3.12/site-packages/airflow/example_dags/example_workday_timetable.py
[2024-11-01T02:21:00.379+0000] {processor.py:914} INFO - Processing file /home/airflow/.local/lib/python3.12/site-packages/airflow/example_dags/example_workday_timetable.py for tasks to queue
[2024-11-01T02:21:00.381+0000] {logging_mixin.py:190} INFO - [2024-11-01T02:21:00.381+0000] {dagbag.py:588} INFO - Filling up the DagBag from /home/airflow/.local/lib/python3.12/site-packages/airflow/example_dags/example_workday_timetable.py
[2024-11-01T02:21:00.387+0000] {processor.py:925} INFO - DAG(s) 'example_workday_timetable' retrieved from /home/airflow/.local/lib/python3.12/site-packages/airflow/example_dags/example_workday_timetable.py
[2024-11-01T02:21:00.404+0000] {logging_mixin.py:190} INFO - [2024-11-01T02:21:00.403+0000] {dag.py:3239} INFO - Sync 1 DAGs
[2024-11-01T02:21:00.460+0000] {logging_mixin.py:190} INFO - [2024-11-01T02:21:00.460+0000] {dag.py:4180} INFO - Setting next_dagrun for example_workday_timetable to 2021-01-04 00:00:00+00:00, run_after=2021-01-05 00:00:00+00:00
[2024-11-01T02:21:00.480+0000] {processor.py:208} INFO - Processing /home/airflow/.local/lib/python3.12/site-packages/airflow/example_dags/example_workday_timetable.py took 0.106 seconds
[2024-11-01T02:21:31.272+0000] {processor.py:186} INFO - Started process (PID=923) to work on /home/airflow/.local/lib/python3.12/site-packages/airflow/example_dags/example_workday_timetable.py
[2024-11-01T02:21:31.273+0000] {processor.py:914} INFO - Processing file /home/airflow/.local/lib/python3.12/site-packages/airflow/example_dags/example_workday_timetable.py for tasks to queue
[2024-11-01T02:21:31.275+0000] {logging_mixin.py:190} INFO - [2024-11-01T02:21:31.275+0000] {dagbag.py:588} INFO - Filling up the DagBag from /home/airflow/.local/lib/python3.12/site-packages/airflow/example_dags/example_workday_timetable.py
[2024-11-01T02:21:31.280+0000] {processor.py:925} INFO - DAG(s) 'example_workday_timetable' retrieved from /home/airflow/.local/lib/python3.12/site-packages/airflow/example_dags/example_workday_timetable.py
[2024-11-01T02:21:31.297+0000] {logging_mixin.py:190} INFO - [2024-11-01T02:21:31.296+0000] {dag.py:3239} INFO - Sync 1 DAGs
[2024-11-01T02:21:31.350+0000] {logging_mixin.py:190} INFO - [2024-11-01T02:21:31.350+0000] {dag.py:4180} INFO - Setting next_dagrun for example_workday_timetable to 2021-01-04 00:00:00+00:00, run_after=2021-01-05 00:00:00+00:00
[2024-11-01T02:21:31.367+0000] {processor.py:208} INFO - Processing /home/airflow/.local/lib/python3.12/site-packages/airflow/example_dags/example_workday_timetable.py took 0.100 seconds
[2024-11-01T02:22:02.088+0000] {processor.py:186} INFO - Started process (PID=986) to work on /home/airflow/.local/lib/python3.12/site-packages/airflow/example_dags/example_workday_timetable.py
[2024-11-01T02:22:02.089+0000] {processor.py:914} INFO - Processing file /home/airflow/.local/lib/python3.12/site-packages/airflow/example_dags/example_workday_timetable.py for tasks to queue
[2024-11-01T02:22:02.091+0000] {logging_mixin.py:190} INFO - [2024-11-01T02:22:02.091+0000] {dagbag.py:588} INFO - Filling up the DagBag from /home/airflow/.local/lib/python3.12/site-packages/airflow/example_dags/example_workday_timetable.py
[2024-11-01T02:22:02.096+0000] {processor.py:925} INFO - DAG(s) 'example_workday_timetable' retrieved from /home/airflow/.local/lib/python3.12/site-packages/airflow/example_dags/example_workday_timetable.py
[2024-11-01T02:22:02.111+0000] {logging_mixin.py:190} INFO - [2024-11-01T02:22:02.111+0000] {dag.py:3239} INFO - Sync 1 DAGs
[2024-11-01T02:22:02.165+0000] {logging_mixin.py:190} INFO - [2024-11-01T02:22:02.164+0000] {dag.py:4180} INFO - Setting next_dagrun for example_workday_timetable to 2021-01-04 00:00:00+00:00, run_after=2021-01-05 00:00:00+00:00
[2024-11-01T02:22:02.183+0000] {processor.py:208} INFO - Processing /home/airflow/.local/lib/python3.12/site-packages/airflow/example_dags/example_workday_timetable.py took 0.099 seconds
[2024-11-01T02:22:32.667+0000] {processor.py:186} INFO - Started process (PID=1049) to work on /home/airflow/.local/lib/python3.12/site-packages/airflow/example_dags/example_workday_timetable.py
[2024-11-01T02:22:32.668+0000] {processor.py:914} INFO - Processing file /home/airflow/.local/lib/python3.12/site-packages/airflow/example_dags/example_workday_timetable.py for tasks to queue
[2024-11-01T02:22:32.671+0000] {logging_mixin.py:190} INFO - [2024-11-01T02:22:32.670+0000] {dagbag.py:588} INFO - Filling up the DagBag from /home/airflow/.local/lib/python3.12/site-packages/airflow/example_dags/example_workday_timetable.py
[2024-11-01T02:22:32.677+0000] {processor.py:925} INFO - DAG(s) 'example_workday_timetable' retrieved from /home/airflow/.local/lib/python3.12/site-packages/airflow/example_dags/example_workday_timetable.py
[2024-11-01T02:22:32.693+0000] {logging_mixin.py:190} INFO - [2024-11-01T02:22:32.693+0000] {dag.py:3239} INFO - Sync 1 DAGs
[2024-11-01T02:22:32.748+0000] {logging_mixin.py:190} INFO - [2024-11-01T02:22:32.748+0000] {dag.py:4180} INFO - Setting next_dagrun for example_workday_timetable to 2021-01-04 00:00:00+00:00, run_after=2021-01-05 00:00:00+00:00
[2024-11-01T02:22:32.768+0000] {processor.py:208} INFO - Processing /home/airflow/.local/lib/python3.12/site-packages/airflow/example_dags/example_workday_timetable.py took 0.106 seconds
[2024-11-01T02:23:03.498+0000] {processor.py:186} INFO - Started process (PID=1112) to work on /home/airflow/.local/lib/python3.12/site-packages/airflow/example_dags/example_workday_timetable.py
[2024-11-01T02:23:03.498+0000] {processor.py:914} INFO - Processing file /home/airflow/.local/lib/python3.12/site-packages/airflow/example_dags/example_workday_timetable.py for tasks to queue
[2024-11-01T02:23:03.500+0000] {logging_mixin.py:190} INFO - [2024-11-01T02:23:03.500+0000] {dagbag.py:588} INFO - Filling up the DagBag from /home/airflow/.local/lib/python3.12/site-packages/airflow/example_dags/example_workday_timetable.py
[2024-11-01T02:23:03.506+0000] {processor.py:925} INFO - DAG(s) 'example_workday_timetable' retrieved from /home/airflow/.local/lib/python3.12/site-packages/airflow/example_dags/example_workday_timetable.py
[2024-11-01T02:23:03.522+0000] {logging_mixin.py:190} INFO - [2024-11-01T02:23:03.522+0000] {dag.py:3239} INFO - Sync 1 DAGs
[2024-11-01T02:23:03.575+0000] {logging_mixin.py:190} INFO - [2024-11-01T02:23:03.575+0000] {dag.py:4180} INFO - Setting next_dagrun for example_workday_timetable to 2021-01-04 00:00:00+00:00, run_after=2021-01-05 00:00:00+00:00
[2024-11-01T02:23:03.591+0000] {processor.py:208} INFO - Processing /home/airflow/.local/lib/python3.12/site-packages/airflow/example_dags/example_workday_timetable.py took 0.098 seconds
[2024-11-01T02:23:34.091+0000] {processor.py:186} INFO - Started process (PID=1175) to work on /home/airflow/.local/lib/python3.12/site-packages/airflow/example_dags/example_workday_timetable.py
[2024-11-01T02:23:34.092+0000] {processor.py:914} INFO - Processing file /home/airflow/.local/lib/python3.12/site-packages/airflow/example_dags/example_workday_timetable.py for tasks to queue
[2024-11-01T02:23:34.094+0000] {logging_mixin.py:190} INFO - [2024-11-01T02:23:34.093+0000] {dagbag.py:588} INFO - Filling up the DagBag from /home/airflow/.local/lib/python3.12/site-packages/airflow/example_dags/example_workday_timetable.py
[2024-11-01T02:23:34.099+0000] {processor.py:925} INFO - DAG(s) 'example_workday_timetable' retrieved from /home/airflow/.local/lib/python3.12/site-packages/airflow/example_dags/example_workday_timetable.py
[2024-11-01T02:23:34.114+0000] {logging_mixin.py:190} INFO - [2024-11-01T02:23:34.114+0000] {dag.py:3239} INFO - Sync 1 DAGs
[2024-11-01T02:23:34.184+0000] {logging_mixin.py:190} INFO - [2024-11-01T02:23:34.184+0000] {dag.py:4180} INFO - Setting next_dagrun for example_workday_timetable to 2021-01-04 00:00:00+00:00, run_after=2021-01-05 00:00:00+00:00
[2024-11-01T02:23:34.201+0000] {processor.py:208} INFO - Processing /home/airflow/.local/lib/python3.12/site-packages/airflow/example_dags/example_workday_timetable.py took 0.115 seconds
