[2024-11-01T02:04:30.523+0000] {processor.py:186} INFO - Started process (PID=75) to work on /home/airflow/.local/lib/python3.12/site-packages/airflow/example_dags/example_bash_operator.py
[2024-11-01T02:04:30.524+0000] {processor.py:914} INFO - Processing file /home/airflow/.local/lib/python3.12/site-packages/airflow/example_dags/example_bash_operator.py for tasks to queue
[2024-11-01T02:04:30.526+0000] {logging_mixin.py:190} INFO - [2024-11-01T02:04:30.526+0000] {dagbag.py:588} INFO - Filling up the DagBag from /home/airflow/.local/lib/python3.12/site-packages/airflow/example_dags/example_bash_operator.py
[2024-11-01T02:04:30.541+0000] {processor.py:925} INFO - DAG(s) 'example_bash_operator' retrieved from /home/airflow/.local/lib/python3.12/site-packages/airflow/example_dags/example_bash_operator.py
[2024-11-01T02:04:30.643+0000] {logging_mixin.py:190} INFO - [2024-11-01T02:04:30.642+0000] {override.py:1900} INFO - Created Permission View: can edit on DAG:example_bash_operator
[2024-11-01T02:04:30.652+0000] {logging_mixin.py:190} INFO - [2024-11-01T02:04:30.651+0000] {override.py:1900} INFO - Created Permission View: can read on DAG:example_bash_operator
[2024-11-01T02:04:30.658+0000] {logging_mixin.py:190} INFO - [2024-11-01T02:04:30.658+0000] {override.py:1900} INFO - Created Permission View: can delete on DAG:example_bash_operator
[2024-11-01T02:04:30.666+0000] {logging_mixin.py:190} INFO - [2024-11-01T02:04:30.666+0000] {override.py:1900} INFO - Created Permission View: can delete on DAG Run:example_bash_operator
[2024-11-01T02:04:30.673+0000] {logging_mixin.py:190} INFO - [2024-11-01T02:04:30.673+0000] {override.py:1900} INFO - Created Permission View: can read on DAG Run:example_bash_operator
[2024-11-01T02:04:30.680+0000] {logging_mixin.py:190} INFO - [2024-11-01T02:04:30.680+0000] {override.py:1900} INFO - Created Permission View: can create on DAG Run:example_bash_operator
[2024-11-01T02:04:30.687+0000] {logging_mixin.py:190} INFO - [2024-11-01T02:04:30.687+0000] {override.py:1900} INFO - Created Permission View: menu access on DAG Run:example_bash_operator
[2024-11-01T02:04:30.687+0000] {logging_mixin.py:190} INFO - [2024-11-01T02:04:30.687+0000] {dag.py:3239} INFO - Sync 1 DAGs
[2024-11-01T02:04:30.700+0000] {logging_mixin.py:190} INFO - [2024-11-01T02:04:30.700+0000] {dag.py:3262} INFO - Creating ORM DAG for example_bash_operator
[2024-11-01T02:04:30.709+0000] {logging_mixin.py:190} INFO - [2024-11-01T02:04:30.709+0000] {dag.py:4180} INFO - Setting next_dagrun for example_bash_operator to 2024-10-31 00:00:00+00:00, run_after=2024-11-01 00:00:00+00:00
[2024-11-01T02:04:30.725+0000] {processor.py:208} INFO - Processing /home/airflow/.local/lib/python3.12/site-packages/airflow/example_dags/example_bash_operator.py took 0.206 seconds
[2024-11-01T02:05:01.472+0000] {processor.py:186} INFO - Started process (PID=137) to work on /home/airflow/.local/lib/python3.12/site-packages/airflow/example_dags/example_bash_operator.py
[2024-11-01T02:05:01.473+0000] {processor.py:914} INFO - Processing file /home/airflow/.local/lib/python3.12/site-packages/airflow/example_dags/example_bash_operator.py for tasks to queue
[2024-11-01T02:05:01.475+0000] {logging_mixin.py:190} INFO - [2024-11-01T02:05:01.475+0000] {dagbag.py:588} INFO - Filling up the DagBag from /home/airflow/.local/lib/python3.12/site-packages/airflow/example_dags/example_bash_operator.py
[2024-11-01T02:05:01.486+0000] {processor.py:925} INFO - DAG(s) 'example_bash_operator' retrieved from /home/airflow/.local/lib/python3.12/site-packages/airflow/example_dags/example_bash_operator.py
[2024-11-01T02:05:01.508+0000] {logging_mixin.py:190} INFO - [2024-11-01T02:05:01.508+0000] {dag.py:3239} INFO - Sync 1 DAGs
[2024-11-01T02:05:01.529+0000] {logging_mixin.py:190} INFO - [2024-11-01T02:05:01.528+0000] {dag.py:4180} INFO - Setting next_dagrun for example_bash_operator to 2024-10-31 00:00:00+00:00, run_after=2024-11-01 00:00:00+00:00
[2024-11-01T02:05:01.545+0000] {processor.py:208} INFO - Processing /home/airflow/.local/lib/python3.12/site-packages/airflow/example_dags/example_bash_operator.py took 0.078 seconds
[2024-11-01T02:05:31.816+0000] {processor.py:186} INFO - Started process (PID=199) to work on /home/airflow/.local/lib/python3.12/site-packages/airflow/example_dags/example_bash_operator.py
[2024-11-01T02:05:31.817+0000] {processor.py:914} INFO - Processing file /home/airflow/.local/lib/python3.12/site-packages/airflow/example_dags/example_bash_operator.py for tasks to queue
[2024-11-01T02:05:31.819+0000] {logging_mixin.py:190} INFO - [2024-11-01T02:05:31.818+0000] {dagbag.py:588} INFO - Filling up the DagBag from /home/airflow/.local/lib/python3.12/site-packages/airflow/example_dags/example_bash_operator.py
[2024-11-01T02:05:31.829+0000] {processor.py:925} INFO - DAG(s) 'example_bash_operator' retrieved from /home/airflow/.local/lib/python3.12/site-packages/airflow/example_dags/example_bash_operator.py
[2024-11-01T02:05:31.854+0000] {logging_mixin.py:190} INFO - [2024-11-01T02:05:31.854+0000] {dag.py:3239} INFO - Sync 1 DAGs
[2024-11-01T02:05:31.880+0000] {logging_mixin.py:190} INFO - [2024-11-01T02:05:31.880+0000] {dag.py:4180} INFO - Setting next_dagrun for example_bash_operator to 2024-10-31 00:00:00+00:00, run_after=2024-11-01 00:00:00+00:00
[2024-11-01T02:05:31.899+0000] {processor.py:208} INFO - Processing /home/airflow/.local/lib/python3.12/site-packages/airflow/example_dags/example_bash_operator.py took 0.088 seconds
[2024-11-01T02:06:02.111+0000] {processor.py:186} INFO - Started process (PID=261) to work on /home/airflow/.local/lib/python3.12/site-packages/airflow/example_dags/example_bash_operator.py
[2024-11-01T02:06:02.112+0000] {processor.py:914} INFO - Processing file /home/airflow/.local/lib/python3.12/site-packages/airflow/example_dags/example_bash_operator.py for tasks to queue
[2024-11-01T02:06:02.114+0000] {logging_mixin.py:190} INFO - [2024-11-01T02:06:02.114+0000] {dagbag.py:588} INFO - Filling up the DagBag from /home/airflow/.local/lib/python3.12/site-packages/airflow/example_dags/example_bash_operator.py
[2024-11-01T02:06:02.125+0000] {processor.py:925} INFO - DAG(s) 'example_bash_operator' retrieved from /home/airflow/.local/lib/python3.12/site-packages/airflow/example_dags/example_bash_operator.py
[2024-11-01T02:06:02.150+0000] {logging_mixin.py:190} INFO - [2024-11-01T02:06:02.149+0000] {dag.py:3239} INFO - Sync 1 DAGs
[2024-11-01T02:06:02.171+0000] {logging_mixin.py:190} INFO - [2024-11-01T02:06:02.170+0000] {dag.py:4180} INFO - Setting next_dagrun for example_bash_operator to 2024-10-31 00:00:00+00:00, run_after=2024-11-01 00:00:00+00:00
[2024-11-01T02:06:02.187+0000] {processor.py:208} INFO - Processing /home/airflow/.local/lib/python3.12/site-packages/airflow/example_dags/example_bash_operator.py took 0.081 seconds
[2024-11-01T02:14:50.844+0000] {processor.py:186} INFO - Started process (PID=71) to work on /home/airflow/.local/lib/python3.12/site-packages/airflow/example_dags/example_bash_operator.py
[2024-11-01T02:14:50.845+0000] {processor.py:914} INFO - Processing file /home/airflow/.local/lib/python3.12/site-packages/airflow/example_dags/example_bash_operator.py for tasks to queue
[2024-11-01T02:14:50.848+0000] {logging_mixin.py:190} INFO - [2024-11-01T02:14:50.847+0000] {dagbag.py:588} INFO - Filling up the DagBag from /home/airflow/.local/lib/python3.12/site-packages/airflow/example_dags/example_bash_operator.py
[2024-11-01T02:14:50.862+0000] {processor.py:925} INFO - DAG(s) 'example_bash_operator' retrieved from /home/airflow/.local/lib/python3.12/site-packages/airflow/example_dags/example_bash_operator.py
[2024-11-01T02:14:50.890+0000] {logging_mixin.py:190} INFO - [2024-11-01T02:14:50.890+0000] {dag.py:3239} INFO - Sync 1 DAGs
[2024-11-01T02:14:50.911+0000] {logging_mixin.py:190} INFO - [2024-11-01T02:14:50.910+0000] {dag.py:4180} INFO - Setting next_dagrun for example_bash_operator to 2024-10-31 00:00:00+00:00, run_after=2024-11-01 00:00:00+00:00
[2024-11-01T02:14:50.928+0000] {processor.py:208} INFO - Processing /home/airflow/.local/lib/python3.12/site-packages/airflow/example_dags/example_bash_operator.py took 0.091 seconds
[2024-11-01T02:15:21.654+0000] {processor.py:186} INFO - Started process (PID=134) to work on /home/airflow/.local/lib/python3.12/site-packages/airflow/example_dags/example_bash_operator.py
[2024-11-01T02:15:21.654+0000] {processor.py:914} INFO - Processing file /home/airflow/.local/lib/python3.12/site-packages/airflow/example_dags/example_bash_operator.py for tasks to queue
[2024-11-01T02:15:21.657+0000] {logging_mixin.py:190} INFO - [2024-11-01T02:15:21.656+0000] {dagbag.py:588} INFO - Filling up the DagBag from /home/airflow/.local/lib/python3.12/site-packages/airflow/example_dags/example_bash_operator.py
[2024-11-01T02:15:21.667+0000] {processor.py:925} INFO - DAG(s) 'example_bash_operator' retrieved from /home/airflow/.local/lib/python3.12/site-packages/airflow/example_dags/example_bash_operator.py
[2024-11-01T02:15:21.692+0000] {logging_mixin.py:190} INFO - [2024-11-01T02:15:21.691+0000] {dag.py:3239} INFO - Sync 1 DAGs
[2024-11-01T02:15:21.713+0000] {logging_mixin.py:190} INFO - [2024-11-01T02:15:21.712+0000] {dag.py:4180} INFO - Setting next_dagrun for example_bash_operator to 2024-10-31 00:00:00+00:00, run_after=2024-11-01 00:00:00+00:00
[2024-11-01T02:15:21.729+0000] {processor.py:208} INFO - Processing /home/airflow/.local/lib/python3.12/site-packages/airflow/example_dags/example_bash_operator.py took 0.081 seconds
[2024-11-01T02:15:52.184+0000] {processor.py:186} INFO - Started process (PID=197) to work on /home/airflow/.local/lib/python3.12/site-packages/airflow/example_dags/example_bash_operator.py
[2024-11-01T02:15:52.185+0000] {processor.py:914} INFO - Processing file /home/airflow/.local/lib/python3.12/site-packages/airflow/example_dags/example_bash_operator.py for tasks to queue
[2024-11-01T02:15:52.187+0000] {logging_mixin.py:190} INFO - [2024-11-01T02:15:52.187+0000] {dagbag.py:588} INFO - Filling up the DagBag from /home/airflow/.local/lib/python3.12/site-packages/airflow/example_dags/example_bash_operator.py
[2024-11-01T02:15:52.199+0000] {processor.py:925} INFO - DAG(s) 'example_bash_operator' retrieved from /home/airflow/.local/lib/python3.12/site-packages/airflow/example_dags/example_bash_operator.py
[2024-11-01T02:15:52.223+0000] {logging_mixin.py:190} INFO - [2024-11-01T02:15:52.223+0000] {dag.py:3239} INFO - Sync 1 DAGs
[2024-11-01T02:15:52.244+0000] {logging_mixin.py:190} INFO - [2024-11-01T02:15:52.244+0000] {dag.py:4180} INFO - Setting next_dagrun for example_bash_operator to 2024-10-31 00:00:00+00:00, run_after=2024-11-01 00:00:00+00:00
[2024-11-01T02:15:52.261+0000] {processor.py:208} INFO - Processing /home/airflow/.local/lib/python3.12/site-packages/airflow/example_dags/example_bash_operator.py took 0.082 seconds
[2024-11-01T02:16:22.741+0000] {processor.py:186} INFO - Started process (PID=260) to work on /home/airflow/.local/lib/python3.12/site-packages/airflow/example_dags/example_bash_operator.py
[2024-11-01T02:16:22.742+0000] {processor.py:914} INFO - Processing file /home/airflow/.local/lib/python3.12/site-packages/airflow/example_dags/example_bash_operator.py for tasks to queue
[2024-11-01T02:16:22.744+0000] {logging_mixin.py:190} INFO - [2024-11-01T02:16:22.744+0000] {dagbag.py:588} INFO - Filling up the DagBag from /home/airflow/.local/lib/python3.12/site-packages/airflow/example_dags/example_bash_operator.py
[2024-11-01T02:16:22.755+0000] {processor.py:925} INFO - DAG(s) 'example_bash_operator' retrieved from /home/airflow/.local/lib/python3.12/site-packages/airflow/example_dags/example_bash_operator.py
[2024-11-01T02:16:22.779+0000] {logging_mixin.py:190} INFO - [2024-11-01T02:16:22.778+0000] {dag.py:3239} INFO - Sync 1 DAGs
[2024-11-01T02:16:22.800+0000] {logging_mixin.py:190} INFO - [2024-11-01T02:16:22.800+0000] {dag.py:4180} INFO - Setting next_dagrun for example_bash_operator to 2024-10-31 00:00:00+00:00, run_after=2024-11-01 00:00:00+00:00
[2024-11-01T02:16:22.818+0000] {processor.py:208} INFO - Processing /home/airflow/.local/lib/python3.12/site-packages/airflow/example_dags/example_bash_operator.py took 0.082 seconds
[2024-11-01T02:16:53.304+0000] {processor.py:186} INFO - Started process (PID=323) to work on /home/airflow/.local/lib/python3.12/site-packages/airflow/example_dags/example_bash_operator.py
[2024-11-01T02:16:53.305+0000] {processor.py:914} INFO - Processing file /home/airflow/.local/lib/python3.12/site-packages/airflow/example_dags/example_bash_operator.py for tasks to queue
[2024-11-01T02:16:53.307+0000] {logging_mixin.py:190} INFO - [2024-11-01T02:16:53.307+0000] {dagbag.py:588} INFO - Filling up the DagBag from /home/airflow/.local/lib/python3.12/site-packages/airflow/example_dags/example_bash_operator.py
[2024-11-01T02:16:53.319+0000] {processor.py:925} INFO - DAG(s) 'example_bash_operator' retrieved from /home/airflow/.local/lib/python3.12/site-packages/airflow/example_dags/example_bash_operator.py
[2024-11-01T02:16:53.343+0000] {logging_mixin.py:190} INFO - [2024-11-01T02:16:53.343+0000] {dag.py:3239} INFO - Sync 1 DAGs
[2024-11-01T02:16:53.366+0000] {logging_mixin.py:190} INFO - [2024-11-01T02:16:53.366+0000] {dag.py:4180} INFO - Setting next_dagrun for example_bash_operator to 2024-10-31 00:00:00+00:00, run_after=2024-11-01 00:00:00+00:00
[2024-11-01T02:16:53.384+0000] {processor.py:208} INFO - Processing /home/airflow/.local/lib/python3.12/site-packages/airflow/example_dags/example_bash_operator.py took 0.084 seconds
[2024-11-01T02:17:24.069+0000] {processor.py:186} INFO - Started process (PID=392) to work on /home/airflow/.local/lib/python3.12/site-packages/airflow/example_dags/example_bash_operator.py
[2024-11-01T02:17:24.070+0000] {processor.py:914} INFO - Processing file /home/airflow/.local/lib/python3.12/site-packages/airflow/example_dags/example_bash_operator.py for tasks to queue
[2024-11-01T02:17:24.072+0000] {logging_mixin.py:190} INFO - [2024-11-01T02:17:24.072+0000] {dagbag.py:588} INFO - Filling up the DagBag from /home/airflow/.local/lib/python3.12/site-packages/airflow/example_dags/example_bash_operator.py
[2024-11-01T02:17:24.083+0000] {processor.py:925} INFO - DAG(s) 'example_bash_operator' retrieved from /home/airflow/.local/lib/python3.12/site-packages/airflow/example_dags/example_bash_operator.py
[2024-11-01T02:17:24.106+0000] {logging_mixin.py:190} INFO - [2024-11-01T02:17:24.106+0000] {dag.py:3239} INFO - Sync 1 DAGs
[2024-11-01T02:17:24.127+0000] {logging_mixin.py:190} INFO - [2024-11-01T02:17:24.127+0000] {dag.py:4180} INFO - Setting next_dagrun for example_bash_operator to 2024-10-31 00:00:00+00:00, run_after=2024-11-01 00:00:00+00:00
[2024-11-01T02:17:24.143+0000] {processor.py:208} INFO - Processing /home/airflow/.local/lib/python3.12/site-packages/airflow/example_dags/example_bash_operator.py took 0.079 seconds
[2024-11-01T02:17:54.531+0000] {processor.py:186} INFO - Started process (PID=455) to work on /home/airflow/.local/lib/python3.12/site-packages/airflow/example_dags/example_bash_operator.py
[2024-11-01T02:17:54.532+0000] {processor.py:914} INFO - Processing file /home/airflow/.local/lib/python3.12/site-packages/airflow/example_dags/example_bash_operator.py for tasks to queue
[2024-11-01T02:17:54.534+0000] {logging_mixin.py:190} INFO - [2024-11-01T02:17:54.534+0000] {dagbag.py:588} INFO - Filling up the DagBag from /home/airflow/.local/lib/python3.12/site-packages/airflow/example_dags/example_bash_operator.py
[2024-11-01T02:17:54.545+0000] {processor.py:925} INFO - DAG(s) 'example_bash_operator' retrieved from /home/airflow/.local/lib/python3.12/site-packages/airflow/example_dags/example_bash_operator.py
[2024-11-01T02:17:54.569+0000] {logging_mixin.py:190} INFO - [2024-11-01T02:17:54.568+0000] {dag.py:3239} INFO - Sync 1 DAGs
[2024-11-01T02:17:54.590+0000] {logging_mixin.py:190} INFO - [2024-11-01T02:17:54.589+0000] {dag.py:4180} INFO - Setting next_dagrun for example_bash_operator to 2024-10-31 00:00:00+00:00, run_after=2024-11-01 00:00:00+00:00
[2024-11-01T02:17:54.606+0000] {processor.py:208} INFO - Processing /home/airflow/.local/lib/python3.12/site-packages/airflow/example_dags/example_bash_operator.py took 0.081 seconds
[2024-11-01T02:18:24.981+0000] {processor.py:186} INFO - Started process (PID=518) to work on /home/airflow/.local/lib/python3.12/site-packages/airflow/example_dags/example_bash_operator.py
[2024-11-01T02:18:24.982+0000] {processor.py:914} INFO - Processing file /home/airflow/.local/lib/python3.12/site-packages/airflow/example_dags/example_bash_operator.py for tasks to queue
[2024-11-01T02:18:24.984+0000] {logging_mixin.py:190} INFO - [2024-11-01T02:18:24.984+0000] {dagbag.py:588} INFO - Filling up the DagBag from /home/airflow/.local/lib/python3.12/site-packages/airflow/example_dags/example_bash_operator.py
[2024-11-01T02:18:24.995+0000] {processor.py:925} INFO - DAG(s) 'example_bash_operator' retrieved from /home/airflow/.local/lib/python3.12/site-packages/airflow/example_dags/example_bash_operator.py
[2024-11-01T02:18:25.018+0000] {logging_mixin.py:190} INFO - [2024-11-01T02:18:25.018+0000] {dag.py:3239} INFO - Sync 1 DAGs
[2024-11-01T02:18:25.040+0000] {logging_mixin.py:190} INFO - [2024-11-01T02:18:25.039+0000] {dag.py:4180} INFO - Setting next_dagrun for example_bash_operator to 2024-10-31 00:00:00+00:00, run_after=2024-11-01 00:00:00+00:00
[2024-11-01T02:18:25.056+0000] {processor.py:208} INFO - Processing /home/airflow/.local/lib/python3.12/site-packages/airflow/example_dags/example_bash_operator.py took 0.079 seconds
[2024-11-01T02:18:55.487+0000] {processor.py:186} INFO - Started process (PID=581) to work on /home/airflow/.local/lib/python3.12/site-packages/airflow/example_dags/example_bash_operator.py
[2024-11-01T02:18:55.488+0000] {processor.py:914} INFO - Processing file /home/airflow/.local/lib/python3.12/site-packages/airflow/example_dags/example_bash_operator.py for tasks to queue
[2024-11-01T02:18:55.490+0000] {logging_mixin.py:190} INFO - [2024-11-01T02:18:55.490+0000] {dagbag.py:588} INFO - Filling up the DagBag from /home/airflow/.local/lib/python3.12/site-packages/airflow/example_dags/example_bash_operator.py
[2024-11-01T02:18:55.503+0000] {processor.py:925} INFO - DAG(s) 'example_bash_operator' retrieved from /home/airflow/.local/lib/python3.12/site-packages/airflow/example_dags/example_bash_operator.py
[2024-11-01T02:18:55.529+0000] {logging_mixin.py:190} INFO - [2024-11-01T02:18:55.529+0000] {dag.py:3239} INFO - Sync 1 DAGs
[2024-11-01T02:18:55.551+0000] {logging_mixin.py:190} INFO - [2024-11-01T02:18:55.551+0000] {dag.py:4180} INFO - Setting next_dagrun for example_bash_operator to 2024-10-31 00:00:00+00:00, run_after=2024-11-01 00:00:00+00:00
[2024-11-01T02:18:55.568+0000] {processor.py:208} INFO - Processing /home/airflow/.local/lib/python3.12/site-packages/airflow/example_dags/example_bash_operator.py took 0.086 seconds
[2024-11-01T02:19:26.126+0000] {processor.py:186} INFO - Started process (PID=644) to work on /home/airflow/.local/lib/python3.12/site-packages/airflow/example_dags/example_bash_operator.py
[2024-11-01T02:19:26.127+0000] {processor.py:914} INFO - Processing file /home/airflow/.local/lib/python3.12/site-packages/airflow/example_dags/example_bash_operator.py for tasks to queue
[2024-11-01T02:19:26.129+0000] {logging_mixin.py:190} INFO - [2024-11-01T02:19:26.129+0000] {dagbag.py:588} INFO - Filling up the DagBag from /home/airflow/.local/lib/python3.12/site-packages/airflow/example_dags/example_bash_operator.py
[2024-11-01T02:19:26.141+0000] {processor.py:925} INFO - DAG(s) 'example_bash_operator' retrieved from /home/airflow/.local/lib/python3.12/site-packages/airflow/example_dags/example_bash_operator.py
[2024-11-01T02:19:26.164+0000] {logging_mixin.py:190} INFO - [2024-11-01T02:19:26.164+0000] {dag.py:3239} INFO - Sync 1 DAGs
[2024-11-01T02:19:26.185+0000] {logging_mixin.py:190} INFO - [2024-11-01T02:19:26.184+0000] {dag.py:4180} INFO - Setting next_dagrun for example_bash_operator to 2024-10-31 00:00:00+00:00, run_after=2024-11-01 00:00:00+00:00
[2024-11-01T02:19:26.200+0000] {processor.py:208} INFO - Processing /home/airflow/.local/lib/python3.12/site-packages/airflow/example_dags/example_bash_operator.py took 0.078 seconds
[2024-11-01T02:19:56.750+0000] {processor.py:186} INFO - Started process (PID=707) to work on /home/airflow/.local/lib/python3.12/site-packages/airflow/example_dags/example_bash_operator.py
[2024-11-01T02:19:56.751+0000] {processor.py:914} INFO - Processing file /home/airflow/.local/lib/python3.12/site-packages/airflow/example_dags/example_bash_operator.py for tasks to queue
[2024-11-01T02:19:56.753+0000] {logging_mixin.py:190} INFO - [2024-11-01T02:19:56.752+0000] {dagbag.py:588} INFO - Filling up the DagBag from /home/airflow/.local/lib/python3.12/site-packages/airflow/example_dags/example_bash_operator.py
[2024-11-01T02:19:56.764+0000] {processor.py:925} INFO - DAG(s) 'example_bash_operator' retrieved from /home/airflow/.local/lib/python3.12/site-packages/airflow/example_dags/example_bash_operator.py
[2024-11-01T02:19:56.788+0000] {logging_mixin.py:190} INFO - [2024-11-01T02:19:56.788+0000] {dag.py:3239} INFO - Sync 1 DAGs
[2024-11-01T02:19:56.812+0000] {logging_mixin.py:190} INFO - [2024-11-01T02:19:56.811+0000] {dag.py:4180} INFO - Setting next_dagrun for example_bash_operator to 2024-10-31 00:00:00+00:00, run_after=2024-11-01 00:00:00+00:00
[2024-11-01T02:19:56.830+0000] {processor.py:208} INFO - Processing /home/airflow/.local/lib/python3.12/site-packages/airflow/example_dags/example_bash_operator.py took 0.085 seconds
[2024-11-01T02:20:27.405+0000] {processor.py:186} INFO - Started process (PID=770) to work on /home/airflow/.local/lib/python3.12/site-packages/airflow/example_dags/example_bash_operator.py
[2024-11-01T02:20:27.406+0000] {processor.py:914} INFO - Processing file /home/airflow/.local/lib/python3.12/site-packages/airflow/example_dags/example_bash_operator.py for tasks to queue
[2024-11-01T02:20:27.409+0000] {logging_mixin.py:190} INFO - [2024-11-01T02:20:27.408+0000] {dagbag.py:588} INFO - Filling up the DagBag from /home/airflow/.local/lib/python3.12/site-packages/airflow/example_dags/example_bash_operator.py
[2024-11-01T02:20:27.419+0000] {processor.py:925} INFO - DAG(s) 'example_bash_operator' retrieved from /home/airflow/.local/lib/python3.12/site-packages/airflow/example_dags/example_bash_operator.py
[2024-11-01T02:20:27.443+0000] {logging_mixin.py:190} INFO - [2024-11-01T02:20:27.443+0000] {dag.py:3239} INFO - Sync 1 DAGs
[2024-11-01T02:20:27.464+0000] {logging_mixin.py:190} INFO - [2024-11-01T02:20:27.464+0000] {dag.py:4180} INFO - Setting next_dagrun for example_bash_operator to 2024-10-31 00:00:00+00:00, run_after=2024-11-01 00:00:00+00:00
[2024-11-01T02:20:27.482+0000] {processor.py:208} INFO - Processing /home/airflow/.local/lib/python3.12/site-packages/airflow/example_dags/example_bash_operator.py took 0.081 seconds
[2024-11-01T02:20:58.320+0000] {processor.py:186} INFO - Started process (PID=833) to work on /home/airflow/.local/lib/python3.12/site-packages/airflow/example_dags/example_bash_operator.py
[2024-11-01T02:20:58.322+0000] {processor.py:914} INFO - Processing file /home/airflow/.local/lib/python3.12/site-packages/airflow/example_dags/example_bash_operator.py for tasks to queue
[2024-11-01T02:20:58.324+0000] {logging_mixin.py:190} INFO - [2024-11-01T02:20:58.323+0000] {dagbag.py:588} INFO - Filling up the DagBag from /home/airflow/.local/lib/python3.12/site-packages/airflow/example_dags/example_bash_operator.py
[2024-11-01T02:20:58.334+0000] {processor.py:925} INFO - DAG(s) 'example_bash_operator' retrieved from /home/airflow/.local/lib/python3.12/site-packages/airflow/example_dags/example_bash_operator.py
[2024-11-01T02:20:58.358+0000] {logging_mixin.py:190} INFO - [2024-11-01T02:20:58.358+0000] {dag.py:3239} INFO - Sync 1 DAGs
[2024-11-01T02:20:58.379+0000] {logging_mixin.py:190} INFO - [2024-11-01T02:20:58.378+0000] {dag.py:4180} INFO - Setting next_dagrun for example_bash_operator to 2024-10-31 00:00:00+00:00, run_after=2024-11-01 00:00:00+00:00
[2024-11-01T02:20:58.396+0000] {processor.py:208} INFO - Processing /home/airflow/.local/lib/python3.12/site-packages/airflow/example_dags/example_bash_operator.py took 0.080 seconds
[2024-11-01T02:21:28.542+0000] {processor.py:186} INFO - Started process (PID=896) to work on /home/airflow/.local/lib/python3.12/site-packages/airflow/example_dags/example_bash_operator.py
[2024-11-01T02:21:28.543+0000] {processor.py:914} INFO - Processing file /home/airflow/.local/lib/python3.12/site-packages/airflow/example_dags/example_bash_operator.py for tasks to queue
[2024-11-01T02:21:28.545+0000] {logging_mixin.py:190} INFO - [2024-11-01T02:21:28.545+0000] {dagbag.py:588} INFO - Filling up the DagBag from /home/airflow/.local/lib/python3.12/site-packages/airflow/example_dags/example_bash_operator.py
[2024-11-01T02:21:28.557+0000] {processor.py:925} INFO - DAG(s) 'example_bash_operator' retrieved from /home/airflow/.local/lib/python3.12/site-packages/airflow/example_dags/example_bash_operator.py
[2024-11-01T02:21:28.581+0000] {logging_mixin.py:190} INFO - [2024-11-01T02:21:28.581+0000] {dag.py:3239} INFO - Sync 1 DAGs
[2024-11-01T02:21:28.602+0000] {logging_mixin.py:190} INFO - [2024-11-01T02:21:28.602+0000] {dag.py:4180} INFO - Setting next_dagrun for example_bash_operator to 2024-10-31 00:00:00+00:00, run_after=2024-11-01 00:00:00+00:00
[2024-11-01T02:21:28.617+0000] {processor.py:208} INFO - Processing /home/airflow/.local/lib/python3.12/site-packages/airflow/example_dags/example_bash_operator.py took 0.080 seconds
[2024-11-01T02:21:59.123+0000] {processor.py:186} INFO - Started process (PID=959) to work on /home/airflow/.local/lib/python3.12/site-packages/airflow/example_dags/example_bash_operator.py
[2024-11-01T02:21:59.124+0000] {processor.py:914} INFO - Processing file /home/airflow/.local/lib/python3.12/site-packages/airflow/example_dags/example_bash_operator.py for tasks to queue
[2024-11-01T02:21:59.126+0000] {logging_mixin.py:190} INFO - [2024-11-01T02:21:59.126+0000] {dagbag.py:588} INFO - Filling up the DagBag from /home/airflow/.local/lib/python3.12/site-packages/airflow/example_dags/example_bash_operator.py
[2024-11-01T02:21:59.138+0000] {processor.py:925} INFO - DAG(s) 'example_bash_operator' retrieved from /home/airflow/.local/lib/python3.12/site-packages/airflow/example_dags/example_bash_operator.py
[2024-11-01T02:21:59.162+0000] {logging_mixin.py:190} INFO - [2024-11-01T02:21:59.162+0000] {dag.py:3239} INFO - Sync 1 DAGs
[2024-11-01T02:21:59.183+0000] {logging_mixin.py:190} INFO - [2024-11-01T02:21:59.183+0000] {dag.py:4180} INFO - Setting next_dagrun for example_bash_operator to 2024-10-31 00:00:00+00:00, run_after=2024-11-01 00:00:00+00:00
[2024-11-01T02:21:59.199+0000] {processor.py:208} INFO - Processing /home/airflow/.local/lib/python3.12/site-packages/airflow/example_dags/example_bash_operator.py took 0.081 seconds
[2024-11-01T02:22:29.987+0000] {processor.py:186} INFO - Started process (PID=1022) to work on /home/airflow/.local/lib/python3.12/site-packages/airflow/example_dags/example_bash_operator.py
[2024-11-01T02:22:29.988+0000] {processor.py:914} INFO - Processing file /home/airflow/.local/lib/python3.12/site-packages/airflow/example_dags/example_bash_operator.py for tasks to queue
[2024-11-01T02:22:29.990+0000] {logging_mixin.py:190} INFO - [2024-11-01T02:22:29.990+0000] {dagbag.py:588} INFO - Filling up the DagBag from /home/airflow/.local/lib/python3.12/site-packages/airflow/example_dags/example_bash_operator.py
[2024-11-01T02:22:30.001+0000] {processor.py:925} INFO - DAG(s) 'example_bash_operator' retrieved from /home/airflow/.local/lib/python3.12/site-packages/airflow/example_dags/example_bash_operator.py
[2024-11-01T02:22:30.027+0000] {logging_mixin.py:190} INFO - [2024-11-01T02:22:30.027+0000] {dag.py:3239} INFO - Sync 1 DAGs
[2024-11-01T02:22:30.049+0000] {logging_mixin.py:190} INFO - [2024-11-01T02:22:30.049+0000] {dag.py:4180} INFO - Setting next_dagrun for example_bash_operator to 2024-10-31 00:00:00+00:00, run_after=2024-11-01 00:00:00+00:00
[2024-11-01T02:22:30.068+0000] {processor.py:208} INFO - Processing /home/airflow/.local/lib/python3.12/site-packages/airflow/example_dags/example_bash_operator.py took 0.086 seconds
[2024-11-01T02:23:00.850+0000] {processor.py:186} INFO - Started process (PID=1085) to work on /home/airflow/.local/lib/python3.12/site-packages/airflow/example_dags/example_bash_operator.py
[2024-11-01T02:23:00.851+0000] {processor.py:914} INFO - Processing file /home/airflow/.local/lib/python3.12/site-packages/airflow/example_dags/example_bash_operator.py for tasks to queue
[2024-11-01T02:23:00.853+0000] {logging_mixin.py:190} INFO - [2024-11-01T02:23:00.852+0000] {dagbag.py:588} INFO - Filling up the DagBag from /home/airflow/.local/lib/python3.12/site-packages/airflow/example_dags/example_bash_operator.py
[2024-11-01T02:23:00.864+0000] {processor.py:925} INFO - DAG(s) 'example_bash_operator' retrieved from /home/airflow/.local/lib/python3.12/site-packages/airflow/example_dags/example_bash_operator.py
[2024-11-01T02:23:00.887+0000] {logging_mixin.py:190} INFO - [2024-11-01T02:23:00.887+0000] {dag.py:3239} INFO - Sync 1 DAGs
[2024-11-01T02:23:00.908+0000] {logging_mixin.py:190} INFO - [2024-11-01T02:23:00.907+0000] {dag.py:4180} INFO - Setting next_dagrun for example_bash_operator to 2024-10-31 00:00:00+00:00, run_after=2024-11-01 00:00:00+00:00
[2024-11-01T02:23:00.924+0000] {processor.py:208} INFO - Processing /home/airflow/.local/lib/python3.12/site-packages/airflow/example_dags/example_bash_operator.py took 0.079 seconds
[2024-11-01T02:23:31.454+0000] {processor.py:186} INFO - Started process (PID=1148) to work on /home/airflow/.local/lib/python3.12/site-packages/airflow/example_dags/example_bash_operator.py
[2024-11-01T02:23:31.455+0000] {processor.py:914} INFO - Processing file /home/airflow/.local/lib/python3.12/site-packages/airflow/example_dags/example_bash_operator.py for tasks to queue
[2024-11-01T02:23:31.457+0000] {logging_mixin.py:190} INFO - [2024-11-01T02:23:31.457+0000] {dagbag.py:588} INFO - Filling up the DagBag from /home/airflow/.local/lib/python3.12/site-packages/airflow/example_dags/example_bash_operator.py
[2024-11-01T02:23:31.469+0000] {processor.py:925} INFO - DAG(s) 'example_bash_operator' retrieved from /home/airflow/.local/lib/python3.12/site-packages/airflow/example_dags/example_bash_operator.py
[2024-11-01T02:23:31.493+0000] {logging_mixin.py:190} INFO - [2024-11-01T02:23:31.493+0000] {dag.py:3239} INFO - Sync 1 DAGs
[2024-11-01T02:23:31.513+0000] {logging_mixin.py:190} INFO - [2024-11-01T02:23:31.513+0000] {dag.py:4180} INFO - Setting next_dagrun for example_bash_operator to 2024-10-31 00:00:00+00:00, run_after=2024-11-01 00:00:00+00:00
[2024-11-01T02:23:31.529+0000] {processor.py:208} INFO - Processing /home/airflow/.local/lib/python3.12/site-packages/airflow/example_dags/example_bash_operator.py took 0.080 seconds
