[2024-11-01T02:04:32.354+0000] {processor.py:186} INFO - Started process (PID=88) to work on /home/airflow/.local/lib/python3.12/site-packages/airflow/example_dags/example_sensors.py
[2024-11-01T02:04:32.355+0000] {processor.py:914} INFO - Processing file /home/airflow/.local/lib/python3.12/site-packages/airflow/example_dags/example_sensors.py for tasks to queue
[2024-11-01T02:04:32.357+0000] {logging_mixin.py:190} INFO - [2024-11-01T02:04:32.357+0000] {dagbag.py:588} INFO - Filling up the DagBag from /home/airflow/.local/lib/python3.12/site-packages/airflow/example_dags/example_sensors.py
[2024-11-01T02:04:32.369+0000] {processor.py:925} INFO - DAG(s) 'example_sensors' retrieved from /home/airflow/.local/lib/python3.12/site-packages/airflow/example_dags/example_sensors.py
[2024-11-01T02:04:32.473+0000] {logging_mixin.py:190} INFO - [2024-11-01T02:04:32.473+0000] {override.py:1900} INFO - Created Permission View: can edit on DAG:example_sensors
[2024-11-01T02:04:32.482+0000] {logging_mixin.py:190} INFO - [2024-11-01T02:04:32.482+0000] {override.py:1900} INFO - Created Permission View: can read on DAG:example_sensors
[2024-11-01T02:04:32.488+0000] {logging_mixin.py:190} INFO - [2024-11-01T02:04:32.488+0000] {override.py:1900} INFO - Created Permission View: can delete on DAG:example_sensors
[2024-11-01T02:04:32.495+0000] {logging_mixin.py:190} INFO - [2024-11-01T02:04:32.495+0000] {override.py:1900} INFO - Created Permission View: can delete on DAG Run:example_sensors
[2024-11-01T02:04:32.501+0000] {logging_mixin.py:190} INFO - [2024-11-01T02:04:32.501+0000] {override.py:1900} INFO - Created Permission View: can read on DAG Run:example_sensors
[2024-11-01T02:04:32.507+0000] {logging_mixin.py:190} INFO - [2024-11-01T02:04:32.507+0000] {override.py:1900} INFO - Created Permission View: can create on DAG Run:example_sensors
[2024-11-01T02:04:32.513+0000] {logging_mixin.py:190} INFO - [2024-11-01T02:04:32.513+0000] {override.py:1900} INFO - Created Permission View: menu access on DAG Run:example_sensors
[2024-11-01T02:04:32.514+0000] {logging_mixin.py:190} INFO - [2024-11-01T02:04:32.514+0000] {dag.py:3239} INFO - Sync 1 DAGs
[2024-11-01T02:04:32.526+0000] {logging_mixin.py:190} INFO - [2024-11-01T02:04:32.526+0000] {dag.py:3262} INFO - Creating ORM DAG for example_sensors
[2024-11-01T02:04:32.527+0000] {logging_mixin.py:190} INFO - [2024-11-01T02:04:32.527+0000] {dag.py:4180} INFO - Setting next_dagrun for example_sensors to None, run_after=None
[2024-11-01T02:04:32.540+0000] {processor.py:208} INFO - Processing /home/airflow/.local/lib/python3.12/site-packages/airflow/example_dags/example_sensors.py took 0.191 seconds
[2024-11-01T02:05:03.217+0000] {processor.py:186} INFO - Started process (PID=150) to work on /home/airflow/.local/lib/python3.12/site-packages/airflow/example_dags/example_sensors.py
[2024-11-01T02:05:03.218+0000] {processor.py:914} INFO - Processing file /home/airflow/.local/lib/python3.12/site-packages/airflow/example_dags/example_sensors.py for tasks to queue
[2024-11-01T02:05:03.220+0000] {logging_mixin.py:190} INFO - [2024-11-01T02:05:03.220+0000] {dagbag.py:588} INFO - Filling up the DagBag from /home/airflow/.local/lib/python3.12/site-packages/airflow/example_dags/example_sensors.py
[2024-11-01T02:05:03.229+0000] {processor.py:925} INFO - DAG(s) 'example_sensors' retrieved from /home/airflow/.local/lib/python3.12/site-packages/airflow/example_dags/example_sensors.py
[2024-11-01T02:05:03.252+0000] {logging_mixin.py:190} INFO - [2024-11-01T02:05:03.252+0000] {dag.py:3239} INFO - Sync 1 DAGs
[2024-11-01T02:05:03.265+0000] {logging_mixin.py:190} INFO - [2024-11-01T02:05:03.264+0000] {dag.py:4180} INFO - Setting next_dagrun for example_sensors to None, run_after=None
[2024-11-01T02:05:03.284+0000] {processor.py:208} INFO - Processing /home/airflow/.local/lib/python3.12/site-packages/airflow/example_dags/example_sensors.py took 0.072 seconds
[2024-11-01T02:05:33.498+0000] {processor.py:186} INFO - Started process (PID=212) to work on /home/airflow/.local/lib/python3.12/site-packages/airflow/example_dags/example_sensors.py
[2024-11-01T02:05:33.499+0000] {processor.py:914} INFO - Processing file /home/airflow/.local/lib/python3.12/site-packages/airflow/example_dags/example_sensors.py for tasks to queue
[2024-11-01T02:05:33.501+0000] {logging_mixin.py:190} INFO - [2024-11-01T02:05:33.501+0000] {dagbag.py:588} INFO - Filling up the DagBag from /home/airflow/.local/lib/python3.12/site-packages/airflow/example_dags/example_sensors.py
[2024-11-01T02:05:33.509+0000] {processor.py:925} INFO - DAG(s) 'example_sensors' retrieved from /home/airflow/.local/lib/python3.12/site-packages/airflow/example_dags/example_sensors.py
[2024-11-01T02:05:33.531+0000] {logging_mixin.py:190} INFO - [2024-11-01T02:05:33.531+0000] {dag.py:3239} INFO - Sync 1 DAGs
[2024-11-01T02:05:33.543+0000] {logging_mixin.py:190} INFO - [2024-11-01T02:05:33.543+0000] {dag.py:4180} INFO - Setting next_dagrun for example_sensors to None, run_after=None
[2024-11-01T02:05:33.559+0000] {processor.py:208} INFO - Processing /home/airflow/.local/lib/python3.12/site-packages/airflow/example_dags/example_sensors.py took 0.065 seconds
[2024-11-01T02:06:03.775+0000] {processor.py:186} INFO - Started process (PID=274) to work on /home/airflow/.local/lib/python3.12/site-packages/airflow/example_dags/example_sensors.py
[2024-11-01T02:06:03.775+0000] {processor.py:914} INFO - Processing file /home/airflow/.local/lib/python3.12/site-packages/airflow/example_dags/example_sensors.py for tasks to queue
[2024-11-01T02:06:03.777+0000] {logging_mixin.py:190} INFO - [2024-11-01T02:06:03.777+0000] {dagbag.py:588} INFO - Filling up the DagBag from /home/airflow/.local/lib/python3.12/site-packages/airflow/example_dags/example_sensors.py
[2024-11-01T02:06:03.786+0000] {processor.py:925} INFO - DAG(s) 'example_sensors' retrieved from /home/airflow/.local/lib/python3.12/site-packages/airflow/example_dags/example_sensors.py
[2024-11-01T02:06:03.809+0000] {logging_mixin.py:190} INFO - [2024-11-01T02:06:03.809+0000] {dag.py:3239} INFO - Sync 1 DAGs
[2024-11-01T02:06:03.822+0000] {logging_mixin.py:190} INFO - [2024-11-01T02:06:03.822+0000] {dag.py:4180} INFO - Setting next_dagrun for example_sensors to None, run_after=None
[2024-11-01T02:06:03.839+0000] {processor.py:208} INFO - Processing /home/airflow/.local/lib/python3.12/site-packages/airflow/example_dags/example_sensors.py took 0.068 seconds
[2024-11-01T02:14:51.659+0000] {processor.py:186} INFO - Started process (PID=84) to work on /home/airflow/.local/lib/python3.12/site-packages/airflow/example_dags/example_sensors.py
[2024-11-01T02:14:51.660+0000] {processor.py:914} INFO - Processing file /home/airflow/.local/lib/python3.12/site-packages/airflow/example_dags/example_sensors.py for tasks to queue
[2024-11-01T02:14:51.662+0000] {logging_mixin.py:190} INFO - [2024-11-01T02:14:51.661+0000] {dagbag.py:588} INFO - Filling up the DagBag from /home/airflow/.local/lib/python3.12/site-packages/airflow/example_dags/example_sensors.py
[2024-11-01T02:14:51.672+0000] {processor.py:925} INFO - DAG(s) 'example_sensors' retrieved from /home/airflow/.local/lib/python3.12/site-packages/airflow/example_dags/example_sensors.py
[2024-11-01T02:14:51.701+0000] {logging_mixin.py:190} INFO - [2024-11-01T02:14:51.700+0000] {dag.py:3239} INFO - Sync 1 DAGs
[2024-11-01T02:14:51.716+0000] {logging_mixin.py:190} INFO - [2024-11-01T02:14:51.715+0000] {dag.py:4180} INFO - Setting next_dagrun for example_sensors to None, run_after=None
[2024-11-01T02:14:51.735+0000] {processor.py:208} INFO - Processing /home/airflow/.local/lib/python3.12/site-packages/airflow/example_dags/example_sensors.py took 0.081 seconds
[2024-11-01T02:15:22.385+0000] {processor.py:186} INFO - Started process (PID=147) to work on /home/airflow/.local/lib/python3.12/site-packages/airflow/example_dags/example_sensors.py
[2024-11-01T02:15:22.386+0000] {processor.py:914} INFO - Processing file /home/airflow/.local/lib/python3.12/site-packages/airflow/example_dags/example_sensors.py for tasks to queue
[2024-11-01T02:15:22.388+0000] {logging_mixin.py:190} INFO - [2024-11-01T02:15:22.387+0000] {dagbag.py:588} INFO - Filling up the DagBag from /home/airflow/.local/lib/python3.12/site-packages/airflow/example_dags/example_sensors.py
[2024-11-01T02:15:22.396+0000] {processor.py:925} INFO - DAG(s) 'example_sensors' retrieved from /home/airflow/.local/lib/python3.12/site-packages/airflow/example_dags/example_sensors.py
[2024-11-01T02:15:22.419+0000] {logging_mixin.py:190} INFO - [2024-11-01T02:15:22.419+0000] {dag.py:3239} INFO - Sync 1 DAGs
[2024-11-01T02:15:22.430+0000] {logging_mixin.py:190} INFO - [2024-11-01T02:15:22.430+0000] {dag.py:4180} INFO - Setting next_dagrun for example_sensors to None, run_after=None
[2024-11-01T02:15:22.448+0000] {processor.py:208} INFO - Processing /home/airflow/.local/lib/python3.12/site-packages/airflow/example_dags/example_sensors.py took 0.068 seconds
[2024-11-01T02:15:52.952+0000] {processor.py:186} INFO - Started process (PID=210) to work on /home/airflow/.local/lib/python3.12/site-packages/airflow/example_dags/example_sensors.py
[2024-11-01T02:15:52.953+0000] {processor.py:914} INFO - Processing file /home/airflow/.local/lib/python3.12/site-packages/airflow/example_dags/example_sensors.py for tasks to queue
[2024-11-01T02:15:52.955+0000] {logging_mixin.py:190} INFO - [2024-11-01T02:15:52.954+0000] {dagbag.py:588} INFO - Filling up the DagBag from /home/airflow/.local/lib/python3.12/site-packages/airflow/example_dags/example_sensors.py
[2024-11-01T02:15:52.964+0000] {processor.py:925} INFO - DAG(s) 'example_sensors' retrieved from /home/airflow/.local/lib/python3.12/site-packages/airflow/example_dags/example_sensors.py
[2024-11-01T02:15:52.987+0000] {logging_mixin.py:190} INFO - [2024-11-01T02:15:52.987+0000] {dag.py:3239} INFO - Sync 1 DAGs
[2024-11-01T02:15:53.000+0000] {logging_mixin.py:190} INFO - [2024-11-01T02:15:53.000+0000] {dag.py:4180} INFO - Setting next_dagrun for example_sensors to None, run_after=None
[2024-11-01T02:15:53.020+0000] {processor.py:208} INFO - Processing /home/airflow/.local/lib/python3.12/site-packages/airflow/example_dags/example_sensors.py took 0.073 seconds
[2024-11-01T02:16:23.620+0000] {processor.py:186} INFO - Started process (PID=279) to work on /home/airflow/.local/lib/python3.12/site-packages/airflow/example_dags/example_sensors.py
[2024-11-01T02:16:23.621+0000] {processor.py:914} INFO - Processing file /home/airflow/.local/lib/python3.12/site-packages/airflow/example_dags/example_sensors.py for tasks to queue
[2024-11-01T02:16:23.623+0000] {logging_mixin.py:190} INFO - [2024-11-01T02:16:23.623+0000] {dagbag.py:588} INFO - Filling up the DagBag from /home/airflow/.local/lib/python3.12/site-packages/airflow/example_dags/example_sensors.py
[2024-11-01T02:16:23.632+0000] {processor.py:925} INFO - DAG(s) 'example_sensors' retrieved from /home/airflow/.local/lib/python3.12/site-packages/airflow/example_dags/example_sensors.py
[2024-11-01T02:16:23.655+0000] {logging_mixin.py:190} INFO - [2024-11-01T02:16:23.655+0000] {dag.py:3239} INFO - Sync 1 DAGs
[2024-11-01T02:16:23.668+0000] {logging_mixin.py:190} INFO - [2024-11-01T02:16:23.668+0000] {dag.py:4180} INFO - Setting next_dagrun for example_sensors to None, run_after=None
[2024-11-01T02:16:23.685+0000] {processor.py:208} INFO - Processing /home/airflow/.local/lib/python3.12/site-packages/airflow/example_dags/example_sensors.py took 0.071 seconds
[2024-11-01T02:16:54.120+0000] {processor.py:186} INFO - Started process (PID=342) to work on /home/airflow/.local/lib/python3.12/site-packages/airflow/example_dags/example_sensors.py
[2024-11-01T02:16:54.120+0000] {processor.py:914} INFO - Processing file /home/airflow/.local/lib/python3.12/site-packages/airflow/example_dags/example_sensors.py for tasks to queue
[2024-11-01T02:16:54.123+0000] {logging_mixin.py:190} INFO - [2024-11-01T02:16:54.122+0000] {dagbag.py:588} INFO - Filling up the DagBag from /home/airflow/.local/lib/python3.12/site-packages/airflow/example_dags/example_sensors.py
[2024-11-01T02:16:54.132+0000] {processor.py:925} INFO - DAG(s) 'example_sensors' retrieved from /home/airflow/.local/lib/python3.12/site-packages/airflow/example_dags/example_sensors.py
[2024-11-01T02:16:54.153+0000] {logging_mixin.py:190} INFO - [2024-11-01T02:16:54.153+0000] {dag.py:3239} INFO - Sync 1 DAGs
[2024-11-01T02:16:54.168+0000] {logging_mixin.py:190} INFO - [2024-11-01T02:16:54.167+0000] {dag.py:4180} INFO - Setting next_dagrun for example_sensors to None, run_after=None
[2024-11-01T02:16:54.186+0000] {processor.py:208} INFO - Processing /home/airflow/.local/lib/python3.12/site-packages/airflow/example_dags/example_sensors.py took 0.071 seconds
[2024-11-01T02:17:24.794+0000] {processor.py:186} INFO - Started process (PID=405) to work on /home/airflow/.local/lib/python3.12/site-packages/airflow/example_dags/example_sensors.py
[2024-11-01T02:17:24.794+0000] {processor.py:914} INFO - Processing file /home/airflow/.local/lib/python3.12/site-packages/airflow/example_dags/example_sensors.py for tasks to queue
[2024-11-01T02:17:24.797+0000] {logging_mixin.py:190} INFO - [2024-11-01T02:17:24.796+0000] {dagbag.py:588} INFO - Filling up the DagBag from /home/airflow/.local/lib/python3.12/site-packages/airflow/example_dags/example_sensors.py
[2024-11-01T02:17:24.805+0000] {processor.py:925} INFO - DAG(s) 'example_sensors' retrieved from /home/airflow/.local/lib/python3.12/site-packages/airflow/example_dags/example_sensors.py
[2024-11-01T02:17:24.827+0000] {logging_mixin.py:190} INFO - [2024-11-01T02:17:24.827+0000] {dag.py:3239} INFO - Sync 1 DAGs
[2024-11-01T02:17:24.839+0000] {logging_mixin.py:190} INFO - [2024-11-01T02:17:24.839+0000] {dag.py:4180} INFO - Setting next_dagrun for example_sensors to None, run_after=None
[2024-11-01T02:17:24.856+0000] {processor.py:208} INFO - Processing /home/airflow/.local/lib/python3.12/site-packages/airflow/example_dags/example_sensors.py took 0.069 seconds
[2024-11-01T02:17:55.337+0000] {processor.py:186} INFO - Started process (PID=468) to work on /home/airflow/.local/lib/python3.12/site-packages/airflow/example_dags/example_sensors.py
[2024-11-01T02:17:55.338+0000] {processor.py:914} INFO - Processing file /home/airflow/.local/lib/python3.12/site-packages/airflow/example_dags/example_sensors.py for tasks to queue
[2024-11-01T02:17:55.340+0000] {logging_mixin.py:190} INFO - [2024-11-01T02:17:55.340+0000] {dagbag.py:588} INFO - Filling up the DagBag from /home/airflow/.local/lib/python3.12/site-packages/airflow/example_dags/example_sensors.py
[2024-11-01T02:17:55.349+0000] {processor.py:925} INFO - DAG(s) 'example_sensors' retrieved from /home/airflow/.local/lib/python3.12/site-packages/airflow/example_dags/example_sensors.py
[2024-11-01T02:17:55.372+0000] {logging_mixin.py:190} INFO - [2024-11-01T02:17:55.371+0000] {dag.py:3239} INFO - Sync 1 DAGs
[2024-11-01T02:17:55.384+0000] {logging_mixin.py:190} INFO - [2024-11-01T02:17:55.384+0000] {dag.py:4180} INFO - Setting next_dagrun for example_sensors to None, run_after=None
[2024-11-01T02:17:55.400+0000] {processor.py:208} INFO - Processing /home/airflow/.local/lib/python3.12/site-packages/airflow/example_dags/example_sensors.py took 0.067 seconds
[2024-11-01T02:18:25.775+0000] {processor.py:186} INFO - Started process (PID=531) to work on /home/airflow/.local/lib/python3.12/site-packages/airflow/example_dags/example_sensors.py
[2024-11-01T02:18:25.776+0000] {processor.py:914} INFO - Processing file /home/airflow/.local/lib/python3.12/site-packages/airflow/example_dags/example_sensors.py for tasks to queue
[2024-11-01T02:18:25.778+0000] {logging_mixin.py:190} INFO - [2024-11-01T02:18:25.778+0000] {dagbag.py:588} INFO - Filling up the DagBag from /home/airflow/.local/lib/python3.12/site-packages/airflow/example_dags/example_sensors.py
[2024-11-01T02:18:25.787+0000] {processor.py:925} INFO - DAG(s) 'example_sensors' retrieved from /home/airflow/.local/lib/python3.12/site-packages/airflow/example_dags/example_sensors.py
[2024-11-01T02:18:25.810+0000] {logging_mixin.py:190} INFO - [2024-11-01T02:18:25.809+0000] {dag.py:3239} INFO - Sync 1 DAGs
[2024-11-01T02:18:25.822+0000] {logging_mixin.py:190} INFO - [2024-11-01T02:18:25.821+0000] {dag.py:4180} INFO - Setting next_dagrun for example_sensors to None, run_after=None
[2024-11-01T02:18:25.838+0000] {processor.py:208} INFO - Processing /home/airflow/.local/lib/python3.12/site-packages/airflow/example_dags/example_sensors.py took 0.069 seconds
[2024-11-01T02:18:56.369+0000] {processor.py:186} INFO - Started process (PID=594) to work on /home/airflow/.local/lib/python3.12/site-packages/airflow/example_dags/example_sensors.py
[2024-11-01T02:18:56.370+0000] {processor.py:914} INFO - Processing file /home/airflow/.local/lib/python3.12/site-packages/airflow/example_dags/example_sensors.py for tasks to queue
[2024-11-01T02:18:56.371+0000] {logging_mixin.py:190} INFO - [2024-11-01T02:18:56.371+0000] {dagbag.py:588} INFO - Filling up the DagBag from /home/airflow/.local/lib/python3.12/site-packages/airflow/example_dags/example_sensors.py
[2024-11-01T02:18:56.380+0000] {processor.py:925} INFO - DAG(s) 'example_sensors' retrieved from /home/airflow/.local/lib/python3.12/site-packages/airflow/example_dags/example_sensors.py
[2024-11-01T02:18:56.403+0000] {logging_mixin.py:190} INFO - [2024-11-01T02:18:56.403+0000] {dag.py:3239} INFO - Sync 1 DAGs
[2024-11-01T02:18:56.416+0000] {logging_mixin.py:190} INFO - [2024-11-01T02:18:56.416+0000] {dag.py:4180} INFO - Setting next_dagrun for example_sensors to None, run_after=None
[2024-11-01T02:18:56.433+0000] {processor.py:208} INFO - Processing /home/airflow/.local/lib/python3.12/site-packages/airflow/example_dags/example_sensors.py took 0.068 seconds
[2024-11-01T02:19:26.934+0000] {processor.py:186} INFO - Started process (PID=657) to work on /home/airflow/.local/lib/python3.12/site-packages/airflow/example_dags/example_sensors.py
[2024-11-01T02:19:26.935+0000] {processor.py:914} INFO - Processing file /home/airflow/.local/lib/python3.12/site-packages/airflow/example_dags/example_sensors.py for tasks to queue
[2024-11-01T02:19:26.937+0000] {logging_mixin.py:190} INFO - [2024-11-01T02:19:26.936+0000] {dagbag.py:588} INFO - Filling up the DagBag from /home/airflow/.local/lib/python3.12/site-packages/airflow/example_dags/example_sensors.py
[2024-11-01T02:19:26.945+0000] {processor.py:925} INFO - DAG(s) 'example_sensors' retrieved from /home/airflow/.local/lib/python3.12/site-packages/airflow/example_dags/example_sensors.py
[2024-11-01T02:19:26.967+0000] {logging_mixin.py:190} INFO - [2024-11-01T02:19:26.967+0000] {dag.py:3239} INFO - Sync 1 DAGs
[2024-11-01T02:19:26.981+0000] {logging_mixin.py:190} INFO - [2024-11-01T02:19:26.980+0000] {dag.py:4180} INFO - Setting next_dagrun for example_sensors to None, run_after=None
[2024-11-01T02:19:26.999+0000] {processor.py:208} INFO - Processing /home/airflow/.local/lib/python3.12/site-packages/airflow/example_dags/example_sensors.py took 0.070 seconds
[2024-11-01T02:19:57.569+0000] {processor.py:186} INFO - Started process (PID=720) to work on /home/airflow/.local/lib/python3.12/site-packages/airflow/example_dags/example_sensors.py
[2024-11-01T02:19:57.569+0000] {processor.py:914} INFO - Processing file /home/airflow/.local/lib/python3.12/site-packages/airflow/example_dags/example_sensors.py for tasks to queue
[2024-11-01T02:19:57.571+0000] {logging_mixin.py:190} INFO - [2024-11-01T02:19:57.571+0000] {dagbag.py:588} INFO - Filling up the DagBag from /home/airflow/.local/lib/python3.12/site-packages/airflow/example_dags/example_sensors.py
[2024-11-01T02:19:57.581+0000] {processor.py:925} INFO - DAG(s) 'example_sensors' retrieved from /home/airflow/.local/lib/python3.12/site-packages/airflow/example_dags/example_sensors.py
[2024-11-01T02:19:57.603+0000] {logging_mixin.py:190} INFO - [2024-11-01T02:19:57.603+0000] {dag.py:3239} INFO - Sync 1 DAGs
[2024-11-01T02:19:57.617+0000] {logging_mixin.py:190} INFO - [2024-11-01T02:19:57.617+0000] {dag.py:4180} INFO - Setting next_dagrun for example_sensors to None, run_after=None
[2024-11-01T02:19:57.634+0000] {processor.py:208} INFO - Processing /home/airflow/.local/lib/python3.12/site-packages/airflow/example_dags/example_sensors.py took 0.071 seconds
[2024-11-01T02:20:28.278+0000] {processor.py:186} INFO - Started process (PID=783) to work on /home/airflow/.local/lib/python3.12/site-packages/airflow/example_dags/example_sensors.py
[2024-11-01T02:20:28.279+0000] {processor.py:914} INFO - Processing file /home/airflow/.local/lib/python3.12/site-packages/airflow/example_dags/example_sensors.py for tasks to queue
[2024-11-01T02:20:28.281+0000] {logging_mixin.py:190} INFO - [2024-11-01T02:20:28.281+0000] {dagbag.py:588} INFO - Filling up the DagBag from /home/airflow/.local/lib/python3.12/site-packages/airflow/example_dags/example_sensors.py
[2024-11-01T02:20:28.290+0000] {processor.py:925} INFO - DAG(s) 'example_sensors' retrieved from /home/airflow/.local/lib/python3.12/site-packages/airflow/example_dags/example_sensors.py
[2024-11-01T02:20:28.316+0000] {logging_mixin.py:190} INFO - [2024-11-01T02:20:28.316+0000] {dag.py:3239} INFO - Sync 1 DAGs
[2024-11-01T02:20:28.331+0000] {logging_mixin.py:190} INFO - [2024-11-01T02:20:28.331+0000] {dag.py:4180} INFO - Setting next_dagrun for example_sensors to None, run_after=None
[2024-11-01T02:20:28.365+0000] {processor.py:208} INFO - Processing /home/airflow/.local/lib/python3.12/site-packages/airflow/example_dags/example_sensors.py took 0.093 seconds
[2024-11-01T02:20:59.203+0000] {processor.py:186} INFO - Started process (PID=846) to work on /home/airflow/.local/lib/python3.12/site-packages/airflow/example_dags/example_sensors.py
[2024-11-01T02:20:59.204+0000] {processor.py:914} INFO - Processing file /home/airflow/.local/lib/python3.12/site-packages/airflow/example_dags/example_sensors.py for tasks to queue
[2024-11-01T02:20:59.206+0000] {logging_mixin.py:190} INFO - [2024-11-01T02:20:59.206+0000] {dagbag.py:588} INFO - Filling up the DagBag from /home/airflow/.local/lib/python3.12/site-packages/airflow/example_dags/example_sensors.py
[2024-11-01T02:20:59.215+0000] {processor.py:925} INFO - DAG(s) 'example_sensors' retrieved from /home/airflow/.local/lib/python3.12/site-packages/airflow/example_dags/example_sensors.py
[2024-11-01T02:20:59.240+0000] {logging_mixin.py:190} INFO - [2024-11-01T02:20:59.240+0000] {dag.py:3239} INFO - Sync 1 DAGs
[2024-11-01T02:20:59.254+0000] {logging_mixin.py:190} INFO - [2024-11-01T02:20:59.254+0000] {dag.py:4180} INFO - Setting next_dagrun for example_sensors to None, run_after=None
[2024-11-01T02:20:59.275+0000] {processor.py:208} INFO - Processing /home/airflow/.local/lib/python3.12/site-packages/airflow/example_dags/example_sensors.py took 0.076 seconds
[2024-11-01T02:21:30.282+0000] {processor.py:186} INFO - Started process (PID=909) to work on /home/airflow/.local/lib/python3.12/site-packages/airflow/example_dags/example_sensors.py
[2024-11-01T02:21:30.282+0000] {processor.py:914} INFO - Processing file /home/airflow/.local/lib/python3.12/site-packages/airflow/example_dags/example_sensors.py for tasks to queue
[2024-11-01T02:21:30.284+0000] {logging_mixin.py:190} INFO - [2024-11-01T02:21:30.284+0000] {dagbag.py:588} INFO - Filling up the DagBag from /home/airflow/.local/lib/python3.12/site-packages/airflow/example_dags/example_sensors.py
[2024-11-01T02:21:30.293+0000] {processor.py:925} INFO - DAG(s) 'example_sensors' retrieved from /home/airflow/.local/lib/python3.12/site-packages/airflow/example_dags/example_sensors.py
[2024-11-01T02:21:30.316+0000] {logging_mixin.py:190} INFO - [2024-11-01T02:21:30.316+0000] {dag.py:3239} INFO - Sync 1 DAGs
[2024-11-01T02:21:30.332+0000] {logging_mixin.py:190} INFO - [2024-11-01T02:21:30.332+0000] {dag.py:4180} INFO - Setting next_dagrun for example_sensors to None, run_after=None
[2024-11-01T02:21:30.354+0000] {processor.py:208} INFO - Processing /home/airflow/.local/lib/python3.12/site-packages/airflow/example_dags/example_sensors.py took 0.077 seconds
[2024-11-01T02:22:01.027+0000] {processor.py:186} INFO - Started process (PID=972) to work on /home/airflow/.local/lib/python3.12/site-packages/airflow/example_dags/example_sensors.py
[2024-11-01T02:22:01.028+0000] {processor.py:914} INFO - Processing file /home/airflow/.local/lib/python3.12/site-packages/airflow/example_dags/example_sensors.py for tasks to queue
[2024-11-01T02:22:01.030+0000] {logging_mixin.py:190} INFO - [2024-11-01T02:22:01.029+0000] {dagbag.py:588} INFO - Filling up the DagBag from /home/airflow/.local/lib/python3.12/site-packages/airflow/example_dags/example_sensors.py
[2024-11-01T02:22:01.039+0000] {processor.py:925} INFO - DAG(s) 'example_sensors' retrieved from /home/airflow/.local/lib/python3.12/site-packages/airflow/example_dags/example_sensors.py
[2024-11-01T02:22:01.060+0000] {logging_mixin.py:190} INFO - [2024-11-01T02:22:01.060+0000] {dag.py:3239} INFO - Sync 1 DAGs
[2024-11-01T02:22:01.073+0000] {logging_mixin.py:190} INFO - [2024-11-01T02:22:01.073+0000] {dag.py:4180} INFO - Setting next_dagrun for example_sensors to None, run_after=None
[2024-11-01T02:22:01.089+0000] {processor.py:208} INFO - Processing /home/airflow/.local/lib/python3.12/site-packages/airflow/example_dags/example_sensors.py took 0.068 seconds
[2024-11-01T02:22:31.733+0000] {processor.py:186} INFO - Started process (PID=1035) to work on /home/airflow/.local/lib/python3.12/site-packages/airflow/example_dags/example_sensors.py
[2024-11-01T02:22:31.734+0000] {processor.py:914} INFO - Processing file /home/airflow/.local/lib/python3.12/site-packages/airflow/example_dags/example_sensors.py for tasks to queue
[2024-11-01T02:22:31.737+0000] {logging_mixin.py:190} INFO - [2024-11-01T02:22:31.736+0000] {dagbag.py:588} INFO - Filling up the DagBag from /home/airflow/.local/lib/python3.12/site-packages/airflow/example_dags/example_sensors.py
[2024-11-01T02:22:31.747+0000] {processor.py:925} INFO - DAG(s) 'example_sensors' retrieved from /home/airflow/.local/lib/python3.12/site-packages/airflow/example_dags/example_sensors.py
[2024-11-01T02:22:31.774+0000] {logging_mixin.py:190} INFO - [2024-11-01T02:22:31.774+0000] {dag.py:3239} INFO - Sync 1 DAGs
[2024-11-01T02:22:31.787+0000] {logging_mixin.py:190} INFO - [2024-11-01T02:22:31.787+0000] {dag.py:4180} INFO - Setting next_dagrun for example_sensors to None, run_after=None
[2024-11-01T02:22:31.818+0000] {processor.py:208} INFO - Processing /home/airflow/.local/lib/python3.12/site-packages/airflow/example_dags/example_sensors.py took 0.090 seconds
[2024-11-01T02:23:02.607+0000] {processor.py:186} INFO - Started process (PID=1098) to work on /home/airflow/.local/lib/python3.12/site-packages/airflow/example_dags/example_sensors.py
[2024-11-01T02:23:02.608+0000] {processor.py:914} INFO - Processing file /home/airflow/.local/lib/python3.12/site-packages/airflow/example_dags/example_sensors.py for tasks to queue
[2024-11-01T02:23:02.610+0000] {logging_mixin.py:190} INFO - [2024-11-01T02:23:02.610+0000] {dagbag.py:588} INFO - Filling up the DagBag from /home/airflow/.local/lib/python3.12/site-packages/airflow/example_dags/example_sensors.py
[2024-11-01T02:23:02.619+0000] {processor.py:925} INFO - DAG(s) 'example_sensors' retrieved from /home/airflow/.local/lib/python3.12/site-packages/airflow/example_dags/example_sensors.py
[2024-11-01T02:23:02.641+0000] {logging_mixin.py:190} INFO - [2024-11-01T02:23:02.640+0000] {dag.py:3239} INFO - Sync 1 DAGs
[2024-11-01T02:23:02.653+0000] {logging_mixin.py:190} INFO - [2024-11-01T02:23:02.653+0000] {dag.py:4180} INFO - Setting next_dagrun for example_sensors to None, run_after=None
[2024-11-01T02:23:02.669+0000] {processor.py:208} INFO - Processing /home/airflow/.local/lib/python3.12/site-packages/airflow/example_dags/example_sensors.py took 0.067 seconds
[2024-11-01T02:23:33.205+0000] {processor.py:186} INFO - Started process (PID=1161) to work on /home/airflow/.local/lib/python3.12/site-packages/airflow/example_dags/example_sensors.py
[2024-11-01T02:23:33.206+0000] {processor.py:914} INFO - Processing file /home/airflow/.local/lib/python3.12/site-packages/airflow/example_dags/example_sensors.py for tasks to queue
[2024-11-01T02:23:33.207+0000] {logging_mixin.py:190} INFO - [2024-11-01T02:23:33.207+0000] {dagbag.py:588} INFO - Filling up the DagBag from /home/airflow/.local/lib/python3.12/site-packages/airflow/example_dags/example_sensors.py
[2024-11-01T02:23:33.216+0000] {processor.py:925} INFO - DAG(s) 'example_sensors' retrieved from /home/airflow/.local/lib/python3.12/site-packages/airflow/example_dags/example_sensors.py
[2024-11-01T02:23:33.239+0000] {logging_mixin.py:190} INFO - [2024-11-01T02:23:33.239+0000] {dag.py:3239} INFO - Sync 1 DAGs
[2024-11-01T02:23:33.252+0000] {logging_mixin.py:190} INFO - [2024-11-01T02:23:33.251+0000] {dag.py:4180} INFO - Setting next_dagrun for example_sensors to None, run_after=None
[2024-11-01T02:23:33.268+0000] {processor.py:208} INFO - Processing /home/airflow/.local/lib/python3.12/site-packages/airflow/example_dags/example_sensors.py took 0.069 seconds
