[2024-11-01T02:04:31.904+0000] {processor.py:186} INFO - Started process (PID=84) to work on /home/airflow/.local/lib/python3.12/site-packages/airflow/example_dags/example_branch_python_dop_operator_3.py
[2024-11-01T02:04:31.905+0000] {processor.py:914} INFO - Processing file /home/airflow/.local/lib/python3.12/site-packages/airflow/example_dags/example_branch_python_dop_operator_3.py for tasks to queue
[2024-11-01T02:04:31.907+0000] {logging_mixin.py:190} INFO - [2024-11-01T02:04:31.907+0000] {dagbag.py:588} INFO - Filling up the DagBag from /home/airflow/.local/lib/python3.12/site-packages/airflow/example_dags/example_branch_python_dop_operator_3.py
[2024-11-01T02:04:31.915+0000] {processor.py:925} INFO - DAG(s) 'example_branch_dop_operator_v3' retrieved from /home/airflow/.local/lib/python3.12/site-packages/airflow/example_dags/example_branch_python_dop_operator_3.py
[2024-11-01T02:04:32.008+0000] {logging_mixin.py:190} INFO - [2024-11-01T02:04:32.008+0000] {override.py:1900} INFO - Created Permission View: can edit on DAG:example_branch_dop_operator_v3
[2024-11-01T02:04:32.017+0000] {logging_mixin.py:190} INFO - [2024-11-01T02:04:32.017+0000] {override.py:1900} INFO - Created Permission View: can read on DAG:example_branch_dop_operator_v3
[2024-11-01T02:04:32.024+0000] {logging_mixin.py:190} INFO - [2024-11-01T02:04:32.023+0000] {override.py:1900} INFO - Created Permission View: can delete on DAG:example_branch_dop_operator_v3
[2024-11-01T02:04:32.032+0000] {logging_mixin.py:190} INFO - [2024-11-01T02:04:32.031+0000] {override.py:1900} INFO - Created Permission View: can delete on DAG Run:example_branch_dop_operator_v3
[2024-11-01T02:04:32.038+0000] {logging_mixin.py:190} INFO - [2024-11-01T02:04:32.038+0000] {override.py:1900} INFO - Created Permission View: can read on DAG Run:example_branch_dop_operator_v3
[2024-11-01T02:04:32.044+0000] {logging_mixin.py:190} INFO - [2024-11-01T02:04:32.044+0000] {override.py:1900} INFO - Created Permission View: can create on DAG Run:example_branch_dop_operator_v3
[2024-11-01T02:04:32.051+0000] {logging_mixin.py:190} INFO - [2024-11-01T02:04:32.050+0000] {override.py:1900} INFO - Created Permission View: menu access on DAG Run:example_branch_dop_operator_v3
[2024-11-01T02:04:32.051+0000] {logging_mixin.py:190} INFO - [2024-11-01T02:04:32.051+0000] {dag.py:3239} INFO - Sync 1 DAGs
[2024-11-01T02:04:32.061+0000] {logging_mixin.py:190} INFO - [2024-11-01T02:04:32.061+0000] {dag.py:3262} INFO - Creating ORM DAG for example_branch_dop_operator_v3
[2024-11-01T02:04:32.072+0000] {logging_mixin.py:190} INFO - [2024-11-01T02:04:32.072+0000] {dag.py:4180} INFO - Setting next_dagrun for example_branch_dop_operator_v3 to 2024-11-01 02:03:00+00:00, run_after=2024-11-01 02:04:00+00:00
[2024-11-01T02:04:32.087+0000] {processor.py:208} INFO - Processing /home/airflow/.local/lib/python3.12/site-packages/airflow/example_dags/example_branch_python_dop_operator_3.py took 0.188 seconds
[2024-11-01T02:05:03.007+0000] {processor.py:186} INFO - Started process (PID=146) to work on /home/airflow/.local/lib/python3.12/site-packages/airflow/example_dags/example_branch_python_dop_operator_3.py
[2024-11-01T02:05:03.008+0000] {processor.py:914} INFO - Processing file /home/airflow/.local/lib/python3.12/site-packages/airflow/example_dags/example_branch_python_dop_operator_3.py for tasks to queue
[2024-11-01T02:05:03.010+0000] {logging_mixin.py:190} INFO - [2024-11-01T02:05:03.010+0000] {dagbag.py:588} INFO - Filling up the DagBag from /home/airflow/.local/lib/python3.12/site-packages/airflow/example_dags/example_branch_python_dop_operator_3.py
[2024-11-01T02:05:03.018+0000] {processor.py:925} INFO - DAG(s) 'example_branch_dop_operator_v3' retrieved from /home/airflow/.local/lib/python3.12/site-packages/airflow/example_dags/example_branch_python_dop_operator_3.py
[2024-11-01T02:05:03.033+0000] {logging_mixin.py:190} INFO - [2024-11-01T02:05:03.033+0000] {dag.py:3239} INFO - Sync 1 DAGs
[2024-11-01T02:05:03.055+0000] {logging_mixin.py:190} INFO - [2024-11-01T02:05:03.055+0000] {dag.py:4180} INFO - Setting next_dagrun for example_branch_dop_operator_v3 to 2024-11-01 02:04:00+00:00, run_after=2024-11-01 02:05:00+00:00
[2024-11-01T02:05:03.071+0000] {processor.py:208} INFO - Processing /home/airflow/.local/lib/python3.12/site-packages/airflow/example_dags/example_branch_python_dop_operator_3.py took 0.069 seconds
[2024-11-01T02:05:33.293+0000] {processor.py:186} INFO - Started process (PID=208) to work on /home/airflow/.local/lib/python3.12/site-packages/airflow/example_dags/example_branch_python_dop_operator_3.py
[2024-11-01T02:05:33.294+0000] {processor.py:914} INFO - Processing file /home/airflow/.local/lib/python3.12/site-packages/airflow/example_dags/example_branch_python_dop_operator_3.py for tasks to queue
[2024-11-01T02:05:33.296+0000] {logging_mixin.py:190} INFO - [2024-11-01T02:05:33.296+0000] {dagbag.py:588} INFO - Filling up the DagBag from /home/airflow/.local/lib/python3.12/site-packages/airflow/example_dags/example_branch_python_dop_operator_3.py
[2024-11-01T02:05:33.304+0000] {processor.py:925} INFO - DAG(s) 'example_branch_dop_operator_v3' retrieved from /home/airflow/.local/lib/python3.12/site-packages/airflow/example_dags/example_branch_python_dop_operator_3.py
[2024-11-01T02:05:33.320+0000] {logging_mixin.py:190} INFO - [2024-11-01T02:05:33.319+0000] {dag.py:3239} INFO - Sync 1 DAGs
[2024-11-01T02:05:33.341+0000] {logging_mixin.py:190} INFO - [2024-11-01T02:05:33.341+0000] {dag.py:4180} INFO - Setting next_dagrun for example_branch_dop_operator_v3 to 2024-11-01 02:04:00+00:00, run_after=2024-11-01 02:05:00+00:00
[2024-11-01T02:05:33.357+0000] {processor.py:208} INFO - Processing /home/airflow/.local/lib/python3.12/site-packages/airflow/example_dags/example_branch_python_dop_operator_3.py took 0.069 seconds
[2024-11-01T02:06:03.566+0000] {processor.py:186} INFO - Started process (PID=270) to work on /home/airflow/.local/lib/python3.12/site-packages/airflow/example_dags/example_branch_python_dop_operator_3.py
[2024-11-01T02:06:03.567+0000] {processor.py:914} INFO - Processing file /home/airflow/.local/lib/python3.12/site-packages/airflow/example_dags/example_branch_python_dop_operator_3.py for tasks to queue
[2024-11-01T02:06:03.569+0000] {logging_mixin.py:190} INFO - [2024-11-01T02:06:03.569+0000] {dagbag.py:588} INFO - Filling up the DagBag from /home/airflow/.local/lib/python3.12/site-packages/airflow/example_dags/example_branch_python_dop_operator_3.py
[2024-11-01T02:06:03.578+0000] {processor.py:925} INFO - DAG(s) 'example_branch_dop_operator_v3' retrieved from /home/airflow/.local/lib/python3.12/site-packages/airflow/example_dags/example_branch_python_dop_operator_3.py
[2024-11-01T02:06:03.595+0000] {logging_mixin.py:190} INFO - [2024-11-01T02:06:03.595+0000] {dag.py:3239} INFO - Sync 1 DAGs
[2024-11-01T02:06:03.621+0000] {logging_mixin.py:190} INFO - [2024-11-01T02:06:03.620+0000] {dag.py:4180} INFO - Setting next_dagrun for example_branch_dop_operator_v3 to 2024-11-01 02:05:00+00:00, run_after=2024-11-01 02:06:00+00:00
[2024-11-01T02:06:03.638+0000] {processor.py:208} INFO - Processing /home/airflow/.local/lib/python3.12/site-packages/airflow/example_dags/example_branch_python_dop_operator_3.py took 0.077 seconds
[2024-11-01T02:14:51.427+0000] {processor.py:186} INFO - Started process (PID=80) to work on /home/airflow/.local/lib/python3.12/site-packages/airflow/example_dags/example_branch_python_dop_operator_3.py
[2024-11-01T02:14:51.428+0000] {processor.py:914} INFO - Processing file /home/airflow/.local/lib/python3.12/site-packages/airflow/example_dags/example_branch_python_dop_operator_3.py for tasks to queue
[2024-11-01T02:14:51.430+0000] {logging_mixin.py:190} INFO - [2024-11-01T02:14:51.429+0000] {dagbag.py:588} INFO - Filling up the DagBag from /home/airflow/.local/lib/python3.12/site-packages/airflow/example_dags/example_branch_python_dop_operator_3.py
[2024-11-01T02:14:51.438+0000] {processor.py:925} INFO - DAG(s) 'example_branch_dop_operator_v3' retrieved from /home/airflow/.local/lib/python3.12/site-packages/airflow/example_dags/example_branch_python_dop_operator_3.py
[2024-11-01T02:14:51.460+0000] {logging_mixin.py:190} INFO - [2024-11-01T02:14:51.460+0000] {dag.py:3239} INFO - Sync 1 DAGs
[2024-11-01T02:14:51.482+0000] {logging_mixin.py:190} INFO - [2024-11-01T02:14:51.482+0000] {dag.py:4180} INFO - Setting next_dagrun for example_branch_dop_operator_v3 to 2024-11-01 02:13:00+00:00, run_after=2024-11-01 02:14:00+00:00
[2024-11-01T02:14:51.500+0000] {processor.py:208} INFO - Processing /home/airflow/.local/lib/python3.12/site-packages/airflow/example_dags/example_branch_python_dop_operator_3.py took 0.079 seconds
[2024-11-01T02:15:22.179+0000] {processor.py:186} INFO - Started process (PID=143) to work on /home/airflow/.local/lib/python3.12/site-packages/airflow/example_dags/example_branch_python_dop_operator_3.py
[2024-11-01T02:15:22.180+0000] {processor.py:914} INFO - Processing file /home/airflow/.local/lib/python3.12/site-packages/airflow/example_dags/example_branch_python_dop_operator_3.py for tasks to queue
[2024-11-01T02:15:22.182+0000] {logging_mixin.py:190} INFO - [2024-11-01T02:15:22.182+0000] {dagbag.py:588} INFO - Filling up the DagBag from /home/airflow/.local/lib/python3.12/site-packages/airflow/example_dags/example_branch_python_dop_operator_3.py
[2024-11-01T02:15:22.190+0000] {processor.py:925} INFO - DAG(s) 'example_branch_dop_operator_v3' retrieved from /home/airflow/.local/lib/python3.12/site-packages/airflow/example_dags/example_branch_python_dop_operator_3.py
[2024-11-01T02:15:22.207+0000] {logging_mixin.py:190} INFO - [2024-11-01T02:15:22.207+0000] {dag.py:3239} INFO - Sync 1 DAGs
[2024-11-01T02:15:22.230+0000] {logging_mixin.py:190} INFO - [2024-11-01T02:15:22.229+0000] {dag.py:4180} INFO - Setting next_dagrun for example_branch_dop_operator_v3 to 2024-11-01 02:14:00+00:00, run_after=2024-11-01 02:15:00+00:00
[2024-11-01T02:15:22.248+0000] {processor.py:208} INFO - Processing /home/airflow/.local/lib/python3.12/site-packages/airflow/example_dags/example_branch_python_dop_operator_3.py took 0.074 seconds
[2024-11-01T02:15:52.700+0000] {processor.py:186} INFO - Started process (PID=206) to work on /home/airflow/.local/lib/python3.12/site-packages/airflow/example_dags/example_branch_python_dop_operator_3.py
[2024-11-01T02:15:52.701+0000] {processor.py:914} INFO - Processing file /home/airflow/.local/lib/python3.12/site-packages/airflow/example_dags/example_branch_python_dop_operator_3.py for tasks to queue
[2024-11-01T02:15:52.703+0000] {logging_mixin.py:190} INFO - [2024-11-01T02:15:52.703+0000] {dagbag.py:588} INFO - Filling up the DagBag from /home/airflow/.local/lib/python3.12/site-packages/airflow/example_dags/example_branch_python_dop_operator_3.py
[2024-11-01T02:15:52.712+0000] {processor.py:925} INFO - DAG(s) 'example_branch_dop_operator_v3' retrieved from /home/airflow/.local/lib/python3.12/site-packages/airflow/example_dags/example_branch_python_dop_operator_3.py
[2024-11-01T02:15:52.731+0000] {logging_mixin.py:190} INFO - [2024-11-01T02:15:52.731+0000] {dag.py:3239} INFO - Sync 1 DAGs
[2024-11-01T02:15:52.755+0000] {logging_mixin.py:190} INFO - [2024-11-01T02:15:52.755+0000] {dag.py:4180} INFO - Setting next_dagrun for example_branch_dop_operator_v3 to 2024-11-01 02:14:00+00:00, run_after=2024-11-01 02:15:00+00:00
[2024-11-01T02:15:52.773+0000] {processor.py:208} INFO - Processing /home/airflow/.local/lib/python3.12/site-packages/airflow/example_dags/example_branch_python_dop_operator_3.py took 0.078 seconds
[2024-11-01T02:16:23.296+0000] {processor.py:186} INFO - Started process (PID=269) to work on /home/airflow/.local/lib/python3.12/site-packages/airflow/example_dags/example_branch_python_dop_operator_3.py
[2024-11-01T02:16:23.297+0000] {processor.py:914} INFO - Processing file /home/airflow/.local/lib/python3.12/site-packages/airflow/example_dags/example_branch_python_dop_operator_3.py for tasks to queue
[2024-11-01T02:16:23.299+0000] {logging_mixin.py:190} INFO - [2024-11-01T02:16:23.299+0000] {dagbag.py:588} INFO - Filling up the DagBag from /home/airflow/.local/lib/python3.12/site-packages/airflow/example_dags/example_branch_python_dop_operator_3.py
[2024-11-01T02:16:23.308+0000] {processor.py:925} INFO - DAG(s) 'example_branch_dop_operator_v3' retrieved from /home/airflow/.local/lib/python3.12/site-packages/airflow/example_dags/example_branch_python_dop_operator_3.py
[2024-11-01T02:16:23.325+0000] {logging_mixin.py:190} INFO - [2024-11-01T02:16:23.325+0000] {dag.py:3239} INFO - Sync 1 DAGs
[2024-11-01T02:16:23.348+0000] {logging_mixin.py:190} INFO - [2024-11-01T02:16:23.348+0000] {dag.py:4180} INFO - Setting next_dagrun for example_branch_dop_operator_v3 to 2024-11-01 02:15:00+00:00, run_after=2024-11-01 02:16:00+00:00
[2024-11-01T02:16:23.370+0000] {processor.py:208} INFO - Processing /home/airflow/.local/lib/python3.12/site-packages/airflow/example_dags/example_branch_python_dop_operator_3.py took 0.080 seconds
[2024-11-01T02:16:53.911+0000] {processor.py:186} INFO - Started process (PID=338) to work on /home/airflow/.local/lib/python3.12/site-packages/airflow/example_dags/example_branch_python_dop_operator_3.py
[2024-11-01T02:16:53.912+0000] {processor.py:914} INFO - Processing file /home/airflow/.local/lib/python3.12/site-packages/airflow/example_dags/example_branch_python_dop_operator_3.py for tasks to queue
[2024-11-01T02:16:53.914+0000] {logging_mixin.py:190} INFO - [2024-11-01T02:16:53.914+0000] {dagbag.py:588} INFO - Filling up the DagBag from /home/airflow/.local/lib/python3.12/site-packages/airflow/example_dags/example_branch_python_dop_operator_3.py
[2024-11-01T02:16:53.922+0000] {processor.py:925} INFO - DAG(s) 'example_branch_dop_operator_v3' retrieved from /home/airflow/.local/lib/python3.12/site-packages/airflow/example_dags/example_branch_python_dop_operator_3.py
[2024-11-01T02:16:53.939+0000] {logging_mixin.py:190} INFO - [2024-11-01T02:16:53.939+0000] {dag.py:3239} INFO - Sync 1 DAGs
[2024-11-01T02:16:53.960+0000] {logging_mixin.py:190} INFO - [2024-11-01T02:16:53.960+0000] {dag.py:4180} INFO - Setting next_dagrun for example_branch_dop_operator_v3 to 2024-11-01 02:15:00+00:00, run_after=2024-11-01 02:16:00+00:00
[2024-11-01T02:16:53.978+0000] {processor.py:208} INFO - Processing /home/airflow/.local/lib/python3.12/site-packages/airflow/example_dags/example_branch_python_dop_operator_3.py took 0.072 seconds
[2024-11-01T02:17:24.596+0000] {processor.py:186} INFO - Started process (PID=401) to work on /home/airflow/.local/lib/python3.12/site-packages/airflow/example_dags/example_branch_python_dop_operator_3.py
[2024-11-01T02:17:24.597+0000] {processor.py:914} INFO - Processing file /home/airflow/.local/lib/python3.12/site-packages/airflow/example_dags/example_branch_python_dop_operator_3.py for tasks to queue
[2024-11-01T02:17:24.599+0000] {logging_mixin.py:190} INFO - [2024-11-01T02:17:24.598+0000] {dagbag.py:588} INFO - Filling up the DagBag from /home/airflow/.local/lib/python3.12/site-packages/airflow/example_dags/example_branch_python_dop_operator_3.py
[2024-11-01T02:17:24.607+0000] {processor.py:925} INFO - DAG(s) 'example_branch_dop_operator_v3' retrieved from /home/airflow/.local/lib/python3.12/site-packages/airflow/example_dags/example_branch_python_dop_operator_3.py
[2024-11-01T02:17:24.624+0000] {logging_mixin.py:190} INFO - [2024-11-01T02:17:24.624+0000] {dag.py:3239} INFO - Sync 1 DAGs
[2024-11-01T02:17:24.646+0000] {logging_mixin.py:190} INFO - [2024-11-01T02:17:24.646+0000] {dag.py:4180} INFO - Setting next_dagrun for example_branch_dop_operator_v3 to 2024-11-01 02:16:00+00:00, run_after=2024-11-01 02:17:00+00:00
[2024-11-01T02:17:24.663+0000] {processor.py:208} INFO - Processing /home/airflow/.local/lib/python3.12/site-packages/airflow/example_dags/example_branch_python_dop_operator_3.py took 0.073 seconds
[2024-11-01T02:17:55.136+0000] {processor.py:186} INFO - Started process (PID=464) to work on /home/airflow/.local/lib/python3.12/site-packages/airflow/example_dags/example_branch_python_dop_operator_3.py
[2024-11-01T02:17:55.136+0000] {processor.py:914} INFO - Processing file /home/airflow/.local/lib/python3.12/site-packages/airflow/example_dags/example_branch_python_dop_operator_3.py for tasks to queue
[2024-11-01T02:17:55.138+0000] {logging_mixin.py:190} INFO - [2024-11-01T02:17:55.138+0000] {dagbag.py:588} INFO - Filling up the DagBag from /home/airflow/.local/lib/python3.12/site-packages/airflow/example_dags/example_branch_python_dop_operator_3.py
[2024-11-01T02:17:55.146+0000] {processor.py:925} INFO - DAG(s) 'example_branch_dop_operator_v3' retrieved from /home/airflow/.local/lib/python3.12/site-packages/airflow/example_dags/example_branch_python_dop_operator_3.py
[2024-11-01T02:17:55.162+0000] {logging_mixin.py:190} INFO - [2024-11-01T02:17:55.162+0000] {dag.py:3239} INFO - Sync 1 DAGs
[2024-11-01T02:17:55.184+0000] {logging_mixin.py:190} INFO - [2024-11-01T02:17:55.184+0000] {dag.py:4180} INFO - Setting next_dagrun for example_branch_dop_operator_v3 to 2024-11-01 02:16:00+00:00, run_after=2024-11-01 02:17:00+00:00
[2024-11-01T02:17:55.201+0000] {processor.py:208} INFO - Processing /home/airflow/.local/lib/python3.12/site-packages/airflow/example_dags/example_branch_python_dop_operator_3.py took 0.070 seconds
[2024-11-01T02:18:25.579+0000] {processor.py:186} INFO - Started process (PID=527) to work on /home/airflow/.local/lib/python3.12/site-packages/airflow/example_dags/example_branch_python_dop_operator_3.py
[2024-11-01T02:18:25.580+0000] {processor.py:914} INFO - Processing file /home/airflow/.local/lib/python3.12/site-packages/airflow/example_dags/example_branch_python_dop_operator_3.py for tasks to queue
[2024-11-01T02:18:25.582+0000] {logging_mixin.py:190} INFO - [2024-11-01T02:18:25.581+0000] {dagbag.py:588} INFO - Filling up the DagBag from /home/airflow/.local/lib/python3.12/site-packages/airflow/example_dags/example_branch_python_dop_operator_3.py
[2024-11-01T02:18:25.589+0000] {processor.py:925} INFO - DAG(s) 'example_branch_dop_operator_v3' retrieved from /home/airflow/.local/lib/python3.12/site-packages/airflow/example_dags/example_branch_python_dop_operator_3.py
[2024-11-01T02:18:25.606+0000] {logging_mixin.py:190} INFO - [2024-11-01T02:18:25.605+0000] {dag.py:3239} INFO - Sync 1 DAGs
[2024-11-01T02:18:25.628+0000] {logging_mixin.py:190} INFO - [2024-11-01T02:18:25.628+0000] {dag.py:4180} INFO - Setting next_dagrun for example_branch_dop_operator_v3 to 2024-11-01 02:17:00+00:00, run_after=2024-11-01 02:18:00+00:00
[2024-11-01T02:18:25.647+0000] {processor.py:208} INFO - Processing /home/airflow/.local/lib/python3.12/site-packages/airflow/example_dags/example_branch_python_dop_operator_3.py took 0.073 seconds
[2024-11-01T02:18:56.149+0000] {processor.py:186} INFO - Started process (PID=590) to work on /home/airflow/.local/lib/python3.12/site-packages/airflow/example_dags/example_branch_python_dop_operator_3.py
[2024-11-01T02:18:56.150+0000] {processor.py:914} INFO - Processing file /home/airflow/.local/lib/python3.12/site-packages/airflow/example_dags/example_branch_python_dop_operator_3.py for tasks to queue
[2024-11-01T02:18:56.152+0000] {logging_mixin.py:190} INFO - [2024-11-01T02:18:56.152+0000] {dagbag.py:588} INFO - Filling up the DagBag from /home/airflow/.local/lib/python3.12/site-packages/airflow/example_dags/example_branch_python_dop_operator_3.py
[2024-11-01T02:18:56.160+0000] {processor.py:925} INFO - DAG(s) 'example_branch_dop_operator_v3' retrieved from /home/airflow/.local/lib/python3.12/site-packages/airflow/example_dags/example_branch_python_dop_operator_3.py
[2024-11-01T02:18:56.176+0000] {logging_mixin.py:190} INFO - [2024-11-01T02:18:56.176+0000] {dag.py:3239} INFO - Sync 1 DAGs
[2024-11-01T02:18:56.199+0000] {logging_mixin.py:190} INFO - [2024-11-01T02:18:56.199+0000] {dag.py:4180} INFO - Setting next_dagrun for example_branch_dop_operator_v3 to 2024-11-01 02:17:00+00:00, run_after=2024-11-01 02:18:00+00:00
[2024-11-01T02:18:56.221+0000] {processor.py:208} INFO - Processing /home/airflow/.local/lib/python3.12/site-packages/airflow/example_dags/example_branch_python_dop_operator_3.py took 0.077 seconds
[2024-11-01T02:19:26.649+0000] {processor.py:186} INFO - Started process (PID=653) to work on /home/airflow/.local/lib/python3.12/site-packages/airflow/example_dags/example_branch_python_dop_operator_3.py
[2024-11-01T02:19:26.650+0000] {processor.py:914} INFO - Processing file /home/airflow/.local/lib/python3.12/site-packages/airflow/example_dags/example_branch_python_dop_operator_3.py for tasks to queue
[2024-11-01T02:19:26.652+0000] {logging_mixin.py:190} INFO - [2024-11-01T02:19:26.652+0000] {dagbag.py:588} INFO - Filling up the DagBag from /home/airflow/.local/lib/python3.12/site-packages/airflow/example_dags/example_branch_python_dop_operator_3.py
[2024-11-01T02:19:26.661+0000] {processor.py:925} INFO - DAG(s) 'example_branch_dop_operator_v3' retrieved from /home/airflow/.local/lib/python3.12/site-packages/airflow/example_dags/example_branch_python_dop_operator_3.py
[2024-11-01T02:19:26.676+0000] {logging_mixin.py:190} INFO - [2024-11-01T02:19:26.676+0000] {dag.py:3239} INFO - Sync 1 DAGs
[2024-11-01T02:19:26.698+0000] {logging_mixin.py:190} INFO - [2024-11-01T02:19:26.698+0000] {dag.py:4180} INFO - Setting next_dagrun for example_branch_dop_operator_v3 to 2024-11-01 02:18:00+00:00, run_after=2024-11-01 02:19:00+00:00
[2024-11-01T02:19:26.713+0000] {processor.py:208} INFO - Processing /home/airflow/.local/lib/python3.12/site-packages/airflow/example_dags/example_branch_python_dop_operator_3.py took 0.070 seconds
[2024-11-01T02:19:57.360+0000] {processor.py:186} INFO - Started process (PID=716) to work on /home/airflow/.local/lib/python3.12/site-packages/airflow/example_dags/example_branch_python_dop_operator_3.py
[2024-11-01T02:19:57.361+0000] {processor.py:914} INFO - Processing file /home/airflow/.local/lib/python3.12/site-packages/airflow/example_dags/example_branch_python_dop_operator_3.py for tasks to queue
[2024-11-01T02:19:57.362+0000] {logging_mixin.py:190} INFO - [2024-11-01T02:19:57.362+0000] {dagbag.py:588} INFO - Filling up the DagBag from /home/airflow/.local/lib/python3.12/site-packages/airflow/example_dags/example_branch_python_dop_operator_3.py
[2024-11-01T02:19:57.370+0000] {processor.py:925} INFO - DAG(s) 'example_branch_dop_operator_v3' retrieved from /home/airflow/.local/lib/python3.12/site-packages/airflow/example_dags/example_branch_python_dop_operator_3.py
[2024-11-01T02:19:57.388+0000] {logging_mixin.py:190} INFO - [2024-11-01T02:19:57.387+0000] {dag.py:3239} INFO - Sync 1 DAGs
[2024-11-01T02:19:57.414+0000] {logging_mixin.py:190} INFO - [2024-11-01T02:19:57.414+0000] {dag.py:4180} INFO - Setting next_dagrun for example_branch_dop_operator_v3 to 2024-11-01 02:18:00+00:00, run_after=2024-11-01 02:19:00+00:00
[2024-11-01T02:19:57.432+0000] {processor.py:208} INFO - Processing /home/airflow/.local/lib/python3.12/site-packages/airflow/example_dags/example_branch_python_dop_operator_3.py took 0.077 seconds
[2024-11-01T02:20:28.057+0000] {processor.py:186} INFO - Started process (PID=779) to work on /home/airflow/.local/lib/python3.12/site-packages/airflow/example_dags/example_branch_python_dop_operator_3.py
[2024-11-01T02:20:28.058+0000] {processor.py:914} INFO - Processing file /home/airflow/.local/lib/python3.12/site-packages/airflow/example_dags/example_branch_python_dop_operator_3.py for tasks to queue
[2024-11-01T02:20:28.060+0000] {logging_mixin.py:190} INFO - [2024-11-01T02:20:28.060+0000] {dagbag.py:588} INFO - Filling up the DagBag from /home/airflow/.local/lib/python3.12/site-packages/airflow/example_dags/example_branch_python_dop_operator_3.py
[2024-11-01T02:20:28.069+0000] {processor.py:925} INFO - DAG(s) 'example_branch_dop_operator_v3' retrieved from /home/airflow/.local/lib/python3.12/site-packages/airflow/example_dags/example_branch_python_dop_operator_3.py
[2024-11-01T02:20:28.087+0000] {logging_mixin.py:190} INFO - [2024-11-01T02:20:28.087+0000] {dag.py:3239} INFO - Sync 1 DAGs
[2024-11-01T02:20:28.114+0000] {logging_mixin.py:190} INFO - [2024-11-01T02:20:28.113+0000] {dag.py:4180} INFO - Setting next_dagrun for example_branch_dop_operator_v3 to 2024-11-01 02:19:00+00:00, run_after=2024-11-01 02:20:00+00:00
[2024-11-01T02:20:28.134+0000] {processor.py:208} INFO - Processing /home/airflow/.local/lib/python3.12/site-packages/airflow/example_dags/example_branch_python_dop_operator_3.py took 0.082 seconds
[2024-11-01T02:20:58.984+0000] {processor.py:186} INFO - Started process (PID=842) to work on /home/airflow/.local/lib/python3.12/site-packages/airflow/example_dags/example_branch_python_dop_operator_3.py
[2024-11-01T02:20:58.985+0000] {processor.py:914} INFO - Processing file /home/airflow/.local/lib/python3.12/site-packages/airflow/example_dags/example_branch_python_dop_operator_3.py for tasks to queue
[2024-11-01T02:20:58.987+0000] {logging_mixin.py:190} INFO - [2024-11-01T02:20:58.987+0000] {dagbag.py:588} INFO - Filling up the DagBag from /home/airflow/.local/lib/python3.12/site-packages/airflow/example_dags/example_branch_python_dop_operator_3.py
[2024-11-01T02:20:58.996+0000] {processor.py:925} INFO - DAG(s) 'example_branch_dop_operator_v3' retrieved from /home/airflow/.local/lib/python3.12/site-packages/airflow/example_dags/example_branch_python_dop_operator_3.py
[2024-11-01T02:20:59.014+0000] {logging_mixin.py:190} INFO - [2024-11-01T02:20:59.014+0000] {dag.py:3239} INFO - Sync 1 DAGs
[2024-11-01T02:20:59.038+0000] {logging_mixin.py:190} INFO - [2024-11-01T02:20:59.038+0000] {dag.py:4180} INFO - Setting next_dagrun for example_branch_dop_operator_v3 to 2024-11-01 02:19:00+00:00, run_after=2024-11-01 02:20:00+00:00
[2024-11-01T02:20:59.059+0000] {processor.py:208} INFO - Processing /home/airflow/.local/lib/python3.12/site-packages/airflow/example_dags/example_branch_python_dop_operator_3.py took 0.080 seconds
[2024-11-01T02:21:30.076+0000] {processor.py:186} INFO - Started process (PID=905) to work on /home/airflow/.local/lib/python3.12/site-packages/airflow/example_dags/example_branch_python_dop_operator_3.py
[2024-11-01T02:21:30.076+0000] {processor.py:914} INFO - Processing file /home/airflow/.local/lib/python3.12/site-packages/airflow/example_dags/example_branch_python_dop_operator_3.py for tasks to queue
[2024-11-01T02:21:30.079+0000] {logging_mixin.py:190} INFO - [2024-11-01T02:21:30.078+0000] {dagbag.py:588} INFO - Filling up the DagBag from /home/airflow/.local/lib/python3.12/site-packages/airflow/example_dags/example_branch_python_dop_operator_3.py
[2024-11-01T02:21:30.087+0000] {processor.py:925} INFO - DAG(s) 'example_branch_dop_operator_v3' retrieved from /home/airflow/.local/lib/python3.12/site-packages/airflow/example_dags/example_branch_python_dop_operator_3.py
[2024-11-01T02:21:30.102+0000] {logging_mixin.py:190} INFO - [2024-11-01T02:21:30.102+0000] {dag.py:3239} INFO - Sync 1 DAGs
[2024-11-01T02:21:30.127+0000] {logging_mixin.py:190} INFO - [2024-11-01T02:21:30.126+0000] {dag.py:4180} INFO - Setting next_dagrun for example_branch_dop_operator_v3 to 2024-11-01 02:20:00+00:00, run_after=2024-11-01 02:21:00+00:00
[2024-11-01T02:21:30.145+0000] {processor.py:208} INFO - Processing /home/airflow/.local/lib/python3.12/site-packages/airflow/example_dags/example_branch_python_dop_operator_3.py took 0.074 seconds
[2024-11-01T02:22:00.717+0000] {processor.py:186} INFO - Started process (PID=968) to work on /home/airflow/.local/lib/python3.12/site-packages/airflow/example_dags/example_branch_python_dop_operator_3.py
[2024-11-01T02:22:00.717+0000] {processor.py:914} INFO - Processing file /home/airflow/.local/lib/python3.12/site-packages/airflow/example_dags/example_branch_python_dop_operator_3.py for tasks to queue
[2024-11-01T02:22:00.719+0000] {logging_mixin.py:190} INFO - [2024-11-01T02:22:00.719+0000] {dagbag.py:588} INFO - Filling up the DagBag from /home/airflow/.local/lib/python3.12/site-packages/airflow/example_dags/example_branch_python_dop_operator_3.py
[2024-11-01T02:22:00.728+0000] {processor.py:925} INFO - DAG(s) 'example_branch_dop_operator_v3' retrieved from /home/airflow/.local/lib/python3.12/site-packages/airflow/example_dags/example_branch_python_dop_operator_3.py
[2024-11-01T02:22:00.745+0000] {logging_mixin.py:190} INFO - [2024-11-01T02:22:00.745+0000] {dag.py:3239} INFO - Sync 1 DAGs
[2024-11-01T02:22:00.768+0000] {logging_mixin.py:190} INFO - [2024-11-01T02:22:00.767+0000] {dag.py:4180} INFO - Setting next_dagrun for example_branch_dop_operator_v3 to 2024-11-01 02:21:00+00:00, run_after=2024-11-01 02:22:00+00:00
[2024-11-01T02:22:00.785+0000] {processor.py:208} INFO - Processing /home/airflow/.local/lib/python3.12/site-packages/airflow/example_dags/example_branch_python_dop_operator_3.py took 0.073 seconds
[2024-11-01T02:22:31.508+0000] {processor.py:186} INFO - Started process (PID=1031) to work on /home/airflow/.local/lib/python3.12/site-packages/airflow/example_dags/example_branch_python_dop_operator_3.py
[2024-11-01T02:22:31.509+0000] {processor.py:914} INFO - Processing file /home/airflow/.local/lib/python3.12/site-packages/airflow/example_dags/example_branch_python_dop_operator_3.py for tasks to queue
[2024-11-01T02:22:31.511+0000] {logging_mixin.py:190} INFO - [2024-11-01T02:22:31.511+0000] {dagbag.py:588} INFO - Filling up the DagBag from /home/airflow/.local/lib/python3.12/site-packages/airflow/example_dags/example_branch_python_dop_operator_3.py
[2024-11-01T02:22:31.520+0000] {processor.py:925} INFO - DAG(s) 'example_branch_dop_operator_v3' retrieved from /home/airflow/.local/lib/python3.12/site-packages/airflow/example_dags/example_branch_python_dop_operator_3.py
[2024-11-01T02:22:31.538+0000] {logging_mixin.py:190} INFO - [2024-11-01T02:22:31.537+0000] {dag.py:3239} INFO - Sync 1 DAGs
[2024-11-01T02:22:31.560+0000] {logging_mixin.py:190} INFO - [2024-11-01T02:22:31.560+0000] {dag.py:4180} INFO - Setting next_dagrun for example_branch_dop_operator_v3 to 2024-11-01 02:21:00+00:00, run_after=2024-11-01 02:22:00+00:00
[2024-11-01T02:22:31.577+0000] {processor.py:208} INFO - Processing /home/airflow/.local/lib/python3.12/site-packages/airflow/example_dags/example_branch_python_dop_operator_3.py took 0.074 seconds
[2024-11-01T02:23:02.395+0000] {processor.py:186} INFO - Started process (PID=1094) to work on /home/airflow/.local/lib/python3.12/site-packages/airflow/example_dags/example_branch_python_dop_operator_3.py
[2024-11-01T02:23:02.396+0000] {processor.py:914} INFO - Processing file /home/airflow/.local/lib/python3.12/site-packages/airflow/example_dags/example_branch_python_dop_operator_3.py for tasks to queue
[2024-11-01T02:23:02.398+0000] {logging_mixin.py:190} INFO - [2024-11-01T02:23:02.397+0000] {dagbag.py:588} INFO - Filling up the DagBag from /home/airflow/.local/lib/python3.12/site-packages/airflow/example_dags/example_branch_python_dop_operator_3.py
[2024-11-01T02:23:02.407+0000] {processor.py:925} INFO - DAG(s) 'example_branch_dop_operator_v3' retrieved from /home/airflow/.local/lib/python3.12/site-packages/airflow/example_dags/example_branch_python_dop_operator_3.py
[2024-11-01T02:23:02.424+0000] {logging_mixin.py:190} INFO - [2024-11-01T02:23:02.424+0000] {dag.py:3239} INFO - Sync 1 DAGs
[2024-11-01T02:23:02.453+0000] {logging_mixin.py:190} INFO - [2024-11-01T02:23:02.453+0000] {dag.py:4180} INFO - Setting next_dagrun for example_branch_dop_operator_v3 to 2024-11-01 02:22:00+00:00, run_after=2024-11-01 02:23:00+00:00
[2024-11-01T02:23:02.470+0000] {processor.py:208} INFO - Processing /home/airflow/.local/lib/python3.12/site-packages/airflow/example_dags/example_branch_python_dop_operator_3.py took 0.079 seconds
[2024-11-01T02:23:32.988+0000] {processor.py:186} INFO - Started process (PID=1157) to work on /home/airflow/.local/lib/python3.12/site-packages/airflow/example_dags/example_branch_python_dop_operator_3.py
[2024-11-01T02:23:32.989+0000] {processor.py:914} INFO - Processing file /home/airflow/.local/lib/python3.12/site-packages/airflow/example_dags/example_branch_python_dop_operator_3.py for tasks to queue
[2024-11-01T02:23:32.992+0000] {logging_mixin.py:190} INFO - [2024-11-01T02:23:32.991+0000] {dagbag.py:588} INFO - Filling up the DagBag from /home/airflow/.local/lib/python3.12/site-packages/airflow/example_dags/example_branch_python_dop_operator_3.py
[2024-11-01T02:23:33.000+0000] {processor.py:925} INFO - DAG(s) 'example_branch_dop_operator_v3' retrieved from /home/airflow/.local/lib/python3.12/site-packages/airflow/example_dags/example_branch_python_dop_operator_3.py
[2024-11-01T02:23:33.023+0000] {logging_mixin.py:190} INFO - [2024-11-01T02:23:33.023+0000] {dag.py:3239} INFO - Sync 1 DAGs
[2024-11-01T02:23:33.050+0000] {logging_mixin.py:190} INFO - [2024-11-01T02:23:33.050+0000] {dag.py:4180} INFO - Setting next_dagrun for example_branch_dop_operator_v3 to 2024-11-01 02:22:00+00:00, run_after=2024-11-01 02:23:00+00:00
[2024-11-01T02:23:33.066+0000] {processor.py:208} INFO - Processing /home/airflow/.local/lib/python3.12/site-packages/airflow/example_dags/example_branch_python_dop_operator_3.py took 0.083 seconds
