[2024-11-01T02:04:35.698+0000] {processor.py:186} INFO - Started process (PID=108) to work on /home/airflow/.local/lib/python3.12/site-packages/airflow/example_dags/example_python_decorator.py
[2024-11-01T02:04:35.699+0000] {processor.py:914} INFO - Processing file /home/airflow/.local/lib/python3.12/site-packages/airflow/example_dags/example_python_decorator.py for tasks to queue
[2024-11-01T02:04:35.701+0000] {logging_mixin.py:190} INFO - [2024-11-01T02:04:35.701+0000] {dagbag.py:588} INFO - Filling up the DagBag from /home/airflow/.local/lib/python3.12/site-packages/airflow/example_dags/example_python_decorator.py
[2024-11-01T02:04:35.717+0000] {processor.py:925} INFO - DAG(s) 'example_python_decorator' retrieved from /home/airflow/.local/lib/python3.12/site-packages/airflow/example_dags/example_python_decorator.py
[2024-11-01T02:04:35.810+0000] {logging_mixin.py:190} INFO - [2024-11-01T02:04:35.810+0000] {override.py:1900} INFO - Created Permission View: can edit on DAG:example_python_decorator
[2024-11-01T02:04:35.822+0000] {logging_mixin.py:190} INFO - [2024-11-01T02:04:35.822+0000] {override.py:1900} INFO - Created Permission View: can read on DAG:example_python_decorator
[2024-11-01T02:04:35.829+0000] {logging_mixin.py:190} INFO - [2024-11-01T02:04:35.828+0000] {override.py:1900} INFO - Created Permission View: can delete on DAG:example_python_decorator
[2024-11-01T02:04:35.837+0000] {logging_mixin.py:190} INFO - [2024-11-01T02:04:35.837+0000] {override.py:1900} INFO - Created Permission View: can delete on DAG Run:example_python_decorator
[2024-11-01T02:04:35.844+0000] {logging_mixin.py:190} INFO - [2024-11-01T02:04:35.843+0000] {override.py:1900} INFO - Created Permission View: can read on DAG Run:example_python_decorator
[2024-11-01T02:04:35.850+0000] {logging_mixin.py:190} INFO - [2024-11-01T02:04:35.850+0000] {override.py:1900} INFO - Created Permission View: can create on DAG Run:example_python_decorator
[2024-11-01T02:04:35.856+0000] {logging_mixin.py:190} INFO - [2024-11-01T02:04:35.856+0000] {override.py:1900} INFO - Created Permission View: menu access on DAG Run:example_python_decorator
[2024-11-01T02:04:35.857+0000] {logging_mixin.py:190} INFO - [2024-11-01T02:04:35.857+0000] {dag.py:3239} INFO - Sync 1 DAGs
[2024-11-01T02:04:35.867+0000] {logging_mixin.py:190} INFO - [2024-11-01T02:04:35.867+0000] {dag.py:3262} INFO - Creating ORM DAG for example_python_decorator
[2024-11-01T02:04:35.868+0000] {logging_mixin.py:190} INFO - [2024-11-01T02:04:35.868+0000] {dag.py:4180} INFO - Setting next_dagrun for example_python_decorator to None, run_after=None
[2024-11-01T02:04:35.883+0000] {processor.py:208} INFO - Processing /home/airflow/.local/lib/python3.12/site-packages/airflow/example_dags/example_python_decorator.py took 0.190 seconds
[2024-11-01T02:05:06.146+0000] {processor.py:186} INFO - Started process (PID=170) to work on /home/airflow/.local/lib/python3.12/site-packages/airflow/example_dags/example_python_decorator.py
[2024-11-01T02:05:06.147+0000] {processor.py:914} INFO - Processing file /home/airflow/.local/lib/python3.12/site-packages/airflow/example_dags/example_python_decorator.py for tasks to queue
[2024-11-01T02:05:06.150+0000] {logging_mixin.py:190} INFO - [2024-11-01T02:05:06.149+0000] {dagbag.py:588} INFO - Filling up the DagBag from /home/airflow/.local/lib/python3.12/site-packages/airflow/example_dags/example_python_decorator.py
[2024-11-01T02:05:06.162+0000] {processor.py:925} INFO - DAG(s) 'example_python_decorator' retrieved from /home/airflow/.local/lib/python3.12/site-packages/airflow/example_dags/example_python_decorator.py
[2024-11-01T02:05:06.183+0000] {logging_mixin.py:190} INFO - [2024-11-01T02:05:06.182+0000] {dag.py:3239} INFO - Sync 1 DAGs
[2024-11-01T02:05:06.196+0000] {logging_mixin.py:190} INFO - [2024-11-01T02:05:06.196+0000] {dag.py:4180} INFO - Setting next_dagrun for example_python_decorator to None, run_after=None
[2024-11-01T02:05:06.221+0000] {processor.py:208} INFO - Processing /home/airflow/.local/lib/python3.12/site-packages/airflow/example_dags/example_python_decorator.py took 0.081 seconds
[2024-11-01T02:05:36.870+0000] {processor.py:186} INFO - Started process (PID=232) to work on /home/airflow/.local/lib/python3.12/site-packages/airflow/example_dags/example_python_decorator.py
[2024-11-01T02:05:36.870+0000] {processor.py:914} INFO - Processing file /home/airflow/.local/lib/python3.12/site-packages/airflow/example_dags/example_python_decorator.py for tasks to queue
[2024-11-01T02:05:36.872+0000] {logging_mixin.py:190} INFO - [2024-11-01T02:05:36.872+0000] {dagbag.py:588} INFO - Filling up the DagBag from /home/airflow/.local/lib/python3.12/site-packages/airflow/example_dags/example_python_decorator.py
[2024-11-01T02:05:36.885+0000] {processor.py:925} INFO - DAG(s) 'example_python_decorator' retrieved from /home/airflow/.local/lib/python3.12/site-packages/airflow/example_dags/example_python_decorator.py
[2024-11-01T02:05:36.903+0000] {logging_mixin.py:190} INFO - [2024-11-01T02:05:36.903+0000] {dag.py:3239} INFO - Sync 1 DAGs
[2024-11-01T02:05:36.915+0000] {logging_mixin.py:190} INFO - [2024-11-01T02:05:36.915+0000] {dag.py:4180} INFO - Setting next_dagrun for example_python_decorator to None, run_after=None
[2024-11-01T02:05:36.933+0000] {processor.py:208} INFO - Processing /home/airflow/.local/lib/python3.12/site-packages/airflow/example_dags/example_python_decorator.py took 0.068 seconds
[2024-11-01T02:06:07.213+0000] {processor.py:186} INFO - Started process (PID=294) to work on /home/airflow/.local/lib/python3.12/site-packages/airflow/example_dags/example_python_decorator.py
[2024-11-01T02:06:07.213+0000] {processor.py:914} INFO - Processing file /home/airflow/.local/lib/python3.12/site-packages/airflow/example_dags/example_python_decorator.py for tasks to queue
[2024-11-01T02:06:07.215+0000] {logging_mixin.py:190} INFO - [2024-11-01T02:06:07.215+0000] {dagbag.py:588} INFO - Filling up the DagBag from /home/airflow/.local/lib/python3.12/site-packages/airflow/example_dags/example_python_decorator.py
[2024-11-01T02:06:07.228+0000] {processor.py:925} INFO - DAG(s) 'example_python_decorator' retrieved from /home/airflow/.local/lib/python3.12/site-packages/airflow/example_dags/example_python_decorator.py
[2024-11-01T02:06:07.245+0000] {logging_mixin.py:190} INFO - [2024-11-01T02:06:07.245+0000] {dag.py:3239} INFO - Sync 1 DAGs
[2024-11-01T02:06:07.257+0000] {logging_mixin.py:190} INFO - [2024-11-01T02:06:07.257+0000] {dag.py:4180} INFO - Setting next_dagrun for example_python_decorator to None, run_after=None
[2024-11-01T02:06:07.275+0000] {processor.py:208} INFO - Processing /home/airflow/.local/lib/python3.12/site-packages/airflow/example_dags/example_python_decorator.py took 0.067 seconds
[2024-11-01T02:14:53.219+0000] {processor.py:186} INFO - Started process (PID=104) to work on /home/airflow/.local/lib/python3.12/site-packages/airflow/example_dags/example_python_decorator.py
[2024-11-01T02:14:53.220+0000] {processor.py:914} INFO - Processing file /home/airflow/.local/lib/python3.12/site-packages/airflow/example_dags/example_python_decorator.py for tasks to queue
[2024-11-01T02:14:53.222+0000] {logging_mixin.py:190} INFO - [2024-11-01T02:14:53.221+0000] {dagbag.py:588} INFO - Filling up the DagBag from /home/airflow/.local/lib/python3.12/site-packages/airflow/example_dags/example_python_decorator.py
[2024-11-01T02:14:53.235+0000] {processor.py:925} INFO - DAG(s) 'example_python_decorator' retrieved from /home/airflow/.local/lib/python3.12/site-packages/airflow/example_dags/example_python_decorator.py
[2024-11-01T02:14:53.338+0000] {logging_mixin.py:190} INFO - [2024-11-01T02:14:53.338+0000] {dag.py:3239} INFO - Sync 1 DAGs
[2024-11-01T02:14:53.350+0000] {logging_mixin.py:190} INFO - [2024-11-01T02:14:53.349+0000] {dag.py:4180} INFO - Setting next_dagrun for example_python_decorator to None, run_after=None
[2024-11-01T02:14:53.370+0000] {processor.py:208} INFO - Processing /home/airflow/.local/lib/python3.12/site-packages/airflow/example_dags/example_python_decorator.py took 0.156 seconds
[2024-11-01T02:15:23.839+0000] {processor.py:186} INFO - Started process (PID=173) to work on /home/airflow/.local/lib/python3.12/site-packages/airflow/example_dags/example_python_decorator.py
[2024-11-01T02:15:23.840+0000] {processor.py:914} INFO - Processing file /home/airflow/.local/lib/python3.12/site-packages/airflow/example_dags/example_python_decorator.py for tasks to queue
[2024-11-01T02:15:23.842+0000] {logging_mixin.py:190} INFO - [2024-11-01T02:15:23.842+0000] {dagbag.py:588} INFO - Filling up the DagBag from /home/airflow/.local/lib/python3.12/site-packages/airflow/example_dags/example_python_decorator.py
[2024-11-01T02:15:23.853+0000] {processor.py:925} INFO - DAG(s) 'example_python_decorator' retrieved from /home/airflow/.local/lib/python3.12/site-packages/airflow/example_dags/example_python_decorator.py
[2024-11-01T02:15:23.872+0000] {logging_mixin.py:190} INFO - [2024-11-01T02:15:23.871+0000] {dag.py:3239} INFO - Sync 1 DAGs
[2024-11-01T02:15:23.887+0000] {logging_mixin.py:190} INFO - [2024-11-01T02:15:23.886+0000] {dag.py:4180} INFO - Setting next_dagrun for example_python_decorator to None, run_after=None
[2024-11-01T02:15:23.904+0000] {processor.py:208} INFO - Processing /home/airflow/.local/lib/python3.12/site-packages/airflow/example_dags/example_python_decorator.py took 0.069 seconds
[2024-11-01T02:15:54.309+0000] {processor.py:186} INFO - Started process (PID=236) to work on /home/airflow/.local/lib/python3.12/site-packages/airflow/example_dags/example_python_decorator.py
[2024-11-01T02:15:54.310+0000] {processor.py:914} INFO - Processing file /home/airflow/.local/lib/python3.12/site-packages/airflow/example_dags/example_python_decorator.py for tasks to queue
[2024-11-01T02:15:54.312+0000] {logging_mixin.py:190} INFO - [2024-11-01T02:15:54.311+0000] {dagbag.py:588} INFO - Filling up the DagBag from /home/airflow/.local/lib/python3.12/site-packages/airflow/example_dags/example_python_decorator.py
[2024-11-01T02:15:54.323+0000] {processor.py:925} INFO - DAG(s) 'example_python_decorator' retrieved from /home/airflow/.local/lib/python3.12/site-packages/airflow/example_dags/example_python_decorator.py
[2024-11-01T02:15:54.341+0000] {logging_mixin.py:190} INFO - [2024-11-01T02:15:54.341+0000] {dag.py:3239} INFO - Sync 1 DAGs
[2024-11-01T02:15:54.354+0000] {logging_mixin.py:190} INFO - [2024-11-01T02:15:54.354+0000] {dag.py:4180} INFO - Setting next_dagrun for example_python_decorator to None, run_after=None
[2024-11-01T02:15:54.373+0000] {processor.py:208} INFO - Processing /home/airflow/.local/lib/python3.12/site-packages/airflow/example_dags/example_python_decorator.py took 0.068 seconds
[2024-11-01T02:16:24.922+0000] {processor.py:186} INFO - Started process (PID=299) to work on /home/airflow/.local/lib/python3.12/site-packages/airflow/example_dags/example_python_decorator.py
[2024-11-01T02:16:24.923+0000] {processor.py:914} INFO - Processing file /home/airflow/.local/lib/python3.12/site-packages/airflow/example_dags/example_python_decorator.py for tasks to queue
[2024-11-01T02:16:24.925+0000] {logging_mixin.py:190} INFO - [2024-11-01T02:16:24.925+0000] {dagbag.py:588} INFO - Filling up the DagBag from /home/airflow/.local/lib/python3.12/site-packages/airflow/example_dags/example_python_decorator.py
[2024-11-01T02:16:24.936+0000] {processor.py:925} INFO - DAG(s) 'example_python_decorator' retrieved from /home/airflow/.local/lib/python3.12/site-packages/airflow/example_dags/example_python_decorator.py
[2024-11-01T02:16:24.955+0000] {logging_mixin.py:190} INFO - [2024-11-01T02:16:24.955+0000] {dag.py:3239} INFO - Sync 1 DAGs
[2024-11-01T02:16:24.968+0000] {logging_mixin.py:190} INFO - [2024-11-01T02:16:24.968+0000] {dag.py:4180} INFO - Setting next_dagrun for example_python_decorator to None, run_after=None
[2024-11-01T02:16:24.984+0000] {processor.py:208} INFO - Processing /home/airflow/.local/lib/python3.12/site-packages/airflow/example_dags/example_python_decorator.py took 0.067 seconds
[2024-11-01T02:16:55.621+0000] {processor.py:186} INFO - Started process (PID=362) to work on /home/airflow/.local/lib/python3.12/site-packages/airflow/example_dags/example_python_decorator.py
[2024-11-01T02:16:55.622+0000] {processor.py:914} INFO - Processing file /home/airflow/.local/lib/python3.12/site-packages/airflow/example_dags/example_python_decorator.py for tasks to queue
[2024-11-01T02:16:55.624+0000] {logging_mixin.py:190} INFO - [2024-11-01T02:16:55.624+0000] {dagbag.py:588} INFO - Filling up the DagBag from /home/airflow/.local/lib/python3.12/site-packages/airflow/example_dags/example_python_decorator.py
[2024-11-01T02:16:55.637+0000] {processor.py:925} INFO - DAG(s) 'example_python_decorator' retrieved from /home/airflow/.local/lib/python3.12/site-packages/airflow/example_dags/example_python_decorator.py
[2024-11-01T02:16:55.656+0000] {logging_mixin.py:190} INFO - [2024-11-01T02:16:55.656+0000] {dag.py:3239} INFO - Sync 1 DAGs
[2024-11-01T02:16:55.669+0000] {logging_mixin.py:190} INFO - [2024-11-01T02:16:55.669+0000] {dag.py:4180} INFO - Setting next_dagrun for example_python_decorator to None, run_after=None
[2024-11-01T02:16:55.687+0000] {processor.py:208} INFO - Processing /home/airflow/.local/lib/python3.12/site-packages/airflow/example_dags/example_python_decorator.py took 0.071 seconds
[2024-11-01T02:17:26.052+0000] {processor.py:186} INFO - Started process (PID=425) to work on /home/airflow/.local/lib/python3.12/site-packages/airflow/example_dags/example_python_decorator.py
[2024-11-01T02:17:26.053+0000] {processor.py:914} INFO - Processing file /home/airflow/.local/lib/python3.12/site-packages/airflow/example_dags/example_python_decorator.py for tasks to queue
[2024-11-01T02:17:26.055+0000] {logging_mixin.py:190} INFO - [2024-11-01T02:17:26.055+0000] {dagbag.py:588} INFO - Filling up the DagBag from /home/airflow/.local/lib/python3.12/site-packages/airflow/example_dags/example_python_decorator.py
[2024-11-01T02:17:26.068+0000] {processor.py:925} INFO - DAG(s) 'example_python_decorator' retrieved from /home/airflow/.local/lib/python3.12/site-packages/airflow/example_dags/example_python_decorator.py
[2024-11-01T02:17:26.090+0000] {logging_mixin.py:190} INFO - [2024-11-01T02:17:26.089+0000] {dag.py:3239} INFO - Sync 1 DAGs
[2024-11-01T02:17:26.104+0000] {logging_mixin.py:190} INFO - [2024-11-01T02:17:26.104+0000] {dag.py:4180} INFO - Setting next_dagrun for example_python_decorator to None, run_after=None
[2024-11-01T02:17:26.124+0000] {processor.py:208} INFO - Processing /home/airflow/.local/lib/python3.12/site-packages/airflow/example_dags/example_python_decorator.py took 0.077 seconds
[2024-11-01T02:17:56.574+0000] {processor.py:186} INFO - Started process (PID=488) to work on /home/airflow/.local/lib/python3.12/site-packages/airflow/example_dags/example_python_decorator.py
[2024-11-01T02:17:56.575+0000] {processor.py:914} INFO - Processing file /home/airflow/.local/lib/python3.12/site-packages/airflow/example_dags/example_python_decorator.py for tasks to queue
[2024-11-01T02:17:56.577+0000] {logging_mixin.py:190} INFO - [2024-11-01T02:17:56.577+0000] {dagbag.py:588} INFO - Filling up the DagBag from /home/airflow/.local/lib/python3.12/site-packages/airflow/example_dags/example_python_decorator.py
[2024-11-01T02:17:56.588+0000] {processor.py:925} INFO - DAG(s) 'example_python_decorator' retrieved from /home/airflow/.local/lib/python3.12/site-packages/airflow/example_dags/example_python_decorator.py
[2024-11-01T02:17:56.607+0000] {logging_mixin.py:190} INFO - [2024-11-01T02:17:56.607+0000] {dag.py:3239} INFO - Sync 1 DAGs
[2024-11-01T02:17:56.619+0000] {logging_mixin.py:190} INFO - [2024-11-01T02:17:56.619+0000] {dag.py:4180} INFO - Setting next_dagrun for example_python_decorator to None, run_after=None
[2024-11-01T02:17:56.637+0000] {processor.py:208} INFO - Processing /home/airflow/.local/lib/python3.12/site-packages/airflow/example_dags/example_python_decorator.py took 0.067 seconds
[2024-11-01T02:18:27.043+0000] {processor.py:186} INFO - Started process (PID=551) to work on /home/airflow/.local/lib/python3.12/site-packages/airflow/example_dags/example_python_decorator.py
[2024-11-01T02:18:27.044+0000] {processor.py:914} INFO - Processing file /home/airflow/.local/lib/python3.12/site-packages/airflow/example_dags/example_python_decorator.py for tasks to queue
[2024-11-01T02:18:27.046+0000] {logging_mixin.py:190} INFO - [2024-11-01T02:18:27.046+0000] {dagbag.py:588} INFO - Filling up the DagBag from /home/airflow/.local/lib/python3.12/site-packages/airflow/example_dags/example_python_decorator.py
[2024-11-01T02:18:27.061+0000] {processor.py:925} INFO - DAG(s) 'example_python_decorator' retrieved from /home/airflow/.local/lib/python3.12/site-packages/airflow/example_dags/example_python_decorator.py
[2024-11-01T02:18:27.080+0000] {logging_mixin.py:190} INFO - [2024-11-01T02:18:27.080+0000] {dag.py:3239} INFO - Sync 1 DAGs
[2024-11-01T02:18:27.092+0000] {logging_mixin.py:190} INFO - [2024-11-01T02:18:27.092+0000] {dag.py:4180} INFO - Setting next_dagrun for example_python_decorator to None, run_after=None
[2024-11-01T02:18:27.109+0000] {processor.py:208} INFO - Processing /home/airflow/.local/lib/python3.12/site-packages/airflow/example_dags/example_python_decorator.py took 0.071 seconds
[2024-11-01T02:18:57.707+0000] {processor.py:186} INFO - Started process (PID=614) to work on /home/airflow/.local/lib/python3.12/site-packages/airflow/example_dags/example_python_decorator.py
[2024-11-01T02:18:57.707+0000] {processor.py:914} INFO - Processing file /home/airflow/.local/lib/python3.12/site-packages/airflow/example_dags/example_python_decorator.py for tasks to queue
[2024-11-01T02:18:57.710+0000] {logging_mixin.py:190} INFO - [2024-11-01T02:18:57.709+0000] {dagbag.py:588} INFO - Filling up the DagBag from /home/airflow/.local/lib/python3.12/site-packages/airflow/example_dags/example_python_decorator.py
[2024-11-01T02:18:57.721+0000] {processor.py:925} INFO - DAG(s) 'example_python_decorator' retrieved from /home/airflow/.local/lib/python3.12/site-packages/airflow/example_dags/example_python_decorator.py
[2024-11-01T02:18:57.740+0000] {logging_mixin.py:190} INFO - [2024-11-01T02:18:57.740+0000] {dag.py:3239} INFO - Sync 1 DAGs
[2024-11-01T02:18:57.755+0000] {logging_mixin.py:190} INFO - [2024-11-01T02:18:57.754+0000] {dag.py:4180} INFO - Setting next_dagrun for example_python_decorator to None, run_after=None
[2024-11-01T02:18:57.773+0000] {processor.py:208} INFO - Processing /home/airflow/.local/lib/python3.12/site-packages/airflow/example_dags/example_python_decorator.py took 0.071 seconds
[2024-11-01T02:19:28.328+0000] {processor.py:186} INFO - Started process (PID=677) to work on /home/airflow/.local/lib/python3.12/site-packages/airflow/example_dags/example_python_decorator.py
[2024-11-01T02:19:28.329+0000] {processor.py:914} INFO - Processing file /home/airflow/.local/lib/python3.12/site-packages/airflow/example_dags/example_python_decorator.py for tasks to queue
[2024-11-01T02:19:28.331+0000] {logging_mixin.py:190} INFO - [2024-11-01T02:19:28.331+0000] {dagbag.py:588} INFO - Filling up the DagBag from /home/airflow/.local/lib/python3.12/site-packages/airflow/example_dags/example_python_decorator.py
[2024-11-01T02:19:28.343+0000] {processor.py:925} INFO - DAG(s) 'example_python_decorator' retrieved from /home/airflow/.local/lib/python3.12/site-packages/airflow/example_dags/example_python_decorator.py
[2024-11-01T02:19:28.364+0000] {logging_mixin.py:190} INFO - [2024-11-01T02:19:28.363+0000] {dag.py:3239} INFO - Sync 1 DAGs
[2024-11-01T02:19:28.377+0000] {logging_mixin.py:190} INFO - [2024-11-01T02:19:28.377+0000] {dag.py:4180} INFO - Setting next_dagrun for example_python_decorator to None, run_after=None
[2024-11-01T02:19:28.395+0000] {processor.py:208} INFO - Processing /home/airflow/.local/lib/python3.12/site-packages/airflow/example_dags/example_python_decorator.py took 0.072 seconds
[2024-11-01T02:19:58.898+0000] {processor.py:186} INFO - Started process (PID=740) to work on /home/airflow/.local/lib/python3.12/site-packages/airflow/example_dags/example_python_decorator.py
[2024-11-01T02:19:58.899+0000] {processor.py:914} INFO - Processing file /home/airflow/.local/lib/python3.12/site-packages/airflow/example_dags/example_python_decorator.py for tasks to queue
[2024-11-01T02:19:58.901+0000] {logging_mixin.py:190} INFO - [2024-11-01T02:19:58.901+0000] {dagbag.py:588} INFO - Filling up the DagBag from /home/airflow/.local/lib/python3.12/site-packages/airflow/example_dags/example_python_decorator.py
[2024-11-01T02:19:58.913+0000] {processor.py:925} INFO - DAG(s) 'example_python_decorator' retrieved from /home/airflow/.local/lib/python3.12/site-packages/airflow/example_dags/example_python_decorator.py
[2024-11-01T02:19:58.932+0000] {logging_mixin.py:190} INFO - [2024-11-01T02:19:58.932+0000] {dag.py:3239} INFO - Sync 1 DAGs
[2024-11-01T02:19:58.945+0000] {logging_mixin.py:190} INFO - [2024-11-01T02:19:58.945+0000] {dag.py:4180} INFO - Setting next_dagrun for example_python_decorator to None, run_after=None
[2024-11-01T02:19:58.962+0000] {processor.py:208} INFO - Processing /home/airflow/.local/lib/python3.12/site-packages/airflow/example_dags/example_python_decorator.py took 0.069 seconds
[2024-11-01T02:20:29.624+0000] {processor.py:186} INFO - Started process (PID=803) to work on /home/airflow/.local/lib/python3.12/site-packages/airflow/example_dags/example_python_decorator.py
[2024-11-01T02:20:29.625+0000] {processor.py:914} INFO - Processing file /home/airflow/.local/lib/python3.12/site-packages/airflow/example_dags/example_python_decorator.py for tasks to queue
[2024-11-01T02:20:29.627+0000] {logging_mixin.py:190} INFO - [2024-11-01T02:20:29.627+0000] {dagbag.py:588} INFO - Filling up the DagBag from /home/airflow/.local/lib/python3.12/site-packages/airflow/example_dags/example_python_decorator.py
[2024-11-01T02:20:29.638+0000] {processor.py:925} INFO - DAG(s) 'example_python_decorator' retrieved from /home/airflow/.local/lib/python3.12/site-packages/airflow/example_dags/example_python_decorator.py
[2024-11-01T02:20:29.658+0000] {logging_mixin.py:190} INFO - [2024-11-01T02:20:29.657+0000] {dag.py:3239} INFO - Sync 1 DAGs
[2024-11-01T02:20:29.669+0000] {logging_mixin.py:190} INFO - [2024-11-01T02:20:29.669+0000] {dag.py:4180} INFO - Setting next_dagrun for example_python_decorator to None, run_after=None
[2024-11-01T02:20:29.689+0000] {processor.py:208} INFO - Processing /home/airflow/.local/lib/python3.12/site-packages/airflow/example_dags/example_python_decorator.py took 0.070 seconds
[2024-11-01T02:21:00.801+0000] {processor.py:186} INFO - Started process (PID=866) to work on /home/airflow/.local/lib/python3.12/site-packages/airflow/example_dags/example_python_decorator.py
[2024-11-01T02:21:00.802+0000] {processor.py:914} INFO - Processing file /home/airflow/.local/lib/python3.12/site-packages/airflow/example_dags/example_python_decorator.py for tasks to queue
[2024-11-01T02:21:00.803+0000] {logging_mixin.py:190} INFO - [2024-11-01T02:21:00.803+0000] {dagbag.py:588} INFO - Filling up the DagBag from /home/airflow/.local/lib/python3.12/site-packages/airflow/example_dags/example_python_decorator.py
[2024-11-01T02:21:00.816+0000] {processor.py:925} INFO - DAG(s) 'example_python_decorator' retrieved from /home/airflow/.local/lib/python3.12/site-packages/airflow/example_dags/example_python_decorator.py
[2024-11-01T02:21:00.835+0000] {logging_mixin.py:190} INFO - [2024-11-01T02:21:00.835+0000] {dag.py:3239} INFO - Sync 1 DAGs
[2024-11-01T02:21:00.848+0000] {logging_mixin.py:190} INFO - [2024-11-01T02:21:00.848+0000] {dag.py:4180} INFO - Setting next_dagrun for example_python_decorator to None, run_after=None
[2024-11-01T02:21:00.890+0000] {processor.py:208} INFO - Processing /home/airflow/.local/lib/python3.12/site-packages/airflow/example_dags/example_python_decorator.py took 0.094 seconds
[2024-11-01T02:21:31.581+0000] {processor.py:186} INFO - Started process (PID=929) to work on /home/airflow/.local/lib/python3.12/site-packages/airflow/example_dags/example_python_decorator.py
[2024-11-01T02:21:31.582+0000] {processor.py:914} INFO - Processing file /home/airflow/.local/lib/python3.12/site-packages/airflow/example_dags/example_python_decorator.py for tasks to queue
[2024-11-01T02:21:31.584+0000] {logging_mixin.py:190} INFO - [2024-11-01T02:21:31.584+0000] {dagbag.py:588} INFO - Filling up the DagBag from /home/airflow/.local/lib/python3.12/site-packages/airflow/example_dags/example_python_decorator.py
[2024-11-01T02:21:31.596+0000] {processor.py:925} INFO - DAG(s) 'example_python_decorator' retrieved from /home/airflow/.local/lib/python3.12/site-packages/airflow/example_dags/example_python_decorator.py
[2024-11-01T02:21:31.616+0000] {logging_mixin.py:190} INFO - [2024-11-01T02:21:31.615+0000] {dag.py:3239} INFO - Sync 1 DAGs
[2024-11-01T02:21:31.628+0000] {logging_mixin.py:190} INFO - [2024-11-01T02:21:31.628+0000] {dag.py:4180} INFO - Setting next_dagrun for example_python_decorator to None, run_after=None
[2024-11-01T02:21:31.644+0000] {processor.py:208} INFO - Processing /home/airflow/.local/lib/python3.12/site-packages/airflow/example_dags/example_python_decorator.py took 0.068 seconds
[2024-11-01T02:22:02.400+0000] {processor.py:186} INFO - Started process (PID=992) to work on /home/airflow/.local/lib/python3.12/site-packages/airflow/example_dags/example_python_decorator.py
[2024-11-01T02:22:02.401+0000] {processor.py:914} INFO - Processing file /home/airflow/.local/lib/python3.12/site-packages/airflow/example_dags/example_python_decorator.py for tasks to queue
[2024-11-01T02:22:02.403+0000] {logging_mixin.py:190} INFO - [2024-11-01T02:22:02.403+0000] {dagbag.py:588} INFO - Filling up the DagBag from /home/airflow/.local/lib/python3.12/site-packages/airflow/example_dags/example_python_decorator.py
[2024-11-01T02:22:02.415+0000] {processor.py:925} INFO - DAG(s) 'example_python_decorator' retrieved from /home/airflow/.local/lib/python3.12/site-packages/airflow/example_dags/example_python_decorator.py
[2024-11-01T02:22:02.433+0000] {logging_mixin.py:190} INFO - [2024-11-01T02:22:02.433+0000] {dag.py:3239} INFO - Sync 1 DAGs
[2024-11-01T02:22:02.446+0000] {logging_mixin.py:190} INFO - [2024-11-01T02:22:02.446+0000] {dag.py:4180} INFO - Setting next_dagrun for example_python_decorator to None, run_after=None
[2024-11-01T02:22:02.464+0000] {processor.py:208} INFO - Processing /home/airflow/.local/lib/python3.12/site-packages/airflow/example_dags/example_python_decorator.py took 0.070 seconds
[2024-11-01T02:22:33.119+0000] {processor.py:186} INFO - Started process (PID=1055) to work on /home/airflow/.local/lib/python3.12/site-packages/airflow/example_dags/example_python_decorator.py
[2024-11-01T02:22:33.120+0000] {processor.py:914} INFO - Processing file /home/airflow/.local/lib/python3.12/site-packages/airflow/example_dags/example_python_decorator.py for tasks to queue
[2024-11-01T02:22:33.122+0000] {logging_mixin.py:190} INFO - [2024-11-01T02:22:33.122+0000] {dagbag.py:588} INFO - Filling up the DagBag from /home/airflow/.local/lib/python3.12/site-packages/airflow/example_dags/example_python_decorator.py
[2024-11-01T02:22:33.133+0000] {processor.py:925} INFO - DAG(s) 'example_python_decorator' retrieved from /home/airflow/.local/lib/python3.12/site-packages/airflow/example_dags/example_python_decorator.py
[2024-11-01T02:22:33.154+0000] {logging_mixin.py:190} INFO - [2024-11-01T02:22:33.154+0000] {dag.py:3239} INFO - Sync 1 DAGs
[2024-11-01T02:22:33.166+0000] {logging_mixin.py:190} INFO - [2024-11-01T02:22:33.166+0000] {dag.py:4180} INFO - Setting next_dagrun for example_python_decorator to None, run_after=None
[2024-11-01T02:22:33.186+0000] {processor.py:208} INFO - Processing /home/airflow/.local/lib/python3.12/site-packages/airflow/example_dags/example_python_decorator.py took 0.072 seconds
[2024-11-01T02:23:03.934+0000] {processor.py:186} INFO - Started process (PID=1118) to work on /home/airflow/.local/lib/python3.12/site-packages/airflow/example_dags/example_python_decorator.py
[2024-11-01T02:23:03.936+0000] {processor.py:914} INFO - Processing file /home/airflow/.local/lib/python3.12/site-packages/airflow/example_dags/example_python_decorator.py for tasks to queue
[2024-11-01T02:23:03.937+0000] {logging_mixin.py:190} INFO - [2024-11-01T02:23:03.937+0000] {dagbag.py:588} INFO - Filling up the DagBag from /home/airflow/.local/lib/python3.12/site-packages/airflow/example_dags/example_python_decorator.py
[2024-11-01T02:23:03.948+0000] {processor.py:925} INFO - DAG(s) 'example_python_decorator' retrieved from /home/airflow/.local/lib/python3.12/site-packages/airflow/example_dags/example_python_decorator.py
[2024-11-01T02:23:03.969+0000] {logging_mixin.py:190} INFO - [2024-11-01T02:23:03.969+0000] {dag.py:3239} INFO - Sync 1 DAGs
[2024-11-01T02:23:03.981+0000] {logging_mixin.py:190} INFO - [2024-11-01T02:23:03.981+0000] {dag.py:4180} INFO - Setting next_dagrun for example_python_decorator to None, run_after=None
[2024-11-01T02:23:03.997+0000] {processor.py:208} INFO - Processing /home/airflow/.local/lib/python3.12/site-packages/airflow/example_dags/example_python_decorator.py took 0.067 seconds
[2024-11-01T02:23:34.422+0000] {processor.py:186} INFO - Started process (PID=1181) to work on /home/airflow/.local/lib/python3.12/site-packages/airflow/example_dags/example_python_decorator.py
[2024-11-01T02:23:34.422+0000] {processor.py:914} INFO - Processing file /home/airflow/.local/lib/python3.12/site-packages/airflow/example_dags/example_python_decorator.py for tasks to queue
[2024-11-01T02:23:34.424+0000] {logging_mixin.py:190} INFO - [2024-11-01T02:23:34.424+0000] {dagbag.py:588} INFO - Filling up the DagBag from /home/airflow/.local/lib/python3.12/site-packages/airflow/example_dags/example_python_decorator.py
[2024-11-01T02:23:34.436+0000] {processor.py:925} INFO - DAG(s) 'example_python_decorator' retrieved from /home/airflow/.local/lib/python3.12/site-packages/airflow/example_dags/example_python_decorator.py
[2024-11-01T02:23:34.457+0000] {logging_mixin.py:190} INFO - [2024-11-01T02:23:34.457+0000] {dag.py:3239} INFO - Sync 1 DAGs
[2024-11-01T02:23:34.470+0000] {logging_mixin.py:190} INFO - [2024-11-01T02:23:34.470+0000] {dag.py:4180} INFO - Setting next_dagrun for example_python_decorator to None, run_after=None
[2024-11-01T02:23:34.486+0000] {processor.py:208} INFO - Processing /home/airflow/.local/lib/python3.12/site-packages/airflow/example_dags/example_python_decorator.py took 0.070 seconds
