[2024-11-01T02:04:35.923+0000] {processor.py:186} INFO - Started process (PID=109) to work on /home/airflow/.local/lib/python3.12/site-packages/airflow/example_dags/tutorial_dag.py
[2024-11-01T02:04:35.924+0000] {processor.py:914} INFO - Processing file /home/airflow/.local/lib/python3.12/site-packages/airflow/example_dags/tutorial_dag.py for tasks to queue
[2024-11-01T02:04:35.926+0000] {logging_mixin.py:190} INFO - [2024-11-01T02:04:35.926+0000] {dagbag.py:588} INFO - Filling up the DagBag from /home/airflow/.local/lib/python3.12/site-packages/airflow/example_dags/tutorial_dag.py
[2024-11-01T02:04:35.934+0000] {processor.py:925} INFO - DAG(s) 'tutorial_dag' retrieved from /home/airflow/.local/lib/python3.12/site-packages/airflow/example_dags/tutorial_dag.py
[2024-11-01T02:04:36.028+0000] {logging_mixin.py:190} INFO - [2024-11-01T02:04:36.028+0000] {override.py:1900} INFO - Created Permission View: can edit on DAG:tutorial_dag
[2024-11-01T02:04:36.038+0000] {logging_mixin.py:190} INFO - [2024-11-01T02:04:36.037+0000] {override.py:1900} INFO - Created Permission View: can read on DAG:tutorial_dag
[2024-11-01T02:04:36.044+0000] {logging_mixin.py:190} INFO - [2024-11-01T02:04:36.044+0000] {override.py:1900} INFO - Created Permission View: can delete on DAG:tutorial_dag
[2024-11-01T02:04:36.052+0000] {logging_mixin.py:190} INFO - [2024-11-01T02:04:36.052+0000] {override.py:1900} INFO - Created Permission View: can delete on DAG Run:tutorial_dag
[2024-11-01T02:04:36.060+0000] {logging_mixin.py:190} INFO - [2024-11-01T02:04:36.060+0000] {override.py:1900} INFO - Created Permission View: can read on DAG Run:tutorial_dag
[2024-11-01T02:04:36.068+0000] {logging_mixin.py:190} INFO - [2024-11-01T02:04:36.068+0000] {override.py:1900} INFO - Created Permission View: can create on DAG Run:tutorial_dag
[2024-11-01T02:04:36.075+0000] {logging_mixin.py:190} INFO - [2024-11-01T02:04:36.074+0000] {override.py:1900} INFO - Created Permission View: menu access on DAG Run:tutorial_dag
[2024-11-01T02:04:36.075+0000] {logging_mixin.py:190} INFO - [2024-11-01T02:04:36.075+0000] {dag.py:3239} INFO - Sync 1 DAGs
[2024-11-01T02:04:36.087+0000] {logging_mixin.py:190} INFO - [2024-11-01T02:04:36.087+0000] {dag.py:3262} INFO - Creating ORM DAG for tutorial_dag
[2024-11-01T02:04:36.088+0000] {logging_mixin.py:190} INFO - [2024-11-01T02:04:36.088+0000] {dag.py:4180} INFO - Setting next_dagrun for tutorial_dag to None, run_after=None
[2024-11-01T02:04:36.103+0000] {processor.py:208} INFO - Processing /home/airflow/.local/lib/python3.12/site-packages/airflow/example_dags/tutorial_dag.py took 0.184 seconds
[2024-11-01T02:05:06.259+0000] {processor.py:186} INFO - Started process (PID=171) to work on /home/airflow/.local/lib/python3.12/site-packages/airflow/example_dags/tutorial_dag.py
[2024-11-01T02:05:06.260+0000] {processor.py:914} INFO - Processing file /home/airflow/.local/lib/python3.12/site-packages/airflow/example_dags/tutorial_dag.py for tasks to queue
[2024-11-01T02:05:06.262+0000] {logging_mixin.py:190} INFO - [2024-11-01T02:05:06.262+0000] {dagbag.py:588} INFO - Filling up the DagBag from /home/airflow/.local/lib/python3.12/site-packages/airflow/example_dags/tutorial_dag.py
[2024-11-01T02:05:06.268+0000] {processor.py:925} INFO - DAG(s) 'tutorial_dag' retrieved from /home/airflow/.local/lib/python3.12/site-packages/airflow/example_dags/tutorial_dag.py
[2024-11-01T02:05:06.285+0000] {logging_mixin.py:190} INFO - [2024-11-01T02:05:06.285+0000] {dag.py:3239} INFO - Sync 1 DAGs
[2024-11-01T02:05:06.299+0000] {logging_mixin.py:190} INFO - [2024-11-01T02:05:06.298+0000] {dag.py:4180} INFO - Setting next_dagrun for tutorial_dag to None, run_after=None
[2024-11-01T02:05:06.318+0000] {processor.py:208} INFO - Processing /home/airflow/.local/lib/python3.12/site-packages/airflow/example_dags/tutorial_dag.py took 0.064 seconds
[2024-11-01T02:05:36.938+0000] {processor.py:186} INFO - Started process (PID=233) to work on /home/airflow/.local/lib/python3.12/site-packages/airflow/example_dags/tutorial_dag.py
[2024-11-01T02:05:36.938+0000] {processor.py:914} INFO - Processing file /home/airflow/.local/lib/python3.12/site-packages/airflow/example_dags/tutorial_dag.py for tasks to queue
[2024-11-01T02:05:36.940+0000] {logging_mixin.py:190} INFO - [2024-11-01T02:05:36.940+0000] {dagbag.py:588} INFO - Filling up the DagBag from /home/airflow/.local/lib/python3.12/site-packages/airflow/example_dags/tutorial_dag.py
[2024-11-01T02:05:36.947+0000] {processor.py:925} INFO - DAG(s) 'tutorial_dag' retrieved from /home/airflow/.local/lib/python3.12/site-packages/airflow/example_dags/tutorial_dag.py
[2024-11-01T02:05:36.963+0000] {logging_mixin.py:190} INFO - [2024-11-01T02:05:36.963+0000] {dag.py:3239} INFO - Sync 1 DAGs
[2024-11-01T02:05:36.975+0000] {logging_mixin.py:190} INFO - [2024-11-01T02:05:36.975+0000] {dag.py:4180} INFO - Setting next_dagrun for tutorial_dag to None, run_after=None
[2024-11-01T02:05:36.991+0000] {processor.py:208} INFO - Processing /home/airflow/.local/lib/python3.12/site-packages/airflow/example_dags/tutorial_dag.py took 0.057 seconds
[2024-11-01T02:06:07.283+0000] {processor.py:186} INFO - Started process (PID=295) to work on /home/airflow/.local/lib/python3.12/site-packages/airflow/example_dags/tutorial_dag.py
[2024-11-01T02:06:07.284+0000] {processor.py:914} INFO - Processing file /home/airflow/.local/lib/python3.12/site-packages/airflow/example_dags/tutorial_dag.py for tasks to queue
[2024-11-01T02:06:07.286+0000] {logging_mixin.py:190} INFO - [2024-11-01T02:06:07.286+0000] {dagbag.py:588} INFO - Filling up the DagBag from /home/airflow/.local/lib/python3.12/site-packages/airflow/example_dags/tutorial_dag.py
[2024-11-01T02:06:07.293+0000] {processor.py:925} INFO - DAG(s) 'tutorial_dag' retrieved from /home/airflow/.local/lib/python3.12/site-packages/airflow/example_dags/tutorial_dag.py
[2024-11-01T02:06:07.310+0000] {logging_mixin.py:190} INFO - [2024-11-01T02:06:07.309+0000] {dag.py:3239} INFO - Sync 1 DAGs
[2024-11-01T02:06:07.322+0000] {logging_mixin.py:190} INFO - [2024-11-01T02:06:07.322+0000] {dag.py:4180} INFO - Setting next_dagrun for tutorial_dag to None, run_after=None
[2024-11-01T02:06:07.343+0000] {processor.py:208} INFO - Processing /home/airflow/.local/lib/python3.12/site-packages/airflow/example_dags/tutorial_dag.py took 0.064 seconds
[2024-11-01T02:14:53.284+0000] {processor.py:186} INFO - Started process (PID=105) to work on /home/airflow/.local/lib/python3.12/site-packages/airflow/example_dags/tutorial_dag.py
[2024-11-01T02:14:53.285+0000] {processor.py:914} INFO - Processing file /home/airflow/.local/lib/python3.12/site-packages/airflow/example_dags/tutorial_dag.py for tasks to queue
[2024-11-01T02:14:53.287+0000] {logging_mixin.py:190} INFO - [2024-11-01T02:14:53.286+0000] {dagbag.py:588} INFO - Filling up the DagBag from /home/airflow/.local/lib/python3.12/site-packages/airflow/example_dags/tutorial_dag.py
[2024-11-01T02:14:53.293+0000] {processor.py:925} INFO - DAG(s) 'tutorial_dag' retrieved from /home/airflow/.local/lib/python3.12/site-packages/airflow/example_dags/tutorial_dag.py
[2024-11-01T02:14:53.311+0000] {logging_mixin.py:190} INFO - [2024-11-01T02:14:53.311+0000] {dag.py:3239} INFO - Sync 1 DAGs
[2024-11-01T02:14:53.325+0000] {logging_mixin.py:190} INFO - [2024-11-01T02:14:53.325+0000] {dag.py:4180} INFO - Setting next_dagrun for tutorial_dag to None, run_after=None
[2024-11-01T02:14:53.344+0000] {processor.py:208} INFO - Processing /home/airflow/.local/lib/python3.12/site-packages/airflow/example_dags/tutorial_dag.py took 0.065 seconds
[2024-11-01T02:15:23.888+0000] {processor.py:186} INFO - Started process (PID=174) to work on /home/airflow/.local/lib/python3.12/site-packages/airflow/example_dags/tutorial_dag.py
[2024-11-01T02:15:23.889+0000] {processor.py:914} INFO - Processing file /home/airflow/.local/lib/python3.12/site-packages/airflow/example_dags/tutorial_dag.py for tasks to queue
[2024-11-01T02:15:23.891+0000] {logging_mixin.py:190} INFO - [2024-11-01T02:15:23.891+0000] {dagbag.py:588} INFO - Filling up the DagBag from /home/airflow/.local/lib/python3.12/site-packages/airflow/example_dags/tutorial_dag.py
[2024-11-01T02:15:23.897+0000] {processor.py:925} INFO - DAG(s) 'tutorial_dag' retrieved from /home/airflow/.local/lib/python3.12/site-packages/airflow/example_dags/tutorial_dag.py
[2024-11-01T02:15:23.913+0000] {logging_mixin.py:190} INFO - [2024-11-01T02:15:23.913+0000] {dag.py:3239} INFO - Sync 1 DAGs
[2024-11-01T02:15:23.927+0000] {logging_mixin.py:190} INFO - [2024-11-01T02:15:23.926+0000] {dag.py:4180} INFO - Setting next_dagrun for tutorial_dag to None, run_after=None
[2024-11-01T02:15:23.943+0000] {processor.py:208} INFO - Processing /home/airflow/.local/lib/python3.12/site-packages/airflow/example_dags/tutorial_dag.py took 0.059 seconds
[2024-11-01T02:15:54.365+0000] {processor.py:186} INFO - Started process (PID=237) to work on /home/airflow/.local/lib/python3.12/site-packages/airflow/example_dags/tutorial_dag.py
[2024-11-01T02:15:54.366+0000] {processor.py:914} INFO - Processing file /home/airflow/.local/lib/python3.12/site-packages/airflow/example_dags/tutorial_dag.py for tasks to queue
[2024-11-01T02:15:54.368+0000] {logging_mixin.py:190} INFO - [2024-11-01T02:15:54.368+0000] {dagbag.py:588} INFO - Filling up the DagBag from /home/airflow/.local/lib/python3.12/site-packages/airflow/example_dags/tutorial_dag.py
[2024-11-01T02:15:54.374+0000] {processor.py:925} INFO - DAG(s) 'tutorial_dag' retrieved from /home/airflow/.local/lib/python3.12/site-packages/airflow/example_dags/tutorial_dag.py
[2024-11-01T02:15:54.391+0000] {logging_mixin.py:190} INFO - [2024-11-01T02:15:54.390+0000] {dag.py:3239} INFO - Sync 1 DAGs
[2024-11-01T02:15:54.403+0000] {logging_mixin.py:190} INFO - [2024-11-01T02:15:54.403+0000] {dag.py:4180} INFO - Setting next_dagrun for tutorial_dag to None, run_after=None
[2024-11-01T02:15:54.420+0000] {processor.py:208} INFO - Processing /home/airflow/.local/lib/python3.12/site-packages/airflow/example_dags/tutorial_dag.py took 0.060 seconds
[2024-11-01T02:16:24.988+0000] {processor.py:186} INFO - Started process (PID=300) to work on /home/airflow/.local/lib/python3.12/site-packages/airflow/example_dags/tutorial_dag.py
[2024-11-01T02:16:24.988+0000] {processor.py:914} INFO - Processing file /home/airflow/.local/lib/python3.12/site-packages/airflow/example_dags/tutorial_dag.py for tasks to queue
[2024-11-01T02:16:24.990+0000] {logging_mixin.py:190} INFO - [2024-11-01T02:16:24.990+0000] {dagbag.py:588} INFO - Filling up the DagBag from /home/airflow/.local/lib/python3.12/site-packages/airflow/example_dags/tutorial_dag.py
[2024-11-01T02:16:24.997+0000] {processor.py:925} INFO - DAG(s) 'tutorial_dag' retrieved from /home/airflow/.local/lib/python3.12/site-packages/airflow/example_dags/tutorial_dag.py
[2024-11-01T02:16:25.012+0000] {logging_mixin.py:190} INFO - [2024-11-01T02:16:25.012+0000] {dag.py:3239} INFO - Sync 1 DAGs
[2024-11-01T02:16:25.024+0000] {logging_mixin.py:190} INFO - [2024-11-01T02:16:25.024+0000] {dag.py:4180} INFO - Setting next_dagrun for tutorial_dag to None, run_after=None
[2024-11-01T02:16:25.041+0000] {processor.py:208} INFO - Processing /home/airflow/.local/lib/python3.12/site-packages/airflow/example_dags/tutorial_dag.py took 0.058 seconds
[2024-11-01T02:16:55.674+0000] {processor.py:186} INFO - Started process (PID=363) to work on /home/airflow/.local/lib/python3.12/site-packages/airflow/example_dags/tutorial_dag.py
[2024-11-01T02:16:55.675+0000] {processor.py:914} INFO - Processing file /home/airflow/.local/lib/python3.12/site-packages/airflow/example_dags/tutorial_dag.py for tasks to queue
[2024-11-01T02:16:55.677+0000] {logging_mixin.py:190} INFO - [2024-11-01T02:16:55.677+0000] {dagbag.py:588} INFO - Filling up the DagBag from /home/airflow/.local/lib/python3.12/site-packages/airflow/example_dags/tutorial_dag.py
[2024-11-01T02:16:55.683+0000] {processor.py:925} INFO - DAG(s) 'tutorial_dag' retrieved from /home/airflow/.local/lib/python3.12/site-packages/airflow/example_dags/tutorial_dag.py
[2024-11-01T02:16:55.700+0000] {logging_mixin.py:190} INFO - [2024-11-01T02:16:55.700+0000] {dag.py:3239} INFO - Sync 1 DAGs
[2024-11-01T02:16:55.715+0000] {logging_mixin.py:190} INFO - [2024-11-01T02:16:55.715+0000] {dag.py:4180} INFO - Setting next_dagrun for tutorial_dag to None, run_after=None
[2024-11-01T02:16:55.732+0000] {processor.py:208} INFO - Processing /home/airflow/.local/lib/python3.12/site-packages/airflow/example_dags/tutorial_dag.py took 0.063 seconds
[2024-11-01T02:17:26.090+0000] {processor.py:186} INFO - Started process (PID=426) to work on /home/airflow/.local/lib/python3.12/site-packages/airflow/example_dags/tutorial_dag.py
[2024-11-01T02:17:26.091+0000] {processor.py:914} INFO - Processing file /home/airflow/.local/lib/python3.12/site-packages/airflow/example_dags/tutorial_dag.py for tasks to queue
[2024-11-01T02:17:26.093+0000] {logging_mixin.py:190} INFO - [2024-11-01T02:17:26.093+0000] {dagbag.py:588} INFO - Filling up the DagBag from /home/airflow/.local/lib/python3.12/site-packages/airflow/example_dags/tutorial_dag.py
[2024-11-01T02:17:26.100+0000] {processor.py:925} INFO - DAG(s) 'tutorial_dag' retrieved from /home/airflow/.local/lib/python3.12/site-packages/airflow/example_dags/tutorial_dag.py
[2024-11-01T02:17:26.120+0000] {logging_mixin.py:190} INFO - [2024-11-01T02:17:26.119+0000] {dag.py:3239} INFO - Sync 1 DAGs
[2024-11-01T02:17:26.133+0000] {logging_mixin.py:190} INFO - [2024-11-01T02:17:26.133+0000] {dag.py:4180} INFO - Setting next_dagrun for tutorial_dag to None, run_after=None
[2024-11-01T02:17:26.159+0000] {processor.py:208} INFO - Processing /home/airflow/.local/lib/python3.12/site-packages/airflow/example_dags/tutorial_dag.py took 0.073 seconds
[2024-11-01T02:17:56.645+0000] {processor.py:186} INFO - Started process (PID=489) to work on /home/airflow/.local/lib/python3.12/site-packages/airflow/example_dags/tutorial_dag.py
[2024-11-01T02:17:56.646+0000] {processor.py:914} INFO - Processing file /home/airflow/.local/lib/python3.12/site-packages/airflow/example_dags/tutorial_dag.py for tasks to queue
[2024-11-01T02:17:56.648+0000] {logging_mixin.py:190} INFO - [2024-11-01T02:17:56.648+0000] {dagbag.py:588} INFO - Filling up the DagBag from /home/airflow/.local/lib/python3.12/site-packages/airflow/example_dags/tutorial_dag.py
[2024-11-01T02:17:56.654+0000] {processor.py:925} INFO - DAG(s) 'tutorial_dag' retrieved from /home/airflow/.local/lib/python3.12/site-packages/airflow/example_dags/tutorial_dag.py
[2024-11-01T02:17:56.671+0000] {logging_mixin.py:190} INFO - [2024-11-01T02:17:56.671+0000] {dag.py:3239} INFO - Sync 1 DAGs
[2024-11-01T02:17:56.684+0000] {logging_mixin.py:190} INFO - [2024-11-01T02:17:56.684+0000] {dag.py:4180} INFO - Setting next_dagrun for tutorial_dag to None, run_after=None
[2024-11-01T02:17:56.714+0000] {processor.py:208} INFO - Processing /home/airflow/.local/lib/python3.12/site-packages/airflow/example_dags/tutorial_dag.py took 0.074 seconds
[2024-11-01T02:18:27.071+0000] {processor.py:186} INFO - Started process (PID=552) to work on /home/airflow/.local/lib/python3.12/site-packages/airflow/example_dags/tutorial_dag.py
[2024-11-01T02:18:27.071+0000] {processor.py:914} INFO - Processing file /home/airflow/.local/lib/python3.12/site-packages/airflow/example_dags/tutorial_dag.py for tasks to queue
[2024-11-01T02:18:27.074+0000] {logging_mixin.py:190} INFO - [2024-11-01T02:18:27.073+0000] {dagbag.py:588} INFO - Filling up the DagBag from /home/airflow/.local/lib/python3.12/site-packages/airflow/example_dags/tutorial_dag.py
[2024-11-01T02:18:27.080+0000] {processor.py:925} INFO - DAG(s) 'tutorial_dag' retrieved from /home/airflow/.local/lib/python3.12/site-packages/airflow/example_dags/tutorial_dag.py
[2024-11-01T02:18:27.096+0000] {logging_mixin.py:190} INFO - [2024-11-01T02:18:27.096+0000] {dag.py:3239} INFO - Sync 1 DAGs
[2024-11-01T02:18:27.108+0000] {logging_mixin.py:190} INFO - [2024-11-01T02:18:27.108+0000] {dag.py:4180} INFO - Setting next_dagrun for tutorial_dag to None, run_after=None
[2024-11-01T02:18:27.125+0000] {processor.py:208} INFO - Processing /home/airflow/.local/lib/python3.12/site-packages/airflow/example_dags/tutorial_dag.py took 0.059 seconds
[2024-11-01T02:18:57.763+0000] {processor.py:186} INFO - Started process (PID=615) to work on /home/airflow/.local/lib/python3.12/site-packages/airflow/example_dags/tutorial_dag.py
[2024-11-01T02:18:57.764+0000] {processor.py:914} INFO - Processing file /home/airflow/.local/lib/python3.12/site-packages/airflow/example_dags/tutorial_dag.py for tasks to queue
[2024-11-01T02:18:57.766+0000] {logging_mixin.py:190} INFO - [2024-11-01T02:18:57.765+0000] {dagbag.py:588} INFO - Filling up the DagBag from /home/airflow/.local/lib/python3.12/site-packages/airflow/example_dags/tutorial_dag.py
[2024-11-01T02:18:57.772+0000] {processor.py:925} INFO - DAG(s) 'tutorial_dag' retrieved from /home/airflow/.local/lib/python3.12/site-packages/airflow/example_dags/tutorial_dag.py
[2024-11-01T02:18:57.789+0000] {logging_mixin.py:190} INFO - [2024-11-01T02:18:57.788+0000] {dag.py:3239} INFO - Sync 1 DAGs
[2024-11-01T02:18:57.802+0000] {logging_mixin.py:190} INFO - [2024-11-01T02:18:57.802+0000] {dag.py:4180} INFO - Setting next_dagrun for tutorial_dag to None, run_after=None
[2024-11-01T02:18:57.819+0000] {processor.py:208} INFO - Processing /home/airflow/.local/lib/python3.12/site-packages/airflow/example_dags/tutorial_dag.py took 0.062 seconds
[2024-11-01T02:19:28.329+0000] {processor.py:186} INFO - Started process (PID=678) to work on /home/airflow/.local/lib/python3.12/site-packages/airflow/example_dags/tutorial_dag.py
[2024-11-01T02:19:28.330+0000] {processor.py:914} INFO - Processing file /home/airflow/.local/lib/python3.12/site-packages/airflow/example_dags/tutorial_dag.py for tasks to queue
[2024-11-01T02:19:28.332+0000] {logging_mixin.py:190} INFO - [2024-11-01T02:19:28.331+0000] {dagbag.py:588} INFO - Filling up the DagBag from /home/airflow/.local/lib/python3.12/site-packages/airflow/example_dags/tutorial_dag.py
[2024-11-01T02:19:28.337+0000] {processor.py:925} INFO - DAG(s) 'tutorial_dag' retrieved from /home/airflow/.local/lib/python3.12/site-packages/airflow/example_dags/tutorial_dag.py
[2024-11-01T02:19:28.354+0000] {logging_mixin.py:190} INFO - [2024-11-01T02:19:28.354+0000] {dag.py:3239} INFO - Sync 1 DAGs
[2024-11-01T02:19:28.367+0000] {logging_mixin.py:190} INFO - [2024-11-01T02:19:28.367+0000] {dag.py:4180} INFO - Setting next_dagrun for tutorial_dag to None, run_after=None
[2024-11-01T02:19:28.385+0000] {processor.py:208} INFO - Processing /home/airflow/.local/lib/python3.12/site-packages/airflow/example_dags/tutorial_dag.py took 0.061 seconds
[2024-11-01T02:19:58.959+0000] {processor.py:186} INFO - Started process (PID=741) to work on /home/airflow/.local/lib/python3.12/site-packages/airflow/example_dags/tutorial_dag.py
[2024-11-01T02:19:58.960+0000] {processor.py:914} INFO - Processing file /home/airflow/.local/lib/python3.12/site-packages/airflow/example_dags/tutorial_dag.py for tasks to queue
[2024-11-01T02:19:58.962+0000] {logging_mixin.py:190} INFO - [2024-11-01T02:19:58.962+0000] {dagbag.py:588} INFO - Filling up the DagBag from /home/airflow/.local/lib/python3.12/site-packages/airflow/example_dags/tutorial_dag.py
[2024-11-01T02:19:58.968+0000] {processor.py:925} INFO - DAG(s) 'tutorial_dag' retrieved from /home/airflow/.local/lib/python3.12/site-packages/airflow/example_dags/tutorial_dag.py
[2024-11-01T02:19:58.985+0000] {logging_mixin.py:190} INFO - [2024-11-01T02:19:58.985+0000] {dag.py:3239} INFO - Sync 1 DAGs
[2024-11-01T02:19:58.998+0000] {logging_mixin.py:190} INFO - [2024-11-01T02:19:58.998+0000] {dag.py:4180} INFO - Setting next_dagrun for tutorial_dag to None, run_after=None
[2024-11-01T02:19:59.015+0000] {processor.py:208} INFO - Processing /home/airflow/.local/lib/python3.12/site-packages/airflow/example_dags/tutorial_dag.py took 0.060 seconds
[2024-11-01T02:20:29.724+0000] {processor.py:186} INFO - Started process (PID=804) to work on /home/airflow/.local/lib/python3.12/site-packages/airflow/example_dags/tutorial_dag.py
[2024-11-01T02:20:29.725+0000] {processor.py:914} INFO - Processing file /home/airflow/.local/lib/python3.12/site-packages/airflow/example_dags/tutorial_dag.py for tasks to queue
[2024-11-01T02:20:29.727+0000] {logging_mixin.py:190} INFO - [2024-11-01T02:20:29.727+0000] {dagbag.py:588} INFO - Filling up the DagBag from /home/airflow/.local/lib/python3.12/site-packages/airflow/example_dags/tutorial_dag.py
[2024-11-01T02:20:29.734+0000] {processor.py:925} INFO - DAG(s) 'tutorial_dag' retrieved from /home/airflow/.local/lib/python3.12/site-packages/airflow/example_dags/tutorial_dag.py
[2024-11-01T02:20:29.750+0000] {logging_mixin.py:190} INFO - [2024-11-01T02:20:29.750+0000] {dag.py:3239} INFO - Sync 1 DAGs
[2024-11-01T02:20:29.764+0000] {logging_mixin.py:190} INFO - [2024-11-01T02:20:29.764+0000] {dag.py:4180} INFO - Setting next_dagrun for tutorial_dag to None, run_after=None
[2024-11-01T02:20:29.782+0000] {processor.py:208} INFO - Processing /home/airflow/.local/lib/python3.12/site-packages/airflow/example_dags/tutorial_dag.py took 0.062 seconds
[2024-11-01T02:21:00.928+0000] {processor.py:186} INFO - Started process (PID=867) to work on /home/airflow/.local/lib/python3.12/site-packages/airflow/example_dags/tutorial_dag.py
[2024-11-01T02:21:00.929+0000] {processor.py:914} INFO - Processing file /home/airflow/.local/lib/python3.12/site-packages/airflow/example_dags/tutorial_dag.py for tasks to queue
[2024-11-01T02:21:00.931+0000] {logging_mixin.py:190} INFO - [2024-11-01T02:21:00.931+0000] {dagbag.py:588} INFO - Filling up the DagBag from /home/airflow/.local/lib/python3.12/site-packages/airflow/example_dags/tutorial_dag.py
[2024-11-01T02:21:00.938+0000] {processor.py:925} INFO - DAG(s) 'tutorial_dag' retrieved from /home/airflow/.local/lib/python3.12/site-packages/airflow/example_dags/tutorial_dag.py
[2024-11-01T02:21:00.955+0000] {logging_mixin.py:190} INFO - [2024-11-01T02:21:00.954+0000] {dag.py:3239} INFO - Sync 1 DAGs
[2024-11-01T02:21:00.967+0000] {logging_mixin.py:190} INFO - [2024-11-01T02:21:00.967+0000] {dag.py:4180} INFO - Setting next_dagrun for tutorial_dag to None, run_after=None
[2024-11-01T02:21:00.985+0000] {processor.py:208} INFO - Processing /home/airflow/.local/lib/python3.12/site-packages/airflow/example_dags/tutorial_dag.py took 0.061 seconds
[2024-11-01T02:21:31.604+0000] {processor.py:186} INFO - Started process (PID=930) to work on /home/airflow/.local/lib/python3.12/site-packages/airflow/example_dags/tutorial_dag.py
[2024-11-01T02:21:31.605+0000] {processor.py:914} INFO - Processing file /home/airflow/.local/lib/python3.12/site-packages/airflow/example_dags/tutorial_dag.py for tasks to queue
[2024-11-01T02:21:31.607+0000] {logging_mixin.py:190} INFO - [2024-11-01T02:21:31.606+0000] {dagbag.py:588} INFO - Filling up the DagBag from /home/airflow/.local/lib/python3.12/site-packages/airflow/example_dags/tutorial_dag.py
[2024-11-01T02:21:31.613+0000] {processor.py:925} INFO - DAG(s) 'tutorial_dag' retrieved from /home/airflow/.local/lib/python3.12/site-packages/airflow/example_dags/tutorial_dag.py
[2024-11-01T02:21:31.630+0000] {logging_mixin.py:190} INFO - [2024-11-01T02:21:31.629+0000] {dag.py:3239} INFO - Sync 1 DAGs
[2024-11-01T02:21:31.642+0000] {logging_mixin.py:190} INFO - [2024-11-01T02:21:31.642+0000] {dag.py:4180} INFO - Setting next_dagrun for tutorial_dag to None, run_after=None
[2024-11-01T02:21:31.658+0000] {processor.py:208} INFO - Processing /home/airflow/.local/lib/python3.12/site-packages/airflow/example_dags/tutorial_dag.py took 0.059 seconds
[2024-11-01T02:22:02.473+0000] {processor.py:186} INFO - Started process (PID=993) to work on /home/airflow/.local/lib/python3.12/site-packages/airflow/example_dags/tutorial_dag.py
[2024-11-01T02:22:02.474+0000] {processor.py:914} INFO - Processing file /home/airflow/.local/lib/python3.12/site-packages/airflow/example_dags/tutorial_dag.py for tasks to queue
[2024-11-01T02:22:02.476+0000] {logging_mixin.py:190} INFO - [2024-11-01T02:22:02.476+0000] {dagbag.py:588} INFO - Filling up the DagBag from /home/airflow/.local/lib/python3.12/site-packages/airflow/example_dags/tutorial_dag.py
[2024-11-01T02:22:02.482+0000] {processor.py:925} INFO - DAG(s) 'tutorial_dag' retrieved from /home/airflow/.local/lib/python3.12/site-packages/airflow/example_dags/tutorial_dag.py
[2024-11-01T02:22:02.498+0000] {logging_mixin.py:190} INFO - [2024-11-01T02:22:02.498+0000] {dag.py:3239} INFO - Sync 1 DAGs
[2024-11-01T02:22:02.511+0000] {logging_mixin.py:190} INFO - [2024-11-01T02:22:02.511+0000] {dag.py:4180} INFO - Setting next_dagrun for tutorial_dag to None, run_after=None
[2024-11-01T02:22:02.529+0000] {processor.py:208} INFO - Processing /home/airflow/.local/lib/python3.12/site-packages/airflow/example_dags/tutorial_dag.py took 0.061 seconds
[2024-11-01T02:22:33.223+0000] {processor.py:186} INFO - Started process (PID=1056) to work on /home/airflow/.local/lib/python3.12/site-packages/airflow/example_dags/tutorial_dag.py
[2024-11-01T02:22:33.224+0000] {processor.py:914} INFO - Processing file /home/airflow/.local/lib/python3.12/site-packages/airflow/example_dags/tutorial_dag.py for tasks to queue
[2024-11-01T02:22:33.226+0000] {logging_mixin.py:190} INFO - [2024-11-01T02:22:33.226+0000] {dagbag.py:588} INFO - Filling up the DagBag from /home/airflow/.local/lib/python3.12/site-packages/airflow/example_dags/tutorial_dag.py
[2024-11-01T02:22:33.232+0000] {processor.py:925} INFO - DAG(s) 'tutorial_dag' retrieved from /home/airflow/.local/lib/python3.12/site-packages/airflow/example_dags/tutorial_dag.py
[2024-11-01T02:22:33.249+0000] {logging_mixin.py:190} INFO - [2024-11-01T02:22:33.249+0000] {dag.py:3239} INFO - Sync 1 DAGs
[2024-11-01T02:22:33.263+0000] {logging_mixin.py:190} INFO - [2024-11-01T02:22:33.262+0000] {dag.py:4180} INFO - Setting next_dagrun for tutorial_dag to None, run_after=None
[2024-11-01T02:22:33.280+0000] {processor.py:208} INFO - Processing /home/airflow/.local/lib/python3.12/site-packages/airflow/example_dags/tutorial_dag.py took 0.062 seconds
[2024-11-01T02:23:04.031+0000] {processor.py:186} INFO - Started process (PID=1119) to work on /home/airflow/.local/lib/python3.12/site-packages/airflow/example_dags/tutorial_dag.py
[2024-11-01T02:23:04.032+0000] {processor.py:914} INFO - Processing file /home/airflow/.local/lib/python3.12/site-packages/airflow/example_dags/tutorial_dag.py for tasks to queue
[2024-11-01T02:23:04.034+0000] {logging_mixin.py:190} INFO - [2024-11-01T02:23:04.034+0000] {dagbag.py:588} INFO - Filling up the DagBag from /home/airflow/.local/lib/python3.12/site-packages/airflow/example_dags/tutorial_dag.py
[2024-11-01T02:23:04.040+0000] {processor.py:925} INFO - DAG(s) 'tutorial_dag' retrieved from /home/airflow/.local/lib/python3.12/site-packages/airflow/example_dags/tutorial_dag.py
[2024-11-01T02:23:04.057+0000] {logging_mixin.py:190} INFO - [2024-11-01T02:23:04.056+0000] {dag.py:3239} INFO - Sync 1 DAGs
[2024-11-01T02:23:04.069+0000] {logging_mixin.py:190} INFO - [2024-11-01T02:23:04.069+0000] {dag.py:4180} INFO - Setting next_dagrun for tutorial_dag to None, run_after=None
[2024-11-01T02:23:04.086+0000] {processor.py:208} INFO - Processing /home/airflow/.local/lib/python3.12/site-packages/airflow/example_dags/tutorial_dag.py took 0.059 seconds
