[2024-11-01T02:04:34.278+0000] {processor.py:186} INFO - Started process (PID=98) to work on /home/airflow/.local/lib/python3.12/site-packages/airflow/example_dags/tutorial.py
[2024-11-01T02:04:34.279+0000] {processor.py:914} INFO - Processing file /home/airflow/.local/lib/python3.12/site-packages/airflow/example_dags/tutorial.py for tasks to queue
[2024-11-01T02:04:34.282+0000] {logging_mixin.py:190} INFO - [2024-11-01T02:04:34.281+0000] {dagbag.py:588} INFO - Filling up the DagBag from /home/airflow/.local/lib/python3.12/site-packages/airflow/example_dags/tutorial.py
[2024-11-01T02:04:34.289+0000] {processor.py:925} INFO - DAG(s) 'tutorial' retrieved from /home/airflow/.local/lib/python3.12/site-packages/airflow/example_dags/tutorial.py
[2024-11-01T02:04:34.384+0000] {logging_mixin.py:190} INFO - [2024-11-01T02:04:34.383+0000] {override.py:1900} INFO - Created Permission View: can edit on DAG:tutorial
[2024-11-01T02:04:34.394+0000] {logging_mixin.py:190} INFO - [2024-11-01T02:04:34.393+0000] {override.py:1900} INFO - Created Permission View: can read on DAG:tutorial
[2024-11-01T02:04:34.401+0000] {logging_mixin.py:190} INFO - [2024-11-01T02:04:34.400+0000] {override.py:1900} INFO - Created Permission View: can delete on DAG:tutorial
[2024-11-01T02:04:34.410+0000] {logging_mixin.py:190} INFO - [2024-11-01T02:04:34.409+0000] {override.py:1900} INFO - Created Permission View: can delete on DAG Run:tutorial
[2024-11-01T02:04:34.417+0000] {logging_mixin.py:190} INFO - [2024-11-01T02:04:34.417+0000] {override.py:1900} INFO - Created Permission View: can read on DAG Run:tutorial
[2024-11-01T02:04:34.424+0000] {logging_mixin.py:190} INFO - [2024-11-01T02:04:34.423+0000] {override.py:1900} INFO - Created Permission View: can create on DAG Run:tutorial
[2024-11-01T02:04:34.431+0000] {logging_mixin.py:190} INFO - [2024-11-01T02:04:34.431+0000] {override.py:1900} INFO - Created Permission View: menu access on DAG Run:tutorial
[2024-11-01T02:04:34.432+0000] {logging_mixin.py:190} INFO - [2024-11-01T02:04:34.432+0000] {dag.py:3239} INFO - Sync 1 DAGs
[2024-11-01T02:04:34.451+0000] {logging_mixin.py:190} INFO - [2024-11-01T02:04:34.451+0000] {dag.py:3262} INFO - Creating ORM DAG for tutorial
[2024-11-01T02:04:34.461+0000] {logging_mixin.py:190} INFO - [2024-11-01T02:04:34.461+0000] {dag.py:4180} INFO - Setting next_dagrun for tutorial to 2024-10-31 00:00:00+00:00, run_after=2024-11-01 00:00:00+00:00
[2024-11-01T02:04:34.477+0000] {processor.py:208} INFO - Processing /home/airflow/.local/lib/python3.12/site-packages/airflow/example_dags/tutorial.py took 0.203 seconds
[2024-11-01T02:05:05.026+0000] {processor.py:186} INFO - Started process (PID=160) to work on /home/airflow/.local/lib/python3.12/site-packages/airflow/example_dags/tutorial.py
[2024-11-01T02:05:05.027+0000] {processor.py:914} INFO - Processing file /home/airflow/.local/lib/python3.12/site-packages/airflow/example_dags/tutorial.py for tasks to queue
[2024-11-01T02:05:05.030+0000] {logging_mixin.py:190} INFO - [2024-11-01T02:05:05.029+0000] {dagbag.py:588} INFO - Filling up the DagBag from /home/airflow/.local/lib/python3.12/site-packages/airflow/example_dags/tutorial.py
[2024-11-01T02:05:05.036+0000] {processor.py:925} INFO - DAG(s) 'tutorial' retrieved from /home/airflow/.local/lib/python3.12/site-packages/airflow/example_dags/tutorial.py
[2024-11-01T02:05:05.055+0000] {logging_mixin.py:190} INFO - [2024-11-01T02:05:05.054+0000] {dag.py:3239} INFO - Sync 1 DAGs
[2024-11-01T02:05:05.078+0000] {logging_mixin.py:190} INFO - [2024-11-01T02:05:05.077+0000] {dag.py:4180} INFO - Setting next_dagrun for tutorial to 2024-10-31 00:00:00+00:00, run_after=2024-11-01 00:00:00+00:00
[2024-11-01T02:05:05.118+0000] {processor.py:208} INFO - Processing /home/airflow/.local/lib/python3.12/site-packages/airflow/example_dags/tutorial.py took 0.097 seconds
[2024-11-01T02:05:35.250+0000] {processor.py:186} INFO - Started process (PID=222) to work on /home/airflow/.local/lib/python3.12/site-packages/airflow/example_dags/tutorial.py
[2024-11-01T02:05:35.251+0000] {processor.py:914} INFO - Processing file /home/airflow/.local/lib/python3.12/site-packages/airflow/example_dags/tutorial.py for tasks to queue
[2024-11-01T02:05:35.253+0000] {logging_mixin.py:190} INFO - [2024-11-01T02:05:35.252+0000] {dagbag.py:588} INFO - Filling up the DagBag from /home/airflow/.local/lib/python3.12/site-packages/airflow/example_dags/tutorial.py
[2024-11-01T02:05:35.259+0000] {processor.py:925} INFO - DAG(s) 'tutorial' retrieved from /home/airflow/.local/lib/python3.12/site-packages/airflow/example_dags/tutorial.py
[2024-11-01T02:05:35.275+0000] {logging_mixin.py:190} INFO - [2024-11-01T02:05:35.275+0000] {dag.py:3239} INFO - Sync 1 DAGs
[2024-11-01T02:05:35.294+0000] {logging_mixin.py:190} INFO - [2024-11-01T02:05:35.293+0000] {dag.py:4180} INFO - Setting next_dagrun for tutorial to 2024-10-31 00:00:00+00:00, run_after=2024-11-01 00:00:00+00:00
[2024-11-01T02:05:35.310+0000] {processor.py:208} INFO - Processing /home/airflow/.local/lib/python3.12/site-packages/airflow/example_dags/tutorial.py took 0.065 seconds
[2024-11-01T02:06:05.410+0000] {processor.py:186} INFO - Started process (PID=283) to work on /home/airflow/.local/lib/python3.12/site-packages/airflow/example_dags/tutorial.py
[2024-11-01T02:06:05.411+0000] {processor.py:914} INFO - Processing file /home/airflow/.local/lib/python3.12/site-packages/airflow/example_dags/tutorial.py for tasks to queue
[2024-11-01T02:06:05.413+0000] {logging_mixin.py:190} INFO - [2024-11-01T02:06:05.412+0000] {dagbag.py:588} INFO - Filling up the DagBag from /home/airflow/.local/lib/python3.12/site-packages/airflow/example_dags/tutorial.py
[2024-11-01T02:06:05.419+0000] {processor.py:925} INFO - DAG(s) 'tutorial' retrieved from /home/airflow/.local/lib/python3.12/site-packages/airflow/example_dags/tutorial.py
[2024-11-01T02:06:05.436+0000] {logging_mixin.py:190} INFO - [2024-11-01T02:06:05.436+0000] {dag.py:3239} INFO - Sync 1 DAGs
[2024-11-01T02:06:05.456+0000] {logging_mixin.py:190} INFO - [2024-11-01T02:06:05.456+0000] {dag.py:4180} INFO - Setting next_dagrun for tutorial to 2024-10-31 00:00:00+00:00, run_after=2024-11-01 00:00:00+00:00
[2024-11-01T02:06:05.472+0000] {processor.py:208} INFO - Processing /home/airflow/.local/lib/python3.12/site-packages/airflow/example_dags/tutorial.py took 0.066 seconds
[2024-11-01T02:14:52.647+0000] {processor.py:186} INFO - Started process (PID=94) to work on /home/airflow/.local/lib/python3.12/site-packages/airflow/example_dags/tutorial.py
[2024-11-01T02:14:52.648+0000] {processor.py:914} INFO - Processing file /home/airflow/.local/lib/python3.12/site-packages/airflow/example_dags/tutorial.py for tasks to queue
[2024-11-01T02:14:52.650+0000] {logging_mixin.py:190} INFO - [2024-11-01T02:14:52.650+0000] {dagbag.py:588} INFO - Filling up the DagBag from /home/airflow/.local/lib/python3.12/site-packages/airflow/example_dags/tutorial.py
[2024-11-01T02:14:52.659+0000] {processor.py:925} INFO - DAG(s) 'tutorial' retrieved from /home/airflow/.local/lib/python3.12/site-packages/airflow/example_dags/tutorial.py
[2024-11-01T02:14:52.678+0000] {logging_mixin.py:190} INFO - [2024-11-01T02:14:52.677+0000] {dag.py:3239} INFO - Sync 1 DAGs
[2024-11-01T02:14:52.700+0000] {logging_mixin.py:190} INFO - [2024-11-01T02:14:52.700+0000] {dag.py:4180} INFO - Setting next_dagrun for tutorial to 2024-10-31 00:00:00+00:00, run_after=2024-11-01 00:00:00+00:00
[2024-11-01T02:14:52.720+0000] {processor.py:208} INFO - Processing /home/airflow/.local/lib/python3.12/site-packages/airflow/example_dags/tutorial.py took 0.079 seconds
[2024-11-01T02:15:23.248+0000] {processor.py:186} INFO - Started process (PID=157) to work on /home/airflow/.local/lib/python3.12/site-packages/airflow/example_dags/tutorial.py
[2024-11-01T02:15:23.249+0000] {processor.py:914} INFO - Processing file /home/airflow/.local/lib/python3.12/site-packages/airflow/example_dags/tutorial.py for tasks to queue
[2024-11-01T02:15:23.251+0000] {logging_mixin.py:190} INFO - [2024-11-01T02:15:23.250+0000] {dagbag.py:588} INFO - Filling up the DagBag from /home/airflow/.local/lib/python3.12/site-packages/airflow/example_dags/tutorial.py
[2024-11-01T02:15:23.257+0000] {processor.py:925} INFO - DAG(s) 'tutorial' retrieved from /home/airflow/.local/lib/python3.12/site-packages/airflow/example_dags/tutorial.py
[2024-11-01T02:15:23.273+0000] {logging_mixin.py:190} INFO - [2024-11-01T02:15:23.273+0000] {dag.py:3239} INFO - Sync 1 DAGs
[2024-11-01T02:15:23.293+0000] {logging_mixin.py:190} INFO - [2024-11-01T02:15:23.293+0000] {dag.py:4180} INFO - Setting next_dagrun for tutorial to 2024-10-31 00:00:00+00:00, run_after=2024-11-01 00:00:00+00:00
[2024-11-01T02:15:23.323+0000] {processor.py:208} INFO - Processing /home/airflow/.local/lib/python3.12/site-packages/airflow/example_dags/tutorial.py took 0.079 seconds
[2024-11-01T02:15:53.565+0000] {processor.py:186} INFO - Started process (PID=226) to work on /home/airflow/.local/lib/python3.12/site-packages/airflow/example_dags/tutorial.py
[2024-11-01T02:15:53.566+0000] {processor.py:914} INFO - Processing file /home/airflow/.local/lib/python3.12/site-packages/airflow/example_dags/tutorial.py for tasks to queue
[2024-11-01T02:15:53.568+0000] {logging_mixin.py:190} INFO - [2024-11-01T02:15:53.568+0000] {dagbag.py:588} INFO - Filling up the DagBag from /home/airflow/.local/lib/python3.12/site-packages/airflow/example_dags/tutorial.py
[2024-11-01T02:15:53.574+0000] {processor.py:925} INFO - DAG(s) 'tutorial' retrieved from /home/airflow/.local/lib/python3.12/site-packages/airflow/example_dags/tutorial.py
[2024-11-01T02:15:53.591+0000] {logging_mixin.py:190} INFO - [2024-11-01T02:15:53.591+0000] {dag.py:3239} INFO - Sync 1 DAGs
[2024-11-01T02:15:53.611+0000] {logging_mixin.py:190} INFO - [2024-11-01T02:15:53.611+0000] {dag.py:4180} INFO - Setting next_dagrun for tutorial to 2024-10-31 00:00:00+00:00, run_after=2024-11-01 00:00:00+00:00
[2024-11-01T02:15:53.628+0000] {processor.py:208} INFO - Processing /home/airflow/.local/lib/python3.12/site-packages/airflow/example_dags/tutorial.py took 0.067 seconds
[2024-11-01T02:16:24.395+0000] {processor.py:186} INFO - Started process (PID=289) to work on /home/airflow/.local/lib/python3.12/site-packages/airflow/example_dags/tutorial.py
[2024-11-01T02:16:24.395+0000] {processor.py:914} INFO - Processing file /home/airflow/.local/lib/python3.12/site-packages/airflow/example_dags/tutorial.py for tasks to queue
[2024-11-01T02:16:24.397+0000] {logging_mixin.py:190} INFO - [2024-11-01T02:16:24.397+0000] {dagbag.py:588} INFO - Filling up the DagBag from /home/airflow/.local/lib/python3.12/site-packages/airflow/example_dags/tutorial.py
[2024-11-01T02:16:24.404+0000] {processor.py:925} INFO - DAG(s) 'tutorial' retrieved from /home/airflow/.local/lib/python3.12/site-packages/airflow/example_dags/tutorial.py
[2024-11-01T02:16:24.420+0000] {logging_mixin.py:190} INFO - [2024-11-01T02:16:24.420+0000] {dag.py:3239} INFO - Sync 1 DAGs
[2024-11-01T02:16:24.441+0000] {logging_mixin.py:190} INFO - [2024-11-01T02:16:24.441+0000] {dag.py:4180} INFO - Setting next_dagrun for tutorial to 2024-10-31 00:00:00+00:00, run_after=2024-11-01 00:00:00+00:00
[2024-11-01T02:16:24.457+0000] {processor.py:208} INFO - Processing /home/airflow/.local/lib/python3.12/site-packages/airflow/example_dags/tutorial.py took 0.067 seconds
[2024-11-01T02:16:54.898+0000] {processor.py:186} INFO - Started process (PID=352) to work on /home/airflow/.local/lib/python3.12/site-packages/airflow/example_dags/tutorial.py
[2024-11-01T02:16:54.901+0000] {processor.py:914} INFO - Processing file /home/airflow/.local/lib/python3.12/site-packages/airflow/example_dags/tutorial.py for tasks to queue
[2024-11-01T02:16:54.904+0000] {logging_mixin.py:190} INFO - [2024-11-01T02:16:54.903+0000] {dagbag.py:588} INFO - Filling up the DagBag from /home/airflow/.local/lib/python3.12/site-packages/airflow/example_dags/tutorial.py
[2024-11-01T02:16:54.915+0000] {processor.py:925} INFO - DAG(s) 'tutorial' retrieved from /home/airflow/.local/lib/python3.12/site-packages/airflow/example_dags/tutorial.py
[2024-11-01T02:16:54.938+0000] {logging_mixin.py:190} INFO - [2024-11-01T02:16:54.937+0000] {dag.py:3239} INFO - Sync 1 DAGs
[2024-11-01T02:16:54.968+0000] {logging_mixin.py:190} INFO - [2024-11-01T02:16:54.967+0000] {dag.py:4180} INFO - Setting next_dagrun for tutorial to 2024-10-31 00:00:00+00:00, run_after=2024-11-01 00:00:00+00:00
[2024-11-01T02:16:54.989+0000] {processor.py:208} INFO - Processing /home/airflow/.local/lib/python3.12/site-packages/airflow/example_dags/tutorial.py took 0.098 seconds
[2024-11-01T02:17:25.465+0000] {processor.py:186} INFO - Started process (PID=415) to work on /home/airflow/.local/lib/python3.12/site-packages/airflow/example_dags/tutorial.py
[2024-11-01T02:17:25.466+0000] {processor.py:914} INFO - Processing file /home/airflow/.local/lib/python3.12/site-packages/airflow/example_dags/tutorial.py for tasks to queue
[2024-11-01T02:17:25.468+0000] {logging_mixin.py:190} INFO - [2024-11-01T02:17:25.468+0000] {dagbag.py:588} INFO - Filling up the DagBag from /home/airflow/.local/lib/python3.12/site-packages/airflow/example_dags/tutorial.py
[2024-11-01T02:17:25.474+0000] {processor.py:925} INFO - DAG(s) 'tutorial' retrieved from /home/airflow/.local/lib/python3.12/site-packages/airflow/example_dags/tutorial.py
[2024-11-01T02:17:25.492+0000] {logging_mixin.py:190} INFO - [2024-11-01T02:17:25.492+0000] {dag.py:3239} INFO - Sync 1 DAGs
[2024-11-01T02:17:25.514+0000] {logging_mixin.py:190} INFO - [2024-11-01T02:17:25.514+0000] {dag.py:4180} INFO - Setting next_dagrun for tutorial to 2024-10-31 00:00:00+00:00, run_after=2024-11-01 00:00:00+00:00
[2024-11-01T02:17:25.530+0000] {processor.py:208} INFO - Processing /home/airflow/.local/lib/python3.12/site-packages/airflow/example_dags/tutorial.py took 0.070 seconds
[2024-11-01T02:17:56.045+0000] {processor.py:186} INFO - Started process (PID=478) to work on /home/airflow/.local/lib/python3.12/site-packages/airflow/example_dags/tutorial.py
[2024-11-01T02:17:56.046+0000] {processor.py:914} INFO - Processing file /home/airflow/.local/lib/python3.12/site-packages/airflow/example_dags/tutorial.py for tasks to queue
[2024-11-01T02:17:56.048+0000] {logging_mixin.py:190} INFO - [2024-11-01T02:17:56.048+0000] {dagbag.py:588} INFO - Filling up the DagBag from /home/airflow/.local/lib/python3.12/site-packages/airflow/example_dags/tutorial.py
[2024-11-01T02:17:56.055+0000] {processor.py:925} INFO - DAG(s) 'tutorial' retrieved from /home/airflow/.local/lib/python3.12/site-packages/airflow/example_dags/tutorial.py
[2024-11-01T02:17:56.072+0000] {logging_mixin.py:190} INFO - [2024-11-01T02:17:56.072+0000] {dag.py:3239} INFO - Sync 1 DAGs
[2024-11-01T02:17:56.092+0000] {logging_mixin.py:190} INFO - [2024-11-01T02:17:56.092+0000] {dag.py:4180} INFO - Setting next_dagrun for tutorial to 2024-10-31 00:00:00+00:00, run_after=2024-11-01 00:00:00+00:00
[2024-11-01T02:17:56.109+0000] {processor.py:208} INFO - Processing /home/airflow/.local/lib/python3.12/site-packages/airflow/example_dags/tutorial.py took 0.069 seconds
[2024-11-01T02:18:26.458+0000] {processor.py:186} INFO - Started process (PID=541) to work on /home/airflow/.local/lib/python3.12/site-packages/airflow/example_dags/tutorial.py
[2024-11-01T02:18:26.459+0000] {processor.py:914} INFO - Processing file /home/airflow/.local/lib/python3.12/site-packages/airflow/example_dags/tutorial.py for tasks to queue
[2024-11-01T02:18:26.461+0000] {logging_mixin.py:190} INFO - [2024-11-01T02:18:26.460+0000] {dagbag.py:588} INFO - Filling up the DagBag from /home/airflow/.local/lib/python3.12/site-packages/airflow/example_dags/tutorial.py
[2024-11-01T02:18:26.467+0000] {processor.py:925} INFO - DAG(s) 'tutorial' retrieved from /home/airflow/.local/lib/python3.12/site-packages/airflow/example_dags/tutorial.py
[2024-11-01T02:18:26.484+0000] {logging_mixin.py:190} INFO - [2024-11-01T02:18:26.484+0000] {dag.py:3239} INFO - Sync 1 DAGs
[2024-11-01T02:18:26.504+0000] {logging_mixin.py:190} INFO - [2024-11-01T02:18:26.503+0000] {dag.py:4180} INFO - Setting next_dagrun for tutorial to 2024-10-31 00:00:00+00:00, run_after=2024-11-01 00:00:00+00:00
[2024-11-01T02:18:26.520+0000] {processor.py:208} INFO - Processing /home/airflow/.local/lib/python3.12/site-packages/airflow/example_dags/tutorial.py took 0.067 seconds
[2024-11-01T02:18:57.080+0000] {processor.py:186} INFO - Started process (PID=604) to work on /home/airflow/.local/lib/python3.12/site-packages/airflow/example_dags/tutorial.py
[2024-11-01T02:18:57.080+0000] {processor.py:914} INFO - Processing file /home/airflow/.local/lib/python3.12/site-packages/airflow/example_dags/tutorial.py for tasks to queue
[2024-11-01T02:18:57.082+0000] {logging_mixin.py:190} INFO - [2024-11-01T02:18:57.082+0000] {dagbag.py:588} INFO - Filling up the DagBag from /home/airflow/.local/lib/python3.12/site-packages/airflow/example_dags/tutorial.py
[2024-11-01T02:18:57.088+0000] {processor.py:925} INFO - DAG(s) 'tutorial' retrieved from /home/airflow/.local/lib/python3.12/site-packages/airflow/example_dags/tutorial.py
[2024-11-01T02:18:57.105+0000] {logging_mixin.py:190} INFO - [2024-11-01T02:18:57.104+0000] {dag.py:3239} INFO - Sync 1 DAGs
[2024-11-01T02:18:57.125+0000] {logging_mixin.py:190} INFO - [2024-11-01T02:18:57.124+0000] {dag.py:4180} INFO - Setting next_dagrun for tutorial to 2024-10-31 00:00:00+00:00, run_after=2024-11-01 00:00:00+00:00
[2024-11-01T02:18:57.141+0000] {processor.py:208} INFO - Processing /home/airflow/.local/lib/python3.12/site-packages/airflow/example_dags/tutorial.py took 0.066 seconds
[2024-11-01T02:19:27.566+0000] {processor.py:186} INFO - Started process (PID=667) to work on /home/airflow/.local/lib/python3.12/site-packages/airflow/example_dags/tutorial.py
[2024-11-01T02:19:27.567+0000] {processor.py:914} INFO - Processing file /home/airflow/.local/lib/python3.12/site-packages/airflow/example_dags/tutorial.py for tasks to queue
[2024-11-01T02:19:27.569+0000] {logging_mixin.py:190} INFO - [2024-11-01T02:19:27.569+0000] {dagbag.py:588} INFO - Filling up the DagBag from /home/airflow/.local/lib/python3.12/site-packages/airflow/example_dags/tutorial.py
[2024-11-01T02:19:27.575+0000] {processor.py:925} INFO - DAG(s) 'tutorial' retrieved from /home/airflow/.local/lib/python3.12/site-packages/airflow/example_dags/tutorial.py
[2024-11-01T02:19:27.592+0000] {logging_mixin.py:190} INFO - [2024-11-01T02:19:27.592+0000] {dag.py:3239} INFO - Sync 1 DAGs
[2024-11-01T02:19:27.612+0000] {logging_mixin.py:190} INFO - [2024-11-01T02:19:27.612+0000] {dag.py:4180} INFO - Setting next_dagrun for tutorial to 2024-10-31 00:00:00+00:00, run_after=2024-11-01 00:00:00+00:00
[2024-11-01T02:19:27.629+0000] {processor.py:208} INFO - Processing /home/airflow/.local/lib/python3.12/site-packages/airflow/example_dags/tutorial.py took 0.067 seconds
[2024-11-01T02:19:58.238+0000] {processor.py:186} INFO - Started process (PID=730) to work on /home/airflow/.local/lib/python3.12/site-packages/airflow/example_dags/tutorial.py
[2024-11-01T02:19:58.239+0000] {processor.py:914} INFO - Processing file /home/airflow/.local/lib/python3.12/site-packages/airflow/example_dags/tutorial.py for tasks to queue
[2024-11-01T02:19:58.241+0000] {logging_mixin.py:190} INFO - [2024-11-01T02:19:58.241+0000] {dagbag.py:588} INFO - Filling up the DagBag from /home/airflow/.local/lib/python3.12/site-packages/airflow/example_dags/tutorial.py
[2024-11-01T02:19:58.248+0000] {processor.py:925} INFO - DAG(s) 'tutorial' retrieved from /home/airflow/.local/lib/python3.12/site-packages/airflow/example_dags/tutorial.py
[2024-11-01T02:19:58.265+0000] {logging_mixin.py:190} INFO - [2024-11-01T02:19:58.265+0000] {dag.py:3239} INFO - Sync 1 DAGs
[2024-11-01T02:19:58.286+0000] {logging_mixin.py:190} INFO - [2024-11-01T02:19:58.286+0000] {dag.py:4180} INFO - Setting next_dagrun for tutorial to 2024-10-31 00:00:00+00:00, run_after=2024-11-01 00:00:00+00:00
[2024-11-01T02:19:58.302+0000] {processor.py:208} INFO - Processing /home/airflow/.local/lib/python3.12/site-packages/airflow/example_dags/tutorial.py took 0.069 seconds
[2024-11-01T02:20:28.995+0000] {processor.py:186} INFO - Started process (PID=793) to work on /home/airflow/.local/lib/python3.12/site-packages/airflow/example_dags/tutorial.py
[2024-11-01T02:20:28.995+0000] {processor.py:914} INFO - Processing file /home/airflow/.local/lib/python3.12/site-packages/airflow/example_dags/tutorial.py for tasks to queue
[2024-11-01T02:20:28.997+0000] {logging_mixin.py:190} INFO - [2024-11-01T02:20:28.997+0000] {dagbag.py:588} INFO - Filling up the DagBag from /home/airflow/.local/lib/python3.12/site-packages/airflow/example_dags/tutorial.py
[2024-11-01T02:20:29.004+0000] {processor.py:925} INFO - DAG(s) 'tutorial' retrieved from /home/airflow/.local/lib/python3.12/site-packages/airflow/example_dags/tutorial.py
[2024-11-01T02:20:29.022+0000] {logging_mixin.py:190} INFO - [2024-11-01T02:20:29.022+0000] {dag.py:3239} INFO - Sync 1 DAGs
[2024-11-01T02:20:29.044+0000] {logging_mixin.py:190} INFO - [2024-11-01T02:20:29.044+0000] {dag.py:4180} INFO - Setting next_dagrun for tutorial to 2024-10-31 00:00:00+00:00, run_after=2024-11-01 00:00:00+00:00
[2024-11-01T02:20:29.061+0000] {processor.py:208} INFO - Processing /home/airflow/.local/lib/python3.12/site-packages/airflow/example_dags/tutorial.py took 0.071 seconds
[2024-11-01T02:21:00.142+0000] {processor.py:186} INFO - Started process (PID=856) to work on /home/airflow/.local/lib/python3.12/site-packages/airflow/example_dags/tutorial.py
[2024-11-01T02:21:00.143+0000] {processor.py:914} INFO - Processing file /home/airflow/.local/lib/python3.12/site-packages/airflow/example_dags/tutorial.py for tasks to queue
[2024-11-01T02:21:00.145+0000] {logging_mixin.py:190} INFO - [2024-11-01T02:21:00.145+0000] {dagbag.py:588} INFO - Filling up the DagBag from /home/airflow/.local/lib/python3.12/site-packages/airflow/example_dags/tutorial.py
[2024-11-01T02:21:00.152+0000] {processor.py:925} INFO - DAG(s) 'tutorial' retrieved from /home/airflow/.local/lib/python3.12/site-packages/airflow/example_dags/tutorial.py
[2024-11-01T02:21:00.170+0000] {logging_mixin.py:190} INFO - [2024-11-01T02:21:00.169+0000] {dag.py:3239} INFO - Sync 1 DAGs
[2024-11-01T02:21:00.190+0000] {logging_mixin.py:190} INFO - [2024-11-01T02:21:00.190+0000] {dag.py:4180} INFO - Setting next_dagrun for tutorial to 2024-10-31 00:00:00+00:00, run_after=2024-11-01 00:00:00+00:00
[2024-11-01T02:21:00.207+0000] {processor.py:208} INFO - Processing /home/airflow/.local/lib/python3.12/site-packages/airflow/example_dags/tutorial.py took 0.070 seconds
[2024-11-01T02:21:30.992+0000] {processor.py:186} INFO - Started process (PID=919) to work on /home/airflow/.local/lib/python3.12/site-packages/airflow/example_dags/tutorial.py
[2024-11-01T02:21:30.993+0000] {processor.py:914} INFO - Processing file /home/airflow/.local/lib/python3.12/site-packages/airflow/example_dags/tutorial.py for tasks to queue
[2024-11-01T02:21:30.995+0000] {logging_mixin.py:190} INFO - [2024-11-01T02:21:30.994+0000] {dagbag.py:588} INFO - Filling up the DagBag from /home/airflow/.local/lib/python3.12/site-packages/airflow/example_dags/tutorial.py
[2024-11-01T02:21:31.001+0000] {processor.py:925} INFO - DAG(s) 'tutorial' retrieved from /home/airflow/.local/lib/python3.12/site-packages/airflow/example_dags/tutorial.py
[2024-11-01T02:21:31.018+0000] {logging_mixin.py:190} INFO - [2024-11-01T02:21:31.017+0000] {dag.py:3239} INFO - Sync 1 DAGs
[2024-11-01T02:21:31.038+0000] {logging_mixin.py:190} INFO - [2024-11-01T02:21:31.037+0000] {dag.py:4180} INFO - Setting next_dagrun for tutorial to 2024-10-31 00:00:00+00:00, run_after=2024-11-01 00:00:00+00:00
[2024-11-01T02:21:31.054+0000] {processor.py:208} INFO - Processing /home/airflow/.local/lib/python3.12/site-packages/airflow/example_dags/tutorial.py took 0.067 seconds
[2024-11-01T02:22:01.858+0000] {processor.py:186} INFO - Started process (PID=982) to work on /home/airflow/.local/lib/python3.12/site-packages/airflow/example_dags/tutorial.py
[2024-11-01T02:22:01.859+0000] {processor.py:914} INFO - Processing file /home/airflow/.local/lib/python3.12/site-packages/airflow/example_dags/tutorial.py for tasks to queue
[2024-11-01T02:22:01.861+0000] {logging_mixin.py:190} INFO - [2024-11-01T02:22:01.861+0000] {dagbag.py:588} INFO - Filling up the DagBag from /home/airflow/.local/lib/python3.12/site-packages/airflow/example_dags/tutorial.py
[2024-11-01T02:22:01.867+0000] {processor.py:925} INFO - DAG(s) 'tutorial' retrieved from /home/airflow/.local/lib/python3.12/site-packages/airflow/example_dags/tutorial.py
[2024-11-01T02:22:01.884+0000] {logging_mixin.py:190} INFO - [2024-11-01T02:22:01.884+0000] {dag.py:3239} INFO - Sync 1 DAGs
[2024-11-01T02:22:01.906+0000] {logging_mixin.py:190} INFO - [2024-11-01T02:22:01.905+0000] {dag.py:4180} INFO - Setting next_dagrun for tutorial to 2024-10-31 00:00:00+00:00, run_after=2024-11-01 00:00:00+00:00
[2024-11-01T02:22:01.922+0000] {processor.py:208} INFO - Processing /home/airflow/.local/lib/python3.12/site-packages/airflow/example_dags/tutorial.py took 0.068 seconds
[2024-11-01T02:22:32.443+0000] {processor.py:186} INFO - Started process (PID=1045) to work on /home/airflow/.local/lib/python3.12/site-packages/airflow/example_dags/tutorial.py
[2024-11-01T02:22:32.443+0000] {processor.py:914} INFO - Processing file /home/airflow/.local/lib/python3.12/site-packages/airflow/example_dags/tutorial.py for tasks to queue
[2024-11-01T02:22:32.445+0000] {logging_mixin.py:190} INFO - [2024-11-01T02:22:32.445+0000] {dagbag.py:588} INFO - Filling up the DagBag from /home/airflow/.local/lib/python3.12/site-packages/airflow/example_dags/tutorial.py
[2024-11-01T02:22:32.452+0000] {processor.py:925} INFO - DAG(s) 'tutorial' retrieved from /home/airflow/.local/lib/python3.12/site-packages/airflow/example_dags/tutorial.py
[2024-11-01T02:22:32.470+0000] {logging_mixin.py:190} INFO - [2024-11-01T02:22:32.470+0000] {dag.py:3239} INFO - Sync 1 DAGs
[2024-11-01T02:22:32.490+0000] {logging_mixin.py:190} INFO - [2024-11-01T02:22:32.490+0000] {dag.py:4180} INFO - Setting next_dagrun for tutorial to 2024-10-31 00:00:00+00:00, run_after=2024-11-01 00:00:00+00:00
[2024-11-01T02:22:32.508+0000] {processor.py:208} INFO - Processing /home/airflow/.local/lib/python3.12/site-packages/airflow/example_dags/tutorial.py took 0.070 seconds
[2024-11-01T02:23:03.299+0000] {processor.py:186} INFO - Started process (PID=1108) to work on /home/airflow/.local/lib/python3.12/site-packages/airflow/example_dags/tutorial.py
[2024-11-01T02:23:03.300+0000] {processor.py:914} INFO - Processing file /home/airflow/.local/lib/python3.12/site-packages/airflow/example_dags/tutorial.py for tasks to queue
[2024-11-01T02:23:03.302+0000] {logging_mixin.py:190} INFO - [2024-11-01T02:23:03.302+0000] {dagbag.py:588} INFO - Filling up the DagBag from /home/airflow/.local/lib/python3.12/site-packages/airflow/example_dags/tutorial.py
[2024-11-01T02:23:03.309+0000] {processor.py:925} INFO - DAG(s) 'tutorial' retrieved from /home/airflow/.local/lib/python3.12/site-packages/airflow/example_dags/tutorial.py
[2024-11-01T02:23:03.325+0000] {logging_mixin.py:190} INFO - [2024-11-01T02:23:03.325+0000] {dag.py:3239} INFO - Sync 1 DAGs
[2024-11-01T02:23:03.345+0000] {logging_mixin.py:190} INFO - [2024-11-01T02:23:03.345+0000] {dag.py:4180} INFO - Setting next_dagrun for tutorial to 2024-10-31 00:00:00+00:00, run_after=2024-11-01 00:00:00+00:00
[2024-11-01T02:23:03.361+0000] {processor.py:208} INFO - Processing /home/airflow/.local/lib/python3.12/site-packages/airflow/example_dags/tutorial.py took 0.067 seconds
[2024-11-01T02:23:33.795+0000] {processor.py:186} INFO - Started process (PID=1171) to work on /home/airflow/.local/lib/python3.12/site-packages/airflow/example_dags/tutorial.py
[2024-11-01T02:23:33.796+0000] {processor.py:914} INFO - Processing file /home/airflow/.local/lib/python3.12/site-packages/airflow/example_dags/tutorial.py for tasks to queue
[2024-11-01T02:23:33.798+0000] {logging_mixin.py:190} INFO - [2024-11-01T02:23:33.797+0000] {dagbag.py:588} INFO - Filling up the DagBag from /home/airflow/.local/lib/python3.12/site-packages/airflow/example_dags/tutorial.py
[2024-11-01T02:23:33.805+0000] {processor.py:925} INFO - DAG(s) 'tutorial' retrieved from /home/airflow/.local/lib/python3.12/site-packages/airflow/example_dags/tutorial.py
[2024-11-01T02:23:33.821+0000] {logging_mixin.py:190} INFO - [2024-11-01T02:23:33.821+0000] {dag.py:3239} INFO - Sync 1 DAGs
[2024-11-01T02:23:33.842+0000] {logging_mixin.py:190} INFO - [2024-11-01T02:23:33.842+0000] {dag.py:4180} INFO - Setting next_dagrun for tutorial to 2024-10-31 00:00:00+00:00, run_after=2024-11-01 00:00:00+00:00
[2024-11-01T02:23:33.859+0000] {processor.py:208} INFO - Processing /home/airflow/.local/lib/python3.12/site-packages/airflow/example_dags/tutorial.py took 0.068 seconds
