[2024-11-01T02:04:35.045+0000] {processor.py:186} INFO - Started process (PID=104) to work on /home/airflow/.local/lib/python3.12/site-packages/airflow/example_dags/tutorial_objectstorage.py
[2024-11-01T02:04:35.046+0000] {processor.py:914} INFO - Processing file /home/airflow/.local/lib/python3.12/site-packages/airflow/example_dags/tutorial_objectstorage.py for tasks to queue
[2024-11-01T02:04:35.047+0000] {logging_mixin.py:190} INFO - [2024-11-01T02:04:35.047+0000] {dagbag.py:588} INFO - Filling up the DagBag from /home/airflow/.local/lib/python3.12/site-packages/airflow/example_dags/tutorial_objectstorage.py
[2024-11-01T02:04:35.055+0000] {processor.py:925} INFO - DAG(s) 'tutorial_objectstorage' retrieved from /home/airflow/.local/lib/python3.12/site-packages/airflow/example_dags/tutorial_objectstorage.py
[2024-11-01T02:04:35.143+0000] {logging_mixin.py:190} INFO - [2024-11-01T02:04:35.142+0000] {override.py:1900} INFO - Created Permission View: can edit on DAG:tutorial_objectstorage
[2024-11-01T02:04:35.153+0000] {logging_mixin.py:190} INFO - [2024-11-01T02:04:35.153+0000] {override.py:1900} INFO - Created Permission View: can read on DAG:tutorial_objectstorage
[2024-11-01T02:04:35.160+0000] {logging_mixin.py:190} INFO - [2024-11-01T02:04:35.159+0000] {override.py:1900} INFO - Created Permission View: can delete on DAG:tutorial_objectstorage
[2024-11-01T02:04:35.169+0000] {logging_mixin.py:190} INFO - [2024-11-01T02:04:35.169+0000] {override.py:1900} INFO - Created Permission View: can delete on DAG Run:tutorial_objectstorage
[2024-11-01T02:04:35.176+0000] {logging_mixin.py:190} INFO - [2024-11-01T02:04:35.176+0000] {override.py:1900} INFO - Created Permission View: can read on DAG Run:tutorial_objectstorage
[2024-11-01T02:04:35.184+0000] {logging_mixin.py:190} INFO - [2024-11-01T02:04:35.184+0000] {override.py:1900} INFO - Created Permission View: can create on DAG Run:tutorial_objectstorage
[2024-11-01T02:04:35.191+0000] {logging_mixin.py:190} INFO - [2024-11-01T02:04:35.190+0000] {override.py:1900} INFO - Created Permission View: menu access on DAG Run:tutorial_objectstorage
[2024-11-01T02:04:35.191+0000] {logging_mixin.py:190} INFO - [2024-11-01T02:04:35.191+0000] {dag.py:3239} INFO - Sync 1 DAGs
[2024-11-01T02:04:35.205+0000] {logging_mixin.py:190} INFO - [2024-11-01T02:04:35.204+0000] {dag.py:3262} INFO - Creating ORM DAG for tutorial_objectstorage
[2024-11-01T02:04:35.206+0000] {logging_mixin.py:190} INFO - [2024-11-01T02:04:35.205+0000] {dag.py:4180} INFO - Setting next_dagrun for tutorial_objectstorage to None, run_after=None
[2024-11-01T02:04:35.221+0000] {processor.py:208} INFO - Processing /home/airflow/.local/lib/python3.12/site-packages/airflow/example_dags/tutorial_objectstorage.py took 0.181 seconds
[2024-11-01T02:05:05.869+0000] {processor.py:186} INFO - Started process (PID=166) to work on /home/airflow/.local/lib/python3.12/site-packages/airflow/example_dags/tutorial_objectstorage.py
[2024-11-01T02:05:05.870+0000] {processor.py:914} INFO - Processing file /home/airflow/.local/lib/python3.12/site-packages/airflow/example_dags/tutorial_objectstorage.py for tasks to queue
[2024-11-01T02:05:05.872+0000] {logging_mixin.py:190} INFO - [2024-11-01T02:05:05.872+0000] {dagbag.py:588} INFO - Filling up the DagBag from /home/airflow/.local/lib/python3.12/site-packages/airflow/example_dags/tutorial_objectstorage.py
[2024-11-01T02:05:05.879+0000] {processor.py:925} INFO - DAG(s) 'tutorial_objectstorage' retrieved from /home/airflow/.local/lib/python3.12/site-packages/airflow/example_dags/tutorial_objectstorage.py
[2024-11-01T02:05:05.894+0000] {logging_mixin.py:190} INFO - [2024-11-01T02:05:05.894+0000] {dag.py:3239} INFO - Sync 1 DAGs
[2024-11-01T02:05:05.906+0000] {logging_mixin.py:190} INFO - [2024-11-01T02:05:05.906+0000] {dag.py:4180} INFO - Setting next_dagrun for tutorial_objectstorage to None, run_after=None
[2024-11-01T02:05:05.959+0000] {processor.py:208} INFO - Processing /home/airflow/.local/lib/python3.12/site-packages/airflow/example_dags/tutorial_objectstorage.py took 0.094 seconds
[2024-11-01T02:05:36.688+0000] {processor.py:186} INFO - Started process (PID=228) to work on /home/airflow/.local/lib/python3.12/site-packages/airflow/example_dags/tutorial_objectstorage.py
[2024-11-01T02:05:36.689+0000] {processor.py:914} INFO - Processing file /home/airflow/.local/lib/python3.12/site-packages/airflow/example_dags/tutorial_objectstorage.py for tasks to queue
[2024-11-01T02:05:36.691+0000] {logging_mixin.py:190} INFO - [2024-11-01T02:05:36.691+0000] {dagbag.py:588} INFO - Filling up the DagBag from /home/airflow/.local/lib/python3.12/site-packages/airflow/example_dags/tutorial_objectstorage.py
[2024-11-01T02:05:36.698+0000] {processor.py:925} INFO - DAG(s) 'tutorial_objectstorage' retrieved from /home/airflow/.local/lib/python3.12/site-packages/airflow/example_dags/tutorial_objectstorage.py
[2024-11-01T02:05:36.715+0000] {logging_mixin.py:190} INFO - [2024-11-01T02:05:36.715+0000] {dag.py:3239} INFO - Sync 1 DAGs
[2024-11-01T02:05:36.729+0000] {logging_mixin.py:190} INFO - [2024-11-01T02:05:36.729+0000] {dag.py:4180} INFO - Setting next_dagrun for tutorial_objectstorage to None, run_after=None
[2024-11-01T02:05:36.746+0000] {processor.py:208} INFO - Processing /home/airflow/.local/lib/python3.12/site-packages/airflow/example_dags/tutorial_objectstorage.py took 0.062 seconds
[2024-11-01T02:06:07.037+0000] {processor.py:186} INFO - Started process (PID=290) to work on /home/airflow/.local/lib/python3.12/site-packages/airflow/example_dags/tutorial_objectstorage.py
[2024-11-01T02:06:07.038+0000] {processor.py:914} INFO - Processing file /home/airflow/.local/lib/python3.12/site-packages/airflow/example_dags/tutorial_objectstorage.py for tasks to queue
[2024-11-01T02:06:07.040+0000] {logging_mixin.py:190} INFO - [2024-11-01T02:06:07.039+0000] {dagbag.py:588} INFO - Filling up the DagBag from /home/airflow/.local/lib/python3.12/site-packages/airflow/example_dags/tutorial_objectstorage.py
[2024-11-01T02:06:07.047+0000] {processor.py:925} INFO - DAG(s) 'tutorial_objectstorage' retrieved from /home/airflow/.local/lib/python3.12/site-packages/airflow/example_dags/tutorial_objectstorage.py
[2024-11-01T02:06:07.063+0000] {logging_mixin.py:190} INFO - [2024-11-01T02:06:07.062+0000] {dag.py:3239} INFO - Sync 1 DAGs
[2024-11-01T02:06:07.074+0000] {logging_mixin.py:190} INFO - [2024-11-01T02:06:07.074+0000] {dag.py:4180} INFO - Setting next_dagrun for tutorial_objectstorage to None, run_after=None
[2024-11-01T02:06:07.090+0000] {processor.py:208} INFO - Processing /home/airflow/.local/lib/python3.12/site-packages/airflow/example_dags/tutorial_objectstorage.py took 0.058 seconds
[2024-11-01T02:14:53.028+0000] {processor.py:186} INFO - Started process (PID=100) to work on /home/airflow/.local/lib/python3.12/site-packages/airflow/example_dags/tutorial_objectstorage.py
[2024-11-01T02:14:53.029+0000] {processor.py:914} INFO - Processing file /home/airflow/.local/lib/python3.12/site-packages/airflow/example_dags/tutorial_objectstorage.py for tasks to queue
[2024-11-01T02:14:53.031+0000] {logging_mixin.py:190} INFO - [2024-11-01T02:14:53.031+0000] {dagbag.py:588} INFO - Filling up the DagBag from /home/airflow/.local/lib/python3.12/site-packages/airflow/example_dags/tutorial_objectstorage.py
[2024-11-01T02:14:53.040+0000] {processor.py:925} INFO - DAG(s) 'tutorial_objectstorage' retrieved from /home/airflow/.local/lib/python3.12/site-packages/airflow/example_dags/tutorial_objectstorage.py
[2024-11-01T02:14:53.058+0000] {logging_mixin.py:190} INFO - [2024-11-01T02:14:53.058+0000] {dag.py:3239} INFO - Sync 1 DAGs
[2024-11-01T02:14:53.072+0000] {logging_mixin.py:190} INFO - [2024-11-01T02:14:53.072+0000] {dag.py:4180} INFO - Setting next_dagrun for tutorial_objectstorage to None, run_after=None
[2024-11-01T02:14:53.090+0000] {processor.py:208} INFO - Processing /home/airflow/.local/lib/python3.12/site-packages/airflow/example_dags/tutorial_objectstorage.py took 0.067 seconds
[2024-11-01T02:15:23.661+0000] {processor.py:186} INFO - Started process (PID=169) to work on /home/airflow/.local/lib/python3.12/site-packages/airflow/example_dags/tutorial_objectstorage.py
[2024-11-01T02:15:23.662+0000] {processor.py:914} INFO - Processing file /home/airflow/.local/lib/python3.12/site-packages/airflow/example_dags/tutorial_objectstorage.py for tasks to queue
[2024-11-01T02:15:23.664+0000] {logging_mixin.py:190} INFO - [2024-11-01T02:15:23.664+0000] {dagbag.py:588} INFO - Filling up the DagBag from /home/airflow/.local/lib/python3.12/site-packages/airflow/example_dags/tutorial_objectstorage.py
[2024-11-01T02:15:23.672+0000] {processor.py:925} INFO - DAG(s) 'tutorial_objectstorage' retrieved from /home/airflow/.local/lib/python3.12/site-packages/airflow/example_dags/tutorial_objectstorage.py
[2024-11-01T02:15:23.689+0000] {logging_mixin.py:190} INFO - [2024-11-01T02:15:23.688+0000] {dag.py:3239} INFO - Sync 1 DAGs
[2024-11-01T02:15:23.702+0000] {logging_mixin.py:190} INFO - [2024-11-01T02:15:23.702+0000] {dag.py:4180} INFO - Setting next_dagrun for tutorial_objectstorage to None, run_after=None
[2024-11-01T02:15:23.720+0000] {processor.py:208} INFO - Processing /home/airflow/.local/lib/python3.12/site-packages/airflow/example_dags/tutorial_objectstorage.py took 0.063 seconds
[2024-11-01T02:15:54.125+0000] {processor.py:186} INFO - Started process (PID=232) to work on /home/airflow/.local/lib/python3.12/site-packages/airflow/example_dags/tutorial_objectstorage.py
[2024-11-01T02:15:54.126+0000] {processor.py:914} INFO - Processing file /home/airflow/.local/lib/python3.12/site-packages/airflow/example_dags/tutorial_objectstorage.py for tasks to queue
[2024-11-01T02:15:54.127+0000] {logging_mixin.py:190} INFO - [2024-11-01T02:15:54.127+0000] {dagbag.py:588} INFO - Filling up the DagBag from /home/airflow/.local/lib/python3.12/site-packages/airflow/example_dags/tutorial_objectstorage.py
[2024-11-01T02:15:54.135+0000] {processor.py:925} INFO - DAG(s) 'tutorial_objectstorage' retrieved from /home/airflow/.local/lib/python3.12/site-packages/airflow/example_dags/tutorial_objectstorage.py
[2024-11-01T02:15:54.153+0000] {logging_mixin.py:190} INFO - [2024-11-01T02:15:54.153+0000] {dag.py:3239} INFO - Sync 1 DAGs
[2024-11-01T02:15:54.168+0000] {logging_mixin.py:190} INFO - [2024-11-01T02:15:54.168+0000] {dag.py:4180} INFO - Setting next_dagrun for tutorial_objectstorage to None, run_after=None
[2024-11-01T02:15:54.186+0000] {processor.py:208} INFO - Processing /home/airflow/.local/lib/python3.12/site-packages/airflow/example_dags/tutorial_objectstorage.py took 0.066 seconds
[2024-11-01T02:16:24.742+0000] {processor.py:186} INFO - Started process (PID=295) to work on /home/airflow/.local/lib/python3.12/site-packages/airflow/example_dags/tutorial_objectstorage.py
[2024-11-01T02:16:24.742+0000] {processor.py:914} INFO - Processing file /home/airflow/.local/lib/python3.12/site-packages/airflow/example_dags/tutorial_objectstorage.py for tasks to queue
[2024-11-01T02:16:24.745+0000] {logging_mixin.py:190} INFO - [2024-11-01T02:16:24.744+0000] {dagbag.py:588} INFO - Filling up the DagBag from /home/airflow/.local/lib/python3.12/site-packages/airflow/example_dags/tutorial_objectstorage.py
[2024-11-01T02:16:24.752+0000] {processor.py:925} INFO - DAG(s) 'tutorial_objectstorage' retrieved from /home/airflow/.local/lib/python3.12/site-packages/airflow/example_dags/tutorial_objectstorage.py
[2024-11-01T02:16:24.768+0000] {logging_mixin.py:190} INFO - [2024-11-01T02:16:24.768+0000] {dag.py:3239} INFO - Sync 1 DAGs
[2024-11-01T02:16:24.782+0000] {logging_mixin.py:190} INFO - [2024-11-01T02:16:24.781+0000] {dag.py:4180} INFO - Setting next_dagrun for tutorial_objectstorage to None, run_after=None
[2024-11-01T02:16:24.798+0000] {processor.py:208} INFO - Processing /home/airflow/.local/lib/python3.12/site-packages/airflow/example_dags/tutorial_objectstorage.py took 0.063 seconds
[2024-11-01T02:16:55.439+0000] {processor.py:186} INFO - Started process (PID=358) to work on /home/airflow/.local/lib/python3.12/site-packages/airflow/example_dags/tutorial_objectstorage.py
[2024-11-01T02:16:55.440+0000] {processor.py:914} INFO - Processing file /home/airflow/.local/lib/python3.12/site-packages/airflow/example_dags/tutorial_objectstorage.py for tasks to queue
[2024-11-01T02:16:55.441+0000] {logging_mixin.py:190} INFO - [2024-11-01T02:16:55.441+0000] {dagbag.py:588} INFO - Filling up the DagBag from /home/airflow/.local/lib/python3.12/site-packages/airflow/example_dags/tutorial_objectstorage.py
[2024-11-01T02:16:55.449+0000] {processor.py:925} INFO - DAG(s) 'tutorial_objectstorage' retrieved from /home/airflow/.local/lib/python3.12/site-packages/airflow/example_dags/tutorial_objectstorage.py
[2024-11-01T02:16:55.467+0000] {logging_mixin.py:190} INFO - [2024-11-01T02:16:55.466+0000] {dag.py:3239} INFO - Sync 1 DAGs
[2024-11-01T02:16:55.480+0000] {logging_mixin.py:190} INFO - [2024-11-01T02:16:55.479+0000] {dag.py:4180} INFO - Setting next_dagrun for tutorial_objectstorage to None, run_after=None
[2024-11-01T02:16:55.496+0000] {processor.py:208} INFO - Processing /home/airflow/.local/lib/python3.12/site-packages/airflow/example_dags/tutorial_objectstorage.py took 0.063 seconds
[2024-11-01T02:17:25.868+0000] {processor.py:186} INFO - Started process (PID=421) to work on /home/airflow/.local/lib/python3.12/site-packages/airflow/example_dags/tutorial_objectstorage.py
[2024-11-01T02:17:25.869+0000] {processor.py:914} INFO - Processing file /home/airflow/.local/lib/python3.12/site-packages/airflow/example_dags/tutorial_objectstorage.py for tasks to queue
[2024-11-01T02:17:25.871+0000] {logging_mixin.py:190} INFO - [2024-11-01T02:17:25.871+0000] {dagbag.py:588} INFO - Filling up the DagBag from /home/airflow/.local/lib/python3.12/site-packages/airflow/example_dags/tutorial_objectstorage.py
[2024-11-01T02:17:25.880+0000] {processor.py:925} INFO - DAG(s) 'tutorial_objectstorage' retrieved from /home/airflow/.local/lib/python3.12/site-packages/airflow/example_dags/tutorial_objectstorage.py
[2024-11-01T02:17:25.896+0000] {logging_mixin.py:190} INFO - [2024-11-01T02:17:25.896+0000] {dag.py:3239} INFO - Sync 1 DAGs
[2024-11-01T02:17:25.910+0000] {logging_mixin.py:190} INFO - [2024-11-01T02:17:25.910+0000] {dag.py:4180} INFO - Setting next_dagrun for tutorial_objectstorage to None, run_after=None
[2024-11-01T02:17:25.926+0000] {processor.py:208} INFO - Processing /home/airflow/.local/lib/python3.12/site-packages/airflow/example_dags/tutorial_objectstorage.py took 0.063 seconds
[2024-11-01T02:17:56.391+0000] {processor.py:186} INFO - Started process (PID=484) to work on /home/airflow/.local/lib/python3.12/site-packages/airflow/example_dags/tutorial_objectstorage.py
[2024-11-01T02:17:56.392+0000] {processor.py:914} INFO - Processing file /home/airflow/.local/lib/python3.12/site-packages/airflow/example_dags/tutorial_objectstorage.py for tasks to queue
[2024-11-01T02:17:56.394+0000] {logging_mixin.py:190} INFO - [2024-11-01T02:17:56.394+0000] {dagbag.py:588} INFO - Filling up the DagBag from /home/airflow/.local/lib/python3.12/site-packages/airflow/example_dags/tutorial_objectstorage.py
[2024-11-01T02:17:56.401+0000] {processor.py:925} INFO - DAG(s) 'tutorial_objectstorage' retrieved from /home/airflow/.local/lib/python3.12/site-packages/airflow/example_dags/tutorial_objectstorage.py
[2024-11-01T02:17:56.418+0000] {logging_mixin.py:190} INFO - [2024-11-01T02:17:56.417+0000] {dag.py:3239} INFO - Sync 1 DAGs
[2024-11-01T02:17:56.430+0000] {logging_mixin.py:190} INFO - [2024-11-01T02:17:56.430+0000] {dag.py:4180} INFO - Setting next_dagrun for tutorial_objectstorage to None, run_after=None
[2024-11-01T02:17:56.448+0000] {processor.py:208} INFO - Processing /home/airflow/.local/lib/python3.12/site-packages/airflow/example_dags/tutorial_objectstorage.py took 0.062 seconds
[2024-11-01T02:18:26.868+0000] {processor.py:186} INFO - Started process (PID=547) to work on /home/airflow/.local/lib/python3.12/site-packages/airflow/example_dags/tutorial_objectstorage.py
[2024-11-01T02:18:26.869+0000] {processor.py:914} INFO - Processing file /home/airflow/.local/lib/python3.12/site-packages/airflow/example_dags/tutorial_objectstorage.py for tasks to queue
[2024-11-01T02:18:26.871+0000] {logging_mixin.py:190} INFO - [2024-11-01T02:18:26.871+0000] {dagbag.py:588} INFO - Filling up the DagBag from /home/airflow/.local/lib/python3.12/site-packages/airflow/example_dags/tutorial_objectstorage.py
[2024-11-01T02:18:26.879+0000] {processor.py:925} INFO - DAG(s) 'tutorial_objectstorage' retrieved from /home/airflow/.local/lib/python3.12/site-packages/airflow/example_dags/tutorial_objectstorage.py
[2024-11-01T02:18:26.895+0000] {logging_mixin.py:190} INFO - [2024-11-01T02:18:26.894+0000] {dag.py:3239} INFO - Sync 1 DAGs
[2024-11-01T02:18:26.907+0000] {logging_mixin.py:190} INFO - [2024-11-01T02:18:26.907+0000] {dag.py:4180} INFO - Setting next_dagrun for tutorial_objectstorage to None, run_after=None
[2024-11-01T02:18:26.923+0000] {processor.py:208} INFO - Processing /home/airflow/.local/lib/python3.12/site-packages/airflow/example_dags/tutorial_objectstorage.py took 0.060 seconds
[2024-11-01T02:18:57.526+0000] {processor.py:186} INFO - Started process (PID=610) to work on /home/airflow/.local/lib/python3.12/site-packages/airflow/example_dags/tutorial_objectstorage.py
[2024-11-01T02:18:57.527+0000] {processor.py:914} INFO - Processing file /home/airflow/.local/lib/python3.12/site-packages/airflow/example_dags/tutorial_objectstorage.py for tasks to queue
[2024-11-01T02:18:57.529+0000] {logging_mixin.py:190} INFO - [2024-11-01T02:18:57.529+0000] {dagbag.py:588} INFO - Filling up the DagBag from /home/airflow/.local/lib/python3.12/site-packages/airflow/example_dags/tutorial_objectstorage.py
[2024-11-01T02:18:57.536+0000] {processor.py:925} INFO - DAG(s) 'tutorial_objectstorage' retrieved from /home/airflow/.local/lib/python3.12/site-packages/airflow/example_dags/tutorial_objectstorage.py
[2024-11-01T02:18:57.552+0000] {logging_mixin.py:190} INFO - [2024-11-01T02:18:57.552+0000] {dag.py:3239} INFO - Sync 1 DAGs
[2024-11-01T02:18:57.566+0000] {logging_mixin.py:190} INFO - [2024-11-01T02:18:57.565+0000] {dag.py:4180} INFO - Setting next_dagrun for tutorial_objectstorage to None, run_after=None
[2024-11-01T02:18:57.583+0000] {processor.py:208} INFO - Processing /home/airflow/.local/lib/python3.12/site-packages/airflow/example_dags/tutorial_objectstorage.py took 0.061 seconds
[2024-11-01T02:19:28.016+0000] {processor.py:186} INFO - Started process (PID=673) to work on /home/airflow/.local/lib/python3.12/site-packages/airflow/example_dags/tutorial_objectstorage.py
[2024-11-01T02:19:28.017+0000] {processor.py:914} INFO - Processing file /home/airflow/.local/lib/python3.12/site-packages/airflow/example_dags/tutorial_objectstorage.py for tasks to queue
[2024-11-01T02:19:28.019+0000] {logging_mixin.py:190} INFO - [2024-11-01T02:19:28.018+0000] {dagbag.py:588} INFO - Filling up the DagBag from /home/airflow/.local/lib/python3.12/site-packages/airflow/example_dags/tutorial_objectstorage.py
[2024-11-01T02:19:28.028+0000] {processor.py:925} INFO - DAG(s) 'tutorial_objectstorage' retrieved from /home/airflow/.local/lib/python3.12/site-packages/airflow/example_dags/tutorial_objectstorage.py
[2024-11-01T02:19:28.046+0000] {logging_mixin.py:190} INFO - [2024-11-01T02:19:28.046+0000] {dag.py:3239} INFO - Sync 1 DAGs
[2024-11-01T02:19:28.060+0000] {logging_mixin.py:190} INFO - [2024-11-01T02:19:28.060+0000] {dag.py:4180} INFO - Setting next_dagrun for tutorial_objectstorage to None, run_after=None
[2024-11-01T02:19:28.180+0000] {processor.py:208} INFO - Processing /home/airflow/.local/lib/python3.12/site-packages/airflow/example_dags/tutorial_objectstorage.py took 0.171 seconds
[2024-11-01T02:19:58.706+0000] {processor.py:186} INFO - Started process (PID=736) to work on /home/airflow/.local/lib/python3.12/site-packages/airflow/example_dags/tutorial_objectstorage.py
[2024-11-01T02:19:58.708+0000] {processor.py:914} INFO - Processing file /home/airflow/.local/lib/python3.12/site-packages/airflow/example_dags/tutorial_objectstorage.py for tasks to queue
[2024-11-01T02:19:58.710+0000] {logging_mixin.py:190} INFO - [2024-11-01T02:19:58.710+0000] {dagbag.py:588} INFO - Filling up the DagBag from /home/airflow/.local/lib/python3.12/site-packages/airflow/example_dags/tutorial_objectstorage.py
[2024-11-01T02:19:58.717+0000] {processor.py:925} INFO - DAG(s) 'tutorial_objectstorage' retrieved from /home/airflow/.local/lib/python3.12/site-packages/airflow/example_dags/tutorial_objectstorage.py
[2024-11-01T02:19:58.733+0000] {logging_mixin.py:190} INFO - [2024-11-01T02:19:58.733+0000] {dag.py:3239} INFO - Sync 1 DAGs
[2024-11-01T02:19:58.747+0000] {logging_mixin.py:190} INFO - [2024-11-01T02:19:58.746+0000] {dag.py:4180} INFO - Setting next_dagrun for tutorial_objectstorage to None, run_after=None
[2024-11-01T02:19:58.765+0000] {processor.py:208} INFO - Processing /home/airflow/.local/lib/python3.12/site-packages/airflow/example_dags/tutorial_objectstorage.py took 0.064 seconds
[2024-11-01T02:20:29.435+0000] {processor.py:186} INFO - Started process (PID=799) to work on /home/airflow/.local/lib/python3.12/site-packages/airflow/example_dags/tutorial_objectstorage.py
[2024-11-01T02:20:29.436+0000] {processor.py:914} INFO - Processing file /home/airflow/.local/lib/python3.12/site-packages/airflow/example_dags/tutorial_objectstorage.py for tasks to queue
[2024-11-01T02:20:29.438+0000] {logging_mixin.py:190} INFO - [2024-11-01T02:20:29.438+0000] {dagbag.py:588} INFO - Filling up the DagBag from /home/airflow/.local/lib/python3.12/site-packages/airflow/example_dags/tutorial_objectstorage.py
[2024-11-01T02:20:29.445+0000] {processor.py:925} INFO - DAG(s) 'tutorial_objectstorage' retrieved from /home/airflow/.local/lib/python3.12/site-packages/airflow/example_dags/tutorial_objectstorage.py
[2024-11-01T02:20:29.461+0000] {logging_mixin.py:190} INFO - [2024-11-01T02:20:29.461+0000] {dag.py:3239} INFO - Sync 1 DAGs
[2024-11-01T02:20:29.473+0000] {logging_mixin.py:190} INFO - [2024-11-01T02:20:29.473+0000] {dag.py:4180} INFO - Setting next_dagrun for tutorial_objectstorage to None, run_after=None
[2024-11-01T02:20:29.492+0000] {processor.py:208} INFO - Processing /home/airflow/.local/lib/python3.12/site-packages/airflow/example_dags/tutorial_objectstorage.py took 0.061 seconds
[2024-11-01T02:21:00.517+0000] {processor.py:186} INFO - Started process (PID=862) to work on /home/airflow/.local/lib/python3.12/site-packages/airflow/example_dags/tutorial_objectstorage.py
[2024-11-01T02:21:00.518+0000] {processor.py:914} INFO - Processing file /home/airflow/.local/lib/python3.12/site-packages/airflow/example_dags/tutorial_objectstorage.py for tasks to queue
[2024-11-01T02:21:00.519+0000] {logging_mixin.py:190} INFO - [2024-11-01T02:21:00.519+0000] {dagbag.py:588} INFO - Filling up the DagBag from /home/airflow/.local/lib/python3.12/site-packages/airflow/example_dags/tutorial_objectstorage.py
[2024-11-01T02:21:00.527+0000] {processor.py:925} INFO - DAG(s) 'tutorial_objectstorage' retrieved from /home/airflow/.local/lib/python3.12/site-packages/airflow/example_dags/tutorial_objectstorage.py
[2024-11-01T02:21:00.544+0000] {logging_mixin.py:190} INFO - [2024-11-01T02:21:00.543+0000] {dag.py:3239} INFO - Sync 1 DAGs
[2024-11-01T02:21:00.556+0000] {logging_mixin.py:190} INFO - [2024-11-01T02:21:00.556+0000] {dag.py:4180} INFO - Setting next_dagrun for tutorial_objectstorage to None, run_after=None
[2024-11-01T02:21:00.572+0000] {processor.py:208} INFO - Processing /home/airflow/.local/lib/python3.12/site-packages/airflow/example_dags/tutorial_objectstorage.py took 0.060 seconds
[2024-11-01T02:21:31.401+0000] {processor.py:186} INFO - Started process (PID=925) to work on /home/airflow/.local/lib/python3.12/site-packages/airflow/example_dags/tutorial_objectstorage.py
[2024-11-01T02:21:31.402+0000] {processor.py:914} INFO - Processing file /home/airflow/.local/lib/python3.12/site-packages/airflow/example_dags/tutorial_objectstorage.py for tasks to queue
[2024-11-01T02:21:31.404+0000] {logging_mixin.py:190} INFO - [2024-11-01T02:21:31.404+0000] {dagbag.py:588} INFO - Filling up the DagBag from /home/airflow/.local/lib/python3.12/site-packages/airflow/example_dags/tutorial_objectstorage.py
[2024-11-01T02:21:31.412+0000] {processor.py:925} INFO - DAG(s) 'tutorial_objectstorage' retrieved from /home/airflow/.local/lib/python3.12/site-packages/airflow/example_dags/tutorial_objectstorage.py
[2024-11-01T02:21:31.428+0000] {logging_mixin.py:190} INFO - [2024-11-01T02:21:31.428+0000] {dag.py:3239} INFO - Sync 1 DAGs
[2024-11-01T02:21:31.441+0000] {logging_mixin.py:190} INFO - [2024-11-01T02:21:31.441+0000] {dag.py:4180} INFO - Setting next_dagrun for tutorial_objectstorage to None, run_after=None
[2024-11-01T02:21:31.458+0000] {processor.py:208} INFO - Processing /home/airflow/.local/lib/python3.12/site-packages/airflow/example_dags/tutorial_objectstorage.py took 0.062 seconds
[2024-11-01T02:22:02.216+0000] {processor.py:186} INFO - Started process (PID=988) to work on /home/airflow/.local/lib/python3.12/site-packages/airflow/example_dags/tutorial_objectstorage.py
[2024-11-01T02:22:02.217+0000] {processor.py:914} INFO - Processing file /home/airflow/.local/lib/python3.12/site-packages/airflow/example_dags/tutorial_objectstorage.py for tasks to queue
[2024-11-01T02:22:02.219+0000] {logging_mixin.py:190} INFO - [2024-11-01T02:22:02.219+0000] {dagbag.py:588} INFO - Filling up the DagBag from /home/airflow/.local/lib/python3.12/site-packages/airflow/example_dags/tutorial_objectstorage.py
[2024-11-01T02:22:02.227+0000] {processor.py:925} INFO - DAG(s) 'tutorial_objectstorage' retrieved from /home/airflow/.local/lib/python3.12/site-packages/airflow/example_dags/tutorial_objectstorage.py
[2024-11-01T02:22:02.243+0000] {logging_mixin.py:190} INFO - [2024-11-01T02:22:02.242+0000] {dag.py:3239} INFO - Sync 1 DAGs
[2024-11-01T02:22:02.255+0000] {logging_mixin.py:190} INFO - [2024-11-01T02:22:02.255+0000] {dag.py:4180} INFO - Setting next_dagrun for tutorial_objectstorage to None, run_after=None
[2024-11-01T02:22:02.273+0000] {processor.py:208} INFO - Processing /home/airflow/.local/lib/python3.12/site-packages/airflow/example_dags/tutorial_objectstorage.py took 0.062 seconds
[2024-11-01T02:22:32.901+0000] {processor.py:186} INFO - Started process (PID=1051) to work on /home/airflow/.local/lib/python3.12/site-packages/airflow/example_dags/tutorial_objectstorage.py
[2024-11-01T02:22:32.902+0000] {processor.py:914} INFO - Processing file /home/airflow/.local/lib/python3.12/site-packages/airflow/example_dags/tutorial_objectstorage.py for tasks to queue
[2024-11-01T02:22:32.905+0000] {logging_mixin.py:190} INFO - [2024-11-01T02:22:32.904+0000] {dagbag.py:588} INFO - Filling up the DagBag from /home/airflow/.local/lib/python3.12/site-packages/airflow/example_dags/tutorial_objectstorage.py
[2024-11-01T02:22:32.911+0000] {processor.py:925} INFO - DAG(s) 'tutorial_objectstorage' retrieved from /home/airflow/.local/lib/python3.12/site-packages/airflow/example_dags/tutorial_objectstorage.py
[2024-11-01T02:22:32.927+0000] {logging_mixin.py:190} INFO - [2024-11-01T02:22:32.927+0000] {dag.py:3239} INFO - Sync 1 DAGs
[2024-11-01T02:22:32.943+0000] {logging_mixin.py:190} INFO - [2024-11-01T02:22:32.943+0000] {dag.py:4180} INFO - Setting next_dagrun for tutorial_objectstorage to None, run_after=None
[2024-11-01T02:22:32.977+0000] {processor.py:208} INFO - Processing /home/airflow/.local/lib/python3.12/site-packages/airflow/example_dags/tutorial_objectstorage.py took 0.080 seconds
[2024-11-01T02:23:03.734+0000] {processor.py:186} INFO - Started process (PID=1114) to work on /home/airflow/.local/lib/python3.12/site-packages/airflow/example_dags/tutorial_objectstorage.py
[2024-11-01T02:23:03.735+0000] {processor.py:914} INFO - Processing file /home/airflow/.local/lib/python3.12/site-packages/airflow/example_dags/tutorial_objectstorage.py for tasks to queue
[2024-11-01T02:23:03.737+0000] {logging_mixin.py:190} INFO - [2024-11-01T02:23:03.737+0000] {dagbag.py:588} INFO - Filling up the DagBag from /home/airflow/.local/lib/python3.12/site-packages/airflow/example_dags/tutorial_objectstorage.py
[2024-11-01T02:23:03.745+0000] {processor.py:925} INFO - DAG(s) 'tutorial_objectstorage' retrieved from /home/airflow/.local/lib/python3.12/site-packages/airflow/example_dags/tutorial_objectstorage.py
[2024-11-01T02:23:03.761+0000] {logging_mixin.py:190} INFO - [2024-11-01T02:23:03.760+0000] {dag.py:3239} INFO - Sync 1 DAGs
[2024-11-01T02:23:03.773+0000] {logging_mixin.py:190} INFO - [2024-11-01T02:23:03.773+0000] {dag.py:4180} INFO - Setting next_dagrun for tutorial_objectstorage to None, run_after=None
[2024-11-01T02:23:03.790+0000] {processor.py:208} INFO - Processing /home/airflow/.local/lib/python3.12/site-packages/airflow/example_dags/tutorial_objectstorage.py took 0.062 seconds
[2024-11-01T02:23:34.238+0000] {processor.py:186} INFO - Started process (PID=1177) to work on /home/airflow/.local/lib/python3.12/site-packages/airflow/example_dags/tutorial_objectstorage.py
[2024-11-01T02:23:34.239+0000] {processor.py:914} INFO - Processing file /home/airflow/.local/lib/python3.12/site-packages/airflow/example_dags/tutorial_objectstorage.py for tasks to queue
[2024-11-01T02:23:34.241+0000] {logging_mixin.py:190} INFO - [2024-11-01T02:23:34.241+0000] {dagbag.py:588} INFO - Filling up the DagBag from /home/airflow/.local/lib/python3.12/site-packages/airflow/example_dags/tutorial_objectstorage.py
[2024-11-01T02:23:34.248+0000] {processor.py:925} INFO - DAG(s) 'tutorial_objectstorage' retrieved from /home/airflow/.local/lib/python3.12/site-packages/airflow/example_dags/tutorial_objectstorage.py
[2024-11-01T02:23:34.265+0000] {logging_mixin.py:190} INFO - [2024-11-01T02:23:34.265+0000] {dag.py:3239} INFO - Sync 1 DAGs
[2024-11-01T02:23:34.278+0000] {logging_mixin.py:190} INFO - [2024-11-01T02:23:34.278+0000] {dag.py:4180} INFO - Setting next_dagrun for tutorial_objectstorage to None, run_after=None
[2024-11-01T02:23:34.296+0000] {processor.py:208} INFO - Processing /home/airflow/.local/lib/python3.12/site-packages/airflow/example_dags/tutorial_objectstorage.py took 0.064 seconds
