[2024-11-01T02:14:49.627+0000] {processor.py:186} INFO - Started process (PID=60) to work on /opt/airflow/dags/hello_world.py
[2024-11-01T02:14:49.628+0000] {processor.py:914} INFO - Processing file /opt/airflow/dags/hello_world.py for tasks to queue
[2024-11-01T02:14:49.631+0000] {logging_mixin.py:190} INFO - [2024-11-01T02:14:49.631+0000] {dagbag.py:588} INFO - Filling up the DagBag from /opt/airflow/dags/hello_world.py
[2024-11-01T02:14:49.654+0000] {logging_mixin.py:190} INFO - [2024-11-01T02:14:49.653+0000] {hello_world.py:22} INFO - DAG hello_world carregado com sucesso!
[2024-11-01T02:14:49.666+0000] {processor.py:925} INFO - DAG(s) 'hello_world' retrieved from /opt/airflow/dags/hello_world.py
[2024-11-01T02:14:49.937+0000] {logging_mixin.py:190} INFO - [2024-11-01T02:14:49.936+0000] {override.py:1900} INFO - Created Permission View: can edit on DAG:hello_world
[2024-11-01T02:14:49.946+0000] {logging_mixin.py:190} INFO - [2024-11-01T02:14:49.946+0000] {override.py:1900} INFO - Created Permission View: can read on DAG:hello_world
[2024-11-01T02:14:49.953+0000] {logging_mixin.py:190} INFO - [2024-11-01T02:14:49.953+0000] {override.py:1900} INFO - Created Permission View: can delete on DAG:hello_world
[2024-11-01T02:14:49.960+0000] {logging_mixin.py:190} INFO - [2024-11-01T02:14:49.960+0000] {override.py:1900} INFO - Created Permission View: can delete on DAG Run:hello_world
[2024-11-01T02:14:49.968+0000] {logging_mixin.py:190} INFO - [2024-11-01T02:14:49.967+0000] {override.py:1900} INFO - Created Permission View: can read on DAG Run:hello_world
[2024-11-01T02:14:49.976+0000] {logging_mixin.py:190} INFO - [2024-11-01T02:14:49.976+0000] {override.py:1900} INFO - Created Permission View: menu access on DAG Run:hello_world
[2024-11-01T02:14:49.983+0000] {logging_mixin.py:190} INFO - [2024-11-01T02:14:49.983+0000] {override.py:1900} INFO - Created Permission View: can create on DAG Run:hello_world
[2024-11-01T02:14:49.983+0000] {logging_mixin.py:190} INFO - [2024-11-01T02:14:49.983+0000] {dag.py:3239} INFO - Sync 1 DAGs
[2024-11-01T02:14:49.997+0000] {logging_mixin.py:190} INFO - [2024-11-01T02:14:49.997+0000] {dag.py:3262} INFO - Creating ORM DAG for hello_world
[2024-11-01T02:14:50.007+0000] {logging_mixin.py:190} INFO - [2024-11-01T02:14:50.007+0000] {dag.py:4180} INFO - Setting next_dagrun for hello_world to 2023-10-24 00:00:00+00:00, run_after=2023-10-25 00:00:00+00:00
[2024-11-01T02:14:50.024+0000] {processor.py:208} INFO - Processing /opt/airflow/dags/hello_world.py took 0.404 seconds
[2024-11-01T02:15:20.118+0000] {processor.py:186} INFO - Started process (PID=125) to work on /opt/airflow/dags/hello_world.py
[2024-11-01T02:15:20.119+0000] {processor.py:914} INFO - Processing file /opt/airflow/dags/hello_world.py for tasks to queue
[2024-11-01T02:15:20.121+0000] {logging_mixin.py:190} INFO - [2024-11-01T02:15:20.121+0000] {dagbag.py:588} INFO - Filling up the DagBag from /opt/airflow/dags/hello_world.py
[2024-11-01T02:15:20.136+0000] {logging_mixin.py:190} INFO - [2024-11-01T02:15:20.136+0000] {hello_world.py:22} INFO - DAG hello_world carregado com sucesso!
[2024-11-01T02:15:20.139+0000] {processor.py:925} INFO - DAG(s) 'hello_world' retrieved from /opt/airflow/dags/hello_world.py
[2024-11-01T02:15:20.154+0000] {logging_mixin.py:190} INFO - [2024-11-01T02:15:20.154+0000] {dag.py:3239} INFO - Sync 1 DAGs
[2024-11-01T02:15:20.175+0000] {logging_mixin.py:190} INFO - [2024-11-01T02:15:20.175+0000] {dag.py:4180} INFO - Setting next_dagrun for hello_world to 2023-10-24 00:00:00+00:00, run_after=2023-10-25 00:00:00+00:00
[2024-11-01T02:15:20.192+0000] {processor.py:208} INFO - Processing /opt/airflow/dags/hello_world.py took 0.081 seconds
[2024-11-01T02:15:50.542+0000] {processor.py:186} INFO - Started process (PID=186) to work on /opt/airflow/dags/hello_world.py
[2024-11-01T02:15:50.543+0000] {processor.py:914} INFO - Processing file /opt/airflow/dags/hello_world.py for tasks to queue
[2024-11-01T02:15:50.545+0000] {logging_mixin.py:190} INFO - [2024-11-01T02:15:50.545+0000] {dagbag.py:588} INFO - Filling up the DagBag from /opt/airflow/dags/hello_world.py
[2024-11-01T02:15:50.559+0000] {logging_mixin.py:190} INFO - [2024-11-01T02:15:50.559+0000] {hello_world.py:22} INFO - DAG hello_world carregado com sucesso!
[2024-11-01T02:15:50.561+0000] {processor.py:925} INFO - DAG(s) 'hello_world' retrieved from /opt/airflow/dags/hello_world.py
[2024-11-01T02:15:50.576+0000] {logging_mixin.py:190} INFO - [2024-11-01T02:15:50.575+0000] {dag.py:3239} INFO - Sync 1 DAGs
[2024-11-01T02:15:50.596+0000] {logging_mixin.py:190} INFO - [2024-11-01T02:15:50.596+0000] {dag.py:4180} INFO - Setting next_dagrun for hello_world to 2023-10-25 00:00:00+00:00, run_after=2023-10-26 00:00:00+00:00
[2024-11-01T02:15:50.612+0000] {processor.py:208} INFO - Processing /opt/airflow/dags/hello_world.py took 0.074 seconds
[2024-11-01T02:16:21.035+0000] {processor.py:186} INFO - Started process (PID=249) to work on /opt/airflow/dags/hello_world.py
[2024-11-01T02:16:21.036+0000] {processor.py:914} INFO - Processing file /opt/airflow/dags/hello_world.py for tasks to queue
[2024-11-01T02:16:21.038+0000] {logging_mixin.py:190} INFO - [2024-11-01T02:16:21.037+0000] {dagbag.py:588} INFO - Filling up the DagBag from /opt/airflow/dags/hello_world.py
[2024-11-01T02:16:21.051+0000] {logging_mixin.py:190} INFO - [2024-11-01T02:16:21.051+0000] {hello_world.py:22} INFO - DAG hello_world carregado com sucesso!
[2024-11-01T02:16:21.054+0000] {processor.py:925} INFO - DAG(s) 'hello_world' retrieved from /opt/airflow/dags/hello_world.py
[2024-11-01T02:16:21.068+0000] {logging_mixin.py:190} INFO - [2024-11-01T02:16:21.068+0000] {dag.py:3239} INFO - Sync 1 DAGs
[2024-11-01T02:16:21.088+0000] {logging_mixin.py:190} INFO - [2024-11-01T02:16:21.087+0000] {dag.py:4180} INFO - Setting next_dagrun for hello_world to 2023-10-25 00:00:00+00:00, run_after=2023-10-26 00:00:00+00:00
[2024-11-01T02:16:21.118+0000] {processor.py:208} INFO - Processing /opt/airflow/dags/hello_world.py took 0.090 seconds
[2024-11-01T02:16:51.629+0000] {processor.py:186} INFO - Started process (PID=312) to work on /opt/airflow/dags/hello_world.py
[2024-11-01T02:16:51.630+0000] {processor.py:914} INFO - Processing file /opt/airflow/dags/hello_world.py for tasks to queue
[2024-11-01T02:16:51.633+0000] {logging_mixin.py:190} INFO - [2024-11-01T02:16:51.633+0000] {dagbag.py:588} INFO - Filling up the DagBag from /opt/airflow/dags/hello_world.py
[2024-11-01T02:16:51.648+0000] {logging_mixin.py:190} INFO - [2024-11-01T02:16:51.648+0000] {hello_world.py:22} INFO - DAG hello_world carregado com sucesso!
[2024-11-01T02:16:51.651+0000] {processor.py:925} INFO - DAG(s) 'hello_world' retrieved from /opt/airflow/dags/hello_world.py
[2024-11-01T02:16:51.685+0000] {logging_mixin.py:190} INFO - [2024-11-01T02:16:51.684+0000] {dag.py:3239} INFO - Sync 1 DAGs
[2024-11-01T02:16:51.715+0000] {logging_mixin.py:190} INFO - [2024-11-01T02:16:51.714+0000] {dag.py:4180} INFO - Setting next_dagrun for hello_world to 2023-10-25 00:00:00+00:00, run_after=2023-10-26 00:00:00+00:00
[2024-11-01T02:16:51.740+0000] {processor.py:208} INFO - Processing /opt/airflow/dags/hello_world.py took 0.119 seconds
[2024-11-01T02:17:22.392+0000] {processor.py:186} INFO - Started process (PID=375) to work on /opt/airflow/dags/hello_world.py
[2024-11-01T02:17:22.393+0000] {processor.py:914} INFO - Processing file /opt/airflow/dags/hello_world.py for tasks to queue
[2024-11-01T02:17:22.396+0000] {logging_mixin.py:190} INFO - [2024-11-01T02:17:22.395+0000] {dagbag.py:588} INFO - Filling up the DagBag from /opt/airflow/dags/hello_world.py
[2024-11-01T02:17:22.410+0000] {logging_mixin.py:190} INFO - [2024-11-01T02:17:22.410+0000] {hello_world.py:22} INFO - DAG hello_world carregado com sucesso!
[2024-11-01T02:17:22.412+0000] {processor.py:925} INFO - DAG(s) 'hello_world' retrieved from /opt/airflow/dags/hello_world.py
[2024-11-01T02:17:22.427+0000] {logging_mixin.py:190} INFO - [2024-11-01T02:17:22.426+0000] {dag.py:3239} INFO - Sync 1 DAGs
[2024-11-01T02:17:22.448+0000] {logging_mixin.py:190} INFO - [2024-11-01T02:17:22.448+0000] {dag.py:4180} INFO - Setting next_dagrun for hello_world to 2023-10-25 00:00:00+00:00, run_after=2023-10-26 00:00:00+00:00
[2024-11-01T02:17:22.465+0000] {processor.py:208} INFO - Processing /opt/airflow/dags/hello_world.py took 0.078 seconds
[2024-11-01T02:17:52.907+0000] {processor.py:186} INFO - Started process (PID=438) to work on /opt/airflow/dags/hello_world.py
[2024-11-01T02:17:52.908+0000] {processor.py:914} INFO - Processing file /opt/airflow/dags/hello_world.py for tasks to queue
[2024-11-01T02:17:52.909+0000] {logging_mixin.py:190} INFO - [2024-11-01T02:17:52.909+0000] {dagbag.py:588} INFO - Filling up the DagBag from /opt/airflow/dags/hello_world.py
[2024-11-01T02:17:52.923+0000] {logging_mixin.py:190} INFO - [2024-11-01T02:17:52.923+0000] {hello_world.py:22} INFO - DAG hello_world carregado com sucesso!
[2024-11-01T02:17:52.926+0000] {processor.py:925} INFO - DAG(s) 'hello_world' retrieved from /opt/airflow/dags/hello_world.py
[2024-11-01T02:17:52.941+0000] {logging_mixin.py:190} INFO - [2024-11-01T02:17:52.940+0000] {dag.py:3239} INFO - Sync 1 DAGs
[2024-11-01T02:17:52.961+0000] {logging_mixin.py:190} INFO - [2024-11-01T02:17:52.961+0000] {dag.py:4180} INFO - Setting next_dagrun for hello_world to 2023-10-25 00:00:00+00:00, run_after=2023-10-26 00:00:00+00:00
[2024-11-01T02:17:52.978+0000] {processor.py:208} INFO - Processing /opt/airflow/dags/hello_world.py took 0.076 seconds
[2024-11-01T02:18:23.311+0000] {processor.py:186} INFO - Started process (PID=501) to work on /opt/airflow/dags/hello_world.py
[2024-11-01T02:18:23.312+0000] {processor.py:914} INFO - Processing file /opt/airflow/dags/hello_world.py for tasks to queue
[2024-11-01T02:18:23.314+0000] {logging_mixin.py:190} INFO - [2024-11-01T02:18:23.314+0000] {dagbag.py:588} INFO - Filling up the DagBag from /opt/airflow/dags/hello_world.py
[2024-11-01T02:18:23.328+0000] {logging_mixin.py:190} INFO - [2024-11-01T02:18:23.328+0000] {hello_world.py:22} INFO - DAG hello_world carregado com sucesso!
[2024-11-01T02:18:23.331+0000] {processor.py:925} INFO - DAG(s) 'hello_world' retrieved from /opt/airflow/dags/hello_world.py
[2024-11-01T02:18:23.345+0000] {logging_mixin.py:190} INFO - [2024-11-01T02:18:23.345+0000] {dag.py:3239} INFO - Sync 1 DAGs
[2024-11-01T02:18:23.366+0000] {logging_mixin.py:190} INFO - [2024-11-01T02:18:23.366+0000] {dag.py:4180} INFO - Setting next_dagrun for hello_world to 2023-10-25 00:00:00+00:00, run_after=2023-10-26 00:00:00+00:00
[2024-11-01T02:18:23.383+0000] {processor.py:208} INFO - Processing /opt/airflow/dags/hello_world.py took 0.078 seconds
[2024-11-01T02:18:53.804+0000] {processor.py:186} INFO - Started process (PID=570) to work on /opt/airflow/dags/hello_world.py
[2024-11-01T02:18:53.804+0000] {processor.py:914} INFO - Processing file /opt/airflow/dags/hello_world.py for tasks to queue
[2024-11-01T02:18:53.806+0000] {logging_mixin.py:190} INFO - [2024-11-01T02:18:53.806+0000] {dagbag.py:588} INFO - Filling up the DagBag from /opt/airflow/dags/hello_world.py
[2024-11-01T02:18:53.821+0000] {logging_mixin.py:190} INFO - [2024-11-01T02:18:53.821+0000] {hello_world.py:22} INFO - DAG hello_world carregado com sucesso!
[2024-11-01T02:18:53.823+0000] {processor.py:925} INFO - DAG(s) 'hello_world' retrieved from /opt/airflow/dags/hello_world.py
[2024-11-01T02:18:53.839+0000] {logging_mixin.py:190} INFO - [2024-11-01T02:18:53.839+0000] {dag.py:3239} INFO - Sync 1 DAGs
[2024-11-01T02:18:53.859+0000] {logging_mixin.py:190} INFO - [2024-11-01T02:18:53.859+0000] {dag.py:4180} INFO - Setting next_dagrun for hello_world to 2023-10-25 00:00:00+00:00, run_after=2023-10-26 00:00:00+00:00
[2024-11-01T02:18:53.877+0000] {processor.py:208} INFO - Processing /opt/airflow/dags/hello_world.py took 0.079 seconds
[2024-11-01T02:19:24.442+0000] {processor.py:186} INFO - Started process (PID=633) to work on /opt/airflow/dags/hello_world.py
[2024-11-01T02:19:24.443+0000] {processor.py:914} INFO - Processing file /opt/airflow/dags/hello_world.py for tasks to queue
[2024-11-01T02:19:24.445+0000] {logging_mixin.py:190} INFO - [2024-11-01T02:19:24.444+0000] {dagbag.py:588} INFO - Filling up the DagBag from /opt/airflow/dags/hello_world.py
[2024-11-01T02:19:24.457+0000] {logging_mixin.py:190} INFO - [2024-11-01T02:19:24.457+0000] {hello_world.py:22} INFO - DAG hello_world carregado com sucesso!
[2024-11-01T02:19:24.460+0000] {processor.py:925} INFO - DAG(s) 'hello_world' retrieved from /opt/airflow/dags/hello_world.py
[2024-11-01T02:19:24.473+0000] {logging_mixin.py:190} INFO - [2024-11-01T02:19:24.472+0000] {dag.py:3239} INFO - Sync 1 DAGs
[2024-11-01T02:19:24.492+0000] {logging_mixin.py:190} INFO - [2024-11-01T02:19:24.492+0000] {dag.py:4180} INFO - Setting next_dagrun for hello_world to 2023-10-25 00:00:00+00:00, run_after=2023-10-26 00:00:00+00:00
[2024-11-01T02:19:24.509+0000] {processor.py:208} INFO - Processing /opt/airflow/dags/hello_world.py took 0.072 seconds
[2024-11-01T02:19:55.128+0000] {processor.py:186} INFO - Started process (PID=696) to work on /opt/airflow/dags/hello_world.py
[2024-11-01T02:19:55.128+0000] {processor.py:914} INFO - Processing file /opt/airflow/dags/hello_world.py for tasks to queue
[2024-11-01T02:19:55.130+0000] {logging_mixin.py:190} INFO - [2024-11-01T02:19:55.130+0000] {dagbag.py:588} INFO - Filling up the DagBag from /opt/airflow/dags/hello_world.py
[2024-11-01T02:19:55.145+0000] {logging_mixin.py:190} INFO - [2024-11-01T02:19:55.145+0000] {hello_world.py:22} INFO - DAG hello_world carregado com sucesso!
[2024-11-01T02:19:55.148+0000] {processor.py:925} INFO - DAG(s) 'hello_world' retrieved from /opt/airflow/dags/hello_world.py
[2024-11-01T02:19:55.162+0000] {logging_mixin.py:190} INFO - [2024-11-01T02:19:55.162+0000] {dag.py:3239} INFO - Sync 1 DAGs
[2024-11-01T02:19:55.181+0000] {logging_mixin.py:190} INFO - [2024-11-01T02:19:55.181+0000] {dag.py:4180} INFO - Setting next_dagrun for hello_world to 2023-10-25 00:00:00+00:00, run_after=2023-10-26 00:00:00+00:00
[2024-11-01T02:19:55.199+0000] {processor.py:208} INFO - Processing /opt/airflow/dags/hello_world.py took 0.077 seconds
[2024-11-01T02:20:25.635+0000] {processor.py:186} INFO - Started process (PID=759) to work on /opt/airflow/dags/hello_world.py
[2024-11-01T02:20:25.636+0000] {processor.py:914} INFO - Processing file /opt/airflow/dags/hello_world.py for tasks to queue
[2024-11-01T02:20:25.638+0000] {logging_mixin.py:190} INFO - [2024-11-01T02:20:25.637+0000] {dagbag.py:588} INFO - Filling up the DagBag from /opt/airflow/dags/hello_world.py
[2024-11-01T02:20:25.652+0000] {logging_mixin.py:190} INFO - [2024-11-01T02:20:25.652+0000] {hello_world.py:22} INFO - DAG hello_world carregado com sucesso!
[2024-11-01T02:20:25.654+0000] {processor.py:925} INFO - DAG(s) 'hello_world' retrieved from /opt/airflow/dags/hello_world.py
[2024-11-01T02:20:25.669+0000] {logging_mixin.py:190} INFO - [2024-11-01T02:20:25.669+0000] {dag.py:3239} INFO - Sync 1 DAGs
[2024-11-01T02:20:25.689+0000] {logging_mixin.py:190} INFO - [2024-11-01T02:20:25.689+0000] {dag.py:4180} INFO - Setting next_dagrun for hello_world to 2023-10-25 00:00:00+00:00, run_after=2023-10-26 00:00:00+00:00
[2024-11-01T02:20:25.706+0000] {processor.py:208} INFO - Processing /opt/airflow/dags/hello_world.py took 0.077 seconds
[2024-11-01T02:20:56.565+0000] {processor.py:186} INFO - Started process (PID=822) to work on /opt/airflow/dags/hello_world.py
[2024-11-01T02:20:56.565+0000] {processor.py:914} INFO - Processing file /opt/airflow/dags/hello_world.py for tasks to queue
[2024-11-01T02:20:56.567+0000] {logging_mixin.py:190} INFO - [2024-11-01T02:20:56.567+0000] {dagbag.py:588} INFO - Filling up the DagBag from /opt/airflow/dags/hello_world.py
[2024-11-01T02:20:56.581+0000] {logging_mixin.py:190} INFO - [2024-11-01T02:20:56.581+0000] {hello_world.py:22} INFO - DAG hello_world carregado com sucesso!
[2024-11-01T02:20:56.584+0000] {processor.py:925} INFO - DAG(s) 'hello_world' retrieved from /opt/airflow/dags/hello_world.py
[2024-11-01T02:20:56.599+0000] {logging_mixin.py:190} INFO - [2024-11-01T02:20:56.598+0000] {dag.py:3239} INFO - Sync 1 DAGs
[2024-11-01T02:20:56.619+0000] {logging_mixin.py:190} INFO - [2024-11-01T02:20:56.619+0000] {dag.py:4180} INFO - Setting next_dagrun for hello_world to 2023-10-25 00:00:00+00:00, run_after=2023-10-26 00:00:00+00:00
[2024-11-01T02:20:56.636+0000] {processor.py:208} INFO - Processing /opt/airflow/dags/hello_world.py took 0.077 seconds
[2024-11-01T02:21:27.625+0000] {processor.py:186} INFO - Started process (PID=885) to work on /opt/airflow/dags/hello_world.py
[2024-11-01T02:21:27.626+0000] {processor.py:914} INFO - Processing file /opt/airflow/dags/hello_world.py for tasks to queue
[2024-11-01T02:21:27.628+0000] {logging_mixin.py:190} INFO - [2024-11-01T02:21:27.627+0000] {dagbag.py:588} INFO - Filling up the DagBag from /opt/airflow/dags/hello_world.py
[2024-11-01T02:21:27.641+0000] {logging_mixin.py:190} INFO - [2024-11-01T02:21:27.641+0000] {hello_world.py:22} INFO - DAG hello_world carregado com sucesso!
[2024-11-01T02:21:27.643+0000] {processor.py:925} INFO - DAG(s) 'hello_world' retrieved from /opt/airflow/dags/hello_world.py
[2024-11-01T02:21:27.657+0000] {logging_mixin.py:190} INFO - [2024-11-01T02:21:27.657+0000] {dag.py:3239} INFO - Sync 1 DAGs
[2024-11-01T02:21:27.676+0000] {logging_mixin.py:190} INFO - [2024-11-01T02:21:27.676+0000] {dag.py:4180} INFO - Setting next_dagrun for hello_world to 2023-10-25 00:00:00+00:00, run_after=2023-10-26 00:00:00+00:00
[2024-11-01T02:21:27.693+0000] {processor.py:208} INFO - Processing /opt/airflow/dags/hello_world.py took 0.074 seconds
[2024-11-01T02:21:58.346+0000] {processor.py:186} INFO - Started process (PID=948) to work on /opt/airflow/dags/hello_world.py
[2024-11-01T02:21:58.347+0000] {processor.py:914} INFO - Processing file /opt/airflow/dags/hello_world.py for tasks to queue
[2024-11-01T02:21:58.349+0000] {logging_mixin.py:190} INFO - [2024-11-01T02:21:58.349+0000] {dagbag.py:588} INFO - Filling up the DagBag from /opt/airflow/dags/hello_world.py
[2024-11-01T02:21:58.362+0000] {logging_mixin.py:190} INFO - [2024-11-01T02:21:58.362+0000] {hello_world.py:22} INFO - DAG hello_world carregado com sucesso!
[2024-11-01T02:21:58.364+0000] {processor.py:925} INFO - DAG(s) 'hello_world' retrieved from /opt/airflow/dags/hello_world.py
[2024-11-01T02:21:58.379+0000] {logging_mixin.py:190} INFO - [2024-11-01T02:21:58.379+0000] {dag.py:3239} INFO - Sync 1 DAGs
[2024-11-01T02:21:58.399+0000] {logging_mixin.py:190} INFO - [2024-11-01T02:21:58.399+0000] {dag.py:4180} INFO - Setting next_dagrun for hello_world to 2023-10-25 00:00:00+00:00, run_after=2023-10-26 00:00:00+00:00
[2024-11-01T02:21:58.415+0000] {processor.py:208} INFO - Processing /opt/airflow/dags/hello_world.py took 0.075 seconds
[2024-11-01T02:22:29.214+0000] {processor.py:186} INFO - Started process (PID=1011) to work on /opt/airflow/dags/hello_world.py
[2024-11-01T02:22:29.215+0000] {processor.py:914} INFO - Processing file /opt/airflow/dags/hello_world.py for tasks to queue
[2024-11-01T02:22:29.217+0000] {logging_mixin.py:190} INFO - [2024-11-01T02:22:29.217+0000] {dagbag.py:588} INFO - Filling up the DagBag from /opt/airflow/dags/hello_world.py
[2024-11-01T02:22:29.230+0000] {logging_mixin.py:190} INFO - [2024-11-01T02:22:29.230+0000] {hello_world.py:22} INFO - DAG hello_world carregado com sucesso!
[2024-11-01T02:22:29.233+0000] {processor.py:925} INFO - DAG(s) 'hello_world' retrieved from /opt/airflow/dags/hello_world.py
[2024-11-01T02:22:29.248+0000] {logging_mixin.py:190} INFO - [2024-11-01T02:22:29.248+0000] {dag.py:3239} INFO - Sync 1 DAGs
[2024-11-01T02:22:29.270+0000] {logging_mixin.py:190} INFO - [2024-11-01T02:22:29.269+0000] {dag.py:4180} INFO - Setting next_dagrun for hello_world to 2023-10-25 00:00:00+00:00, run_after=2023-10-26 00:00:00+00:00
[2024-11-01T02:22:29.289+0000] {processor.py:208} INFO - Processing /opt/airflow/dags/hello_world.py took 0.080 seconds
[2024-11-01T02:22:59.966+0000] {processor.py:186} INFO - Started process (PID=1074) to work on /opt/airflow/dags/hello_world.py
[2024-11-01T02:22:59.967+0000] {processor.py:914} INFO - Processing file /opt/airflow/dags/hello_world.py for tasks to queue
[2024-11-01T02:22:59.970+0000] {logging_mixin.py:190} INFO - [2024-11-01T02:22:59.969+0000] {dagbag.py:588} INFO - Filling up the DagBag from /opt/airflow/dags/hello_world.py
[2024-11-01T02:22:59.985+0000] {logging_mixin.py:190} INFO - [2024-11-01T02:22:59.985+0000] {hello_world.py:22} INFO - DAG hello_world carregado com sucesso!
[2024-11-01T02:22:59.990+0000] {processor.py:925} INFO - DAG(s) 'hello_world' retrieved from /opt/airflow/dags/hello_world.py
[2024-11-01T02:23:00.011+0000] {logging_mixin.py:190} INFO - [2024-11-01T02:23:00.010+0000] {dag.py:3239} INFO - Sync 1 DAGs
[2024-11-01T02:23:00.037+0000] {logging_mixin.py:190} INFO - [2024-11-01T02:23:00.037+0000] {dag.py:4180} INFO - Setting next_dagrun for hello_world to 2023-10-25 00:00:00+00:00, run_after=2023-10-26 00:00:00+00:00
[2024-11-01T02:23:00.056+0000] {processor.py:208} INFO - Processing /opt/airflow/dags/hello_world.py took 0.095 seconds
[2024-11-01T02:23:30.725+0000] {processor.py:186} INFO - Started process (PID=1137) to work on /opt/airflow/dags/hello_world.py
[2024-11-01T02:23:30.725+0000] {processor.py:914} INFO - Processing file /opt/airflow/dags/hello_world.py for tasks to queue
[2024-11-01T02:23:30.727+0000] {logging_mixin.py:190} INFO - [2024-11-01T02:23:30.727+0000] {dagbag.py:588} INFO - Filling up the DagBag from /opt/airflow/dags/hello_world.py
[2024-11-01T02:23:30.741+0000] {logging_mixin.py:190} INFO - [2024-11-01T02:23:30.741+0000] {hello_world.py:22} INFO - DAG hello_world carregado com sucesso!
[2024-11-01T02:23:30.744+0000] {processor.py:925} INFO - DAG(s) 'hello_world' retrieved from /opt/airflow/dags/hello_world.py
[2024-11-01T02:23:30.759+0000] {logging_mixin.py:190} INFO - [2024-11-01T02:23:30.759+0000] {dag.py:3239} INFO - Sync 1 DAGs
[2024-11-01T02:23:30.779+0000] {logging_mixin.py:190} INFO - [2024-11-01T02:23:30.779+0000] {dag.py:4180} INFO - Setting next_dagrun for hello_world to 2023-10-25 00:00:00+00:00, run_after=2023-10-26 00:00:00+00:00
[2024-11-01T02:23:30.807+0000] {processor.py:208} INFO - Processing /opt/airflow/dags/hello_world.py took 0.087 seconds
